
===========================================================================
Violator List
============================================================================
[setup in-reg] periodTop[0] -> _8421_/D : -2.582767
[setup in-reg] periodTop[0] -> _8426_/D : -2.572356
[setup in-reg] periodTop[0] -> _8424_/D : -2.571094
[setup in-reg] periodTop[0] -> _8425_/D : -2.567831
[setup in-reg] periodTop[0] -> _8423_/D : -2.567097
[setup in-reg] periodTop[0] -> _8430_/D : -2.566221
[setup in-reg] periodTop[0] -> _8427_/D : -2.565390
[setup in-reg] periodTop[0] -> _8428_/D : -2.564198
[setup in-reg] periodTop[0] -> _8429_/D : -2.562913
[setup in-reg] periodTop[0] -> _8422_/D : -2.562495
[setup in-reg] periodTop[0] -> _8420_/D : -2.367441
[setup in-reg] periodTop[0] -> _8419_/D : -2.366011
[setup in-reg] periodTop[0] -> _8416_/D : -2.363690
[setup in-reg] periodTop[0] -> _8417_/D : -2.361524
[setup in-reg] periodTop[0] -> _8418_/D : -2.361401
[setup in-reg] periodTop[0] -> _8447_/D : -1.981035
[setup in-out] periodTop[15] -> pwmA : -1.831969
[setup in-out] periodTop[0] -> pwmB : -1.761265
[setup in-out] periodTop[15] -> pwmC : -1.651524
[setup reg-out] _8444_/Q -> halt : -0.163611
