
===========================================================================
report_checks -unconstrained
===========================================================================
======================= nom_tt_025C_1v80 Corner ===================================

Startpoint: rstb (input port clocked by clk)
Endpoint: _4734_ (recovery check against rising-edge clock clk')
Path Group: asynchronous
Path Type: max

Fanout         Cap        Slew       Delay        Time   Description
---------------------------------------------------------------------------------------------
                                  0.000000    0.000000   clock clk (rise edge)
                                  0.000000    0.000000   clock network delay (propagated)
                                  2.000000    2.000000 ^ input external delay
     1    0.002456    0.018270    0.009115    2.009115 ^ rstb (in)
                                                         rstb (net)
                      0.018271    0.000000    2.009115 ^ input2/A (sky130_fd_sc_hd__buf_2)
     4    0.046089    0.225000    0.224806    2.233921 ^ input2/X (sky130_fd_sc_hd__buf_2)
                                                         net2 (net)
                      0.225076    0.003456    2.237376 ^ fanout174/A (sky130_fd_sc_hd__buf_4)
     9    0.062695    0.176958    0.262327    2.499704 ^ fanout174/X (sky130_fd_sc_hd__buf_4)
                                                         net174 (net)
                      0.176961    0.000622    2.500326 ^ fanout173/A (sky130_fd_sc_hd__buf_4)
    10    0.057852    0.163951    0.240045    2.740371 ^ fanout173/X (sky130_fd_sc_hd__buf_4)
                                                         net173 (net)
                      0.163992    0.002177    2.742547 ^ fanout172/A (sky130_fd_sc_hd__clkbuf_4)
    10    0.052923    0.163485    0.265440    3.007988 ^ fanout172/X (sky130_fd_sc_hd__clkbuf_4)
                                                         net172 (net)
                      0.163524    0.002093    3.010081 ^ fanout171/A (sky130_fd_sc_hd__clkbuf_4)
    10    0.047964    0.151228    0.255274    3.265355 ^ fanout171/X (sky130_fd_sc_hd__clkbuf_4)
                                                         net171 (net)
                      0.151271    0.002101    3.267457 ^ _4734_/RESET_B (sky130_fd_sc_hd__dfrtp_2)
                                              3.267457   data arrival time

                                  5.000000    5.000000   clock clk' (rise edge)
                                  0.000000    5.000000   clock source latency
     1    0.032839    0.073610    0.053897    5.053897 v clk (in)
                                                         clk (net)
                      0.073780    0.000000    5.053897 v clkbuf_0_clk/A (sky130_fd_sc_hd__clkbuf_16)
     8    0.121131    0.090282    0.214031    5.267928 v clkbuf_0_clk/X (sky130_fd_sc_hd__clkbuf_16)
                                                         clknet_0_clk (net)
                      0.091060    0.006723    5.274651 v clkbuf_3_0__f_clk/A (sky130_fd_sc_hd__clkbuf_16)
    13    0.082367    0.071055    0.203233    5.477884 v clkbuf_3_0__f_clk/X (sky130_fd_sc_hd__clkbuf_16)
                                                         clknet_3_0__leaf_clk (net)
                      0.071258    0.003082    5.480966 v _4627__41/A (sky130_fd_sc_hd__inv_2)
     1    0.002361    0.026469    0.047521    5.528487 ^ _4627__41/Y (sky130_fd_sc_hd__inv_2)
                                                         net225 (net)
                      0.026469    0.000067    5.528553 ^ _4734_/CLK (sky130_fd_sc_hd__dfrtp_2)
                                 -0.250000    5.278553   clock uncertainty
                                  0.000000    5.278553   clock reconvergence pessimism
                                  0.181685    5.460238   library recovery time
                                              5.460238   data required time
---------------------------------------------------------------------------------------------
                                              5.460238   data required time
                                             -3.267457   data arrival time
---------------------------------------------------------------------------------------------
                                              2.192782   slack (MET)


Startpoint: _4695_ (rising edge-triggered flip-flop clocked by clk')
Endpoint: ready (output port clocked by clk)
Path Group: clk
Path Type: max

Fanout         Cap        Slew       Delay        Time   Description
---------------------------------------------------------------------------------------------
                                  5.000000    5.000000   clock clk' (rise edge)
                                  0.000000    5.000000   clock source latency
     1    0.032839    0.073610    0.053897    5.053897 v clk (in)
                                                         clk (net)
                      0.073780    0.000000    5.053897 v clkbuf_0_clk/A (sky130_fd_sc_hd__clkbuf_16)
     8    0.121131    0.090282    0.214031    5.267928 v clkbuf_0_clk/X (sky130_fd_sc_hd__clkbuf_16)
                                                         clknet_0_clk (net)
                      0.090565    0.004056    5.271984 v clkbuf_3_3__f_clk/A (sky130_fd_sc_hd__clkbuf_16)
    10    0.066826    0.061681    0.194754    5.466737 v clkbuf_3_3__f_clk/X (sky130_fd_sc_hd__clkbuf_16)
                                                         clknet_3_3__leaf_clk (net)
                      0.061928    0.003166    5.469904 v _4588__2/A (sky130_fd_sc_hd__inv_2)
     1    0.002552    0.025204    0.045439    5.515343 ^ _4588__2/Y (sky130_fd_sc_hd__inv_2)
                                                         net186 (net)
                      0.025205    0.000075    5.515418 ^ _4695_/CLK (sky130_fd_sc_hd__dfstp_1)
     2    0.004542    0.057963    0.497022    6.012440 ^ _4695_/Q (sky130_fd_sc_hd__dfstp_1)
                                                         net36 (net)
                      0.057964    0.000102    6.012541 ^ output36/A (sky130_fd_sc_hd__clkbuf_4)
     1    0.033891    0.111388    0.188561    6.201102 ^ output36/X (sky130_fd_sc_hd__clkbuf_4)
                                                         ready (net)
                      0.111392    0.000611    6.201713 ^ ready (out)
                                              6.201713   data arrival time

                                 10.000000   10.000000   clock clk (rise edge)
                                  0.000000   10.000000   clock network delay (propagated)
                                 -0.250000    9.750000   clock uncertainty
                                  0.000000    9.750000   clock reconvergence pessimism
                                 -2.000000    7.750000   output external delay
                                              7.750000   data required time
---------------------------------------------------------------------------------------------
                                              7.750000   data required time
                                             -6.201713   data arrival time
---------------------------------------------------------------------------------------------
                                              1.548287   slack (MET)




===========================================================================
report_checks --slack_max -0.01
============================================================================
======================= nom_tt_025C_1v80 Corner ===================================

No paths found.


===========================================================================
 report_check_types -max_slew -max_cap -max_fanout -violators
============================================================================
======================= nom_tt_025C_1v80 Corner ===================================

max fanout

Pin                                   Limit Fanout  Slack
---------------------------------------------------------
clkbuf_3_1__f_clk/X                      10     18     -8 (VIOLATED)
clkbuf_3_5__f_clk/X                      10     17     -7 (VIOLATED)
clkbuf_3_4__f_clk/X                      10     16     -6 (VIOLATED)
clkbuf_3_0__f_clk/X                      10     13     -3 (VIOLATED)
clkbuf_3_7__f_clk/X                      10     12     -2 (VIOLATED)
clkbuf_3_6__f_clk/X                      10     11        (VIOLATED)



===========================================================================
report_parasitic_annotation -report_unannotated
============================================================================
Found 0 unannotated drivers.
Found 0 partially unannotated drivers.

===========================================================================
max slew violation count 0
max fanout violation count 6
max cap violation count 0
============================================================================

===========================================================================
check_setup -verbose -unconstrained_endpoints -multiple_clock -no_clock -no_input_delay -loops -generated_clocks
===========================================================================
