
===========================================================================
Violator List
============================================================================
[setup in-reg] periodTop[0] -> _8421_/D : -2.468355
[setup in-reg] periodTop[0] -> _8426_/D : -2.457704
[setup in-reg] periodTop[0] -> _8424_/D : -2.456053
[setup in-reg] periodTop[0] -> _8425_/D : -2.453364
[setup in-reg] periodTop[0] -> _8423_/D : -2.452809
[setup in-reg] periodTop[0] -> _8430_/D : -2.452182
[setup in-reg] periodTop[0] -> _8427_/D : -2.450680
[setup in-reg] periodTop[0] -> _8428_/D : -2.449717
[setup in-reg] periodTop[0] -> _8429_/D : -2.449352
[setup in-reg] periodTop[0] -> _8422_/D : -2.448958
[setup in-reg] periodTop[0] -> _8420_/D : -2.255712
[setup in-reg] periodTop[0] -> _8419_/D : -2.253931
[setup in-reg] periodTop[0] -> _8416_/D : -2.252046
[setup in-reg] periodTop[0] -> _8417_/D : -2.250319
[setup in-reg] periodTop[0] -> _8418_/D : -2.249810
[setup in-reg] periodTop[0] -> _8447_/D : -1.873552
[setup in-out] periodTop[15] -> pwmA : -1.698675
[setup in-out] periodTop[10] -> pwmB : -1.639696
[setup in-out] periodTop[15] -> pwmC : -1.545898
[setup reg-out] _8444_/Q -> halt : -0.113624
