
===========================================================================
report_checks -unconstrained
===========================================================================
======================= nom_ff_n40C_1v95 Corner ===================================

Startpoint: rstb (input port clocked by clk)
Endpoint: _3809_ (recovery check against rising-edge clock clk')
Path Group: asynchronous
Path Type: max

Fanout         Cap        Slew       Delay        Time   Description
---------------------------------------------------------------------------------------------
                                  0.000000    0.000000   clock clk (rise edge)
                                  0.000000    0.000000   clock network delay (propagated)
                                  2.000000    2.000000 ^ input external delay
     1    0.002777    0.013839    0.007179    2.007179 ^ rstb (in)
                                                         rstb (net)
                      0.013839    0.000000    2.007179 ^ input18/A (sky130_fd_sc_hd__clkbuf_1)
     1    0.003036    0.034054    0.049103    2.056282 ^ input18/X (sky130_fd_sc_hd__clkbuf_1)
                                                         net18 (net)
                      0.034054    0.000093    2.056375 ^ fanout146/A (sky130_fd_sc_hd__buf_2)
     5    0.042251    0.156791    0.157137    2.213512 ^ fanout146/X (sky130_fd_sc_hd__buf_2)
                                                         net146 (net)
                      0.156793    0.000444    2.213956 ^ fanout139/A (sky130_fd_sc_hd__clkbuf_2)
     5    0.034137    0.144545    0.169871    2.383827 ^ fanout139/X (sky130_fd_sc_hd__clkbuf_2)
                                                         net139 (net)
                      0.144547    0.000468    2.384295 ^ fanout138/A (sky130_fd_sc_hd__clkbuf_4)
    10    0.058372    0.135959    0.190389    2.574685 ^ fanout138/X (sky130_fd_sc_hd__clkbuf_4)
                                                         net138 (net)
                      0.135968    0.000909    2.575593 ^ fanout137/A (sky130_fd_sc_hd__clkbuf_4)
    10    0.051644    0.121585    0.179636    2.755229 ^ fanout137/X (sky130_fd_sc_hd__clkbuf_4)
                                                         net137 (net)
                      0.121595    0.000943    2.756172 ^ _3809_/RESET_B (sky130_fd_sc_hd__dfrtp_4)
                                              2.756172   data arrival time

                                  5.000000    5.000000   clock clk' (rise edge)
                                  0.000000    5.000000   clock source latency
     1    0.024725    0.039312    0.027090    5.027090 v clk (in)
                                                         clk (net)
                      0.039459    0.000000    5.027090 v clkbuf_0_clk/A (sky130_fd_sc_hd__clkbuf_16)
     8    0.091817    0.057210    0.131075    5.158165 v clkbuf_0_clk/X (sky130_fd_sc_hd__clkbuf_16)
                                                         clknet_0_clk (net)
                      0.057484    0.003194    5.161359 v clkbuf_3_2__f_clk/A (sky130_fd_sc_hd__clkbuf_16)
    13    0.077519    0.050707    0.133834    5.295193 v clkbuf_3_2__f_clk/X (sky130_fd_sc_hd__clkbuf_16)
                                                         clknet_3_2__leaf_clk (net)
                      0.050964    0.002927    5.298120 v _3721__4/A (sky130_fd_sc_hd__inv_2)
     1    0.002150    0.019547    0.032269    5.330389 ^ _3721__4/Y (sky130_fd_sc_hd__inv_2)
                                                         net182 (net)
                      0.019547    0.000042    5.330431 ^ _3809_/CLK (sky130_fd_sc_hd__dfrtp_4)
                                 -0.250000    5.080431   clock uncertainty
                                  0.000000    5.080431   clock reconvergence pessimism
                                  0.100773    5.181204   library recovery time
                                              5.181204   data required time
---------------------------------------------------------------------------------------------
                                              5.181204   data required time
                                             -2.756172   data arrival time
---------------------------------------------------------------------------------------------
                                              2.425032   slack (MET)


Startpoint: periodTop[8] (input port clocked by clk)
Endpoint: _3891_ (rising edge-triggered flip-flop clocked by clk')
Path Group: clk
Path Type: max

Fanout         Cap        Slew       Delay        Time   Description
---------------------------------------------------------------------------------------------
                                  0.000000    0.000000   clock clk (rise edge)
                                  0.000000    0.000000   clock network delay (propagated)
                                  2.000000    2.000000 ^ input external delay
     1    0.003185    0.015297    0.008255    2.008255 ^ periodTop[8] (in)
                                                         periodTop[8] (net)
                      0.015298    0.000000    2.008255 ^ input16/A (sky130_fd_sc_hd__buf_1)
     1    0.010320    0.095252    0.092167    2.100423 ^ input16/X (sky130_fd_sc_hd__buf_1)
                                                         net16 (net)
                      0.095254    0.000298    2.100721 ^ fanout154/A (sky130_fd_sc_hd__clkbuf_4)
     6    0.069741    0.161017    0.195381    2.296102 ^ fanout154/X (sky130_fd_sc_hd__clkbuf_4)
                                                         net154 (net)
                      0.161031    0.001268    2.297370 ^ fanout152/A (sky130_fd_sc_hd__clkbuf_4)
    10    0.052767    0.124203    0.185025    2.482395 ^ fanout152/X (sky130_fd_sc_hd__clkbuf_4)
                                                         net152 (net)
                      0.124207    0.000585    2.482980 ^ fanout151/A (sky130_fd_sc_hd__clkbuf_4)
    10    0.055898    0.130517    0.183351    2.666332 ^ fanout151/X (sky130_fd_sc_hd__clkbuf_4)
                                                         net151 (net)
                      0.130672    0.003695    2.670027 ^ _2741_/B (sky130_fd_sc_hd__nand4_2)
     3    0.013229    0.092399    0.097063    2.767090 v _2741_/Y (sky130_fd_sc_hd__nand4_2)
                                                         _0347_ (net)
                      0.092400    0.000213    2.767303 v _2743_/A1 (sky130_fd_sc_hd__a21bo_1)
     3    0.007563    0.039424    0.140099    2.907402 v _2743_/X (sky130_fd_sc_hd__a21bo_1)
                                                         _0349_ (net)
                      0.039426    0.000182    2.907584 v _2747_/C (sky130_fd_sc_hd__and3_1)
     2    0.005090    0.034078    0.122136    3.029720 v _2747_/X (sky130_fd_sc_hd__and3_1)
                                                         _0353_ (net)
                      0.034079    0.000126    3.029846 v _2748_/B (sky130_fd_sc_hd__nor2_1)
     1    0.004808    0.076248    0.073484    3.103331 ^ _2748_/Y (sky130_fd_sc_hd__nor2_1)
                                                         _0354_ (net)
                      0.076249    0.000140    3.103471 ^ _2749_/B (sky130_fd_sc_hd__xor2_1)
     3    0.010546    0.179794    0.166931    3.270401 ^ _2749_/X (sky130_fd_sc_hd__xor2_1)
                                                         _0355_ (net)
                      0.179796    0.000417    3.270818 ^ _2750_/B1 (sky130_fd_sc_hd__a21oi_1)
     3    0.008908    0.061649    0.054561    3.325379 v _2750_/Y (sky130_fd_sc_hd__a21oi_1)
                                                         _0356_ (net)
                      0.061651    0.000256    3.325634 v _2753_/A2 (sky130_fd_sc_hd__o211a_1)
     2    0.007178    0.041325    0.152632    3.478267 v _2753_/X (sky130_fd_sc_hd__o211a_1)
                                                         _0359_ (net)
                      0.041326    0.000193    3.478460 v _2777_/B (sky130_fd_sc_hd__or4bb_4)
     5    0.024504    0.082700    0.345321    3.823781 v _2777_/X (sky130_fd_sc_hd__or4bb_4)
                                                         _0383_ (net)
                      0.082701    0.000421    3.824202 v _2853_/B1 (sky130_fd_sc_hd__o211a_4)
     3    0.010180    0.034462    0.113757    3.937958 v _2853_/X (sky130_fd_sc_hd__o211a_4)
                                                         _0459_ (net)
                      0.034465    0.000220    3.938178 v _2863_/B (sky130_fd_sc_hd__or3_4)
     2    0.013987    0.056249    0.234643    4.172821 v _2863_/X (sky130_fd_sc_hd__or3_4)
                                                         _0469_ (net)
                      0.056256    0.000477    4.173297 v _2865_/A1 (sky130_fd_sc_hd__a211oi_4)
     2    0.009496    0.152490    0.164094    4.337391 ^ _2865_/Y (sky130_fd_sc_hd__a211oi_4)
                                                         _0471_ (net)
                      0.152490    0.000229    4.337621 ^ rebuffer13/A (sky130_fd_sc_hd__clkbuf_2)
     1    0.002948    0.024484    0.082573    4.420193 ^ rebuffer13/X (sky130_fd_sc_hd__clkbuf_2)
                                                         net303 (net)
                      0.024484    0.000086    4.420279 ^ rebuffer1/A (sky130_fd_sc_hd__clkbuf_1)
     2    0.006008    0.058919    0.069363    4.489642 ^ rebuffer1/X (sky130_fd_sc_hd__clkbuf_1)
                                                         net267 (net)
                      0.058920    0.000124    4.489766 ^ rebuffer2/A (sky130_fd_sc_hd__clkbuf_1)
     1    0.004591    0.047096    0.067105    4.556870 ^ rebuffer2/X (sky130_fd_sc_hd__clkbuf_1)
                                                         net268 (net)
                      0.047096    0.000157    4.557028 ^ _2867_/A2 (sky130_fd_sc_hd__o21ai_1)
     1    0.003516    0.034488    0.036756    4.593784 v _2867_/Y (sky130_fd_sc_hd__o21ai_1)
                                                         _0473_ (net)
                      0.034489    0.000121    4.593904 v _2868_/C (sky130_fd_sc_hd__and3_1)
     3    0.011184    0.050960    0.139819    4.733723 v _2868_/X (sky130_fd_sc_hd__and3_1)
                                                         _0474_ (net)
                      0.050969    0.000546    4.734270 v _3136_/A1 (sky130_fd_sc_hd__a311o_1)
     3    0.012160    0.070239    0.200594    4.934864 v _3136_/X (sky130_fd_sc_hd__a311o_1)
                                                         _0742_ (net)
                      0.070245    0.000517    4.935381 v _3214_/A1 (sky130_fd_sc_hd__a41o_1)
     3    0.014425    0.063366    0.159786    5.095167 v _3214_/X (sky130_fd_sc_hd__a41o_1)
                                                         _0820_ (net)
                      0.063386    0.000933    5.096100 v _3221_/C (sky130_fd_sc_hd__and4bb_1)
     2    0.006489    0.041483    0.142076    5.238176 v _3221_/X (sky130_fd_sc_hd__and4bb_1)
                                                         _0827_ (net)
                      0.041484    0.000148    5.238324 v rebuffer3/A (sky130_fd_sc_hd__clkbuf_2)
     1    0.008981    0.031012    0.082737    5.321061 v rebuffer3/X (sky130_fd_sc_hd__clkbuf_2)
                                                         net269 (net)
                      0.031015    0.000261    5.321321 v _3228_/A1 (sky130_fd_sc_hd__o21ai_4)
     6    0.024358    0.160038    0.157921    5.479242 ^ _3228_/Y (sky130_fd_sc_hd__o21ai_4)
                                                         _0834_ (net)
                      0.160044    0.000699    5.479941 ^ _3247_/A2 (sky130_fd_sc_hd__a21oi_1)
     3    0.010503    0.077331    0.085178    5.565119 v _3247_/Y (sky130_fd_sc_hd__a21oi_1)
                                                         _0851_ (net)
                      0.077331    0.000147    5.565266 v _3250_/A2 (sky130_fd_sc_hd__o31a_1)
     1    0.003289    0.036146    0.182585    5.747850 v _3250_/X (sky130_fd_sc_hd__o31a_1)
                                                         _0171_ (net)
                      0.036146    0.000100    5.747950 v _3891_/D (sky130_fd_sc_hd__dfrtp_1)
                                              5.747950   data arrival time

                                  5.000000    5.000000   clock clk' (rise edge)
                                  0.000000    5.000000   clock source latency
     1    0.024725    0.039312    0.027090    5.027090 v clk (in)
                                                         clk (net)
                      0.039459    0.000000    5.027090 v clkbuf_0_clk/A (sky130_fd_sc_hd__clkbuf_16)
     8    0.091817    0.057210    0.131075    5.158165 v clkbuf_0_clk/X (sky130_fd_sc_hd__clkbuf_16)
                                                         clknet_0_clk (net)
                      0.057484    0.003194    5.161359 v clkbuf_3_2__f_clk/A (sky130_fd_sc_hd__clkbuf_16)
    13    0.077519    0.050707    0.133834    5.295193 v clkbuf_3_2__f_clk/X (sky130_fd_sc_hd__clkbuf_16)
                                                         clknet_3_2__leaf_clk (net)
                      0.050825    0.002005    5.297197 v _3803__86/A (sky130_fd_sc_hd__inv_2)
     1    0.002531    0.020338    0.033435    5.330633 ^ _3803__86/Y (sky130_fd_sc_hd__inv_2)
                                                         net264 (net)
                      0.020338    0.000073    5.330706 ^ _3891_/CLK (sky130_fd_sc_hd__dfrtp_1)
                                 -0.250000    5.080706   clock uncertainty
                                  0.000000    5.080706   clock reconvergence pessimism
                                 -0.075048    5.005657   library setup time
                                              5.005657   data required time
---------------------------------------------------------------------------------------------
                                              5.005657   data required time
                                             -5.747950   data arrival time
---------------------------------------------------------------------------------------------
                                             -0.742293   slack (VIOLATED)




===========================================================================
report_checks --slack_max -0.01
============================================================================
======================= nom_ff_n40C_1v95 Corner ===================================

Startpoint: periodTop[8] (input port clocked by clk)
Endpoint: _3891_ (rising edge-triggered flip-flop clocked by clk')
Path Group: clk
Path Type: max

Fanout         Cap        Slew       Delay        Time   Description
---------------------------------------------------------------------------------------------
                                  0.000000    0.000000   clock clk (rise edge)
                                  0.000000    0.000000   clock network delay (propagated)
                                  2.000000    2.000000 ^ input external delay
     1    0.003185    0.015297    0.008255    2.008255 ^ periodTop[8] (in)
                                                         periodTop[8] (net)
                      0.015298    0.000000    2.008255 ^ input16/A (sky130_fd_sc_hd__buf_1)
     1    0.010320    0.095252    0.092167    2.100423 ^ input16/X (sky130_fd_sc_hd__buf_1)
                                                         net16 (net)
                      0.095254    0.000298    2.100721 ^ fanout154/A (sky130_fd_sc_hd__clkbuf_4)
     6    0.069741    0.161017    0.195381    2.296102 ^ fanout154/X (sky130_fd_sc_hd__clkbuf_4)
                                                         net154 (net)
                      0.161031    0.001268    2.297370 ^ fanout152/A (sky130_fd_sc_hd__clkbuf_4)
    10    0.052767    0.124203    0.185025    2.482395 ^ fanout152/X (sky130_fd_sc_hd__clkbuf_4)
                                                         net152 (net)
                      0.124207    0.000585    2.482980 ^ fanout151/A (sky130_fd_sc_hd__clkbuf_4)
    10    0.055898    0.130517    0.183351    2.666332 ^ fanout151/X (sky130_fd_sc_hd__clkbuf_4)
                                                         net151 (net)
                      0.130672    0.003695    2.670027 ^ _2741_/B (sky130_fd_sc_hd__nand4_2)
     3    0.013229    0.092399    0.097063    2.767090 v _2741_/Y (sky130_fd_sc_hd__nand4_2)
                                                         _0347_ (net)
                      0.092400    0.000213    2.767303 v _2743_/A1 (sky130_fd_sc_hd__a21bo_1)
     3    0.007563    0.039424    0.140099    2.907402 v _2743_/X (sky130_fd_sc_hd__a21bo_1)
                                                         _0349_ (net)
                      0.039426    0.000182    2.907584 v _2747_/C (sky130_fd_sc_hd__and3_1)
     2    0.005090    0.034078    0.122136    3.029720 v _2747_/X (sky130_fd_sc_hd__and3_1)
                                                         _0353_ (net)
                      0.034079    0.000126    3.029846 v _2748_/B (sky130_fd_sc_hd__nor2_1)
     1    0.004808    0.076248    0.073484    3.103331 ^ _2748_/Y (sky130_fd_sc_hd__nor2_1)
                                                         _0354_ (net)
                      0.076249    0.000140    3.103471 ^ _2749_/B (sky130_fd_sc_hd__xor2_1)
     3    0.010546    0.179794    0.166931    3.270401 ^ _2749_/X (sky130_fd_sc_hd__xor2_1)
                                                         _0355_ (net)
                      0.179796    0.000417    3.270818 ^ _2750_/B1 (sky130_fd_sc_hd__a21oi_1)
     3    0.008908    0.061649    0.054561    3.325379 v _2750_/Y (sky130_fd_sc_hd__a21oi_1)
                                                         _0356_ (net)
                      0.061651    0.000256    3.325634 v _2753_/A2 (sky130_fd_sc_hd__o211a_1)
     2    0.007178    0.041325    0.152632    3.478267 v _2753_/X (sky130_fd_sc_hd__o211a_1)
                                                         _0359_ (net)
                      0.041326    0.000193    3.478460 v _2777_/B (sky130_fd_sc_hd__or4bb_4)
     5    0.024504    0.082700    0.345321    3.823781 v _2777_/X (sky130_fd_sc_hd__or4bb_4)
                                                         _0383_ (net)
                      0.082701    0.000421    3.824202 v _2853_/B1 (sky130_fd_sc_hd__o211a_4)
     3    0.010180    0.034462    0.113757    3.937958 v _2853_/X (sky130_fd_sc_hd__o211a_4)
                                                         _0459_ (net)
                      0.034465    0.000220    3.938178 v _2863_/B (sky130_fd_sc_hd__or3_4)
     2    0.013987    0.056249    0.234643    4.172821 v _2863_/X (sky130_fd_sc_hd__or3_4)
                                                         _0469_ (net)
                      0.056256    0.000477    4.173297 v _2865_/A1 (sky130_fd_sc_hd__a211oi_4)
     2    0.009496    0.152490    0.164094    4.337391 ^ _2865_/Y (sky130_fd_sc_hd__a211oi_4)
                                                         _0471_ (net)
                      0.152490    0.000229    4.337621 ^ rebuffer13/A (sky130_fd_sc_hd__clkbuf_2)
     1    0.002948    0.024484    0.082573    4.420193 ^ rebuffer13/X (sky130_fd_sc_hd__clkbuf_2)
                                                         net303 (net)
                      0.024484    0.000086    4.420279 ^ rebuffer1/A (sky130_fd_sc_hd__clkbuf_1)
     2    0.006008    0.058919    0.069363    4.489642 ^ rebuffer1/X (sky130_fd_sc_hd__clkbuf_1)
                                                         net267 (net)
                      0.058920    0.000124    4.489766 ^ rebuffer2/A (sky130_fd_sc_hd__clkbuf_1)
     1    0.004591    0.047096    0.067105    4.556870 ^ rebuffer2/X (sky130_fd_sc_hd__clkbuf_1)
                                                         net268 (net)
                      0.047096    0.000157    4.557028 ^ _2867_/A2 (sky130_fd_sc_hd__o21ai_1)
     1    0.003516    0.034488    0.036756    4.593784 v _2867_/Y (sky130_fd_sc_hd__o21ai_1)
                                                         _0473_ (net)
                      0.034489    0.000121    4.593904 v _2868_/C (sky130_fd_sc_hd__and3_1)
     3    0.011184    0.050960    0.139819    4.733723 v _2868_/X (sky130_fd_sc_hd__and3_1)
                                                         _0474_ (net)
                      0.050969    0.000546    4.734270 v _3136_/A1 (sky130_fd_sc_hd__a311o_1)
     3    0.012160    0.070239    0.200594    4.934864 v _3136_/X (sky130_fd_sc_hd__a311o_1)
                                                         _0742_ (net)
                      0.070245    0.000517    4.935381 v _3214_/A1 (sky130_fd_sc_hd__a41o_1)
     3    0.014425    0.063366    0.159786    5.095167 v _3214_/X (sky130_fd_sc_hd__a41o_1)
                                                         _0820_ (net)
                      0.063386    0.000933    5.096100 v _3221_/C (sky130_fd_sc_hd__and4bb_1)
     2    0.006489    0.041483    0.142076    5.238176 v _3221_/X (sky130_fd_sc_hd__and4bb_1)
                                                         _0827_ (net)
                      0.041484    0.000148    5.238324 v rebuffer3/A (sky130_fd_sc_hd__clkbuf_2)
     1    0.008981    0.031012    0.082737    5.321061 v rebuffer3/X (sky130_fd_sc_hd__clkbuf_2)
                                                         net269 (net)
                      0.031015    0.000261    5.321321 v _3228_/A1 (sky130_fd_sc_hd__o21ai_4)
     6    0.024358    0.160038    0.157921    5.479242 ^ _3228_/Y (sky130_fd_sc_hd__o21ai_4)
                                                         _0834_ (net)
                      0.160044    0.000699    5.479941 ^ _3247_/A2 (sky130_fd_sc_hd__a21oi_1)
     3    0.010503    0.077331    0.085178    5.565119 v _3247_/Y (sky130_fd_sc_hd__a21oi_1)
                                                         _0851_ (net)
                      0.077331    0.000147    5.565266 v _3250_/A2 (sky130_fd_sc_hd__o31a_1)
     1    0.003289    0.036146    0.182585    5.747850 v _3250_/X (sky130_fd_sc_hd__o31a_1)
                                                         _0171_ (net)
                      0.036146    0.000100    5.747950 v _3891_/D (sky130_fd_sc_hd__dfrtp_1)
                                              5.747950   data arrival time

                                  5.000000    5.000000   clock clk' (rise edge)
                                  0.000000    5.000000   clock source latency
     1    0.024725    0.039312    0.027090    5.027090 v clk (in)
                                                         clk (net)
                      0.039459    0.000000    5.027090 v clkbuf_0_clk/A (sky130_fd_sc_hd__clkbuf_16)
     8    0.091817    0.057210    0.131075    5.158165 v clkbuf_0_clk/X (sky130_fd_sc_hd__clkbuf_16)
                                                         clknet_0_clk (net)
                      0.057484    0.003194    5.161359 v clkbuf_3_2__f_clk/A (sky130_fd_sc_hd__clkbuf_16)
    13    0.077519    0.050707    0.133834    5.295193 v clkbuf_3_2__f_clk/X (sky130_fd_sc_hd__clkbuf_16)
                                                         clknet_3_2__leaf_clk (net)
                      0.050825    0.002005    5.297197 v _3803__86/A (sky130_fd_sc_hd__inv_2)
     1    0.002531    0.020338    0.033435    5.330633 ^ _3803__86/Y (sky130_fd_sc_hd__inv_2)
                                                         net264 (net)
                      0.020338    0.000073    5.330706 ^ _3891_/CLK (sky130_fd_sc_hd__dfrtp_1)
                                 -0.250000    5.080706   clock uncertainty
                                  0.000000    5.080706   clock reconvergence pessimism
                                 -0.075048    5.005657   library setup time
                                              5.005657   data required time
---------------------------------------------------------------------------------------------
                                              5.005657   data required time
                                             -5.747950   data arrival time
---------------------------------------------------------------------------------------------
                                             -0.742293   slack (VIOLATED)




===========================================================================
 report_check_types -max_slew -max_cap -max_fanout -violators
============================================================================
======================= nom_ff_n40C_1v95 Corner ===================================

max fanout

Pin                                   Limit Fanout  Slack
---------------------------------------------------------
clkbuf_3_5__f_clk/X                      10     15     -5 (VIOLATED)
clkbuf_3_6__f_clk/X                      10     14     -4 (VIOLATED)
clkbuf_3_2__f_clk/X                      10     13     -3 (VIOLATED)
clkbuf_3_7__f_clk/X                      10     11        (VIOLATED)



===========================================================================
report_parasitic_annotation -report_unannotated
============================================================================
Found 0 unannotated drivers.
Found 0 partially unannotated drivers.

===========================================================================
max slew violation count 0
max fanout violation count 4
max cap violation count 0
============================================================================

===========================================================================
check_setup -verbose -unconstrained_endpoints -multiple_clock -no_clock -no_input_delay -loops -generated_clocks
===========================================================================
