
===========================================================================
report_checks -unconstrained
===========================================================================
======================= max_tt_025C_1v80 Corner ===================================

Startpoint: rstb (input port clocked by clk)
Endpoint: _3809_ (recovery check against rising-edge clock clk')
Path Group: asynchronous
Path Type: max

Fanout         Cap        Slew       Delay        Time   Description
---------------------------------------------------------------------------------------------
                                  0.000000    0.000000   clock clk (rise edge)
                                  0.000000    0.000000   clock network delay (propagated)
                                  2.000000    2.000000 ^ input external delay
     1    0.002751    0.019525    0.010191    2.010191 ^ rstb (in)
                                                         rstb (net)
                      0.019527    0.000000    2.010191 ^ input18/A (sky130_fd_sc_hd__clkbuf_1)
     1    0.003077    0.047036    0.073980    2.084172 ^ input18/X (sky130_fd_sc_hd__clkbuf_1)
                                                         net18 (net)
                      0.047037    0.000193    2.084364 ^ fanout146/A (sky130_fd_sc_hd__buf_2)
     5    0.043347    0.212077    0.226989    2.311353 ^ fanout146/X (sky130_fd_sc_hd__buf_2)
                                                         net146 (net)
                      0.212085    0.001086    2.312439 ^ fanout139/A (sky130_fd_sc_hd__clkbuf_2)
     5    0.035563    0.195429    0.261648    2.574087 ^ fanout139/X (sky130_fd_sc_hd__clkbuf_2)
                                                         net139 (net)
                      0.195436    0.001023    2.575109 ^ fanout138/A (sky130_fd_sc_hd__clkbuf_4)
    10    0.060778    0.186673    0.288358    2.863467 ^ fanout138/X (sky130_fd_sc_hd__clkbuf_4)
                                                         net138 (net)
                      0.186721    0.002525    2.865992 ^ fanout137/A (sky130_fd_sc_hd__clkbuf_4)
    10    0.053398    0.165532    0.272477    3.138469 ^ fanout137/X (sky130_fd_sc_hd__clkbuf_4)
                                                         net137 (net)
                      0.165578    0.002298    3.140767 ^ _3809_/RESET_B (sky130_fd_sc_hd__dfrtp_4)
                                              3.140767   data arrival time

                                  5.000000    5.000000   clock clk' (rise edge)
                                  0.000000    5.000000   clock source latency
     1    0.026775    0.061034    0.044217    5.044217 v clk (in)
                                                         clk (net)
                      0.061269    0.000000    5.044217 v clkbuf_0_clk/A (sky130_fd_sc_hd__clkbuf_16)
     8    0.094907    0.079883    0.193717    5.237934 v clkbuf_0_clk/X (sky130_fd_sc_hd__clkbuf_16)
                                                         clknet_0_clk (net)
                      0.080741    0.006688    5.244622 v clkbuf_3_2__f_clk/A (sky130_fd_sc_hd__clkbuf_16)
    13    0.079473    0.069585    0.196083    5.440705 v clkbuf_3_2__f_clk/X (sky130_fd_sc_hd__clkbuf_16)
                                                         clknet_3_2__leaf_clk (net)
                      0.070264    0.005495    5.446200 v _3721__4/A (sky130_fd_sc_hd__inv_2)
     1    0.002070    0.025424    0.045985    5.492186 ^ _3721__4/Y (sky130_fd_sc_hd__inv_2)
                                                         net182 (net)
                      0.025424    0.000096    5.492282 ^ _3809_/CLK (sky130_fd_sc_hd__dfrtp_4)
                                 -0.250000    5.242282   clock uncertainty
                                  0.000000    5.242282   clock reconvergence pessimism
                                  0.172005    5.414287   library recovery time
                                              5.414287   data required time
---------------------------------------------------------------------------------------------
                                              5.414287   data required time
                                             -3.140767   data arrival time
---------------------------------------------------------------------------------------------
                                              2.273520   slack (MET)


Startpoint: periodTop[11] (input port clocked by clk)
Endpoint: _3890_ (rising edge-triggered flip-flop clocked by clk')
Path Group: clk
Path Type: max

Fanout         Cap        Slew       Delay        Time   Description
---------------------------------------------------------------------------------------------
                                  0.000000    0.000000   clock clk (rise edge)
                                  0.000000    0.000000   clock network delay (propagated)
                                  2.000000    2.000000 ^ input external delay
     1    0.002783    0.019660    0.010298    2.010298 ^ periodTop[11] (in)
                                                         periodTop[11] (net)
                      0.019661    0.000000    2.010298 ^ input4/A (sky130_fd_sc_hd__clkbuf_1)
     1    0.005839    0.077815    0.095923    2.106221 ^ input4/X (sky130_fd_sc_hd__clkbuf_1)
                                                         net4 (net)
                      0.077818    0.000384    2.106605 ^ fanout126/A (sky130_fd_sc_hd__clkbuf_2)
     3    0.045914    0.250248    0.258775    2.365381 ^ fanout126/X (sky130_fd_sc_hd__clkbuf_2)
                                                         net126 (net)
                      0.250256    0.001201    2.366582 ^ fanout125/A (sky130_fd_sc_hd__clkbuf_2)
     5    0.041339    0.226546    0.292885    2.659466 ^ fanout125/X (sky130_fd_sc_hd__clkbuf_2)
                                                         net125 (net)
                      0.226619    0.003360    2.662826 ^ fanout124/A (sky130_fd_sc_hd__clkbuf_4)
    10    0.046640    0.147441    0.272794    2.935621 ^ fanout124/X (sky130_fd_sc_hd__clkbuf_4)
                                                         net124 (net)
                      0.147500    0.002439    2.938060 ^ _2728_/B2 (sky130_fd_sc_hd__a22o_1)
     3    0.008548    0.094595    0.183869    3.121929 ^ _2728_/X (sky130_fd_sc_hd__a22o_1)
                                                         _0334_ (net)
                      0.094596    0.000281    3.122210 ^ _2730_/C (sky130_fd_sc_hd__and4_1)
     1    0.002057    0.048691    0.180439    3.302649 ^ _2730_/X (sky130_fd_sc_hd__and4_1)
                                                         _0336_ (net)
                      0.048691    0.000139    3.302788 ^ _2732_/A_N (sky130_fd_sc_hd__and2b_1)
     3    0.014894    0.084364    0.219938    3.522726 v _2732_/X (sky130_fd_sc_hd__and2b_1)
                                                         _0338_ (net)
                      0.084395    0.001332    3.524058 v _2735_/B1 (sky130_fd_sc_hd__a21o_1)
     2    0.007446    0.053203    0.185182    3.709240 v _2735_/X (sky130_fd_sc_hd__a21o_1)
                                                         _0341_ (net)
                      0.053209    0.000473    3.709713 v _2737_/A2 (sky130_fd_sc_hd__a21o_1)
     3    0.010684    0.065257    0.210601    3.920314 v _2737_/X (sky130_fd_sc_hd__a21o_1)
                                                         _0343_ (net)
                      0.065262    0.000461    3.920775 v _2751_/B (sky130_fd_sc_hd__and3_1)
     3    0.008087    0.059951    0.193525    4.114300 v _2751_/X (sky130_fd_sc_hd__and3_1)
                                                         _0357_ (net)
                      0.059957    0.000498    4.114799 v _2753_/A1 (sky130_fd_sc_hd__o211a_1)
     2    0.007349    0.059381    0.246647    4.361445 v _2753_/X (sky130_fd_sc_hd__o211a_1)
                                                         _0359_ (net)
                      0.059384    0.000388    4.361833 v _2777_/B (sky130_fd_sc_hd__or4bb_4)
     5    0.024907    0.120266    0.575014    4.936848 v _2777_/X (sky130_fd_sc_hd__or4bb_4)
                                                         _0383_ (net)
                      0.120279    0.000852    4.937700 v _2853_/B1 (sky130_fd_sc_hd__o211a_4)
     3    0.010253    0.046027    0.177875    5.115574 v _2853_/X (sky130_fd_sc_hd__o211a_4)
                                                         _0459_ (net)
                      0.046036    0.000478    5.116052 v _2863_/B (sky130_fd_sc_hd__or3_4)
     2    0.014179    0.081922    0.388869    5.504920 v _2863_/X (sky130_fd_sc_hd__or3_4)
                                                         _0469_ (net)
                      0.081948    0.001119    5.506039 v _2865_/A1 (sky130_fd_sc_hd__a211oi_4)
     2    0.009588    0.207762    0.242336    5.748375 ^ _2865_/Y (sky130_fd_sc_hd__a211oi_4)
                                                         _0471_ (net)
                      0.207763    0.000406    5.748781 ^ _3128_/A2 (sky130_fd_sc_hd__o21ba_4)
     3    0.013397    0.063031    0.178279    5.927060 ^ _3128_/X (sky130_fd_sc_hd__o21ba_4)
                                                         _0734_ (net)
                      0.063059    0.001083    5.928143 ^ _3132_/A2_N (sky130_fd_sc_hd__a2bb2o_4)
     2    0.007442    0.038395    0.217520    6.145663 v _3132_/X (sky130_fd_sc_hd__a2bb2o_4)
                                                         _0738_ (net)
                      0.038397    0.000416    6.146079 v _3134_/A3 (sky130_fd_sc_hd__a41o_1)
     1    0.002548    0.037443    0.215607    6.361686 v _3134_/X (sky130_fd_sc_hd__a41o_1)
                                                         _0740_ (net)
                      0.037445    0.000188    6.361874 v _3136_/B1 (sky130_fd_sc_hd__a311o_1)
     3    0.012780    0.099910    0.366210    6.728083 v _3136_/X (sky130_fd_sc_hd__a311o_1)
                                                         _0742_ (net)
                      0.099925    0.000981    6.729064 v _3214_/A1 (sky130_fd_sc_hd__a41o_1)
     3    0.014999    0.091130    0.248368    6.977432 v _3214_/X (sky130_fd_sc_hd__a41o_1)
                                                         _0820_ (net)
                      0.091179    0.001745    6.979177 v _3221_/C (sky130_fd_sc_hd__and4bb_1)
     2    0.006702    0.057411    0.224037    7.203214 v _3221_/X (sky130_fd_sc_hd__and4bb_1)
                                                         _0827_ (net)
                      0.057415    0.000409    7.203623 v _3251_/B (sky130_fd_sc_hd__or3_4)
     1    0.003301    0.062511    0.357941    7.561564 v _3251_/X (sky130_fd_sc_hd__or3_4)
                                                         _0854_ (net)
                      0.062511    0.000235    7.561800 v _3252_/A (sky130_fd_sc_hd__and2_4)
     3    0.009909    0.036290    0.149789    7.711588 v _3252_/X (sky130_fd_sc_hd__and2_4)
                                                         _0855_ (net)
                      0.036304    0.000531    7.712119 v _3253_/A1 (sky130_fd_sc_hd__mux2_4)
     1    0.003571    0.049209    0.250121    7.962240 v _3253_/X (sky130_fd_sc_hd__mux2_4)
                                                         _0856_ (net)
                      0.049209    0.000240    7.962480 v _3254_/A (sky130_fd_sc_hd__clkbuf_1)
     1    0.002325    0.024128    0.086554    8.049034 v _3254_/X (sky130_fd_sc_hd__clkbuf_1)
                                                         _0170_ (net)
                      0.024130    0.000164    8.049198 v _3890_/D (sky130_fd_sc_hd__dfrtp_1)
                                              8.049198   data arrival time

                                  5.000000    5.000000   clock clk' (rise edge)
                                  0.000000    5.000000   clock source latency
     1    0.026775    0.061034    0.044217    5.044217 v clk (in)
                                                         clk (net)
                      0.061269    0.000000    5.044217 v clkbuf_0_clk/A (sky130_fd_sc_hd__clkbuf_16)
     8    0.094907    0.079883    0.193717    5.237934 v clkbuf_0_clk/X (sky130_fd_sc_hd__clkbuf_16)
                                                         clknet_0_clk (net)
                      0.080741    0.006688    5.244622 v clkbuf_3_2__f_clk/A (sky130_fd_sc_hd__clkbuf_16)
    13    0.079473    0.069585    0.196083    5.440705 v clkbuf_3_2__f_clk/X (sky130_fd_sc_hd__clkbuf_16)
                                                         clknet_3_2__leaf_clk (net)
                      0.069983    0.004244    5.444949 v _3802__85/A (sky130_fd_sc_hd__inv_2)
     1    0.002279    0.025991    0.046765    5.491714 ^ _3802__85/Y (sky130_fd_sc_hd__inv_2)
                                                         net263 (net)
                      0.025991    0.000167    5.491881 ^ _3890_/CLK (sky130_fd_sc_hd__dfrtp_1)
                                 -0.250000    5.241881   clock uncertainty
                                  0.000000    5.241881   clock reconvergence pessimism
                                 -0.109507    5.132373   library setup time
                                              5.132373   data required time
---------------------------------------------------------------------------------------------
                                              5.132373   data required time
                                             -8.049198   data arrival time
---------------------------------------------------------------------------------------------
                                             -2.916825   slack (VIOLATED)




===========================================================================
report_checks --slack_max -0.01
============================================================================
======================= max_tt_025C_1v80 Corner ===================================

Startpoint: periodTop[11] (input port clocked by clk)
Endpoint: _3890_ (rising edge-triggered flip-flop clocked by clk')
Path Group: clk
Path Type: max

Fanout         Cap        Slew       Delay        Time   Description
---------------------------------------------------------------------------------------------
                                  0.000000    0.000000   clock clk (rise edge)
                                  0.000000    0.000000   clock network delay (propagated)
                                  2.000000    2.000000 ^ input external delay
     1    0.002783    0.019660    0.010298    2.010298 ^ periodTop[11] (in)
                                                         periodTop[11] (net)
                      0.019661    0.000000    2.010298 ^ input4/A (sky130_fd_sc_hd__clkbuf_1)
     1    0.005839    0.077815    0.095923    2.106221 ^ input4/X (sky130_fd_sc_hd__clkbuf_1)
                                                         net4 (net)
                      0.077818    0.000384    2.106605 ^ fanout126/A (sky130_fd_sc_hd__clkbuf_2)
     3    0.045914    0.250248    0.258775    2.365381 ^ fanout126/X (sky130_fd_sc_hd__clkbuf_2)
                                                         net126 (net)
                      0.250256    0.001201    2.366582 ^ fanout125/A (sky130_fd_sc_hd__clkbuf_2)
     5    0.041339    0.226546    0.292885    2.659466 ^ fanout125/X (sky130_fd_sc_hd__clkbuf_2)
                                                         net125 (net)
                      0.226619    0.003360    2.662826 ^ fanout124/A (sky130_fd_sc_hd__clkbuf_4)
    10    0.046640    0.147441    0.272794    2.935621 ^ fanout124/X (sky130_fd_sc_hd__clkbuf_4)
                                                         net124 (net)
                      0.147500    0.002439    2.938060 ^ _2728_/B2 (sky130_fd_sc_hd__a22o_1)
     3    0.008548    0.094595    0.183869    3.121929 ^ _2728_/X (sky130_fd_sc_hd__a22o_1)
                                                         _0334_ (net)
                      0.094596    0.000281    3.122210 ^ _2730_/C (sky130_fd_sc_hd__and4_1)
     1    0.002057    0.048691    0.180439    3.302649 ^ _2730_/X (sky130_fd_sc_hd__and4_1)
                                                         _0336_ (net)
                      0.048691    0.000139    3.302788 ^ _2732_/A_N (sky130_fd_sc_hd__and2b_1)
     3    0.014894    0.084364    0.219938    3.522726 v _2732_/X (sky130_fd_sc_hd__and2b_1)
                                                         _0338_ (net)
                      0.084395    0.001332    3.524058 v _2735_/B1 (sky130_fd_sc_hd__a21o_1)
     2    0.007446    0.053203    0.185182    3.709240 v _2735_/X (sky130_fd_sc_hd__a21o_1)
                                                         _0341_ (net)
                      0.053209    0.000473    3.709713 v _2737_/A2 (sky130_fd_sc_hd__a21o_1)
     3    0.010684    0.065257    0.210601    3.920314 v _2737_/X (sky130_fd_sc_hd__a21o_1)
                                                         _0343_ (net)
                      0.065262    0.000461    3.920775 v _2751_/B (sky130_fd_sc_hd__and3_1)
     3    0.008087    0.059951    0.193525    4.114300 v _2751_/X (sky130_fd_sc_hd__and3_1)
                                                         _0357_ (net)
                      0.059957    0.000498    4.114799 v _2753_/A1 (sky130_fd_sc_hd__o211a_1)
     2    0.007349    0.059381    0.246647    4.361445 v _2753_/X (sky130_fd_sc_hd__o211a_1)
                                                         _0359_ (net)
                      0.059384    0.000388    4.361833 v _2777_/B (sky130_fd_sc_hd__or4bb_4)
     5    0.024907    0.120266    0.575014    4.936848 v _2777_/X (sky130_fd_sc_hd__or4bb_4)
                                                         _0383_ (net)
                      0.120279    0.000852    4.937700 v _2853_/B1 (sky130_fd_sc_hd__o211a_4)
     3    0.010253    0.046027    0.177875    5.115574 v _2853_/X (sky130_fd_sc_hd__o211a_4)
                                                         _0459_ (net)
                      0.046036    0.000478    5.116052 v _2863_/B (sky130_fd_sc_hd__or3_4)
     2    0.014179    0.081922    0.388869    5.504920 v _2863_/X (sky130_fd_sc_hd__or3_4)
                                                         _0469_ (net)
                      0.081948    0.001119    5.506039 v _2865_/A1 (sky130_fd_sc_hd__a211oi_4)
     2    0.009588    0.207762    0.242336    5.748375 ^ _2865_/Y (sky130_fd_sc_hd__a211oi_4)
                                                         _0471_ (net)
                      0.207763    0.000406    5.748781 ^ _3128_/A2 (sky130_fd_sc_hd__o21ba_4)
     3    0.013397    0.063031    0.178279    5.927060 ^ _3128_/X (sky130_fd_sc_hd__o21ba_4)
                                                         _0734_ (net)
                      0.063059    0.001083    5.928143 ^ _3132_/A2_N (sky130_fd_sc_hd__a2bb2o_4)
     2    0.007442    0.038395    0.217520    6.145663 v _3132_/X (sky130_fd_sc_hd__a2bb2o_4)
                                                         _0738_ (net)
                      0.038397    0.000416    6.146079 v _3134_/A3 (sky130_fd_sc_hd__a41o_1)
     1    0.002548    0.037443    0.215607    6.361686 v _3134_/X (sky130_fd_sc_hd__a41o_1)
                                                         _0740_ (net)
                      0.037445    0.000188    6.361874 v _3136_/B1 (sky130_fd_sc_hd__a311o_1)
     3    0.012780    0.099910    0.366210    6.728083 v _3136_/X (sky130_fd_sc_hd__a311o_1)
                                                         _0742_ (net)
                      0.099925    0.000981    6.729064 v _3214_/A1 (sky130_fd_sc_hd__a41o_1)
     3    0.014999    0.091130    0.248368    6.977432 v _3214_/X (sky130_fd_sc_hd__a41o_1)
                                                         _0820_ (net)
                      0.091179    0.001745    6.979177 v _3221_/C (sky130_fd_sc_hd__and4bb_1)
     2    0.006702    0.057411    0.224037    7.203214 v _3221_/X (sky130_fd_sc_hd__and4bb_1)
                                                         _0827_ (net)
                      0.057415    0.000409    7.203623 v _3251_/B (sky130_fd_sc_hd__or3_4)
     1    0.003301    0.062511    0.357941    7.561564 v _3251_/X (sky130_fd_sc_hd__or3_4)
                                                         _0854_ (net)
                      0.062511    0.000235    7.561800 v _3252_/A (sky130_fd_sc_hd__and2_4)
     3    0.009909    0.036290    0.149789    7.711588 v _3252_/X (sky130_fd_sc_hd__and2_4)
                                                         _0855_ (net)
                      0.036304    0.000531    7.712119 v _3253_/A1 (sky130_fd_sc_hd__mux2_4)
     1    0.003571    0.049209    0.250121    7.962240 v _3253_/X (sky130_fd_sc_hd__mux2_4)
                                                         _0856_ (net)
                      0.049209    0.000240    7.962480 v _3254_/A (sky130_fd_sc_hd__clkbuf_1)
     1    0.002325    0.024128    0.086554    8.049034 v _3254_/X (sky130_fd_sc_hd__clkbuf_1)
                                                         _0170_ (net)
                      0.024130    0.000164    8.049198 v _3890_/D (sky130_fd_sc_hd__dfrtp_1)
                                              8.049198   data arrival time

                                  5.000000    5.000000   clock clk' (rise edge)
                                  0.000000    5.000000   clock source latency
     1    0.026775    0.061034    0.044217    5.044217 v clk (in)
                                                         clk (net)
                      0.061269    0.000000    5.044217 v clkbuf_0_clk/A (sky130_fd_sc_hd__clkbuf_16)
     8    0.094907    0.079883    0.193717    5.237934 v clkbuf_0_clk/X (sky130_fd_sc_hd__clkbuf_16)
                                                         clknet_0_clk (net)
                      0.080741    0.006688    5.244622 v clkbuf_3_2__f_clk/A (sky130_fd_sc_hd__clkbuf_16)
    13    0.079473    0.069585    0.196083    5.440705 v clkbuf_3_2__f_clk/X (sky130_fd_sc_hd__clkbuf_16)
                                                         clknet_3_2__leaf_clk (net)
                      0.069983    0.004244    5.444949 v _3802__85/A (sky130_fd_sc_hd__inv_2)
     1    0.002279    0.025991    0.046765    5.491714 ^ _3802__85/Y (sky130_fd_sc_hd__inv_2)
                                                         net263 (net)
                      0.025991    0.000167    5.491881 ^ _3890_/CLK (sky130_fd_sc_hd__dfrtp_1)
                                 -0.250000    5.241881   clock uncertainty
                                  0.000000    5.241881   clock reconvergence pessimism
                                 -0.109507    5.132373   library setup time
                                              5.132373   data required time
---------------------------------------------------------------------------------------------
                                              5.132373   data required time
                                             -8.049198   data arrival time
---------------------------------------------------------------------------------------------
                                             -2.916825   slack (VIOLATED)




===========================================================================
 report_check_types -max_slew -max_cap -max_fanout -violators
============================================================================
======================= max_tt_025C_1v80 Corner ===================================

max fanout

Pin                                   Limit Fanout  Slack
---------------------------------------------------------
clkbuf_3_5__f_clk/X                      10     15     -5 (VIOLATED)
clkbuf_3_6__f_clk/X                      10     14     -4 (VIOLATED)
clkbuf_3_2__f_clk/X                      10     13     -3 (VIOLATED)
clkbuf_3_7__f_clk/X                      10     11        (VIOLATED)



===========================================================================
report_parasitic_annotation -report_unannotated
============================================================================
Found 0 unannotated drivers.
Found 0 partially unannotated drivers.

===========================================================================
max slew violation count 0
max fanout violation count 4
max cap violation count 0
============================================================================

===========================================================================
check_setup -verbose -unconstrained_endpoints -multiple_clock -no_clock -no_input_delay -loops -generated_clocks
===========================================================================
