
===========================================================================
report_checks -unconstrained
===========================================================================
======================= min_ff_n40C_1v95 Corner ===================================

Startpoint: rstb (input port clocked by clk)
Endpoint: _3809_ (recovery check against rising-edge clock clk')
Path Group: asynchronous
Path Type: max

Fanout         Cap        Slew       Delay        Time   Description
---------------------------------------------------------------------------------------------
                                  0.000000    0.000000   clock clk (rise edge)
                                  0.000000    0.000000   clock network delay (propagated)
                                  2.000000    2.000000 ^ input external delay
     1    0.002739    0.013704    0.007061    2.007061 ^ rstb (in)
                                                         rstb (net)
                      0.013704    0.000000    2.007061 ^ input18/A (sky130_fd_sc_hd__clkbuf_1)
     1    0.002923    0.033134    0.048420    2.055481 ^ input18/X (sky130_fd_sc_hd__clkbuf_1)
                                                         net18 (net)
                      0.033134    0.000034    2.055515 ^ fanout146/A (sky130_fd_sc_hd__buf_2)
     5    0.040053    0.148847    0.152092    2.207607 ^ fanout146/X (sky130_fd_sc_hd__buf_2)
                                                         net146 (net)
                      0.148847    0.000091    2.207698 ^ fanout139/A (sky130_fd_sc_hd__clkbuf_2)
     5    0.032544    0.138510    0.165223    2.372921 ^ fanout139/X (sky130_fd_sc_hd__clkbuf_2)
                                                         net139 (net)
                      0.138511    0.000160    2.373081 ^ fanout138/A (sky130_fd_sc_hd__clkbuf_4)
    10    0.055946    0.130777    0.186661    2.559742 ^ fanout138/X (sky130_fd_sc_hd__clkbuf_4)
                                                         net138 (net)
                      0.130778    0.000249    2.559992 ^ fanout137/A (sky130_fd_sc_hd__clkbuf_4)
    10    0.050090    0.118563    0.176961    2.736953 ^ fanout137/X (sky130_fd_sc_hd__clkbuf_4)
                                                         net137 (net)
                      0.118565    0.000369    2.737322 ^ _3809_/RESET_B (sky130_fd_sc_hd__dfrtp_4)
                                              2.737322   data arrival time

                                  5.000000    5.000000   clock clk' (rise edge)
                                  0.000000    5.000000   clock source latency
     1    0.023064    0.036724    0.024993    5.024993 v clk (in)
                                                         clk (net)
                      0.036806    0.000000    5.024993 v clkbuf_0_clk/A (sky130_fd_sc_hd__clkbuf_16)
     8    0.088045    0.055017    0.129414    5.154407 v clkbuf_0_clk/X (sky130_fd_sc_hd__clkbuf_16)
                                                         clknet_0_clk (net)
                      0.055094    0.001672    5.156079 v clkbuf_3_2__f_clk/A (sky130_fd_sc_hd__clkbuf_16)
    13    0.075238    0.049398    0.132488    5.288567 v clkbuf_3_2__f_clk/X (sky130_fd_sc_hd__clkbuf_16)
                                                         clknet_3_2__leaf_clk (net)
                      0.049491    0.001730    5.290297 v _3721__4/A (sky130_fd_sc_hd__inv_2)
     1    0.002127    0.019188    0.031711    5.322008 ^ _3721__4/Y (sky130_fd_sc_hd__inv_2)
                                                         net182 (net)
                      0.019188    0.000008    5.322016 ^ _3809_/CLK (sky130_fd_sc_hd__dfrtp_4)
                                 -0.250000    5.072016   clock uncertainty
                                  0.000000    5.072016   clock reconvergence pessimism
                                  0.101677    5.173693   library recovery time
                                              5.173693   data required time
---------------------------------------------------------------------------------------------
                                              5.173693   data required time
                                             -2.737322   data arrival time
---------------------------------------------------------------------------------------------
                                              2.436371   slack (MET)


Startpoint: periodTop[11] (input port clocked by clk)
Endpoint: _3890_ (rising edge-triggered flip-flop clocked by clk')
Path Group: clk
Path Type: max

Fanout         Cap        Slew       Delay        Time   Description
---------------------------------------------------------------------------------------------
                                  0.000000    0.000000   clock clk (rise edge)
                                  0.000000    0.000000   clock network delay (propagated)
                                  2.000000    2.000000 ^ input external delay
     1    0.002791    0.013888    0.007194    2.007195 ^ periodTop[11] (in)
                                                         periodTop[11] (net)
                      0.013888    0.000000    2.007195 ^ input4/A (sky130_fd_sc_hd__clkbuf_1)
     1    0.005255    0.052533    0.062165    2.069360 ^ input4/X (sky130_fd_sc_hd__clkbuf_1)
                                                         net4 (net)
                      0.052533    0.000104    2.069464 ^ fanout126/A (sky130_fd_sc_hd__clkbuf_2)
     3    0.041389    0.173985    0.171561    2.241025 ^ fanout126/X (sky130_fd_sc_hd__clkbuf_2)
                                                         net126 (net)
                      0.173985    0.000131    2.241156 ^ fanout125/A (sky130_fd_sc_hd__clkbuf_2)
     5    0.036014    0.152410    0.177377    2.418533 ^ fanout125/X (sky130_fd_sc_hd__clkbuf_2)
                                                         net125 (net)
                      0.152414    0.000671    2.419204 ^ fanout124/A (sky130_fd_sc_hd__clkbuf_4)
    10    0.042638    0.102856    0.169551    2.588755 ^ fanout124/X (sky130_fd_sc_hd__clkbuf_4)
                                                         net124 (net)
                      0.102859    0.000418    2.589173 ^ _2728_/B2 (sky130_fd_sc_hd__a22o_1)
     3    0.008291    0.067139    0.106392    2.695565 ^ _2728_/X (sky130_fd_sc_hd__a22o_1)
                                                         _0334_ (net)
                      0.067139    0.000052    2.695617 ^ _2730_/C (sky130_fd_sc_hd__and4_1)
     1    0.002066    0.032401    0.103585    2.799202 ^ _2730_/X (sky130_fd_sc_hd__and4_1)
                                                         _0336_ (net)
                      0.032401    0.000018    2.799220 ^ _2732_/A_N (sky130_fd_sc_hd__and2b_1)
     3    0.013781    0.055633    0.137429    2.936648 v _2732_/X (sky130_fd_sc_hd__and2b_1)
                                                         _0338_ (net)
                      0.055635    0.000320    2.936968 v _2735_/B1 (sky130_fd_sc_hd__a21o_1)
     2    0.007269    0.037049    0.090023    3.026991 v _2735_/X (sky130_fd_sc_hd__a21o_1)
                                                         _0341_ (net)
                      0.037049    0.000061    3.027052 v _2737_/A2 (sky130_fd_sc_hd__a21o_1)
     3    0.009855    0.045103    0.135122    3.162174 v _2737_/X (sky130_fd_sc_hd__a21o_1)
                                                         _0343_ (net)
                      0.045104    0.000145    3.162319 v _2751_/B (sky130_fd_sc_hd__and3_1)
     3    0.007943    0.042480    0.123527    3.285846 v _2751_/X (sky130_fd_sc_hd__and3_1)
                                                         _0357_ (net)
                      0.042480    0.000064    3.285911 v _2753_/A1 (sky130_fd_sc_hd__o211a_1)
     2    0.006746    0.039974    0.155553    3.441463 v _2753_/X (sky130_fd_sc_hd__o211a_1)
                                                         _0359_ (net)
                      0.039975    0.000089    3.441552 v _2777_/B (sky130_fd_sc_hd__or4bb_4)
     5    0.024092    0.082307    0.344438    3.785991 v _2777_/X (sky130_fd_sc_hd__or4bb_4)
                                                         _0383_ (net)
                      0.082307    0.000170    3.786161 v _2853_/B1 (sky130_fd_sc_hd__o211a_4)
     3    0.010037    0.034319    0.113469    3.899630 v _2853_/X (sky130_fd_sc_hd__o211a_4)
                                                         _0459_ (net)
                      0.034320    0.000094    3.899724 v _2863_/B (sky130_fd_sc_hd__or3_4)
     2    0.013595    0.055803    0.233977    4.133701 v _2863_/X (sky130_fd_sc_hd__or3_4)
                                                         _0469_ (net)
                      0.055803    0.000201    4.133902 v _2865_/A1 (sky130_fd_sc_hd__a211oi_4)
     2    0.009233    0.150749    0.162546    4.296448 ^ _2865_/Y (sky130_fd_sc_hd__a211oi_4)
                                                         _0471_ (net)
                      0.150749    0.000103    4.296550 ^ rebuffer13/A (sky130_fd_sc_hd__clkbuf_2)
     1    0.002880    0.024215    0.082202    4.378752 ^ rebuffer13/X (sky130_fd_sc_hd__clkbuf_2)
                                                         net303 (net)
                      0.024215    0.000028    4.378780 ^ rebuffer1/A (sky130_fd_sc_hd__clkbuf_1)
     2    0.005864    0.057693    0.068513    4.447293 ^ rebuffer1/X (sky130_fd_sc_hd__clkbuf_1)
                                                         net267 (net)
                      0.057693    0.000037    4.447330 ^ rebuffer2/A (sky130_fd_sc_hd__clkbuf_1)
     1    0.004408    0.045548    0.065994    4.513325 ^ rebuffer2/X (sky130_fd_sc_hd__clkbuf_1)
                                                         net268 (net)
                      0.045548    0.000048    4.513372 ^ _2867_/A2 (sky130_fd_sc_hd__o21ai_1)
     1    0.003319    0.033306    0.035791    4.549163 v _2867_/Y (sky130_fd_sc_hd__o21ai_1)
                                                         _0473_ (net)
                      0.033306    0.000049    4.549212 v _2868_/C (sky130_fd_sc_hd__and3_1)
     3    0.010664    0.049456    0.138137    4.687349 v _2868_/X (sky130_fd_sc_hd__and3_1)
                                                         _0474_ (net)
                      0.049458    0.000288    4.687637 v _3136_/A1 (sky130_fd_sc_hd__a311o_1)
     3    0.011575    0.068483    0.198377    4.886014 v _3136_/X (sky130_fd_sc_hd__a311o_1)
                                                         _0742_ (net)
                      0.068485    0.000304    4.886319 v _3214_/A1 (sky130_fd_sc_hd__a41o_1)
     3    0.013642    0.061017    0.157284    5.043602 v _3214_/X (sky130_fd_sc_hd__a41o_1)
                                                         _0820_ (net)
                      0.061025    0.000571    5.044173 v _3221_/C (sky130_fd_sc_hd__and4bb_1)
     2    0.006235    0.040708    0.140220    5.184393 v _3221_/X (sky130_fd_sc_hd__and4bb_1)
                                                         _0827_ (net)
                      0.040708    0.000063    5.184456 v _3251_/B (sky130_fd_sc_hd__or3_4)
     1    0.003119    0.043416    0.215211    5.399667 v _3251_/X (sky130_fd_sc_hd__or3_4)
                                                         _0854_ (net)
                      0.043416    0.000036    5.399703 v _3252_/A (sky130_fd_sc_hd__and2_4)
     3    0.009218    0.026878    0.096528    5.496230 v _3252_/X (sky130_fd_sc_hd__and2_4)
                                                         _0855_ (net)
                      0.026878    0.000086    5.496316 v _3253_/A1 (sky130_fd_sc_hd__mux2_4)
     1    0.003340    0.036110    0.140783    5.637100 v _3253_/X (sky130_fd_sc_hd__mux2_4)
                                                         _0856_ (net)
                      0.036110    0.000044    5.637143 v _3254_/A (sky130_fd_sc_hd__clkbuf_1)
     1    0.002371    0.017003    0.056964    5.694107 v _3254_/X (sky130_fd_sc_hd__clkbuf_1)
                                                         _0170_ (net)
                      0.017003    0.000021    5.694128 v _3890_/D (sky130_fd_sc_hd__dfrtp_1)
                                              5.694128   data arrival time

                                  5.000000    5.000000   clock clk' (rise edge)
                                  0.000000    5.000000   clock source latency
     1    0.023064    0.036724    0.024993    5.024993 v clk (in)
                                                         clk (net)
                      0.036806    0.000000    5.024993 v clkbuf_0_clk/A (sky130_fd_sc_hd__clkbuf_16)
     8    0.088045    0.055017    0.129414    5.154407 v clkbuf_0_clk/X (sky130_fd_sc_hd__clkbuf_16)
                                                         clknet_0_clk (net)
                      0.055094    0.001672    5.156079 v clkbuf_3_2__f_clk/A (sky130_fd_sc_hd__clkbuf_16)
    13    0.075238    0.049398    0.132488    5.288567 v clkbuf_3_2__f_clk/X (sky130_fd_sc_hd__clkbuf_16)
                                                         clknet_3_2__leaf_clk (net)
                      0.049450    0.001293    5.289860 v _3802__85/A (sky130_fd_sc_hd__inv_2)
     1    0.002284    0.019522    0.032191    5.322052 ^ _3802__85/Y (sky130_fd_sc_hd__inv_2)
                                                         net263 (net)
                      0.019522    0.000020    5.322072 ^ _3890_/CLK (sky130_fd_sc_hd__dfrtp_1)
                                 -0.250000    5.072072   clock uncertainty
                                  0.000000    5.072072   clock reconvergence pessimism
                                 -0.068287    5.003785   library setup time
                                              5.003785   data required time
---------------------------------------------------------------------------------------------
                                              5.003785   data required time
                                             -5.694128   data arrival time
---------------------------------------------------------------------------------------------
                                             -0.690343   slack (VIOLATED)




===========================================================================
report_checks --slack_max -0.01
============================================================================
======================= min_ff_n40C_1v95 Corner ===================================

Startpoint: periodTop[11] (input port clocked by clk)
Endpoint: _3890_ (rising edge-triggered flip-flop clocked by clk')
Path Group: clk
Path Type: max

Fanout         Cap        Slew       Delay        Time   Description
---------------------------------------------------------------------------------------------
                                  0.000000    0.000000   clock clk (rise edge)
                                  0.000000    0.000000   clock network delay (propagated)
                                  2.000000    2.000000 ^ input external delay
     1    0.002791    0.013888    0.007194    2.007195 ^ periodTop[11] (in)
                                                         periodTop[11] (net)
                      0.013888    0.000000    2.007195 ^ input4/A (sky130_fd_sc_hd__clkbuf_1)
     1    0.005255    0.052533    0.062165    2.069360 ^ input4/X (sky130_fd_sc_hd__clkbuf_1)
                                                         net4 (net)
                      0.052533    0.000104    2.069464 ^ fanout126/A (sky130_fd_sc_hd__clkbuf_2)
     3    0.041389    0.173985    0.171561    2.241025 ^ fanout126/X (sky130_fd_sc_hd__clkbuf_2)
                                                         net126 (net)
                      0.173985    0.000131    2.241156 ^ fanout125/A (sky130_fd_sc_hd__clkbuf_2)
     5    0.036014    0.152410    0.177377    2.418533 ^ fanout125/X (sky130_fd_sc_hd__clkbuf_2)
                                                         net125 (net)
                      0.152414    0.000671    2.419204 ^ fanout124/A (sky130_fd_sc_hd__clkbuf_4)
    10    0.042638    0.102856    0.169551    2.588755 ^ fanout124/X (sky130_fd_sc_hd__clkbuf_4)
                                                         net124 (net)
                      0.102859    0.000418    2.589173 ^ _2728_/B2 (sky130_fd_sc_hd__a22o_1)
     3    0.008291    0.067139    0.106392    2.695565 ^ _2728_/X (sky130_fd_sc_hd__a22o_1)
                                                         _0334_ (net)
                      0.067139    0.000052    2.695617 ^ _2730_/C (sky130_fd_sc_hd__and4_1)
     1    0.002066    0.032401    0.103585    2.799202 ^ _2730_/X (sky130_fd_sc_hd__and4_1)
                                                         _0336_ (net)
                      0.032401    0.000018    2.799220 ^ _2732_/A_N (sky130_fd_sc_hd__and2b_1)
     3    0.013781    0.055633    0.137429    2.936648 v _2732_/X (sky130_fd_sc_hd__and2b_1)
                                                         _0338_ (net)
                      0.055635    0.000320    2.936968 v _2735_/B1 (sky130_fd_sc_hd__a21o_1)
     2    0.007269    0.037049    0.090023    3.026991 v _2735_/X (sky130_fd_sc_hd__a21o_1)
                                                         _0341_ (net)
                      0.037049    0.000061    3.027052 v _2737_/A2 (sky130_fd_sc_hd__a21o_1)
     3    0.009855    0.045103    0.135122    3.162174 v _2737_/X (sky130_fd_sc_hd__a21o_1)
                                                         _0343_ (net)
                      0.045104    0.000145    3.162319 v _2751_/B (sky130_fd_sc_hd__and3_1)
     3    0.007943    0.042480    0.123527    3.285846 v _2751_/X (sky130_fd_sc_hd__and3_1)
                                                         _0357_ (net)
                      0.042480    0.000064    3.285911 v _2753_/A1 (sky130_fd_sc_hd__o211a_1)
     2    0.006746    0.039974    0.155553    3.441463 v _2753_/X (sky130_fd_sc_hd__o211a_1)
                                                         _0359_ (net)
                      0.039975    0.000089    3.441552 v _2777_/B (sky130_fd_sc_hd__or4bb_4)
     5    0.024092    0.082307    0.344438    3.785991 v _2777_/X (sky130_fd_sc_hd__or4bb_4)
                                                         _0383_ (net)
                      0.082307    0.000170    3.786161 v _2853_/B1 (sky130_fd_sc_hd__o211a_4)
     3    0.010037    0.034319    0.113469    3.899630 v _2853_/X (sky130_fd_sc_hd__o211a_4)
                                                         _0459_ (net)
                      0.034320    0.000094    3.899724 v _2863_/B (sky130_fd_sc_hd__or3_4)
     2    0.013595    0.055803    0.233977    4.133701 v _2863_/X (sky130_fd_sc_hd__or3_4)
                                                         _0469_ (net)
                      0.055803    0.000201    4.133902 v _2865_/A1 (sky130_fd_sc_hd__a211oi_4)
     2    0.009233    0.150749    0.162546    4.296448 ^ _2865_/Y (sky130_fd_sc_hd__a211oi_4)
                                                         _0471_ (net)
                      0.150749    0.000103    4.296550 ^ rebuffer13/A (sky130_fd_sc_hd__clkbuf_2)
     1    0.002880    0.024215    0.082202    4.378752 ^ rebuffer13/X (sky130_fd_sc_hd__clkbuf_2)
                                                         net303 (net)
                      0.024215    0.000028    4.378780 ^ rebuffer1/A (sky130_fd_sc_hd__clkbuf_1)
     2    0.005864    0.057693    0.068513    4.447293 ^ rebuffer1/X (sky130_fd_sc_hd__clkbuf_1)
                                                         net267 (net)
                      0.057693    0.000037    4.447330 ^ rebuffer2/A (sky130_fd_sc_hd__clkbuf_1)
     1    0.004408    0.045548    0.065994    4.513325 ^ rebuffer2/X (sky130_fd_sc_hd__clkbuf_1)
                                                         net268 (net)
                      0.045548    0.000048    4.513372 ^ _2867_/A2 (sky130_fd_sc_hd__o21ai_1)
     1    0.003319    0.033306    0.035791    4.549163 v _2867_/Y (sky130_fd_sc_hd__o21ai_1)
                                                         _0473_ (net)
                      0.033306    0.000049    4.549212 v _2868_/C (sky130_fd_sc_hd__and3_1)
     3    0.010664    0.049456    0.138137    4.687349 v _2868_/X (sky130_fd_sc_hd__and3_1)
                                                         _0474_ (net)
                      0.049458    0.000288    4.687637 v _3136_/A1 (sky130_fd_sc_hd__a311o_1)
     3    0.011575    0.068483    0.198377    4.886014 v _3136_/X (sky130_fd_sc_hd__a311o_1)
                                                         _0742_ (net)
                      0.068485    0.000304    4.886319 v _3214_/A1 (sky130_fd_sc_hd__a41o_1)
     3    0.013642    0.061017    0.157284    5.043602 v _3214_/X (sky130_fd_sc_hd__a41o_1)
                                                         _0820_ (net)
                      0.061025    0.000571    5.044173 v _3221_/C (sky130_fd_sc_hd__and4bb_1)
     2    0.006235    0.040708    0.140220    5.184393 v _3221_/X (sky130_fd_sc_hd__and4bb_1)
                                                         _0827_ (net)
                      0.040708    0.000063    5.184456 v _3251_/B (sky130_fd_sc_hd__or3_4)
     1    0.003119    0.043416    0.215211    5.399667 v _3251_/X (sky130_fd_sc_hd__or3_4)
                                                         _0854_ (net)
                      0.043416    0.000036    5.399703 v _3252_/A (sky130_fd_sc_hd__and2_4)
     3    0.009218    0.026878    0.096528    5.496230 v _3252_/X (sky130_fd_sc_hd__and2_4)
                                                         _0855_ (net)
                      0.026878    0.000086    5.496316 v _3253_/A1 (sky130_fd_sc_hd__mux2_4)
     1    0.003340    0.036110    0.140783    5.637100 v _3253_/X (sky130_fd_sc_hd__mux2_4)
                                                         _0856_ (net)
                      0.036110    0.000044    5.637143 v _3254_/A (sky130_fd_sc_hd__clkbuf_1)
     1    0.002371    0.017003    0.056964    5.694107 v _3254_/X (sky130_fd_sc_hd__clkbuf_1)
                                                         _0170_ (net)
                      0.017003    0.000021    5.694128 v _3890_/D (sky130_fd_sc_hd__dfrtp_1)
                                              5.694128   data arrival time

                                  5.000000    5.000000   clock clk' (rise edge)
                                  0.000000    5.000000   clock source latency
     1    0.023064    0.036724    0.024993    5.024993 v clk (in)
                                                         clk (net)
                      0.036806    0.000000    5.024993 v clkbuf_0_clk/A (sky130_fd_sc_hd__clkbuf_16)
     8    0.088045    0.055017    0.129414    5.154407 v clkbuf_0_clk/X (sky130_fd_sc_hd__clkbuf_16)
                                                         clknet_0_clk (net)
                      0.055094    0.001672    5.156079 v clkbuf_3_2__f_clk/A (sky130_fd_sc_hd__clkbuf_16)
    13    0.075238    0.049398    0.132488    5.288567 v clkbuf_3_2__f_clk/X (sky130_fd_sc_hd__clkbuf_16)
                                                         clknet_3_2__leaf_clk (net)
                      0.049450    0.001293    5.289860 v _3802__85/A (sky130_fd_sc_hd__inv_2)
     1    0.002284    0.019522    0.032191    5.322052 ^ _3802__85/Y (sky130_fd_sc_hd__inv_2)
                                                         net263 (net)
                      0.019522    0.000020    5.322072 ^ _3890_/CLK (sky130_fd_sc_hd__dfrtp_1)
                                 -0.250000    5.072072   clock uncertainty
                                  0.000000    5.072072   clock reconvergence pessimism
                                 -0.068287    5.003785   library setup time
                                              5.003785   data required time
---------------------------------------------------------------------------------------------
                                              5.003785   data required time
                                             -5.694128   data arrival time
---------------------------------------------------------------------------------------------
                                             -0.690343   slack (VIOLATED)




===========================================================================
 report_check_types -max_slew -max_cap -max_fanout -violators
============================================================================
======================= min_ff_n40C_1v95 Corner ===================================

max fanout

Pin                                   Limit Fanout  Slack
---------------------------------------------------------
clkbuf_3_5__f_clk/X                      10     15     -5 (VIOLATED)
clkbuf_3_6__f_clk/X                      10     14     -4 (VIOLATED)
clkbuf_3_2__f_clk/X                      10     13     -3 (VIOLATED)
clkbuf_3_7__f_clk/X                      10     11        (VIOLATED)



===========================================================================
report_parasitic_annotation -report_unannotated
============================================================================
Found 0 unannotated drivers.
Found 0 partially unannotated drivers.

===========================================================================
max slew violation count 0
max fanout violation count 4
max cap violation count 0
============================================================================

===========================================================================
check_setup -verbose -unconstrained_endpoints -multiple_clock -no_clock -no_input_delay -loops -generated_clocks
===========================================================================
