
===========================================================================
Violator List
============================================================================
[setup in-out] periodTop[15] -> pwmA : -8.945986
[setup in-out] periodTop[0] -> pwmB : -8.879006
[setup in-out] periodTop[0] -> pwmC : -8.762104
[setup in-reg] periodTop[0] -> _8421_/D : -8.686704
[setup in-reg] periodTop[0] -> _8426_/D : -8.668921
[setup in-reg] periodTop[0] -> _8424_/D : -8.665351
[setup in-reg] periodTop[0] -> _8423_/D : -8.660672
[setup in-reg] periodTop[0] -> _8430_/D : -8.660668
[setup in-reg] periodTop[0] -> _8425_/D : -8.660413
[setup in-reg] periodTop[0] -> _8427_/D : -8.656321
[setup in-reg] periodTop[0] -> _8428_/D : -8.655433
[setup in-reg] periodTop[0] -> _8429_/D : -8.653823
[setup in-reg] periodTop[0] -> _8422_/D : -8.653545
[setup in-reg] periodTop[0] -> _8420_/D : -8.298840
[setup in-reg] periodTop[0] -> _8419_/D : -8.293336
[setup in-reg] periodTop[0] -> _8416_/D : -8.289465
[setup in-reg] periodTop[0] -> _8417_/D : -8.285637
[setup in-reg] periodTop[0] -> _8418_/D : -8.284373
[setup in-reg] periodTop[0] -> _8447_/D : -7.540393
[setup reg-out] _8444_/Q -> halt : -3.427449
