
===========================================================================
report_checks -unconstrained
===========================================================================
======================= max_ff_n40C_1v95 Corner ===================================

Startpoint: rstb (input port clocked by clk)
Endpoint: _3809_ (recovery check against rising-edge clock clk')
Path Group: asynchronous
Path Type: max

Fanout         Cap        Slew       Delay        Time   Description
---------------------------------------------------------------------------------------------
                                  0.000000    0.000000   clock clk (rise edge)
                                  0.000000    0.000000   clock network delay (propagated)
                                  2.000000    2.000000 ^ input external delay
     1    0.002816    0.013975    0.007323    2.007323 ^ rstb (in)
                                                         rstb (net)
                      0.013977    0.000000    2.007323 ^ input18/A (sky130_fd_sc_hd__clkbuf_1)
     1    0.003148    0.034946    0.049777    2.057099 ^ input18/X (sky130_fd_sc_hd__clkbuf_1)
                                                         net18 (net)
                      0.034948    0.000198    2.057298 ^ fanout146/A (sky130_fd_sc_hd__buf_2)
     5    0.043466    0.161196    0.159297    2.216595 ^ fanout146/X (sky130_fd_sc_hd__buf_2)
                                                         net146 (net)
                      0.161206    0.001089    2.217684 ^ fanout139/A (sky130_fd_sc_hd__clkbuf_2)
     5    0.035598    0.150928    0.173169    2.390853 ^ fanout139/X (sky130_fd_sc_hd__clkbuf_2)
                                                         net139 (net)
                      0.150938    0.001024    2.391877 ^ fanout138/A (sky130_fd_sc_hd__clkbuf_4)
    10    0.060710    0.141510    0.192534    2.584410 ^ fanout138/X (sky130_fd_sc_hd__clkbuf_4)
                                                         net138 (net)
                      0.141573    0.002523    2.586934 ^ fanout137/A (sky130_fd_sc_hd__clkbuf_4)
    10    0.053279    0.125710    0.181428    2.768362 ^ fanout137/X (sky130_fd_sc_hd__clkbuf_4)
                                                         net137 (net)
                      0.125770    0.002291    2.770653 ^ _3809_/RESET_B (sky130_fd_sc_hd__dfrtp_4)
                                              2.770653   data arrival time

                                  5.000000    5.000000   clock clk' (rise edge)
                                  0.000000    5.000000   clock source latency
     1    0.026875    0.042725    0.029952    5.029952 v clk (in)
                                                         clk (net)
                      0.043069    0.000000    5.029952 v clkbuf_0_clk/A (sky130_fd_sc_hd__clkbuf_16)
     8    0.095707    0.059977    0.131821    5.161772 v clkbuf_0_clk/X (sky130_fd_sc_hd__clkbuf_16)
                                                         clknet_0_clk (net)
                      0.061168    0.006716    5.168489 v clkbuf_3_2__f_clk/A (sky130_fd_sc_hd__clkbuf_16)
    13    0.079590    0.051965    0.135071    5.303559 v clkbuf_3_2__f_clk/X (sky130_fd_sc_hd__clkbuf_16)
                                                         clknet_3_2__leaf_clk (net)
                      0.052891    0.005482    5.309042 v _3721__4/A (sky130_fd_sc_hd__inv_2)
     1    0.002151    0.019958    0.032908    5.341950 ^ _3721__4/Y (sky130_fd_sc_hd__inv_2)
                                                         net182 (net)
                      0.019958    0.000100    5.342051 ^ _3809_/CLK (sky130_fd_sc_hd__dfrtp_4)
                                 -0.250000    5.092051   clock uncertainty
                                  0.000000    5.092051   clock reconvergence pessimism
                                  0.099514    5.191564   library recovery time
                                              5.191564   data required time
---------------------------------------------------------------------------------------------
                                              5.191564   data required time
                                             -2.770653   data arrival time
---------------------------------------------------------------------------------------------
                                              2.420911   slack (MET)


Startpoint: periodTop[8] (input port clocked by clk)
Endpoint: _3891_ (rising edge-triggered flip-flop clocked by clk')
Path Group: clk
Path Type: max

Fanout         Cap        Slew       Delay        Time   Description
---------------------------------------------------------------------------------------------
                                  0.000000    0.000000   clock clk (rise edge)
                                  0.000000    0.000000   clock network delay (propagated)
                                  2.000000    2.000000 ^ input external delay
     1    0.003237    0.015482    0.008428    2.008428 ^ periodTop[8] (in)
                                                         periodTop[8] (net)
                      0.015484    0.000000    2.008428 ^ input16/A (sky130_fd_sc_hd__buf_1)
     1    0.010626    0.097900    0.093727    2.102155 ^ input16/X (sky130_fd_sc_hd__buf_1)
                                                         net16 (net)
                      0.097910    0.000811    2.102966 ^ fanout154/A (sky130_fd_sc_hd__clkbuf_4)
     6    0.074237    0.171137    0.200636    2.303602 ^ fanout154/X (sky130_fd_sc_hd__clkbuf_4)
                                                         net154 (net)
                      0.171190    0.002532    2.306133 ^ fanout152/A (sky130_fd_sc_hd__clkbuf_4)
    10    0.055548    0.130829    0.189158    2.495291 ^ fanout152/X (sky130_fd_sc_hd__clkbuf_4)
                                                         net152 (net)
                      0.130852    0.001444    2.496735 ^ fanout151/A (sky130_fd_sc_hd__clkbuf_4)
    10    0.058828    0.137521    0.187001    2.683736 ^ fanout151/X (sky130_fd_sc_hd__clkbuf_4)
                                                         net151 (net)
                      0.138052    0.006948    2.690684 ^ _2741_/B (sky130_fd_sc_hd__nand4_2)
     3    0.013460    0.094438    0.098523    2.789207 v _2741_/Y (sky130_fd_sc_hd__nand4_2)
                                                         _0347_ (net)
                      0.094444    0.000544    2.789751 v _2743_/A1 (sky130_fd_sc_hd__a21bo_1)
     3    0.007703    0.039970    0.141099    2.930850 v _2743_/X (sky130_fd_sc_hd__a21bo_1)
                                                         _0349_ (net)
                      0.039978    0.000470    2.931321 v _2747_/C (sky130_fd_sc_hd__and3_1)
     2    0.005134    0.034233    0.122403    3.053724 v _2747_/X (sky130_fd_sc_hd__and3_1)
                                                         _0353_ (net)
                      0.034239    0.000334    3.054057 v _2748_/B (sky130_fd_sc_hd__nor2_1)
     1    0.004862    0.076874    0.073902    3.127959 ^ _2748_/Y (sky130_fd_sc_hd__nor2_1)
                                                         _0354_ (net)
                      0.076877    0.000362    3.128321 ^ _2749_/B (sky130_fd_sc_hd__xor2_1)
     3    0.011004    0.185861    0.171128    3.299449 ^ _2749_/X (sky130_fd_sc_hd__xor2_1)
                                                         _0355_ (net)
                      0.185869    0.000950    3.300399 ^ _2750_/B1 (sky130_fd_sc_hd__a21oi_1)
     3    0.009076    0.063368    0.055202    3.355601 v _2750_/Y (sky130_fd_sc_hd__a21oi_1)
                                                         _0356_ (net)
                      0.063378    0.000643    3.356244 v _2753_/A2 (sky130_fd_sc_hd__o211a_1)
     2    0.007419    0.042124    0.154087    3.510331 v _2753_/X (sky130_fd_sc_hd__o211a_1)
                                                         _0359_ (net)
                      0.042129    0.000390    3.510721 v _2777_/B (sky130_fd_sc_hd__or4bb_4)
     5    0.025051    0.083253    0.346076    3.856797 v _2777_/X (sky130_fd_sc_hd__or4bb_4)
                                                         _0383_ (net)
                      0.083255    0.000858    3.857656 v _2853_/B1 (sky130_fd_sc_hd__o211a_4)
     3    0.010326    0.034626    0.114070    3.971725 v _2853_/X (sky130_fd_sc_hd__o211a_4)
                                                         _0459_ (net)
                      0.034637    0.000481    3.972207 v _2863_/B (sky130_fd_sc_hd__or3_4)
     2    0.014218    0.056577    0.234874    4.207081 v _2863_/X (sky130_fd_sc_hd__or3_4)
                                                         _0469_ (net)
                      0.056617    0.001120    4.208201 v _2865_/A1 (sky130_fd_sc_hd__a211oi_4)
     2    0.009645    0.153464    0.164961    4.373162 ^ _2865_/Y (sky130_fd_sc_hd__a211oi_4)
                                                         _0471_ (net)
                      0.153465    0.000465    4.373628 ^ rebuffer13/A (sky130_fd_sc_hd__clkbuf_2)
     1    0.003004    0.024688    0.082817    4.456445 ^ rebuffer13/X (sky130_fd_sc_hd__clkbuf_2)
                                                         net303 (net)
                      0.024688    0.000203    4.456648 ^ rebuffer1/A (sky130_fd_sc_hd__clkbuf_1)
     2    0.006128    0.059930    0.069980    4.526628 ^ rebuffer1/X (sky130_fd_sc_hd__clkbuf_1)
                                                         net267 (net)
                      0.059933    0.000331    4.526960 ^ rebuffer2/A (sky130_fd_sc_hd__clkbuf_1)
     1    0.004713    0.048130    0.067812    4.594772 ^ rebuffer2/X (sky130_fd_sc_hd__clkbuf_1)
                                                         net268 (net)
                      0.048134    0.000353    4.595125 ^ _2867_/A2 (sky130_fd_sc_hd__o21ai_1)
     1    0.003716    0.035682    0.037614    4.632739 v _2867_/Y (sky130_fd_sc_hd__o21ai_1)
                                                         _0473_ (net)
                      0.035685    0.000252    4.632991 v _2868_/C (sky130_fd_sc_hd__and3_1)
     3    0.011693    0.052388    0.141326    4.774318 v _2868_/X (sky130_fd_sc_hd__and3_1)
                                                         _0474_ (net)
                      0.052432    0.001203    4.775521 v _3136_/A1 (sky130_fd_sc_hd__a311o_1)
     3    0.012873    0.072374    0.203038    4.978559 v _3136_/X (sky130_fd_sc_hd__a311o_1)
                                                         _0742_ (net)
                      0.072396    0.000987    4.979546 v _3214_/A1 (sky130_fd_sc_hd__a41o_1)
     3    0.015132    0.065392    0.162011    5.141557 v _3214_/X (sky130_fd_sc_hd__a41o_1)
                                                         _0820_ (net)
                      0.065461    0.001767    5.143324 v _3221_/C (sky130_fd_sc_hd__and4bb_1)
     2    0.006741    0.042307    0.143726    5.287050 v _3221_/X (sky130_fd_sc_hd__and4bb_1)
                                                         _0827_ (net)
                      0.042312    0.000374    5.287425 v rebuffer3/A (sky130_fd_sc_hd__clkbuf_2)
     1    0.009027    0.031128    0.082926    5.370350 v rebuffer3/X (sky130_fd_sc_hd__clkbuf_2)
                                                         net269 (net)
                      0.031149    0.000686    5.371036 v _3228_/A1 (sky130_fd_sc_hd__o21ai_4)
     6    0.024837    0.162157    0.159182    5.530217 ^ _3228_/Y (sky130_fd_sc_hd__o21ai_4)
                                                         _0834_ (net)
                      0.162179    0.001424    5.531641 ^ _3247_/A2 (sky130_fd_sc_hd__a21oi_1)
     3    0.010911    0.079681    0.086868    5.618510 v _3247_/Y (sky130_fd_sc_hd__a21oi_1)
                                                         _0851_ (net)
                      0.079684    0.000335    5.618845 v _3250_/A2 (sky130_fd_sc_hd__o31a_1)
     1    0.003427    0.036722    0.184158    5.803003 v _3250_/X (sky130_fd_sc_hd__o31a_1)
                                                         _0171_ (net)
                      0.036723    0.000234    5.803237 v _3891_/D (sky130_fd_sc_hd__dfrtp_1)
                                              5.803237   data arrival time

                                  5.000000    5.000000   clock clk' (rise edge)
                                  0.000000    5.000000   clock source latency
     1    0.026875    0.042725    0.029952    5.029952 v clk (in)
                                                         clk (net)
                      0.043069    0.000000    5.029952 v clkbuf_0_clk/A (sky130_fd_sc_hd__clkbuf_16)
     8    0.095707    0.059977    0.131821    5.161772 v clkbuf_0_clk/X (sky130_fd_sc_hd__clkbuf_16)
                                                         clknet_0_clk (net)
                      0.061168    0.006716    5.168489 v clkbuf_3_2__f_clk/A (sky130_fd_sc_hd__clkbuf_16)
    13    0.079590    0.051965    0.135071    5.303559 v clkbuf_3_2__f_clk/X (sky130_fd_sc_hd__clkbuf_16)
                                                         clknet_3_2__leaf_clk (net)
                      0.052429    0.003895    5.307455 v _3803__86/A (sky130_fd_sc_hd__inv_2)
     1    0.002602    0.020821    0.034201    5.341656 ^ _3803__86/Y (sky130_fd_sc_hd__inv_2)
                                                         net264 (net)
                      0.020821    0.000175    5.341831 ^ _3891_/CLK (sky130_fd_sc_hd__dfrtp_1)
                                 -0.250000    5.091831   clock uncertainty
                                  0.000000    5.091831   clock reconvergence pessimism
                                 -0.075208    5.016623   library setup time
                                              5.016623   data required time
---------------------------------------------------------------------------------------------
                                              5.016623   data required time
                                             -5.803237   data arrival time
---------------------------------------------------------------------------------------------
                                             -0.786614   slack (VIOLATED)




===========================================================================
report_checks --slack_max -0.01
============================================================================
======================= max_ff_n40C_1v95 Corner ===================================

Startpoint: periodTop[8] (input port clocked by clk)
Endpoint: _3891_ (rising edge-triggered flip-flop clocked by clk')
Path Group: clk
Path Type: max

Fanout         Cap        Slew       Delay        Time   Description
---------------------------------------------------------------------------------------------
                                  0.000000    0.000000   clock clk (rise edge)
                                  0.000000    0.000000   clock network delay (propagated)
                                  2.000000    2.000000 ^ input external delay
     1    0.003237    0.015482    0.008428    2.008428 ^ periodTop[8] (in)
                                                         periodTop[8] (net)
                      0.015484    0.000000    2.008428 ^ input16/A (sky130_fd_sc_hd__buf_1)
     1    0.010626    0.097900    0.093727    2.102155 ^ input16/X (sky130_fd_sc_hd__buf_1)
                                                         net16 (net)
                      0.097910    0.000811    2.102966 ^ fanout154/A (sky130_fd_sc_hd__clkbuf_4)
     6    0.074237    0.171137    0.200636    2.303602 ^ fanout154/X (sky130_fd_sc_hd__clkbuf_4)
                                                         net154 (net)
                      0.171190    0.002532    2.306133 ^ fanout152/A (sky130_fd_sc_hd__clkbuf_4)
    10    0.055548    0.130829    0.189158    2.495291 ^ fanout152/X (sky130_fd_sc_hd__clkbuf_4)
                                                         net152 (net)
                      0.130852    0.001444    2.496735 ^ fanout151/A (sky130_fd_sc_hd__clkbuf_4)
    10    0.058828    0.137521    0.187001    2.683736 ^ fanout151/X (sky130_fd_sc_hd__clkbuf_4)
                                                         net151 (net)
                      0.138052    0.006948    2.690684 ^ _2741_/B (sky130_fd_sc_hd__nand4_2)
     3    0.013460    0.094438    0.098523    2.789207 v _2741_/Y (sky130_fd_sc_hd__nand4_2)
                                                         _0347_ (net)
                      0.094444    0.000544    2.789751 v _2743_/A1 (sky130_fd_sc_hd__a21bo_1)
     3    0.007703    0.039970    0.141099    2.930850 v _2743_/X (sky130_fd_sc_hd__a21bo_1)
                                                         _0349_ (net)
                      0.039978    0.000470    2.931321 v _2747_/C (sky130_fd_sc_hd__and3_1)
     2    0.005134    0.034233    0.122403    3.053724 v _2747_/X (sky130_fd_sc_hd__and3_1)
                                                         _0353_ (net)
                      0.034239    0.000334    3.054057 v _2748_/B (sky130_fd_sc_hd__nor2_1)
     1    0.004862    0.076874    0.073902    3.127959 ^ _2748_/Y (sky130_fd_sc_hd__nor2_1)
                                                         _0354_ (net)
                      0.076877    0.000362    3.128321 ^ _2749_/B (sky130_fd_sc_hd__xor2_1)
     3    0.011004    0.185861    0.171128    3.299449 ^ _2749_/X (sky130_fd_sc_hd__xor2_1)
                                                         _0355_ (net)
                      0.185869    0.000950    3.300399 ^ _2750_/B1 (sky130_fd_sc_hd__a21oi_1)
     3    0.009076    0.063368    0.055202    3.355601 v _2750_/Y (sky130_fd_sc_hd__a21oi_1)
                                                         _0356_ (net)
                      0.063378    0.000643    3.356244 v _2753_/A2 (sky130_fd_sc_hd__o211a_1)
     2    0.007419    0.042124    0.154087    3.510331 v _2753_/X (sky130_fd_sc_hd__o211a_1)
                                                         _0359_ (net)
                      0.042129    0.000390    3.510721 v _2777_/B (sky130_fd_sc_hd__or4bb_4)
     5    0.025051    0.083253    0.346076    3.856797 v _2777_/X (sky130_fd_sc_hd__or4bb_4)
                                                         _0383_ (net)
                      0.083255    0.000858    3.857656 v _2853_/B1 (sky130_fd_sc_hd__o211a_4)
     3    0.010326    0.034626    0.114070    3.971725 v _2853_/X (sky130_fd_sc_hd__o211a_4)
                                                         _0459_ (net)
                      0.034637    0.000481    3.972207 v _2863_/B (sky130_fd_sc_hd__or3_4)
     2    0.014218    0.056577    0.234874    4.207081 v _2863_/X (sky130_fd_sc_hd__or3_4)
                                                         _0469_ (net)
                      0.056617    0.001120    4.208201 v _2865_/A1 (sky130_fd_sc_hd__a211oi_4)
     2    0.009645    0.153464    0.164961    4.373162 ^ _2865_/Y (sky130_fd_sc_hd__a211oi_4)
                                                         _0471_ (net)
                      0.153465    0.000465    4.373628 ^ rebuffer13/A (sky130_fd_sc_hd__clkbuf_2)
     1    0.003004    0.024688    0.082817    4.456445 ^ rebuffer13/X (sky130_fd_sc_hd__clkbuf_2)
                                                         net303 (net)
                      0.024688    0.000203    4.456648 ^ rebuffer1/A (sky130_fd_sc_hd__clkbuf_1)
     2    0.006128    0.059930    0.069980    4.526628 ^ rebuffer1/X (sky130_fd_sc_hd__clkbuf_1)
                                                         net267 (net)
                      0.059933    0.000331    4.526960 ^ rebuffer2/A (sky130_fd_sc_hd__clkbuf_1)
     1    0.004713    0.048130    0.067812    4.594772 ^ rebuffer2/X (sky130_fd_sc_hd__clkbuf_1)
                                                         net268 (net)
                      0.048134    0.000353    4.595125 ^ _2867_/A2 (sky130_fd_sc_hd__o21ai_1)
     1    0.003716    0.035682    0.037614    4.632739 v _2867_/Y (sky130_fd_sc_hd__o21ai_1)
                                                         _0473_ (net)
                      0.035685    0.000252    4.632991 v _2868_/C (sky130_fd_sc_hd__and3_1)
     3    0.011693    0.052388    0.141326    4.774318 v _2868_/X (sky130_fd_sc_hd__and3_1)
                                                         _0474_ (net)
                      0.052432    0.001203    4.775521 v _3136_/A1 (sky130_fd_sc_hd__a311o_1)
     3    0.012873    0.072374    0.203038    4.978559 v _3136_/X (sky130_fd_sc_hd__a311o_1)
                                                         _0742_ (net)
                      0.072396    0.000987    4.979546 v _3214_/A1 (sky130_fd_sc_hd__a41o_1)
     3    0.015132    0.065392    0.162011    5.141557 v _3214_/X (sky130_fd_sc_hd__a41o_1)
                                                         _0820_ (net)
                      0.065461    0.001767    5.143324 v _3221_/C (sky130_fd_sc_hd__and4bb_1)
     2    0.006741    0.042307    0.143726    5.287050 v _3221_/X (sky130_fd_sc_hd__and4bb_1)
                                                         _0827_ (net)
                      0.042312    0.000374    5.287425 v rebuffer3/A (sky130_fd_sc_hd__clkbuf_2)
     1    0.009027    0.031128    0.082926    5.370350 v rebuffer3/X (sky130_fd_sc_hd__clkbuf_2)
                                                         net269 (net)
                      0.031149    0.000686    5.371036 v _3228_/A1 (sky130_fd_sc_hd__o21ai_4)
     6    0.024837    0.162157    0.159182    5.530217 ^ _3228_/Y (sky130_fd_sc_hd__o21ai_4)
                                                         _0834_ (net)
                      0.162179    0.001424    5.531641 ^ _3247_/A2 (sky130_fd_sc_hd__a21oi_1)
     3    0.010911    0.079681    0.086868    5.618510 v _3247_/Y (sky130_fd_sc_hd__a21oi_1)
                                                         _0851_ (net)
                      0.079684    0.000335    5.618845 v _3250_/A2 (sky130_fd_sc_hd__o31a_1)
     1    0.003427    0.036722    0.184158    5.803003 v _3250_/X (sky130_fd_sc_hd__o31a_1)
                                                         _0171_ (net)
                      0.036723    0.000234    5.803237 v _3891_/D (sky130_fd_sc_hd__dfrtp_1)
                                              5.803237   data arrival time

                                  5.000000    5.000000   clock clk' (rise edge)
                                  0.000000    5.000000   clock source latency
     1    0.026875    0.042725    0.029952    5.029952 v clk (in)
                                                         clk (net)
                      0.043069    0.000000    5.029952 v clkbuf_0_clk/A (sky130_fd_sc_hd__clkbuf_16)
     8    0.095707    0.059977    0.131821    5.161772 v clkbuf_0_clk/X (sky130_fd_sc_hd__clkbuf_16)
                                                         clknet_0_clk (net)
                      0.061168    0.006716    5.168489 v clkbuf_3_2__f_clk/A (sky130_fd_sc_hd__clkbuf_16)
    13    0.079590    0.051965    0.135071    5.303559 v clkbuf_3_2__f_clk/X (sky130_fd_sc_hd__clkbuf_16)
                                                         clknet_3_2__leaf_clk (net)
                      0.052429    0.003895    5.307455 v _3803__86/A (sky130_fd_sc_hd__inv_2)
     1    0.002602    0.020821    0.034201    5.341656 ^ _3803__86/Y (sky130_fd_sc_hd__inv_2)
                                                         net264 (net)
                      0.020821    0.000175    5.341831 ^ _3891_/CLK (sky130_fd_sc_hd__dfrtp_1)
                                 -0.250000    5.091831   clock uncertainty
                                  0.000000    5.091831   clock reconvergence pessimism
                                 -0.075208    5.016623   library setup time
                                              5.016623   data required time
---------------------------------------------------------------------------------------------
                                              5.016623   data required time
                                             -5.803237   data arrival time
---------------------------------------------------------------------------------------------
                                             -0.786614   slack (VIOLATED)




===========================================================================
 report_check_types -max_slew -max_cap -max_fanout -violators
============================================================================
======================= max_ff_n40C_1v95 Corner ===================================

max fanout

Pin                                   Limit Fanout  Slack
---------------------------------------------------------
clkbuf_3_5__f_clk/X                      10     15     -5 (VIOLATED)
clkbuf_3_6__f_clk/X                      10     14     -4 (VIOLATED)
clkbuf_3_2__f_clk/X                      10     13     -3 (VIOLATED)
clkbuf_3_7__f_clk/X                      10     11        (VIOLATED)



===========================================================================
report_parasitic_annotation -report_unannotated
============================================================================
Found 0 unannotated drivers.
Found 0 partially unannotated drivers.

===========================================================================
max slew violation count 0
max fanout violation count 4
max cap violation count 0
============================================================================

===========================================================================
check_setup -verbose -unconstrained_endpoints -multiple_clock -no_clock -no_input_delay -loops -generated_clocks
===========================================================================
