Reading technology LEF file at '/home/jco1147/393_folder/openlane/sky130A/libs.ref/sky130_fd_sc_hd/techlef/sky130_fd_sc_hd__nom.tlef'…
[INFO ODB-0222] Reading LEF file: /home/jco1147/393_folder/openlane/sky130A/libs.ref/sky130_fd_sc_hd/techlef/sky130_fd_sc_hd__nom.tlef
[INFO ODB-0223]     Created 13 technology layers
[INFO ODB-0224]     Created 25 technology vias
[INFO ODB-0226] Finished LEF file:  /home/jco1147/393_folder/openlane/sky130A/libs.ref/sky130_fd_sc_hd/techlef/sky130_fd_sc_hd__nom.tlef
Reading cell LEF file at '/home/jco1147/393_folder/openlane/sky130A/libs.ref/sky130_fd_sc_hd/lef/sky130_fd_sc_hd.lef'…
[INFO ODB-0222] Reading LEF file: /home/jco1147/393_folder/openlane/sky130A/libs.ref/sky130_fd_sc_hd/lef/sky130_fd_sc_hd.lef
[WARNING ODB-0220] WARNING (LEFPARS-2008): NOWIREEXTENSIONATPIN statement is obsolete in version 5.6 or later.
The NOWIREEXTENSIONATPIN statement will be ignored. See file /home/jco1147/393_folder/openlane/sky130A/libs.ref/sky130_fd_sc_hd/lef/sky130_fd_sc_hd.lef at line 2.

[INFO ODB-0225]     Created 437 library cells
[INFO ODB-0226] Finished LEF file:  /home/jco1147/393_folder/openlane/sky130A/libs.ref/sky130_fd_sc_hd/lef/sky130_fd_sc_hd.lef
Reading cell LEF file at '/home/jco1147/393_folder/openlane/sky130A/libs.ref/sky130_fd_sc_hd/lef/sky130_ef_sc_hd.lef'…
[INFO ODB-0222] Reading LEF file: /home/jco1147/393_folder/openlane/sky130A/libs.ref/sky130_fd_sc_hd/lef/sky130_ef_sc_hd.lef
[WARNING ODB-0220] WARNING (LEFPARS-2008): NOWIREEXTENSIONATPIN statement is obsolete in version 5.6 or later.
The NOWIREEXTENSIONATPIN statement will be ignored. See file /home/jco1147/393_folder/openlane/sky130A/libs.ref/sky130_fd_sc_hd/lef/sky130_ef_sc_hd.lef at line 2.

[INFO ODB-0225]     Created 5 library cells
[INFO ODB-0226] Finished LEF file:  /home/jco1147/393_folder/openlane/sky130A/libs.ref/sky130_fd_sc_hd/lef/sky130_ef_sc_hd.lef
[INFO ODB-0127] Reading DEF file: /home/jco1147/393_folder/CE493/sv/svm/runs/RUN_2023-12-03_23-09-36/37-openroad-fillinsertion/svm.def
[INFO ODB-0128] Design: svm
[INFO ODB-0130]     Created 74 pins.
[INFO ODB-0131]     Created 5922 components and 30344 component-terminals.
[INFO ODB-0132]     Created 2 special nets and 22578 connections.
[INFO ODB-0133]     Created 2284 nets and 7766 connections.
[INFO ODB-0134] Finished DEF file: /home/jco1147/393_folder/CE493/sv/svm/runs/RUN_2023-12-03_23-09-36/37-openroad-fillinsertion/svm.def
Using RCX ruleset '/home/jco1147/393_folder/openlane/sky130A/libs.tech/openlane/rules.openrcx.sky130A.nom.calibre'…
[INFO RCX-0431] Defined process_corner CURRENT_CORNER with ext_model_index 0
[INFO RCX-0029] Defined extraction corner CURRENT_CORNER
[INFO RCX-0008] extracting parasitics of svm ...
[INFO RCX-0435] Reading extraction model file /home/jco1147/393_folder/openlane/sky130A/libs.tech/openlane/rules.openrcx.sky130A.nom.calibre ...
[INFO RCX-0436] RC segment generation svm (max_merge_res 50.0) ...
[INFO RCX-0040] Final 8947 rc segments
[INFO RCX-0439] Coupling Cap extraction svm ...
[INFO RCX-0440] Coupling threshhold is 0.1000 fF, coupling capacitance less than 0.1000 fF will be grounded.
[INFO RCX-0043] 17652 wires to be extracted
[INFO RCX-0442] 48% completion -- 8517 wires have been extracted
[INFO RCX-0442] 100% completion -- 17652 wires have been extracted
[INFO RCX-0045] Extract 2284 nets, 11229 rsegs, 11229 caps, 18468 ccs
[INFO RCX-0015] Finished extracting svm.
Setting global connections for newly added cells…
[INFO] Setting global connections...
Writing extracted parasitics to '/home/jco1147/393_folder/CE493/sv/svm/runs/RUN_2023-12-03_23-09-36/38-openroad-rcx/nom_/svm.nom_.spef'…
[INFO RCX-0016] Writing SPEF ...
[INFO RCX-0443] 2284 nets finished
[INFO RCX-0017] Finished writing SPEF ...
