Reading library file at '/home/jco1147/393_folder/CE493/sv/cordic/runs/RUN_2023-11-15_10-07-41/tmp/4f8064af2a1748198669afdfb7095fdc.lib'…
Reading technology LEF file at '/home/jco1147/393_folder/openlane/sky130A/libs.ref/sky130_fd_sc_hd/techlef/sky130_fd_sc_hd__nom.tlef'…
[INFO ODB-0222] Reading LEF file: /home/jco1147/393_folder/openlane/sky130A/libs.ref/sky130_fd_sc_hd/techlef/sky130_fd_sc_hd__nom.tlef
[INFO ODB-0223]     Created 13 technology layers
[INFO ODB-0224]     Created 25 technology vias
[INFO ODB-0226] Finished LEF file:  /home/jco1147/393_folder/openlane/sky130A/libs.ref/sky130_fd_sc_hd/techlef/sky130_fd_sc_hd__nom.tlef
Reading cell LEF file at '/home/jco1147/393_folder/openlane/sky130A/libs.ref/sky130_fd_sc_hd/lef/sky130_fd_sc_hd.lef'…
[INFO ODB-0222] Reading LEF file: /home/jco1147/393_folder/openlane/sky130A/libs.ref/sky130_fd_sc_hd/lef/sky130_fd_sc_hd.lef
[WARNING ODB-0220] WARNING (LEFPARS-2008): NOWIREEXTENSIONATPIN statement is obsolete in version 5.6 or later.
The NOWIREEXTENSIONATPIN statement will be ignored. See file /home/jco1147/393_folder/openlane/sky130A/libs.ref/sky130_fd_sc_hd/lef/sky130_fd_sc_hd.lef at line 2.

[INFO ODB-0225]     Created 437 library cells
[INFO ODB-0226] Finished LEF file:  /home/jco1147/393_folder/openlane/sky130A/libs.ref/sky130_fd_sc_hd/lef/sky130_fd_sc_hd.lef
Reading cell LEF file at '/home/jco1147/393_folder/openlane/sky130A/libs.ref/sky130_fd_sc_hd/lef/sky130_ef_sc_hd.lef'…
[INFO ODB-0222] Reading LEF file: /home/jco1147/393_folder/openlane/sky130A/libs.ref/sky130_fd_sc_hd/lef/sky130_ef_sc_hd.lef
[WARNING ODB-0220] WARNING (LEFPARS-2008): NOWIREEXTENSIONATPIN statement is obsolete in version 5.6 or later.
The NOWIREEXTENSIONATPIN statement will be ignored. See file /home/jco1147/393_folder/openlane/sky130A/libs.ref/sky130_fd_sc_hd/lef/sky130_ef_sc_hd.lef at line 2.

[INFO ODB-0225]     Created 5 library cells
[INFO ODB-0226] Finished LEF file:  /home/jco1147/393_folder/openlane/sky130A/libs.ref/sky130_fd_sc_hd/lef/sky130_ef_sc_hd.lef
Reading top-level netlist at '/home/jco1147/393_folder/CE493/sv/cordic/runs/RUN_2023-11-15_10-07-41/05-yosys-synthesis/cordic.nl.v'…
Linking design 'cordic' from netlist…
Reading design constraints file at '/home/jco1147/.local/lib/python3.9/site-packages/openlane/scripts/base.sdc'…
[INFO] Using clock clk…
[INFO] Setting output delay to: 2
[INFO] Setting input delay to: 2
[INFO] Setting load to: 0.033442
[INFO] Setting clock uncertainty to: 0.25
[INFO] Setting clock transition to: 0.1499999999999999944488848768742172978818416595458984375
[INFO] Setting timing derate to: 5%
[INFO IFP-0001] Added 82 rows of 487 site unithd with height 1.
[INFO IFP-0030] Inserted 0 tiecells using sky130_fd_sc_hd__conb_1/LO.
[INFO IFP-0030] Inserted 0 tiecells using sky130_fd_sc_hd__conb_1/HI.
[INFO] Extracting DIE_AREA and CORE_AREA from the floorplan
[INFO] Floorplanned on a die area of 0.0 0.0 235.135 245.855 (µm).
[INFO] Floorplanned on a core area of 5.52 10.88 229.54 233.92 (µm).
Writing metric design__die__bbox: 0.0 0.0 235.135 245.855
Writing metric design__core__bbox: 5.52 10.88 229.54 233.92
Setting global connections for newly added cells…
[INFO] Setting global connections...
Writing OpenROAD database to '/home/jco1147/393_folder/CE493/sv/cordic/runs/RUN_2023-11-15_10-07-41/10-openroad-floorplan/cordic.odb'…
Writing netlist to '/home/jco1147/393_folder/CE493/sv/cordic/runs/RUN_2023-11-15_10-07-41/10-openroad-floorplan/cordic.nl.v'…
Writing powered netlist to '/home/jco1147/393_folder/CE493/sv/cordic/runs/RUN_2023-11-15_10-07-41/10-openroad-floorplan/cordic.pnl.v'…
Writing layout to '/home/jco1147/393_folder/CE493/sv/cordic/runs/RUN_2023-11-15_10-07-41/10-openroad-floorplan/cordic.def'…
Writing timing constraints to '/home/jco1147/393_folder/CE493/sv/cordic/runs/RUN_2023-11-15_10-07-41/10-openroad-floorplan/cordic.sdc'…
