
===========================================================================
report_checks -unconstrained
===========================================================================
======================= nom_tt_025C_1v80 Corner ===================================

Startpoint: rstb (input port clocked by clk)
Endpoint: _4694_ (recovery check against rising-edge clock clk')
Path Group: asynchronous
Path Type: max

Fanout         Cap        Slew       Delay        Time   Description
---------------------------------------------------------------------------------------------
                                  0.000000    0.000000   clock clk (rise edge)
                                  0.000000    0.000000   clock network delay (propagated)
                                  2.000000    2.000000 ^ input external delay
   107    0.383220    1.720840    1.175329    3.175329 ^ rstb (in)
                                                         rstb (net)
                      1.720840    0.000000    3.175329 ^ _4694_/RESET_B (sky130_fd_sc_hd__dfrtp_2)
                                              3.175329   data arrival time

                                  5.000000    5.000000   clock clk' (rise edge)
                                  0.000000    5.000000   clock source latency
   107    0.457533    0.970145    0.741915    5.741915 v clk (in)
                                                         clk (net)
                      0.970145    0.000000    5.741915 v _4587_/A (sky130_fd_sc_hd__inv_2)
     1    0.001870    0.118430    0.172412    5.914328 ^ _4587_/Y (sky130_fd_sc_hd__inv_2)
                                                         _0000_ (net)
                      0.118430    0.000000    5.914328 ^ _4694_/CLK (sky130_fd_sc_hd__dfrtp_2)
                                 -0.250000    5.664328   clock uncertainty
                                  0.000000    5.664328   clock reconvergence pessimism
                                 -0.311495    5.352832   library recovery time
                                              5.352832   data required time
---------------------------------------------------------------------------------------------
                                              5.352832   data required time
                                             -3.175329   data arrival time
---------------------------------------------------------------------------------------------
                                              2.177503   slack (MET)


Startpoint: _4695_ (rising edge-triggered flip-flop clocked by clk')
Endpoint: ready (output port clocked by clk)
Path Group: clk
Path Type: max

Fanout         Cap        Slew       Delay        Time   Description
---------------------------------------------------------------------------------------------
                                  5.000000    5.000000   clock clk' (rise edge)
                                  0.000000    5.000000   clock source latency
   107    0.457533    0.970145    0.741915    5.741915 v clk (in)
                                                         clk (net)
                      0.970145    0.000000    5.741915 v _4588_/A (sky130_fd_sc_hd__inv_2)
     1    0.001876    0.118505    0.172514    5.914429 ^ _4588_/Y (sky130_fd_sc_hd__inv_2)
                                                         _0001_ (net)
                      0.118505    0.000000    5.914429 ^ _4695_/CLK (sky130_fd_sc_hd__dfstp_2)
     2    0.035886    0.183556    0.651406    6.565835 ^ _4695_/Q (sky130_fd_sc_hd__dfstp_2)
                                                         ready (net)
                      0.183556    0.000000    6.565835 ^ ready (out)
                                              6.565835   data arrival time

                                 10.000000   10.000000   clock clk (rise edge)
                                  0.000000   10.000000   clock network delay (propagated)
                                 -0.250000    9.750000   clock uncertainty
                                  0.000000    9.750000   clock reconvergence pessimism
                                 -2.000000    7.750000   output external delay
                                              7.750000   data required time
---------------------------------------------------------------------------------------------
                                              7.750000   data required time
                                             -6.565835   data arrival time
---------------------------------------------------------------------------------------------
                                              1.184165   slack (MET)




===========================================================================
report_checks --slack_max -0.01
============================================================================
======================= nom_tt_025C_1v80 Corner ===================================

No paths found.


===========================================================================
 report_check_types -max_slew -max_cap -max_fanout -violators
============================================================================
======================= nom_tt_025C_1v80 Corner ===================================

max slew

Pin                                        Limit        Slew       Slack
------------------------------------------------------------------------
clk                                     0.750000    2.227117   -1.477117 (VIOLATED)
_4587_/A                                0.750000    2.227117   -1.477117 (VIOLATED)
_4588_/A                                0.750000    2.227117   -1.477117 (VIOLATED)
_4589_/A                                0.750000    2.227117   -1.477117 (VIOLATED)
_4590_/A                                0.750000    2.227117   -1.477117 (VIOLATED)
_4591_/A                                0.750000    2.227117   -1.477117 (VIOLATED)
_4592_/A                                0.750000    2.227117   -1.477117 (VIOLATED)
_4593_/A                                0.750000    2.227117   -1.477117 (VIOLATED)
_4594_/A                                0.750000    2.227117   -1.477117 (VIOLATED)
_4595_/A                                0.750000    2.227117   -1.477117 (VIOLATED)
_4596_/A                                0.750000    2.227117   -1.477117 (VIOLATED)
_4597_/A                                0.750000    2.227117   -1.477117 (VIOLATED)
_4598_/A                                0.750000    2.227117   -1.477117 (VIOLATED)
_4599_/A                                0.750000    2.227117   -1.477117 (VIOLATED)
_4600_/A                                0.750000    2.227117   -1.477117 (VIOLATED)
_4601_/A                                0.750000    2.227117   -1.477117 (VIOLATED)
_4602_/A                                0.750000    2.227117   -1.477117 (VIOLATED)
_4603_/A                                0.750000    2.227117   -1.477117 (VIOLATED)
_4604_/A                                0.750000    2.227117   -1.477117 (VIOLATED)
_4605_/A                                0.750000    2.227117   -1.477117 (VIOLATED)
_4606_/A                                0.750000    2.227117   -1.477117 (VIOLATED)
_4607_/A                                0.750000    2.227117   -1.477117 (VIOLATED)
_4608_/A                                0.750000    2.227117   -1.477117 (VIOLATED)
_4609_/A                                0.750000    2.227117   -1.477117 (VIOLATED)
_4610_/A                                0.750000    2.227117   -1.477117 (VIOLATED)
_4611_/A                                0.750000    2.227117   -1.477117 (VIOLATED)
_4612_/A                                0.750000    2.227117   -1.477117 (VIOLATED)
_4613_/A                                0.750000    2.227117   -1.477117 (VIOLATED)
_4614_/A                                0.750000    2.227117   -1.477117 (VIOLATED)
_4615_/A                                0.750000    2.227117   -1.477117 (VIOLATED)
_4616_/A                                0.750000    2.227117   -1.477117 (VIOLATED)
_4617_/A                                0.750000    2.227117   -1.477117 (VIOLATED)
_4618_/A                                0.750000    2.227117   -1.477117 (VIOLATED)
_4619_/A                                0.750000    2.227117   -1.477117 (VIOLATED)
_4620_/A                                0.750000    2.227117   -1.477117 (VIOLATED)
_4621_/A                                0.750000    2.227117   -1.477117 (VIOLATED)
_4622_/A                                0.750000    2.227117   -1.477117 (VIOLATED)
_4623_/A                                0.750000    2.227117   -1.477117 (VIOLATED)
_4624_/A                                0.750000    2.227117   -1.477117 (VIOLATED)
_4625_/A                                0.750000    2.227117   -1.477117 (VIOLATED)
_4626_/A                                0.750000    2.227117   -1.477117 (VIOLATED)
_4627_/A                                0.750000    2.227117   -1.477117 (VIOLATED)
_4628_/A                                0.750000    2.227117   -1.477117 (VIOLATED)
_4629_/A                                0.750000    2.227117   -1.477117 (VIOLATED)
_4630_/A                                0.750000    2.227117   -1.477117 (VIOLATED)
_4631_/A                                0.750000    2.227117   -1.477117 (VIOLATED)
_4632_/A                                0.750000    2.227117   -1.477117 (VIOLATED)
_4633_/A                                0.750000    2.227117   -1.477117 (VIOLATED)
_4634_/A                                0.750000    2.227117   -1.477117 (VIOLATED)
_4635_/A                                0.750000    2.227117   -1.477117 (VIOLATED)
_4636_/A                                0.750000    2.227117   -1.477117 (VIOLATED)
_4637_/A                                0.750000    2.227117   -1.477117 (VIOLATED)
_4638_/A                                0.750000    2.227117   -1.477117 (VIOLATED)
_4639_/A                                0.750000    2.227117   -1.477117 (VIOLATED)
_4640_/A                                0.750000    2.227117   -1.477117 (VIOLATED)
_4641_/A                                0.750000    2.227117   -1.477117 (VIOLATED)
_4642_/A                                0.750000    2.227117   -1.477117 (VIOLATED)
_4643_/A                                0.750000    2.227117   -1.477117 (VIOLATED)
_4644_/A                                0.750000    2.227117   -1.477117 (VIOLATED)
_4645_/A                                0.750000    2.227117   -1.477117 (VIOLATED)
_4646_/A                                0.750000    2.227117   -1.477117 (VIOLATED)
_4647_/A                                0.750000    2.227117   -1.477117 (VIOLATED)
_4648_/A                                0.750000    2.227117   -1.477117 (VIOLATED)
_4649_/A                                0.750000    2.227117   -1.477117 (VIOLATED)
_4650_/A                                0.750000    2.227117   -1.477117 (VIOLATED)
_4651_/A                                0.750000    2.227117   -1.477117 (VIOLATED)
_4652_/A                                0.750000    2.227117   -1.477117 (VIOLATED)
_4653_/A                                0.750000    2.227117   -1.477117 (VIOLATED)
_4654_/A                                0.750000    2.227117   -1.477117 (VIOLATED)
_4655_/A                                0.750000    2.227117   -1.477117 (VIOLATED)
_4656_/A                                0.750000    2.227117   -1.477117 (VIOLATED)
_4657_/A                                0.750000    2.227117   -1.477117 (VIOLATED)
_4658_/A                                0.750000    2.227117   -1.477117 (VIOLATED)
_4659_/A                                0.750000    2.227117   -1.477117 (VIOLATED)
_4660_/A                                0.750000    2.227117   -1.477117 (VIOLATED)
_4661_/A                                0.750000    2.227117   -1.477117 (VIOLATED)
_4662_/A                                0.750000    2.227117   -1.477117 (VIOLATED)
_4663_/A                                0.750000    2.227117   -1.477117 (VIOLATED)
_4664_/A                                0.750000    2.227117   -1.477117 (VIOLATED)
_4665_/A                                0.750000    2.227117   -1.477117 (VIOLATED)
_4666_/A                                0.750000    2.227117   -1.477117 (VIOLATED)
_4667_/A                                0.750000    2.227117   -1.477117 (VIOLATED)
_4668_/A                                0.750000    2.227117   -1.477117 (VIOLATED)
_4669_/A                                0.750000    2.227117   -1.477117 (VIOLATED)
_4670_/A                                0.750000    2.227117   -1.477117 (VIOLATED)
_4671_/A                                0.750000    2.227117   -1.477117 (VIOLATED)
_4672_/A                                0.750000    2.227117   -1.477117 (VIOLATED)
_4673_/A                                0.750000    2.227117   -1.477117 (VIOLATED)
_4674_/A                                0.750000    2.227117   -1.477117 (VIOLATED)
_4675_/A                                0.750000    2.227117   -1.477117 (VIOLATED)
_4676_/A                                0.750000    2.227117   -1.477117 (VIOLATED)
_4677_/A                                0.750000    2.227117   -1.477117 (VIOLATED)
_4678_/A                                0.750000    2.227117   -1.477117 (VIOLATED)
_4679_/A                                0.750000    2.227117   -1.477117 (VIOLATED)
_4680_/A                                0.750000    2.227117   -1.477117 (VIOLATED)
_4681_/A                                0.750000    2.227117   -1.477117 (VIOLATED)
_4682_/A                                0.750000    2.227117   -1.477117 (VIOLATED)
_4683_/A                                0.750000    2.227117   -1.477117 (VIOLATED)
_4684_/A                                0.750000    2.227117   -1.477117 (VIOLATED)
_4685_/A                                0.750000    2.227117   -1.477117 (VIOLATED)
_4686_/A                                0.750000    2.227117   -1.477117 (VIOLATED)
_4687_/A                                0.750000    2.227117   -1.477117 (VIOLATED)
_4688_/A                                0.750000    2.227117   -1.477117 (VIOLATED)
_4689_/A                                0.750000    2.227117   -1.477117 (VIOLATED)
_4690_/A                                0.750000    2.227117   -1.477117 (VIOLATED)
_4691_/A                                0.750000    2.227117   -1.477117 (VIOLATED)
_4692_/A                                0.750000    2.227117   -1.477117 (VIOLATED)
_4693_/A                                0.750000    2.227117   -1.477117 (VIOLATED)
rstb                                    0.750000    1.720840   -0.970840 (VIOLATED)
_4694_/RESET_B                          0.750000    1.720840   -0.970840 (VIOLATED)
_4695_/SET_B                            0.750000    1.720840   -0.970840 (VIOLATED)
_4696_/RESET_B                          0.750000    1.720840   -0.970840 (VIOLATED)
_4697_/RESET_B                          0.750000    1.720840   -0.970840 (VIOLATED)
_4698_/RESET_B                          0.750000    1.720840   -0.970840 (VIOLATED)
_4699_/RESET_B                          0.750000    1.720840   -0.970840 (VIOLATED)
_4700_/RESET_B                          0.750000    1.720840   -0.970840 (VIOLATED)
_4701_/RESET_B                          0.750000    1.720840   -0.970840 (VIOLATED)
_4702_/RESET_B                          0.750000    1.720840   -0.970840 (VIOLATED)
_4703_/RESET_B                          0.750000    1.720840   -0.970840 (VIOLATED)
_4704_/RESET_B                          0.750000    1.720840   -0.970840 (VIOLATED)
_4705_/RESET_B                          0.750000    1.720840   -0.970840 (VIOLATED)
_4706_/RESET_B                          0.750000    1.720840   -0.970840 (VIOLATED)
_4707_/RESET_B                          0.750000    1.720840   -0.970840 (VIOLATED)
_4708_/RESET_B                          0.750000    1.720840   -0.970840 (VIOLATED)
_4709_/RESET_B                          0.750000    1.720840   -0.970840 (VIOLATED)
_4710_/RESET_B                          0.750000    1.720840   -0.970840 (VIOLATED)
_4711_/RESET_B                          0.750000    1.720840   -0.970840 (VIOLATED)
_4712_/RESET_B                          0.750000    1.720840   -0.970840 (VIOLATED)
_4713_/RESET_B                          0.750000    1.720840   -0.970840 (VIOLATED)
_4714_/RESET_B                          0.750000    1.720840   -0.970840 (VIOLATED)
_4715_/RESET_B                          0.750000    1.720840   -0.970840 (VIOLATED)
_4716_/RESET_B                          0.750000    1.720840   -0.970840 (VIOLATED)
_4717_/RESET_B                          0.750000    1.720840   -0.970840 (VIOLATED)
_4718_/RESET_B                          0.750000    1.720840   -0.970840 (VIOLATED)
_4719_/RESET_B                          0.750000    1.720840   -0.970840 (VIOLATED)
_4720_/RESET_B                          0.750000    1.720840   -0.970840 (VIOLATED)
_4721_/RESET_B                          0.750000    1.720840   -0.970840 (VIOLATED)
_4722_/RESET_B                          0.750000    1.720840   -0.970840 (VIOLATED)
_4723_/RESET_B                          0.750000    1.720840   -0.970840 (VIOLATED)
_4724_/RESET_B                          0.750000    1.720840   -0.970840 (VIOLATED)
_4725_/RESET_B                          0.750000    1.720840   -0.970840 (VIOLATED)
_4726_/RESET_B                          0.750000    1.720840   -0.970840 (VIOLATED)
_4727_/RESET_B                          0.750000    1.720840   -0.970840 (VIOLATED)
_4728_/RESET_B                          0.750000    1.720840   -0.970840 (VIOLATED)
_4729_/RESET_B                          0.750000    1.720840   -0.970840 (VIOLATED)
_4730_/RESET_B                          0.750000    1.720840   -0.970840 (VIOLATED)
_4731_/RESET_B                          0.750000    1.720840   -0.970840 (VIOLATED)
_4732_/RESET_B                          0.750000    1.720840   -0.970840 (VIOLATED)
_4733_/RESET_B                          0.750000    1.720840   -0.970840 (VIOLATED)
_4734_/RESET_B                          0.750000    1.720840   -0.970840 (VIOLATED)
_4735_/RESET_B                          0.750000    1.720840   -0.970840 (VIOLATED)
_4736_/RESET_B                          0.750000    1.720840   -0.970840 (VIOLATED)
_4737_/RESET_B                          0.750000    1.720840   -0.970840 (VIOLATED)
_4738_/RESET_B                          0.750000    1.720840   -0.970840 (VIOLATED)
_4739_/RESET_B                          0.750000    1.720840   -0.970840 (VIOLATED)
_4740_/RESET_B                          0.750000    1.720840   -0.970840 (VIOLATED)
_4741_/RESET_B                          0.750000    1.720840   -0.970840 (VIOLATED)
_4742_/RESET_B                          0.750000    1.720840   -0.970840 (VIOLATED)
_4743_/RESET_B                          0.750000    1.720840   -0.970840 (VIOLATED)
_4744_/RESET_B                          0.750000    1.720840   -0.970840 (VIOLATED)
_4745_/RESET_B                          0.750000    1.720840   -0.970840 (VIOLATED)
_4746_/RESET_B                          0.750000    1.720840   -0.970840 (VIOLATED)
_4747_/RESET_B                          0.750000    1.720840   -0.970840 (VIOLATED)
_4748_/RESET_B                          0.750000    1.720840   -0.970840 (VIOLATED)
_4749_/RESET_B                          0.750000    1.720840   -0.970840 (VIOLATED)
_4750_/RESET_B                          0.750000    1.720840   -0.970840 (VIOLATED)
_4751_/SET_B                            0.750000    1.720840   -0.970840 (VIOLATED)
_4752_/SET_B                            0.750000    1.720840   -0.970840 (VIOLATED)
_4753_/SET_B                            0.750000    1.720840   -0.970840 (VIOLATED)
_4754_/SET_B                            0.750000    1.720840   -0.970840 (VIOLATED)
_4755_/SET_B                            0.750000    1.720840   -0.970840 (VIOLATED)
_4756_/SET_B                            0.750000    1.720840   -0.970840 (VIOLATED)
_4757_/SET_B                            0.750000    1.720840   -0.970840 (VIOLATED)
_4758_/SET_B                            0.750000    1.720840   -0.970840 (VIOLATED)
_4759_/SET_B                            0.750000    1.720840   -0.970840 (VIOLATED)
_4760_/SET_B                            0.750000    1.720840   -0.970840 (VIOLATED)
_4761_/SET_B                            0.750000    1.720840   -0.970840 (VIOLATED)
_4762_/SET_B                            0.750000    1.720840   -0.970840 (VIOLATED)
_4763_/SET_B                            0.750000    1.720840   -0.970840 (VIOLATED)
_4764_/SET_B                            0.750000    1.720840   -0.970840 (VIOLATED)
_4765_/SET_B                            0.750000    1.720840   -0.970840 (VIOLATED)
_4766_/SET_B                            0.750000    1.720840   -0.970840 (VIOLATED)
_4767_/RESET_B                          0.750000    1.720840   -0.970840 (VIOLATED)
_4768_/RESET_B                          0.750000    1.720840   -0.970840 (VIOLATED)
_4769_/RESET_B                          0.750000    1.720840   -0.970840 (VIOLATED)
_4770_/RESET_B                          0.750000    1.720840   -0.970840 (VIOLATED)
_4771_/RESET_B                          0.750000    1.720840   -0.970840 (VIOLATED)
_4772_/RESET_B                          0.750000    1.720840   -0.970840 (VIOLATED)
_4773_/RESET_B                          0.750000    1.720840   -0.970840 (VIOLATED)
_4774_/RESET_B                          0.750000    1.720840   -0.970840 (VIOLATED)
_4775_/RESET_B                          0.750000    1.720840   -0.970840 (VIOLATED)
_4776_/RESET_B                          0.750000    1.720840   -0.970840 (VIOLATED)
_4777_/RESET_B                          0.750000    1.720840   -0.970840 (VIOLATED)
_4778_/RESET_B                          0.750000    1.720840   -0.970840 (VIOLATED)
_4779_/RESET_B                          0.750000    1.720840   -0.970840 (VIOLATED)
_4780_/RESET_B                          0.750000    1.720840   -0.970840 (VIOLATED)
_4781_/RESET_B                          0.750000    1.720840   -0.970840 (VIOLATED)
_4782_/RESET_B                          0.750000    1.720840   -0.970840 (VIOLATED)
_4783_/RESET_B                          0.750000    1.720840   -0.970840 (VIOLATED)
_4784_/RESET_B                          0.750000    1.720840   -0.970840 (VIOLATED)
_4785_/RESET_B                          0.750000    1.720840   -0.970840 (VIOLATED)
_4786_/RESET_B                          0.750000    1.720840   -0.970840 (VIOLATED)
_4787_/RESET_B                          0.750000    1.720840   -0.970840 (VIOLATED)
_4788_/RESET_B                          0.750000    1.720840   -0.970840 (VIOLATED)
_4789_/RESET_B                          0.750000    1.720840   -0.970840 (VIOLATED)
_4790_/RESET_B                          0.750000    1.720840   -0.970840 (VIOLATED)
_4791_/RESET_B                          0.750000    1.720840   -0.970840 (VIOLATED)
_4792_/RESET_B                          0.750000    1.720840   -0.970840 (VIOLATED)
_4793_/RESET_B                          0.750000    1.720840   -0.970840 (VIOLATED)
_4794_/RESET_B                          0.750000    1.720840   -0.970840 (VIOLATED)
_4795_/RESET_B                          0.750000    1.720840   -0.970840 (VIOLATED)
_4796_/RESET_B                          0.750000    1.720840   -0.970840 (VIOLATED)
_4797_/RESET_B                          0.750000    1.720840   -0.970840 (VIOLATED)
_4798_/RESET_B                          0.750000    1.720840   -0.970840 (VIOLATED)
_4799_/RESET_B                          0.750000    1.720840   -0.970840 (VIOLATED)
_4800_/RESET_B                          0.750000    1.720840   -0.970840 (VIOLATED)
_2348_/S                                0.750000    0.961828   -0.211828 (VIOLATED)
_2404_/S                                0.750000    0.961828   -0.211828 (VIOLATED)
_2405_/A                                0.750000    0.961828   -0.211828 (VIOLATED)
_2408_/S0                               0.750000    0.961828   -0.211828 (VIOLATED)
_2412_/B                                0.750000    0.961828   -0.211828 (VIOLATED)
_2414_/S0                               0.750000    0.961828   -0.211828 (VIOLATED)
_2420_/S0                               0.750000    0.961828   -0.211828 (VIOLATED)
_2424_/S0                               0.750000    0.961828   -0.211828 (VIOLATED)
_2427_/S0                               0.750000    0.961828   -0.211828 (VIOLATED)
_2432_/S0                               0.750000    0.961828   -0.211828 (VIOLATED)
_2437_/S0                               0.750000    0.961828   -0.211828 (VIOLATED)
_2442_/S0                               0.750000    0.961828   -0.211828 (VIOLATED)
_2448_/S0                               0.750000    0.961828   -0.211828 (VIOLATED)
_2453_/S0                               0.750000    0.961828   -0.211828 (VIOLATED)
_2454_/S0                               0.750000    0.961828   -0.211828 (VIOLATED)
_2458_/S0                               0.750000    0.961828   -0.211828 (VIOLATED)
_2462_/S0                               0.750000    0.961828   -0.211828 (VIOLATED)
_2465_/S0                               0.750000    0.961828   -0.211828 (VIOLATED)
_2677_/B                                0.750000    0.961828   -0.211828 (VIOLATED)
_2678_/A2                               0.750000    0.961828   -0.211828 (VIOLATED)
_2680_/S                                0.750000    0.961828   -0.211828 (VIOLATED)
_2683_/S0                               0.750000    0.961828   -0.211828 (VIOLATED)
_2685_/S0                               0.750000    0.961828   -0.211828 (VIOLATED)
_2688_/S0                               0.750000    0.961828   -0.211828 (VIOLATED)
_2692_/S0                               0.750000    0.961828   -0.211828 (VIOLATED)
_2695_/S0                               0.750000    0.961828   -0.211828 (VIOLATED)
_2698_/S0                               0.750000    0.961828   -0.211828 (VIOLATED)
_2702_/S0                               0.750000    0.961828   -0.211828 (VIOLATED)
_2704_/S                                0.750000    0.961828   -0.211828 (VIOLATED)
_2705_/S                                0.750000    0.961828   -0.211828 (VIOLATED)
_2709_/S0                               0.750000    0.961828   -0.211828 (VIOLATED)
_2710_/S0                               0.750000    0.961828   -0.211828 (VIOLATED)
_2711_/S0                               0.750000    0.961828   -0.211828 (VIOLATED)
_2714_/S                                0.750000    0.961828   -0.211828 (VIOLATED)
_2720_/S0                               0.750000    0.961828   -0.211828 (VIOLATED)
_2721_/S0                               0.750000    0.961828   -0.211828 (VIOLATED)
_2898_/A                                0.750000    0.961828   -0.211828 (VIOLATED)
_2903_/A2                               0.750000    0.961828   -0.211828 (VIOLATED)
_2905_/C                                0.750000    0.961828   -0.211828 (VIOLATED)
_2925_/B                                0.750000    0.961828   -0.211828 (VIOLATED)
_2956_/B1                               0.750000    0.961828   -0.211828 (VIOLATED)
_3061_/C                                0.750000    0.961828   -0.211828 (VIOLATED)
_3067_/A2                               0.750000    0.961828   -0.211828 (VIOLATED)
_4729_/Q                                0.750000    0.961828   -0.211828 (VIOLATED)

max fanout

Pin                                   Limit Fanout  Slack
---------------------------------------------------------
clk                                      10    107    -97 (VIOLATED)
rstb                                     10    107    -97 (VIOLATED)
_4729_/Q                                 10     43    -33 (VIOLATED)
_4730_/Q                                 10     38    -28 (VIOLATED)
_4694_/Q                                 10     29    -19 (VIOLATED)
_4767_/Q                                 10     29    -19 (VIOLATED)
_4755_/Q                                 10     28    -18 (VIOLATED)
_4757_/Q                                 10     28    -18 (VIOLATED)
_4764_/Q                                 10     28    -18 (VIOLATED)
_4754_/Q                                 10     27    -17 (VIOLATED)
_4789_/Q                                 10     27    -17 (VIOLATED)
_4797_/Q                                 10     27    -17 (VIOLATED)
_4756_/Q                                 10     26    -16 (VIOLATED)
_4758_/Q                                 10     26    -16 (VIOLATED)
_4759_/Q                                 10     26    -16 (VIOLATED)
_4765_/Q                                 10     26    -16 (VIOLATED)
_4788_/Q                                 10     26    -16 (VIOLATED)
_4760_/Q                                 10     25    -15 (VIOLATED)
_4763_/Q                                 10     25    -15 (VIOLATED)
_4766_/Q                                 10     25    -15 (VIOLATED)
_4790_/Q                                 10     25    -15 (VIOLATED)
_4791_/Q                                 10     25    -15 (VIOLATED)
_4792_/Q                                 10     25    -15 (VIOLATED)
_4794_/Q                                 10     25    -15 (VIOLATED)
_4796_/Q                                 10     25    -15 (VIOLATED)
_4800_/Q                                 10     25    -15 (VIOLATED)
_4753_/Q                                 10     24    -14 (VIOLATED)
_4795_/Q                                 10     24    -14 (VIOLATED)
_4762_/Q                                 10     23    -13 (VIOLATED)
_4786_/Q                                 10     23    -13 (VIOLATED)
_4793_/Q                                 10     23    -13 (VIOLATED)
_4787_/Q                                 10     22    -12 (VIOLATED)
_4798_/Q                                 10     22    -12 (VIOLATED)
_4752_/Q                                 10     21    -11 (VIOLATED)
_4761_/Q                                 10     21    -11 (VIOLATED)
_4785_/Q                                 10     21    -11 (VIOLATED)
_4799_/Q                                 10     19     -9 (VIOLATED)
_4731_/Q                                 10     18     -8 (VIOLATED)
_4733_/Q                                 10     17     -7 (VIOLATED)
_4732_/Q                                 10     15     -5 (VIOLATED)
_4784_/Q                                 10     15     -5 (VIOLATED)
_4751_/Q                                 10     11        (VIOLATED)

max capacitance

Pin                                        Limit         Cap       Slack
------------------------------------------------------------------------
clk                                     0.331431    0.496695   -0.165264 (VIOLATED)
rstb                                    0.331431    0.383220   -0.051789 (VIOLATED)



===========================================================================
report_parasitic_annotation -report_unannotated
============================================================================
Found 2473 unannotated drivers.
 clk
 in_valid
 rstb
 theta[0]
 theta[10]
 theta[11]
 theta[12]
 theta[13]
 theta[14]
 theta[15]
 theta[1]
 theta[2]
 theta[3]
 theta[4]
 theta[5]
 theta[6]
 theta[7]
 theta[8]
 theta[9]
 _2347_/Y
 _2348_/X
 _2349_/Y
 _2350_/X
 _2351_/X
 _2352_/X
 _2353_/Y
 _2354_/Y
 _2355_/X
 _2356_/X
 _2357_/X
 _2358_/X
 _2359_/Y
 _2360_/X
 _2361_/Y
 _2362_/X
 _2363_/Y
 _2364_/Y
 _2365_/X
 _2366_/Y
 _2367_/X
 _2368_/X
 _2369_/X
 _2370_/Y
 _2371_/X
 _2372_/Y
 _2373_/Y
 _2374_/X
 _2375_/Y
 _2376_/X
 _2377_/Y
 _2378_/X
 _2379_/X
 _2380_/Y
 _2381_/Y
 _2382_/X
 _2383_/Y
 _2384_/X
 _2385_/Y
 _2386_/X
 _2387_/X
 _2388_/X
 _2389_/X
 _2390_/X
 _2391_/X
 _2392_/Y
 _2393_/X
 _2394_/X
 _2395_/Y
 _2396_/X
 _2397_/X
 _2398_/Y
 _2399_/Y
 _2400_/X
 _2401_/X
 _2402_/X
 _2403_/Y
 _2404_/X
 _2405_/Y
 _2406_/X
 _2407_/Y
 _2408_/X
 _2409_/Y
 _2410_/Y
 _2411_/X
 _2412_/Y
 _2413_/X
 _2414_/X
 _2415_/Y
 _2416_/X
 _2417_/X
 _2418_/Y
 _2419_/X
 _2420_/X
 _2421_/Y
 _2422_/X
 _2423_/Y
 _2424_/X
 _2425_/X
 _2426_/X
 _2427_/X
 _2428_/X
 _2429_/X
 _2430_/Y
 _2431_/Y
 _2432_/X
 _2433_/X
 _2434_/X
 _2435_/Y
 _2436_/Y
 _2437_/X
 _2438_/Y
 _2439_/X
 _2440_/Y
 _2441_/Y
 _2442_/X
 _2443_/X
 _2444_/Y
 _2445_/Y
 _2446_/X
 _2447_/X
 _2448_/X
 _2449_/Y
 _2450_/X
 _2451_/X
 _2452_/Y
 _2453_/X
 _2454_/X
 _2455_/X
 _2456_/Y
 _2457_/X
 _2458_/X
 _2459_/X
 _2460_/X
 _2461_/X
 _2462_/X
 _2463_/X
 _2464_/X
 _2465_/X
 _2466_/X
 _2467_/X
 _2468_/X
 _2469_/X
 _2470_/Y
 _2471_/X
 _2472_/Y
 _2473_/Y
 _2474_/X
 _2475_/Y
 _2476_/Y
 _2477_/X
 _2478_/Y
 _2479_/X
 _2480_/X
 _2481_/X
 _2482_/X
 _2483_/X
 _2484_/X
 _2485_/X
 _2486_/X
 _2487_/Y
 _2488_/Y
 _2489_/Y
 _2490_/Y
 _2491_/Y
 _2492_/Y
 _2493_/Y
 _2494_/X
 _2495_/Y
 _2496_/X
 _2497_/X
 _2498_/X
 _2499_/Y
 _2500_/Y
 _2501_/X
 _2502_/Y
 _2503_/Y
 _2504_/Y
 _2505_/X
 _2506_/Y
 _2507_/Y
 _2508_/Y
 _2509_/Y
 _2510_/Y
 _2511_/Y
 _2512_/Y
 _2513_/X
 _2514_/Y
 _2515_/Y
 _2516_/Y
 _2517_/Y
 _2518_/Y
 _2519_/Y
 _2520_/Y
 _2521_/Y
 _2522_/X
 _2523_/Y
 _2524_/X
 _2525_/Y
 _2526_/X
 _2527_/X
 _2528_/Y
 _2529_/Y
 _2530_/Y
 _2531_/Y
 _2532_/X
 _2533_/X
 _2534_/X
 _2535_/Y
 _2536_/Y
 _2537_/Y
 _2538_/X
 _2539_/Y
 _2540_/Y
 _2541_/X
 _2542_/X
 _2543_/Y
 _2544_/X
 _2545_/Y
 _2546_/Y
 _2547_/Y
 _2548_/Y
 _2549_/X
 _2550_/X
 _2551_/X
 _2552_/Y
 _2553_/Y
 _2554_/X
 _2555_/Y
 _2556_/X
 _2557_/Y
 _2558_/X
 _2559_/Y
 _2560_/X
 _2561_/Y
 _2562_/X
 _2563_/X
 _2564_/Y
 _2565_/Y
 _2566_/X
 _2567_/Y
 _2568_/X
 _2569_/Y
 _2570_/Y
 _2571_/X
 _2572_/Y
 _2573_/X
 _2574_/Y
 _2575_/Y
 _2576_/X
 _2577_/Y
 _2578_/X
 _2579_/X
 _2580_/X
 _2581_/Y
 _2582_/X
 _2583_/X
 _2584_/X
 _2585_/Y
 _2586_/X
 _2587_/X
 _2588_/X
 _2589_/X
 _2590_/X
 _2591_/X
 _2592_/X
 _2593_/X
 _2594_/Y
 _2595_/X
 _2596_/Y
 _2597_/Y
 _2598_/X
 _2599_/Y
 _2600_/Y
 _2601_/X
 _2602_/X
 _2603_/X
 _2604_/Y
 _2605_/X
 _2606_/Y
 _2607_/X
 _2608_/Y
 _2609_/X
 _2610_/Y
 _2611_/Y
 _2612_/X
 _2613_/X
 _2614_/Y
 _2615_/Y
 _2616_/Y
 _2617_/X
 _2618_/X
 _2619_/Y
 _2620_/X
 _2621_/Y
 _2622_/X
 _2623_/X
 _2624_/Y
 _2625_/X
 _2626_/X
 _2627_/X
 _2628_/Y
 _2629_/X
 _2630_/X
 _2631_/X
 _2632_/Y
 _2633_/X
 _2634_/X
 _2635_/X
 _2636_/Y
 _2637_/X
 _2638_/Y
 _2639_/X
 _2640_/X
 _2641_/X
 _2642_/X
 _2643_/X
 _2644_/X
 _2645_/X
 _2646_/X
 _2647_/X
 _2648_/X
 _2649_/X
 _2650_/X
 _2651_/X
 _2652_/X
 _2653_/X
 _2654_/X
 _2655_/X
 _2656_/X
 _2657_/X
 _2658_/X
 _2659_/X
 _2660_/X
 _2661_/X
 _2662_/X
 _2663_/X
 _2664_/X
 _2665_/X
 _2666_/X
 _2667_/X
 _2668_/X
 _2669_/X
 _2670_/X
 _2671_/X
 _2672_/X
 _2673_/X
 _2674_/X
 _2675_/X
 _2676_/Y
 _2677_/Y
 _2678_/X
 _2679_/X
 _2680_/X
 _2681_/X
 _2682_/Y
 _2683_/X
 _2684_/Y
 _2685_/X
 _2686_/X
 _2687_/X
 _2688_/X
 _2689_/Y
 _2690_/X
 _2691_/Y
 _2692_/X
 _2693_/X
 _2694_/Y
 _2695_/X
 _2696_/X
 _2697_/Y
 _2698_/X
 _2699_/X
 _2700_/Y
 _2701_/Y
 _2702_/X
 _2703_/Y
 _2704_/X
 _2705_/X
 _2706_/X
 _2707_/X
 _2708_/X
 _2709_/X
 _2710_/X
 _2711_/X
 _2712_/X
 _2713_/X
 _2714_/X
 _2715_/X
 _2716_/X
 _2717_/X
 _2718_/X
 _2719_/X
 _2720_/X
 _2721_/X
 _2722_/X
 _2723_/X
 _2724_/Y
 _2725_/X
 _2726_/X
 _2727_/Y
 _2728_/Y
 _2729_/X
 _2730_/Y
 _2731_/Y
 _2732_/Y
 _2733_/Y
 _2734_/X
 _2735_/Y
 _2736_/X
 _2737_/Y
 _2738_/X
 _2739_/X
 _2740_/X
 _2741_/X
 _2742_/Y
 _2743_/X
 _2744_/X
 _2745_/X
 _2746_/X
 _2747_/Y
 _2748_/Y
 _2749_/Y
 _2750_/Y
 _2751_/X
 _2752_/Y
 _2753_/X
 _2754_/Y
 _2755_/Y
 _2756_/X
 _2757_/Y
 _2758_/X
 _2759_/X
 _2760_/Y
 _2761_/Y
 _2762_/X
 _2763_/X
 _2764_/Y
 _2765_/X
 _2766_/Y
 _2767_/Y
 _2768_/Y
 _2769_/Y
 _2770_/X
 _2771_/X
 _2772_/Y
 _2773_/X
 _2774_/Y
 _2775_/Y
 _2776_/X
 _2777_/X
 _2778_/X
 _2779_/X
 _2780_/Y
 _2781_/X
 _2782_/X
 _2783_/Y
 _2784_/X
 _2785_/X
 _2786_/X
 _2787_/X
 _2788_/Y
 _2789_/X
 _2790_/Y
 _2791_/X
 _2792_/X
 _2793_/X
 _2794_/Y
 _2795_/Y
 _2796_/X
 _2797_/Y
 _2798_/Y
 _2799_/X
 _2800_/X
 _2801_/Y
 _2802_/Y
 _2803_/X
 _2804_/X
 _2805_/Y
 _2806_/Y
 _2807_/Y
 _2808_/X
 _2809_/Y
 _2810_/X
 _2811_/Y
 _2812_/X
 _2813_/Y
 _2814_/X
 _2815_/Y
 _2816_/Y
 _2817_/Y
 _2818_/Y
 _2819_/X
 _2820_/X
 _2821_/X
 _2822_/Y
 _2823_/Y
 _2824_/Y
 _2825_/Y
 _2826_/X
 _2827_/Y
 _2828_/Y
 _2829_/Y
 _2830_/Y
 _2831_/X
 _2832_/X
 _2833_/X
 _2834_/X
 _2835_/Y
 _2836_/Y
 _2837_/X
 _2838_/Y
 _2839_/Y
 _2840_/X
 _2841_/X
 _2842_/Y
 _2843_/X
 _2844_/Y
 _2845_/X
 _2846_/X
 _2847_/X
 _2848_/X
 _2849_/X
 _2850_/X
 _2851_/X
 _2852_/Y
 _2853_/Y
 _2854_/Y
 _2855_/Y
 _2856_/X
 _2857_/Y
 _2858_/Y
 _2859_/X
 _2860_/X
 _2861_/X
 _2862_/Y
 _2863_/X
 _2864_/Y
 _2865_/X
 _2866_/Y
 _2867_/Y
 _2868_/X
 _2869_/X
 _2870_/X
 _2871_/Y
 _2872_/Y
 _2873_/Y
 _2874_/Y
 _2875_/Y
 _2876_/Y
 _2877_/X
 _2878_/Y
 _2879_/X
 _2880_/X
 _2881_/X
 _2882_/Y
 _2883_/X
 _2884_/X
 _2885_/X
 _2886_/Y
 _2887_/X
 _2888_/X
 _2889_/X
 _2890_/Y
 _2891_/X
 _2892_/Y
 _2893_/X
 _2894_/X
 _2895_/Y
 _2896_/Y
 _2897_/X
 _2898_/Y
 _2899_/X
 _2900_/Y
 _2901_/Y
 _2902_/X
 _2903_/X
 _2904_/Y
 _2905_/X
 _2906_/X
 _2907_/Y
 _2908_/Y
 _2909_/Y
 _2910_/X
 _2911_/X
 _2912_/Y
 _2913_/X
 _2914_/X
 _2915_/X
 _2916_/X
 _2917_/Y
 _2918_/X
 _2919_/Y
 _2920_/X
 _2921_/Y
 _2922_/Y
 _2923_/X
 _2924_/X
 _2925_/X
 _2926_/Y
 _2927_/X
 _2928_/Y
 _2929_/X
 _2930_/Y
 _2931_/X
 _2932_/X
 _2933_/Y
 _2934_/Y
 _2935_/Y
 _2936_/X
 _2937_/X
 _2938_/X
 _2939_/X
 _2940_/X
 _2941_/X
 _2942_/X
 _2943_/X
 _2944_/X
 _2945_/Y
 _2946_/X
 _2947_/X
 _2948_/X
 _2949_/Y
 _2950_/Y
 _2951_/X
 _2952_/Y
 _2953_/X
 _2954_/Y
 _2955_/Y
 _2956_/X
 _2957_/X
 _2958_/Y
 _2959_/X
 _2960_/Y
 _2961_/Y
 _2962_/Y
 _2963_/Y
 _2964_/X
 _2965_/X
 _2966_/Y
 _2967_/X
 _2968_/X
 _2969_/Y
 _2970_/Y
 _2971_/Y
 _2972_/X
 _2973_/X
 _2974_/Y
 _2975_/Y
 _2976_/Y
 _2977_/X
 _2978_/X
 _2979_/X
 _2980_/X
 _2981_/X
 _2982_/X
 _2983_/X
 _2984_/Y
 _2985_/Y
 _2986_/Y
 _2987_/Y
 _2988_/Y
 _2989_/X
 _2990_/Y
 _2991_/X
 _2992_/Y
 _2993_/Y
 _2994_/X
 _2995_/X
 _2996_/X
 _2997_/Y
 _2998_/X
 _2999_/X
 _3000_/X
 _3001_/Y
 _3002_/Y
 _3003_/Y
 _3004_/X
 _3005_/X
 _3006_/X
 _3007_/X
 _3008_/Y
 _3009_/X
 _3010_/Y
 _3011_/Y
 _3012_/Y
 _3013_/X
 _3014_/X
 _3015_/X
 _3016_/Y
 _3017_/Y
 _3018_/X
 _3019_/X
 _3020_/X
 _3021_/Y
 _3022_/X
 _3023_/X
 _3024_/X
 _3025_/X
 _3026_/X
 _3027_/Y
 _3028_/X
 _3029_/X
 _3030_/X
 _3031_/Y
 _3032_/X
 _3033_/X
 _3034_/Y
 _3035_/Y
 _3036_/Y
 _3037_/X
 _3038_/Y
 _3039_/X
 _3040_/X
 _3041_/Y
 _3042_/X
 _3043_/X
 _3044_/Y
 _3045_/X
 _3046_/X
 _3047_/Y
 _3048_/Y
 _3049_/X
 _3050_/X
 _3051_/Y
 _3052_/X
 _3053_/X
 _3054_/Y
 _3055_/X
 _3056_/X
 _3057_/X
 _3058_/X
 _3059_/X
 _3060_/X
 _3061_/X
 _3062_/Y
 _3063_/Y
 _3064_/Y
 _3065_/X
 _3066_/Y
 _3067_/Y
 _3068_/Y
 _3069_/X
 _3070_/X
 _3071_/X
 _3072_/Y
 _3073_/Y
 _3074_/X
 _3075_/Y
 _3076_/X
 _3077_/X
 _3078_/X
 _3079_/Y
 _3080_/X
 _3081_/X
 _3082_/X
 _3083_/Y
 _3084_/Y
 _3085_/X
 _3086_/X
 _3087_/X
 _3088_/Y
 _3089_/Y
 _3090_/X
 _3091_/X
 _3092_/Y
 _3093_/X
 _3094_/X
 _3095_/Y
 _3096_/Y
 _3097_/Y
 _3098_/X
 _3099_/X
 _3100_/Y
 _3101_/X
 _3102_/Y
 _3103_/X
 _3104_/Y
 _3105_/Y
 _3106_/Y
 _3107_/Y
 _3108_/Y
 _3109_/Y
 _3110_/X
 _3111_/Y
 _3112_/Y
 _3113_/Y
 _3114_/X
 _3115_/Y
 _3116_/Y
 _3117_/Y
 _3118_/Y
 _3119_/Y
 _3120_/Y
 _3121_/X
 _3122_/Y
 _3123_/Y
 _3124_/X
 _3125_/X
 _3126_/X
 _3127_/Y
 _3128_/Y
 _3129_/X
 _3130_/Y
 _3131_/X
 _3132_/X
 _3133_/X
 _3134_/X
 _3135_/Y
 _3136_/Y
 _3137_/X
 _3138_/Y
 _3139_/Y
 _3140_/Y
 _3141_/Y
 _3142_/X
 _3143_/X
 _3144_/Y
 _3145_/Y
 _3146_/Y
 _3147_/Y
 _3148_/Y
 _3149_/Y
 _3150_/Y
 _3151_/Y
 _3152_/X
 _3153_/X
 _3154_/Y
 _3155_/Y
 _3156_/X
 _3157_/X
 _3158_/X
 _3159_/Y
 _3160_/Y
 _3161_/X
 _3162_/X
 _3163_/Y
 _3164_/X
 _3165_/X
 _3166_/Y
 _3167_/X
 _3168_/X
 _3169_/Y
 _3170_/X
 _3171_/X
 _3172_/X
 _3173_/X
 _3174_/X
 _3175_/X
 _3176_/Y
 _3177_/Y
 _3178_/Y
 _3179_/Y
 _3180_/Y
 _3181_/X
 _3182_/Y
 _3183_/Y
 _3184_/Y
 _3185_/X
 _3186_/Y
 _3187_/X
 _3188_/X
 _3189_/Y
 _3190_/X
 _3191_/X
 _3192_/X
 _3193_/X
 _3194_/Y
 _3195_/X
 _3196_/Y
 _3197_/X
 _3198_/Y
 _3199_/Y
 _3200_/Y
 _3201_/X
 _3202_/Y
 _3203_/Y
 _3204_/Y
 _3205_/X
 _3206_/Y
 _3207_/X
 _3208_/Y
 _3209_/X
 _3210_/X
 _3211_/Y
 _3212_/Y
 _3213_/Y
 _3214_/Y
 _3215_/Y
 _3216_/Y
 _3217_/Y
 _3218_/Y
 _3219_/Y
 _3220_/Y
 _3221_/X
 _3222_/X
 _3223_/X
 _3224_/Y
 _3225_/X
 _3226_/X
 _3227_/X
 _3228_/X
 _3229_/X
 _3230_/X
 _3231_/X
 _3232_/X
 _3233_/X
 _3234_/X
 _3235_/Y
 _3236_/Y
 _3237_/X
 _3238_/Y
 _3239_/X
 _3240_/X
 _3241_/Y
 _3242_/Y
 _3243_/Y
 _3244_/X
 _3245_/Y
 _3246_/Y
 _3247_/X
 _3248_/Y
 _3249_/X
 _3250_/X
 _3251_/Y
 _3252_/Y
 _3253_/Y
 _3254_/X
 _3255_/Y
 _3256_/Y
 _3257_/X
 _3258_/X
 _3259_/Y
 _3260_/Y
 _3261_/X
 _3262_/X
 _3263_/Y
 _3264_/X
 _3265_/Y
 _3266_/X
 _3267_/Y
 _3268_/Y
 _3269_/X
 _3270_/X
 _3271_/X
 _3272_/X
 _3273_/Y
 _3274_/Y
 _3275_/Y
 _3276_/X
 _3277_/Y
 _3278_/X
 _3279_/Y
 _3280_/Y
 _3281_/X
 _3282_/Y
 _3283_/X
 _3284_/X
 _3285_/X
 _3286_/X
 _3287_/Y
 _3288_/X
 _3289_/X
 _3290_/Y
 _3291_/X
 _3292_/Y
 _3293_/Y
 _3294_/Y
 _3295_/Y
 _3296_/Y
 _3297_/X
 _3298_/X
 _3299_/Y
 _3300_/Y
 _3301_/Y
 _3302_/X
 _3303_/X
 _3304_/Y
 _3305_/Y
 _3306_/X
 _3307_/X
 _3308_/Y
 _3309_/X
 _3310_/Y
 _3311_/Y
 _3312_/X
 _3313_/Y
 _3314_/Y
 _3315_/X
 _3316_/Y
 _3317_/X
 _3318_/X
 _3319_/X
 _3320_/Y
 _3321_/Y
 _3322_/X
 _3323_/X
 _3324_/Y
 _3325_/X
 _3326_/Y
 _3327_/X
 _3328_/X
 _3329_/X
 _3330_/Y
 _3331_/Y
 _3332_/Y
 _3333_/Y
 _3334_/Y
 _3335_/X
 _3336_/Y
 _3337_/Y
 _3338_/X
 _3339_/Y
 _3340_/Y
 _3341_/X
 _3342_/X
 _3343_/Y
 _3344_/X
 _3345_/X
 _3346_/Y
 _3347_/Y
 _3348_/X
 _3349_/X
 _3350_/X
 _3351_/Y
 _3352_/Y
 _3353_/X
 _3354_/Y
 _3355_/X
 _3356_/X
 _3357_/X
 _3358_/Y
 _3359_/Y
 _3360_/X
 _3361_/Y
 _3362_/Y
 _3363_/Y
 _3364_/X
 _3365_/Y
 _3366_/Y
 _3367_/X
 _3368_/Y
 _3369_/X
 _3370_/Y
 _3371_/Y
 _3372_/Y
 _3373_/Y
 _3374_/X
 _3375_/Y
 _3376_/Y
 _3377_/Y
 _3378_/Y
 _3379_/X
 _3380_/X
 _3381_/Y
 _3382_/X
 _3383_/X
 _3384_/Y
 _3385_/Y
 _3386_/X
 _3387_/X
 _3388_/X
 _3389_/Y
 _3390_/X
 _3391_/X
 _3392_/Y
 _3393_/X
 _3394_/X
 _3395_/Y
 _3396_/Y
 _3397_/Y
 _3398_/Y
 _3399_/X
 _3400_/Y
 _3401_/X
 _3402_/Y
 _3403_/X
 _3404_/X
 _3405_/Y
 _3406_/X
 _3407_/X
 _3408_/X
 _3409_/Y
 _3410_/X
 _3411_/Y
 _3412_/X
 _3413_/Y
 _3414_/Y
 _3415_/X
 _3416_/Y
 _3417_/X
 _3418_/Y
 _3419_/Y
 _3420_/Y
 _3421_/Y
 _3422_/Y
 _3423_/X
 _3424_/Y
 _3425_/Y
 _3426_/X
 _3427_/Y
 _3428_/Y
 _3429_/Y
 _3430_/Y
 _3431_/Y
 _3432_/Y
 _3433_/Y
 _3434_/X
 _3435_/X
 _3436_/X
 _3437_/X
 _3438_/Y
 _3439_/Y
 _3440_/X
 _3441_/Y
 _3442_/Y
 _3443_/Y
 _3444_/X
 _3445_/Y
 _3446_/Y
 _3447_/Y
 _3448_/X
 _3449_/Y
 _3450_/X
 _3451_/X
 _3452_/X
 _3453_/Y
 _3454_/Y
 _3455_/Y
 _3456_/Y
 _3457_/X
 _3458_/Y
 _3459_/Y
 _3460_/Y
 _3461_/Y
 _3462_/X
 _3463_/X
 _3464_/Y
 _3465_/Y
 _3466_/Y
 _3467_/Y
 _3468_/X
 _3469_/X
 _3470_/Y
 _3471_/X
 _3472_/Y
 _3473_/Y
 _3474_/Y
 _3475_/X
 _3476_/Y
 _3477_/X
 _3478_/X
 _3479_/X
 _3480_/X
 _3481_/X
 _3482_/X
 _3483_/Y
 _3484_/Y
 _3485_/Y
 _3486_/Y
 _3487_/Y
 _3488_/Y
 _3489_/X
 _3490_/Y
 _3491_/X
 _3492_/X
 _3493_/X
 _3494_/Y
 _3495_/Y
 _3496_/Y
 _3497_/Y
 _3498_/X
 _3499_/X
 _3500_/Y
 _3501_/Y
 _3502_/X
 _3503_/Y
 _3504_/Y
 _3505_/X
 _3506_/Y
 _3507_/X
 _3508_/Y
 _3509_/Y
 _3510_/Y
 _3511_/Y
 _3512_/X
 _3513_/X
 _3514_/X
 _3515_/X
 _3516_/Y
 _3517_/Y
 _3518_/Y
 _3519_/X
 _3520_/Y
 _3521_/X
 _3522_/X
 _3523_/Y
 _3524_/Y
 _3525_/X
 _3526_/Y
 _3527_/X
 _3528_/Y
 _3529_/Y
 _3530_/X
 _3531_/X
 _3532_/Y
 _3533_/Y
 _3534_/X
 _3535_/Y
 _3536_/Y
 _3537_/Y
 _3538_/X
 _3539_/X
 _3540_/Y
 _3541_/X
 _3542_/Y
 _3543_/Y
 _3544_/Y
 _3545_/Y
 _3546_/Y
 _3547_/Y
 _3548_/X
 _3549_/Y
 _3550_/X
 _3551_/Y
 _3552_/X
 _3553_/X
 _3554_/X
 _3555_/Y
 _3556_/X
 _3557_/X
 _3558_/X
 _3559_/Y
 _3560_/Y
 _3561_/Y
 _3562_/Y
 _3563_/Y
 _3564_/X
 _3565_/Y
 _3566_/X
 _3567_/X
 _3568_/X
 _3569_/X
 _3570_/Y
 _3571_/Y
 _3572_/X
 _3573_/Y
 _3574_/Y
 _3575_/Y
 _3576_/Y
 _3577_/X
 _3578_/X
 _3579_/X
 _3580_/X
 _3581_/Y
 _3582_/Y
 _3583_/Y
 _3584_/Y
 _3585_/X
 _3586_/Y
 _3587_/Y
 _3588_/X
 _3589_/Y
 _3590_/Y
 _3591_/X
 _3592_/Y
 _3593_/X
 _3594_/X
 _3595_/X
 _3596_/Y
 _3597_/Y
 _3598_/X
 _3599_/X
 _3600_/Y
 _3601_/Y
 _3602_/X
 _3603_/Y
 _3604_/X
 _3605_/X
 _3606_/Y
 _3607_/Y
 _3608_/X
 _3609_/X
 _3610_/X
 _3611_/Y
 _3612_/X
 _3613_/X
 _3614_/Y
 _3615_/Y
 _3616_/Y
 _3617_/Y
 _3618_/X
 _3619_/X
 _3620_/Y
 _3621_/X
 _3622_/Y
 _3623_/Y
 _3624_/Y
 _3625_/Y
 _3626_/X
 _3627_/Y
 _3628_/Y
 _3629_/Y
 _3630_/X
 _3631_/Y
 _3632_/Y
 _3633_/Y
 _3634_/Y
 _3635_/Y
 _3636_/Y
 _3637_/Y
 _3638_/X
 _3639_/X
 _3640_/X
 _3641_/X
 _3642_/X
 _3643_/Y
 _3644_/X
 _3645_/Y
 _3646_/Y
 _3647_/X
 _3648_/X
 _3649_/Y
 _3650_/X
 _3651_/X
 _3652_/X
 _3653_/X
 _3654_/X
 _3655_/X
 _3656_/X
 _3657_/Y
 _3658_/X
 _3659_/X
 _3660_/Y
 _3661_/Y
 _3662_/X
 _3663_/X
 _3664_/X
 _3665_/Y
 _3666_/Y
 _3667_/Y
 _3668_/Y
 _3669_/Y
 _3670_/Y
 _3671_/Y
 _3672_/X
 _3673_/X
 _3674_/X
 _3675_/X
 _3676_/X
 _3677_/Y
 _3678_/X
 _3679_/X
 _3680_/X
 _3681_/X
 _3682_/Y
 _3683_/X
 _3684_/X
 _3685_/Y
 _3686_/X
 _3687_/X
 _3688_/Y
 _3689_/Y
 _3690_/Y
 _3691_/X
 _3692_/Y
 _3693_/Y
 _3694_/X
 _3695_/X
 _3696_/Y
 _3697_/X
 _3698_/X
 _3699_/X
 _3700_/X
 _3701_/X
 _3702_/Y
 _3703_/X
 _3704_/Y
 _3705_/Y
 _3706_/Y
 _3707_/X
 _3708_/Y
 _3709_/Y
 _3710_/Y
 _3711_/X
 _3712_/X
 _3713_/Y
 _3714_/X
 _3715_/X
 _3716_/X
 _3717_/Y
 _3718_/Y
 _3719_/Y
 _3720_/Y
 _3721_/Y
 _3722_/Y
 _3723_/X
 _3724_/X
 _3725_/X
 _3726_/X
 _3727_/X
 _3728_/X
 _3729_/X
 _3730_/X
 _3731_/X
 _3732_/X
 _3733_/X
 _3734_/Y
 _3735_/Y
 _3736_/X
 _3737_/X
 _3738_/X
 _3739_/X
 _3740_/X
 _3741_/Y
 _3742_/X
 _3743_/X
 _3744_/Y
 _3745_/X
 _3746_/Y
 _3747_/X
 _3748_/Y
 _3749_/Y
 _3750_/X
 _3751_/X
 _3752_/X
 _3753_/X
 _3754_/Y
 _3755_/Y
 _3756_/X
 _3757_/Y
 _3758_/Y
 _3759_/X
 _3760_/X
 _3761_/X
 _3762_/Y
 _3763_/Y
 _3764_/X
 _3765_/X
 _3766_/X
 _3767_/Y
 _3768_/Y
 _3769_/X
 _3770_/X
 _3771_/Y
 _3772_/X
 _3773_/Y
 _3774_/X
 _3775_/Y
 _3776_/X
 _3777_/X
 _3778_/Y
 _3779_/X
 _3780_/X
 _3781_/Y
 _3782_/X
 _3783_/X
 _3784_/Y
 _3785_/X
 _3786_/X
 _3787_/X
 _3788_/Y
 _3789_/X
 _3790_/Y
 _3791_/Y
 _3792_/X
 _3793_/Y
 _3794_/X
 _3795_/X
 _3796_/X
 _3797_/X
 _3798_/X
 _3799_/Y
 _3800_/X
 _3801_/X
 _3802_/Y
 _3803_/X
 _3804_/X
 _3805_/X
 _3806_/Y
 _3807_/X
 _3808_/Y
 _3809_/Y
 _3810_/X
 _3811_/X
 _3812_/X
 _3813_/Y
 _3814_/X
 _3815_/X
 _3816_/X
 _3817_/X
 _3818_/X
 _3819_/Y
 _3820_/Y
 _3821_/Y
 _3822_/X
 _3823_/Y
 _3824_/Y
 _3825_/Y
 _3826_/X
 _3827_/Y
 _3828_/Y
 _3829_/X
 _3830_/Y
 _3831_/Y
 _3832_/X
 _3833_/X
 _3834_/Y
 _3835_/X
 _3836_/X
 _3837_/Y
 _3838_/Y
 _3839_/Y
 _3840_/X
 _3841_/Y
 _3842_/X
 _3843_/X
 _3844_/Y
 _3845_/Y
 _3846_/X
 _3847_/Y
 _3848_/X
 _3849_/Y
 _3850_/X
 _3851_/X
 _3852_/Y
 _3853_/Y
 _3854_/X
 _3855_/Y
 _3856_/Y
 _3857_/Y
 _3858_/Y
 _3859_/X
 _3860_/Y
 _3861_/X
 _3862_/X
 _3863_/Y
 _3864_/Y
 _3865_/Y
 _3866_/Y
 _3867_/Y
 _3868_/Y
 _3869_/Y
 _3870_/X
 _3871_/X
 _3872_/Y
 _3873_/X
 _3874_/Y
 _3875_/X
 _3876_/X
 _3877_/Y
 _3878_/X
 _3879_/Y
 _3880_/X
 _3881_/X
 _3882_/Y
 _3883_/X
 _3884_/Y
 _3885_/Y
 _3886_/Y
 _3887_/X
 _3888_/Y
 _3889_/Y
 _3890_/Y
 _3891_/Y
 _3892_/X
 _3893_/X
 _3894_/Y
 _3895_/X
 _3896_/X
 _3897_/X
 _3898_/Y
 _3899_/Y
 _3900_/X
 _3901_/X
 _3902_/Y
 _3903_/X
 _3904_/X
 _3905_/Y
 _3906_/X
 _3907_/X
 _3908_/Y
 _3909_/Y
 _3910_/Y
 _3911_/X
 _3912_/Y
 _3913_/Y
 _3914_/X
 _3915_/Y
 _3916_/Y
 _3917_/X
 _3918_/Y
 _3919_/Y
 _3920_/Y
 _3921_/Y
 _3922_/Y
 _3923_/X
 _3924_/X
 _3925_/Y
 _3926_/X
 _3927_/Y
 _3928_/X
 _3929_/X
 _3930_/X
 _3931_/X
 _3932_/X
 _3933_/Y
 _3934_/X
 _3935_/X
 _3936_/Y
 _3937_/Y
 _3938_/X
 _3939_/Y
 _3940_/Y
 _3941_/X
 _3942_/X
 _3943_/Y
 _3944_/X
 _3945_/Y
 _3946_/Y
 _3947_/Y
 _3948_/Y
 _3949_/X
 _3950_/Y
 _3951_/X
 _3952_/Y
 _3953_/Y
 _3954_/Y
 _3955_/X
 _3956_/X
 _3957_/X
 _3958_/Y
 _3959_/X
 _3960_/X
 _3961_/Y
 _3962_/X
 _3963_/Y
 _3964_/Y
 _3965_/Y
 _3966_/X
 _3967_/X
 _3968_/X
 _3969_/X
 _3970_/Y
 _3971_/X
 _3972_/Y
 _3973_/Y
 _3974_/Y
 _3975_/Y
 _3976_/Y
 _3977_/X
 _3978_/X
 _3979_/Y
 _3980_/X
 _3981_/Y
 _3982_/Y
 _3983_/Y
 _3984_/Y
 _3985_/Y
 _3986_/X
 _3987_/Y
 _3988_/X
 _3989_/X
 _3990_/Y
 _3991_/Y
 _3992_/X
 _3993_/Y
 _3994_/Y
 _3995_/Y
 _3996_/Y
 _3997_/X
 _3998_/Y
 _3999_/X
 _4000_/X
 _4001_/Y
 _4002_/X
 _4003_/Y
 _4004_/X
 _4005_/X
 _4006_/Y
 _4007_/Y
 _4008_/X
 _4009_/Y
 _4010_/Y
 _4011_/Y
 _4012_/Y
 _4013_/X
 _4014_/Y
 _4015_/X
 _4016_/X
 _4017_/Y
 _4018_/X
 _4019_/X
 _4020_/Y
 _4021_/Y
 _4022_/X
 _4023_/Y
 _4024_/Y
 _4025_/Y
 _4026_/Y
 _4027_/Y
 _4028_/X
 _4029_/X
 _4030_/X
 _4031_/Y
 _4032_/Y
 _4033_/X
 _4034_/X
 _4035_/Y
 _4036_/Y
 _4037_/Y
 _4038_/X
 _4039_/Y
 _4040_/X
 _4041_/X
 _4042_/Y
 _4043_/X
 _4044_/Y
 _4045_/X
 _4046_/X
 _4047_/X
 _4048_/Y
 _4049_/Y
 _4050_/X
 _4051_/Y
 _4052_/Y
 _4053_/Y
 _4054_/X
 _4055_/X
 _4056_/Y
 _4057_/Y
 _4058_/Y
 _4059_/X
 _4060_/X
 _4061_/X
 _4062_/Y
 _4063_/Y
 _4064_/X
 _4065_/X
 _4066_/Y
 _4067_/X
 _4068_/Y
 _4069_/X
 _4070_/Y
 _4071_/Y
 _4072_/X
 _4073_/X
 _4074_/X
 _4075_/Y
 _4076_/Y
 _4077_/Y
 _4078_/X
 _4079_/X
 _4080_/X
 _4081_/Y
 _4082_/Y
 _4083_/X
 _4084_/X
 _4085_/Y
 _4086_/X
 _4087_/X
 _4088_/Y
 _4089_/X
 _4090_/Y
 _4091_/Y
 _4092_/X
 _4093_/X
 _4094_/X
 _4095_/Y
 _4096_/X
 _4097_/X
 _4098_/Y
 _4099_/Y
 _4100_/Y
 _4101_/Y
 _4102_/X
 _4103_/Y
 _4104_/Y
 _4105_/X
 _4106_/Y
 _4107_/Y
 _4108_/Y
 _4109_/X
 _4110_/Y
 _4111_/Y
 _4112_/Y
 _4113_/X
 _4114_/Y
 _4115_/X
 _4116_/X
 _4117_/Y
 _4118_/Y
 _4119_/Y
 _4120_/X
 _4121_/Y
 _4122_/Y
 _4123_/X
 _4124_/X
 _4125_/X
 _4126_/Y
 _4127_/Y
 _4128_/X
 _4129_/Y
 _4130_/Y
 _4131_/Y
 _4132_/Y
 _4133_/Y
 _4134_/X
 _4135_/Y
 _4136_/X
 _4137_/X
 _4138_/Y
 _4139_/X
 _4140_/Y
 _4141_/Y
 _4142_/X
 _4143_/X
 _4144_/X
 _4145_/Y
 _4146_/Y
 _4147_/Y
 _4148_/X
 _4149_/X
 _4150_/X
 _4151_/Y
 _4152_/Y
 _4153_/X
 _4154_/X
 _4155_/Y
 _4156_/X
 _4157_/X
 _4158_/Y
 _4159_/X
 _4160_/Y
 _4161_/Y
 _4162_/X
 _4163_/Y
 _4164_/X
 _4165_/X
 _4166_/Y
 _4167_/Y
 _4168_/Y
 _4169_/X
 _4170_/Y
 _4171_/X
 _4172_/Y
 _4173_/Y
 _4174_/Y
 _4175_/Y
 _4176_/X
 _4177_/X
 _4178_/Y
 _4179_/X
 _4180_/Y
 _4181_/Y
 _4182_/X
 _4183_/X
 _4184_/Y
 _4185_/X
 _4186_/X
 _4187_/X
 _4188_/Y
 _4189_/X
 _4190_/Y
 _4191_/X
 _4192_/Y
 _4193_/X
 _4194_/X
 _4195_/X
 _4196_/X
 _4197_/Y
 _4198_/Y
 _4199_/X
 _4200_/Y
 _4201_/Y
 _4202_/X
 _4203_/X
 _4204_/Y
 _4205_/X
 _4206_/Y
 _4207_/Y
 _4208_/Y
 _4209_/Y
 _4210_/X
 _4211_/Y
 _4212_/Y
 _4213_/Y
 _4214_/X
 _4215_/Y
 _4216_/X
 _4217_/X
 _4218_/X
 _4219_/Y
 _4220_/X
 _4221_/Y
 _4222_/X
 _4223_/Y
 _4224_/Y
 _4225_/X
 _4226_/X
 _4227_/X
 _4228_/Y
 _4229_/Y
 _4230_/X
 _4231_/Y
 _4232_/X
 _4233_/Y
 _4234_/X
 _4235_/X
 _4236_/X
 _4237_/Y
 _4238_/Y
 _4239_/X
 _4240_/Y
 _4241_/Y
 _4242_/X
 _4243_/X
 _4244_/Y
 _4245_/X
 _4246_/Y
 _4247_/Y
 _4248_/X
 _4249_/Y
 _4250_/Y
 _4251_/Y
 _4252_/X
 _4253_/Y
 _4254_/Y
 _4255_/X
 _4256_/Y
 _4257_/Y
 _4258_/X
 _4259_/Y
 _4260_/X
 _4261_/X
 _4262_/X
 _4263_/X
 _4264_/X
 _4265_/Y
 _4266_/X
 _4267_/Y
 _4268_/X
 _4269_/Y
 _4270_/X
 _4271_/X
 _4272_/X
 _4273_/X
 _4274_/Y
 _4275_/Y
 _4276_/X
 _4277_/Y
 _4278_/Y
 _4279_/X
 _4280_/X
 _4281_/Y
 _4282_/X
 _4283_/Y
 _4284_/X
 _4285_/Y
 _4286_/Y
 _4287_/Y
 _4288_/X
 _4289_/X
 _4290_/Y
 _4291_/X
 _4292_/X
 _4293_/X
 _4294_/X
 _4295_/X
 _4296_/X
 _4297_/Y
 _4298_/Y
 _4299_/Y
 _4300_/X
 _4301_/X
 _4302_/X
 _4303_/X
 _4304_/Y
 _4305_/Y
 _4306_/X
 _4307_/Y
 _4308_/Y
 _4309_/X
 _4310_/X
 _4311_/Y
 _4312_/X
 _4313_/X
 _4314_/X
 _4315_/X
 _4316_/Y
 _4317_/X
 _4318_/X
 _4319_/Y
 _4320_/Y
 _4321_/X
 _4322_/Y
 _4323_/X
 _4324_/Y
 _4325_/Y
 _4326_/X
 _4327_/X
 _4328_/X
 _4329_/X
 _4330_/X
 _4331_/X
 _4332_/Y
 _4333_/X
 _4334_/X
 _4335_/X
 _4336_/X
 _4337_/Y
 _4338_/X
 _4339_/Y
 _4340_/X
 _4341_/X
 _4342_/X
 _4343_/Y
 _4344_/X
 _4345_/Y
 _4346_/Y
 _4347_/X
 _4348_/Y
 _4349_/Y
 _4350_/X
 _4351_/Y
 _4352_/Y
 _4353_/Y
 _4354_/Y
 _4355_/X
 _4356_/Y
 _4357_/Y
 _4358_/X
 _4359_/X
 _4360_/X
 _4361_/Y
 _4362_/Y
 _4363_/Y
 _4364_/Y
 _4365_/X
 _4366_/Y
 _4367_/Y
 _4368_/X
 _4369_/Y
 _4370_/Y
 _4371_/Y
 _4372_/Y
 _4373_/Y
 _4374_/X
 _4375_/Y
 _4376_/Y
 _4377_/X
 _4378_/X
 _4379_/X
 _4380_/Y
 _4381_/X
 _4382_/Y
 _4383_/Y
 _4384_/Y
 _4385_/X
 _4386_/Y
 _4387_/X
 _4388_/Y
 _4389_/X
 _4390_/X
 _4391_/Y
 _4392_/X
 _4393_/Y
 _4394_/Y
 _4395_/Y
 _4396_/Y
 _4397_/X
 _4398_/X
 _4399_/Y
 _4400_/X
 _4401_/X
 _4402_/X
 _4403_/Y
 _4404_/X
 _4405_/Y
 _4406_/X
 _4407_/X
 _4408_/X
 _4409_/X
 _4410_/Y
 _4411_/X
 _4412_/X
 _4413_/X
 _4414_/X
 _4415_/X
 _4416_/Y
 _4417_/X
 _4418_/X
 _4419_/X
 _4420_/X
 _4421_/Y
 _4422_/X
 _4423_/Y
 _4424_/Y
 _4425_/Y
 _4426_/X
 _4427_/Y
 _4428_/X
 _4429_/X
 _4430_/X
 _4431_/X
 _4432_/Y
 _4433_/Y
 _4434_/X
 _4435_/Y
 _4436_/Y
 _4437_/X
 _4438_/Y
 _4439_/X
 _4440_/X
 _4441_/Y
 _4442_/X
 _4443_/X
 _4444_/X
 _4445_/X
 _4446_/Y
 _4447_/Y
 _4448_/Y
 _4449_/X
 _4450_/X
 _4451_/Y
 _4452_/X
 _4453_/Y
 _4454_/Y
 _4455_/Y
 _4456_/Y
 _4457_/Y
 _4458_/X
 _4459_/X
 _4460_/X
 _4461_/X
 _4462_/Y
 _4463_/Y
 _4464_/Y
 _4465_/X
 _4466_/X
 _4467_/Y
 _4468_/X
 _4469_/Y
 _4470_/Y
 _4471_/Y
 _4472_/Y
 _4473_/Y
 _4474_/Y
 _4475_/X
 _4476_/Y
 _4477_/Y
 _4478_/X
 _4479_/Y
 _4480_/X
 _4481_/X
 _4482_/Y
 _4483_/X
 _4484_/X
 _4485_/Y
 _4486_/X
 _4487_/X
 _4488_/X
 _4489_/Y
 _4490_/X
 _4491_/Y
 _4492_/Y
 _4493_/Y
 _4494_/X
 _4495_/X
 _4496_/Y
 _4497_/Y
 _4498_/X
 _4499_/X
 _4500_/X
 _4501_/Y
 _4502_/X
 _4503_/X
 _4504_/X
 _4505_/X
 _4506_/Y
 _4507_/X
 _4508_/X
 _4509_/X
 _4510_/Y
 _4511_/Y
 _4512_/Y
 _4513_/Y
 _4514_/X
 _4515_/X
 _4516_/Y
 _4517_/Y
 _4518_/X
 _4519_/Y
 _4520_/Y
 _4521_/X
 _4522_/Y
 _4523_/Y
 _4524_/Y
 _4525_/X
 _4526_/X
 _4527_/X
 _4528_/Y
 _4529_/X
 _4530_/Y
 _4531_/Y
 _4532_/Y
 _4533_/X
 _4534_/X
 _4535_/X
 _4536_/X
 _4537_/Y
 _4538_/Y
 _4539_/Y
 _4540_/X
 _4541_/X
 _4542_/X
 _4543_/X
 _4544_/X
 _4545_/X
 _4546_/Y
 _4547_/Y
 _4548_/Y
 _4549_/X
 _4550_/X
 _4551_/X
 _4552_/X
 _4553_/Y
 _4554_/Y
 _4555_/X
 _4556_/Y
 _4557_/X
 _4558_/X
 _4559_/Y
 _4560_/X
 _4561_/X
 _4562_/X
 _4563_/X
 _4564_/Y
 _4565_/X
 _4566_/X
 _4567_/X
 _4568_/X
 _4569_/X
 _4570_/Y
 _4571_/Y
 _4572_/Y
 _4573_/X
 _4574_/X
 _4575_/X
 _4576_/Y
 _4577_/X
 _4578_/Y
 _4579_/X
 _4580_/X
 _4581_/Y
 _4582_/X
 _4583_/Y
 _4584_/X
 _4585_/X
 _4586_/Y
 _4587_/Y
 _4588_/Y
 _4589_/Y
 _4590_/Y
 _4591_/Y
 _4592_/Y
 _4593_/Y
 _4594_/Y
 _4595_/Y
 _4596_/Y
 _4597_/Y
 _4598_/Y
 _4599_/Y
 _4600_/Y
 _4601_/Y
 _4602_/Y
 _4603_/Y
 _4604_/Y
 _4605_/Y
 _4606_/Y
 _4607_/Y
 _4608_/Y
 _4609_/Y
 _4610_/Y
 _4611_/Y
 _4612_/Y
 _4613_/Y
 _4614_/Y
 _4615_/Y
 _4616_/Y
 _4617_/Y
 _4618_/Y
 _4619_/Y
 _4620_/Y
 _4621_/Y
 _4622_/Y
 _4623_/Y
 _4624_/Y
 _4625_/Y
 _4626_/Y
 _4627_/Y
 _4628_/Y
 _4629_/Y
 _4630_/Y
 _4631_/Y
 _4632_/Y
 _4633_/Y
 _4634_/Y
 _4635_/Y
 _4636_/Y
 _4637_/Y
 _4638_/Y
 _4639_/Y
 _4640_/Y
 _4641_/Y
 _4642_/Y
 _4643_/Y
 _4644_/Y
 _4645_/Y
 _4646_/Y
 _4647_/Y
 _4648_/Y
 _4649_/Y
 _4650_/Y
 _4651_/Y
 _4652_/Y
 _4653_/Y
 _4654_/Y
 _4655_/Y
 _4656_/Y
 _4657_/Y
 _4658_/Y
 _4659_/Y
 _4660_/Y
 _4661_/Y
 _4662_/Y
 _4663_/Y
 _4664_/Y
 _4665_/Y
 _4666_/Y
 _4667_/Y
 _4668_/Y
 _4669_/Y
 _4670_/Y
 _4671_/Y
 _4672_/Y
 _4673_/Y
 _4674_/Y
 _4675_/Y
 _4676_/Y
 _4677_/Y
 _4678_/Y
 _4679_/Y
 _4680_/Y
 _4681_/Y
 _4682_/Y
 _4683_/Y
 _4684_/Y
 _4685_/Y
 _4686_/Y
 _4687_/Y
 _4688_/Y
 _4689_/Y
 _4690_/Y
 _4691_/Y
 _4692_/Y
 _4693_/Y
 _4694_/Q
 _4695_/Q
 _4696_/Q
 _4697_/Q
 _4698_/Q
 _4699_/Q
 _4700_/Q
 _4701_/Q
 _4702_/Q
 _4703_/Q
 _4704_/Q
 _4705_/Q
 _4706_/Q
 _4707_/Q
 _4708_/Q
 _4709_/Q
 _4710_/Q
 _4711_/Q
 _4712_/Q
 _4713_/Q
 _4714_/Q
 _4715_/Q
 _4716_/Q
 _4717_/Q
 _4718_/Q
 _4719_/Q
 _4720_/Q
 _4721_/Q
 _4722_/Q
 _4723_/Q
 _4724_/Q
 _4725_/Q
 _4726_/Q
 _4727_/Q
 _4728_/Q
 _4729_/Q
 _4730_/Q
 _4731_/Q
 _4732_/Q
 _4733_/Q
 _4734_/Q
 _4735_/Q
 _4736_/Q
 _4737_/Q
 _4738_/Q
 _4739_/Q
 _4740_/Q
 _4741_/Q
 _4742_/Q
 _4743_/Q
 _4744_/Q
 _4745_/Q
 _4746_/Q
 _4747_/Q
 _4748_/Q
 _4749_/Q
 _4750_/Q
 _4751_/Q
 _4752_/Q
 _4753_/Q
 _4754_/Q
 _4755_/Q
 _4756_/Q
 _4757_/Q
 _4758_/Q
 _4759_/Q
 _4760_/Q
 _4761_/Q
 _4762_/Q
 _4763_/Q
 _4764_/Q
 _4765_/Q
 _4766_/Q
 _4767_/Q
 _4768_/Q
 _4769_/Q
 _4770_/Q
 _4771_/Q
 _4772_/Q
 _4773_/Q
 _4774_/Q
 _4775_/Q
 _4776_/Q
 _4777_/Q
 _4778_/Q
 _4779_/Q
 _4780_/Q
 _4781_/Q
 _4782_/Q
 _4783_/Q
 _4784_/Q
 _4785_/Q
 _4786_/Q
 _4787_/Q
 _4788_/Q
 _4789_/Q
 _4790_/Q
 _4791_/Q
 _4792_/Q
 _4793_/Q
 _4794_/Q
 _4795_/Q
 _4796_/Q
 _4797_/Q
 _4798_/Q
 _4799_/Q
 _4800_/Q
Found 0 partially unannotated drivers.

===========================================================================
max slew violation count 260
max fanout violation count 42
max cap violation count 2
============================================================================

===========================================================================
check_setup -verbose -unconstrained_endpoints -multiple_clock -no_clock -no_input_delay -loops -generated_clocks
===========================================================================
