Reading OpenROAD database at '/home/jco1147/393_folder/CE493/sv/cordic/runs/RUN_2023-11-15_10-07-41/15-openroad-ioplacement/cordic.odb'…
Reading library file at '/home/jco1147/393_folder/CE493/sv/cordic/runs/RUN_2023-11-15_10-07-41/tmp/4f8064af2a1748198669afdfb7095fdc.lib'…
Reading design constraints file at '/home/jco1147/.local/lib/python3.9/site-packages/openlane/scripts/base.sdc'…
[INFO] Using clock clk…
[INFO] Setting output delay to: 2
[INFO] Setting input delay to: 2
[INFO] Setting load to: 0.033442
[INFO] Setting clock uncertainty to: 0.25
[INFO] Setting clock transition to: 0.1499999999999999944488848768742172978818416595458984375
[INFO] Setting timing derate to: 5%
[WARNING STA-0376] cell 'sky130_fd_sc_hd__a2111oi_0' not found.
[WARNING STA-0376] cell 'sky130_fd_sc_hd__a21boi_0' not found.
[WARNING STA-0376] cell 'sky130_fd_sc_hd__and2_0' not found.
[WARNING STA-0376] cell 'sky130_fd_sc_hd__buf_16' not found.
[WARNING STA-0376] cell 'sky130_fd_sc_hd__clkdlybuf4s15_1' not found.
[WARNING STA-0376] cell 'sky130_fd_sc_hd__clkdlybuf4s18_1' not found.
[WARNING STA-0376] cell 'sky130_fd_sc_hd__fa_4' not found.
[WARNING STA-0376] cell 'sky130_fd_sc_hd__lpflow_bleeder_1' not found.
[WARNING STA-0376] cell 'sky130_fd_sc_hd__lpflow_clkbufkapwr_1' not found.
[WARNING STA-0376] cell 'sky130_fd_sc_hd__lpflow_clkbufkapwr_16' not found.
[WARNING STA-0376] cell 'sky130_fd_sc_hd__lpflow_clkbufkapwr_2' not found.
[WARNING STA-0376] cell 'sky130_fd_sc_hd__lpflow_clkbufkapwr_4' not found.
[WARNING STA-0376] cell 'sky130_fd_sc_hd__lpflow_clkbufkapwr_8' not found.
[WARNING STA-0376] cell 'sky130_fd_sc_hd__lpflow_clkinvkapwr_1' not found.
[WARNING STA-0376] cell 'sky130_fd_sc_hd__lpflow_clkinvkapwr_16' not found.
[WARNING STA-0376] cell 'sky130_fd_sc_hd__lpflow_clkinvkapwr_2' not found.
[WARNING STA-0376] cell 'sky130_fd_sc_hd__lpflow_clkinvkapwr_4' not found.
[WARNING STA-0376] cell 'sky130_fd_sc_hd__lpflow_clkinvkapwr_8' not found.
[WARNING STA-0376] cell 'sky130_fd_sc_hd__lpflow_decapkapwr_12' not found.
[WARNING STA-0376] cell 'sky130_fd_sc_hd__lpflow_decapkapwr_3' not found.
[WARNING STA-0376] cell 'sky130_fd_sc_hd__lpflow_decapkapwr_4' not found.
[WARNING STA-0376] cell 'sky130_fd_sc_hd__lpflow_decapkapwr_6' not found.
[WARNING STA-0376] cell 'sky130_fd_sc_hd__lpflow_decapkapwr_8' not found.
[WARNING STA-0376] cell 'sky130_fd_sc_hd__lpflow_inputiso0n_1' not found.
[WARNING STA-0376] cell 'sky130_fd_sc_hd__lpflow_inputiso0p_1' not found.
[WARNING STA-0376] cell 'sky130_fd_sc_hd__lpflow_inputiso1n_1' not found.
[WARNING STA-0376] cell 'sky130_fd_sc_hd__lpflow_inputiso1p_1' not found.
[WARNING STA-0376] cell 'sky130_fd_sc_hd__lpflow_inputisolatch_1' not found.
[WARNING STA-0376] cell 'sky130_fd_sc_hd__lpflow_isobufsrc_1' not found.
[WARNING STA-0376] cell 'sky130_fd_sc_hd__lpflow_isobufsrc_16' not found.
[WARNING STA-0376] cell 'sky130_fd_sc_hd__lpflow_isobufsrc_2' not found.
[WARNING STA-0376] cell 'sky130_fd_sc_hd__lpflow_isobufsrc_4' not found.
[WARNING STA-0376] cell 'sky130_fd_sc_hd__lpflow_isobufsrc_8' not found.
[WARNING STA-0376] cell 'sky130_fd_sc_hd__lpflow_isobufsrckapwr_16' not found.
[WARNING STA-0376] cell 'sky130_fd_sc_hd__lpflow_lsbuf_lh_hl_isowell_tap_1' not found.
[WARNING STA-0376] cell 'sky130_fd_sc_hd__lpflow_lsbuf_lh_hl_isowell_tap_2' not found.
[WARNING STA-0376] cell 'sky130_fd_sc_hd__lpflow_lsbuf_lh_hl_isowell_tap_4' not found.
[WARNING STA-0376] cell 'sky130_fd_sc_hd__lpflow_lsbuf_lh_isowell_4' not found.
[WARNING STA-0376] cell 'sky130_fd_sc_hd__lpflow_lsbuf_lh_isowell_tap_1' not found.
[WARNING STA-0376] cell 'sky130_fd_sc_hd__lpflow_lsbuf_lh_isowell_tap_2' not found.
[WARNING STA-0376] cell 'sky130_fd_sc_hd__lpflow_lsbuf_lh_isowell_tap_4' not found.
[WARNING STA-0376] cell 'sky130_fd_sc_hd__mux4_4' not found.
[WARNING STA-0376] cell 'sky130_fd_sc_hd__o21ai_0' not found.
[WARNING STA-0376] cell 'sky130_fd_sc_hd__o311ai_0' not found.
[WARNING STA-0376] cell 'sky130_fd_sc_hd__or2_0' not found.
[WARNING STA-0376] cell 'sky130_fd_sc_hd__probe_p_8' not found.
[WARNING STA-0376] cell 'sky130_fd_sc_hd__probec_p_8' not found.
[WARNING STA-0376] cell 'sky130_fd_sc_hd__xor3_1' not found.
[WARNING STA-0376] cell 'sky130_fd_sc_hd__xor3_2' not found.
[WARNING STA-0376] cell 'sky130_fd_sc_hd__xor3_4' not found.
[WARNING STA-0376] cell 'sky130_fd_sc_hd__xnor3_1' not found.
[WARNING STA-0376] cell 'sky130_fd_sc_hd__xnor3_2' not found.
[WARNING STA-0376] cell 'sky130_fd_sc_hd__xnor3_4' not found.
[INFO] Setting RC values…
[INFO] Setting signal min routing layer to: met1 and clock min routing layer to met1. 
[INFO] Setting signal max routing layer to: met5 and clock max routing layer to met5. 
[INFO GPL-0002] DBU: 1000
[INFO GPL-0003] SiteSize: 460 2720
[INFO GPL-0004] CoreAreaLxLy: 5520 10880
[INFO GPL-0005] CoreAreaUxUy: 229540 233920
[INFO GPL-0006] NumInstances: 3332
[INFO GPL-0007] NumPlaceInstances: 2454
[INFO GPL-0008] NumFixedInstances: 878
[INFO GPL-0009] NumDummyInstances: 0
[INFO GPL-0010] NumNets: 2473
[INFO GPL-0011] NumPins: 8535
[INFO GPL-0012] DieAreaLxLy: 0 0
[INFO GPL-0013] DieAreaUxUy: 235135 245855
[INFO GPL-0014] CoreAreaLxLy: 5520 10880
[INFO GPL-0015] CoreAreaUxUy: 229540 233920
[INFO GPL-0016] CoreArea: 49965420800
[INFO GPL-0017] NonPlaceInstsArea: 1508947200
[INFO GPL-0018] PlaceInstsArea: 25109081600
[INFO GPL-0019] Util(%): 51.82
[INFO GPL-0020] StdInstsArea: 25109081600
[INFO GPL-0021] MacroInstsArea: 0
[InitialPlace]  Iter: 1 CG residual: 0.00001414 HPWL: 57333949
[InitialPlace]  Iter: 2 CG residual: 0.00000134 HPWL: 29228382
[InitialPlace]  Iter: 3 CG residual: 0.00003306 HPWL: 29172420
[InitialPlace]  Iter: 4 CG residual: 0.00000294 HPWL: 29215014
[InitialPlace]  Iter: 5 CG residual: 0.00000322 HPWL: 29161258
[INFO GPL-0031] FillerInit: NumGCells: 2861
[INFO GPL-0032] FillerInit: NumGNets: 2473
[INFO GPL-0033] FillerInit: NumGPins: 8535
[INFO GPL-0023] TargetDensity: 0.60
[INFO GPL-0024] AveragePlaceInstArea: 10231899
[INFO GPL-0025] IdealBinArea: 17053164
[INFO GPL-0026] IdealBinCnt: 2929
[INFO GPL-0027] TotalBinArea: 49965420800
[INFO GPL-0028] BinCnt: 32 32
[INFO GPL-0029] BinSize: 7001 6970
[INFO GPL-0030] NumBins: 1024
[NesterovSolve] Iter: 1 overflow: 0.955751 HPWL: 13019374
[NesterovSolve] Iter: 10 overflow: 0.84189 HPWL: 17237000
[NesterovSolve] Iter: 20 overflow: 0.81827 HPWL: 18015308
[NesterovSolve] Iter: 30 overflow: 0.809985 HPWL: 18098462
[NesterovSolve] Iter: 40 overflow: 0.805673 HPWL: 18078734
[NesterovSolve] Iter: 50 overflow: 0.804495 HPWL: 18129698
[NesterovSolve] Iter: 60 overflow: 0.804095 HPWL: 18129260
[NesterovSolve] Iter: 70 overflow: 0.805261 HPWL: 18090573
[NesterovSolve] Iter: 80 overflow: 0.806214 HPWL: 18098057
[NesterovSolve] Iter: 90 overflow: 0.803675 HPWL: 18126942
[NesterovSolve] Iter: 100 overflow: 0.802386 HPWL: 18140197
[NesterovSolve] Iter: 110 overflow: 0.801793 HPWL: 18148375
[NesterovSolve] Iter: 120 overflow: 0.801281 HPWL: 18163512
[NesterovSolve] Iter: 130 overflow: 0.800641 HPWL: 18202268
[NesterovSolve] Iter: 140 overflow: 0.799141 HPWL: 18278854
[NesterovSolve] Iter: 150 overflow: 0.797029 HPWL: 18402133
[NesterovSolve] Iter: 160 overflow: 0.794133 HPWL: 18586478
[NesterovSolve] Iter: 170 overflow: 0.789138 HPWL: 18871667
[INFO GPL-0100] worst slack 1.65e-09
[INFO GPL-0103] Weighted 236 nets.
[NesterovSolve] Iter: 180 overflow: 0.778805 HPWL: 19783947
[NesterovSolve] Iter: 190 overflow: 0.750282 HPWL: 20821923
[NesterovSolve] Iter: 200 overflow: 0.739429 HPWL: 21384644
[NesterovSolve] Iter: 210 overflow: 0.735193 HPWL: 22099461
[NesterovSolve] Iter: 220 overflow: 0.709093 HPWL: 23378149
[NesterovSolve] Iter: 230 overflow: 0.683897 HPWL: 24919304
[NesterovSolve] Iter: 240 overflow: 0.655575 HPWL: 26451849
[INFO GPL-0100] worst slack 1.64e-09
[INFO GPL-0103] Weighted 235 nets.
[NesterovSolve] Iter: 250 overflow: 0.6196 HPWL: 28027518
[NesterovSolve] Snapshot saved at iter = 255
[NesterovSolve] Iter: 260 overflow: 0.578846 HPWL: 29485267
[NesterovSolve] Iter: 270 overflow: 0.534666 HPWL: 30738460
[NesterovSolve] Iter: 280 overflow: 0.489421 HPWL: 31957018
[INFO GPL-0100] worst slack 1.65e-09
[INFO GPL-0103] Weighted 236 nets.
[NesterovSolve] Iter: 290 overflow: 0.44236 HPWL: 33175641
[NesterovSolve] Iter: 300 overflow: 0.40049 HPWL: 34369542
[NesterovSolve] Iter: 310 overflow: 0.356814 HPWL: 35369435
[NesterovSolve] Iter: 320 overflow: 0.319172 HPWL: 36015975
[INFO GPL-0100] worst slack 1.67e-09
[INFO GPL-0103] Weighted 236 nets.
[NesterovSolve] Iter: 330 overflow: 0.280321 HPWL: 36496917
[NesterovSolve] Iter: 340 overflow: 0.247265 HPWL: 37020252
[NesterovSolve] Iter: 350 overflow: 0.218249 HPWL: 37454702
[INFO GPL-0100] worst slack 1.6e-09
[INFO GPL-0103] Weighted 236 nets.
[INFO GPL-0075] Routability numCall: 1 inflationIterCnt: 1 bloatIterCnt: 0
[INFO GPL-0036] TileLxLy: 0 0
[INFO GPL-0037] TileSize: 6900 6900
[INFO GPL-0038] TileCnt: 34 35
[INFO GPL-0039] numRoutingLayers: 6
[INFO GPL-0040] NumTiles: 1190
[INFO GPL-0063] TotalRouteOverflowH2: 0.20000004768371582
[INFO GPL-0064] TotalRouteOverflowV2: 0.20000004768371582
[INFO GPL-0065] OverflowTileCnt2: 2
[INFO GPL-0066] 0.5%RC: 1.0166666706403096
[INFO GPL-0067] 1.0%RC: 1.0055555568801031
[INFO GPL-0068] 2.0%RC: 1.0028169020800524
[INFO GPL-0069] 5.0%RC: 0.9483050774719756
[INFO GPL-0070] 0.5rcK: 1.0
[INFO GPL-0071] 1.0rcK: 1.0
[INFO GPL-0072] 2.0rcK: 0.0
[INFO GPL-0073] 5.0rcK: 0.0
[INFO GPL-0074] FinalRC: 1.0111111
[NesterovSolve] Iter: 360 overflow: 0.185024 HPWL: 37752780
[NesterovSolve] Iter: 370 overflow: 0.161853 HPWL: 38054554
[INFO GPL-0100] worst slack 1.67e-09
[INFO GPL-0103] Weighted 236 nets.
[NesterovSolve] Iter: 380 overflow: 0.140799 HPWL: 38284367
[NesterovSolve] Iter: 390 overflow: 0.12377 HPWL: 38503265
[NesterovSolve] Iter: 400 overflow: 0.105946 HPWL: 38619787
[NesterovSolve] Finished with Overflow: 0.098872
[INFO] Setting RC values…
Setting global connections for newly added cells…
[INFO] Setting global connections...
Writing OpenROAD database to '/home/jco1147/393_folder/CE493/sv/cordic/runs/RUN_2023-11-15_10-07-41/18-openroad-globalplacement/cordic.odb'…
Writing netlist to '/home/jco1147/393_folder/CE493/sv/cordic/runs/RUN_2023-11-15_10-07-41/18-openroad-globalplacement/cordic.nl.v'…
Writing powered netlist to '/home/jco1147/393_folder/CE493/sv/cordic/runs/RUN_2023-11-15_10-07-41/18-openroad-globalplacement/cordic.pnl.v'…
Writing layout to '/home/jco1147/393_folder/CE493/sv/cordic/runs/RUN_2023-11-15_10-07-41/18-openroad-globalplacement/cordic.def'…
Writing timing constraints to '/home/jco1147/393_folder/CE493/sv/cordic/runs/RUN_2023-11-15_10-07-41/18-openroad-globalplacement/cordic.sdc'…
