
===========================================================================
report_checks -unconstrained
===========================================================================
======================= nom_tt_025C_1v80 Corner ===================================

Startpoint: rstb (input port clocked by clk)
Endpoint: _8431_ (recovery check against rising-edge clock clk')
Path Group: asynchronous
Path Type: max

Fanout         Cap        Slew       Delay        Time   Description
---------------------------------------------------------------------------------------------
                                  0.000000    0.000000   clock clk (rise edge)
                                  0.000000    0.000000   clock network delay (propagated)
                                  2.000000    2.000000 ^ input external delay
     1    0.002186    0.017679    0.008142    2.008142 ^ rstb (in)
                                                         rstb (net)
                      0.017679    0.000000    2.008142 ^ input17/A (sky130_fd_sc_hd__clkbuf_1)
     1    0.002295    0.039997    0.066949    2.075091 ^ input17/X (sky130_fd_sc_hd__clkbuf_1)
                                                         net17 (net)
                      0.039997    0.000000    2.075091 ^ fanout255/A (sky130_fd_sc_hd__clkbuf_2)
     5    0.013761    0.084734    0.131082    2.206172 ^ fanout255/X (sky130_fd_sc_hd__clkbuf_2)
                                                         net255 (net)
                      0.084734    0.000000    2.206172 ^ fanout252/A (sky130_fd_sc_hd__clkbuf_4)
    10    0.036332    0.120796    0.204158    2.410331 ^ fanout252/X (sky130_fd_sc_hd__clkbuf_4)
                                                         net252 (net)
                      0.120796    0.000000    2.410331 ^ _8431_/RESET_B (sky130_fd_sc_hd__dfrtp_4)
                                              2.410331   data arrival time

                                  5.000000    5.000000   clock clk' (rise edge)
                                  0.000000    5.000000   clock source latency
     1    0.006900    0.018164    0.011143    5.011143 v clk (in)
                                                         clk (net)
                      0.018164    0.000000    5.011143 v clkbuf_0_clk/A (sky130_fd_sc_hd__clkbuf_16)
     4    0.027600    0.040881    0.141282    5.152424 v clkbuf_0_clk/X (sky130_fd_sc_hd__clkbuf_16)
                                                         clknet_0_clk (net)
                      0.040881    0.000000    5.152424 v clkbuf_2_0__f_clk/A (sky130_fd_sc_hd__clkbuf_16)
     7    0.029932    0.042209    0.152768    5.305192 v clkbuf_2_0__f_clk/X (sky130_fd_sc_hd__clkbuf_16)
                                                         clknet_2_0__leaf_clk (net)
                      0.042209    0.000000    5.305192 v _8399__16/A (sky130_fd_sc_hd__inv_2)
     1    0.001870    0.019908    0.035727    5.340919 ^ _8399__16/Y (sky130_fd_sc_hd__inv_2)
                                                         net337 (net)
                      0.019908    0.000000    5.340919 ^ _8431_/CLK (sky130_fd_sc_hd__dfrtp_4)
                                 -0.250000    5.090919   clock uncertainty
                                  0.000000    5.090919   clock reconvergence pessimism
                                  0.184807    5.275725   library recovery time
                                              5.275725   data required time
---------------------------------------------------------------------------------------------
                                              5.275725   data required time
                                             -2.410331   data arrival time
---------------------------------------------------------------------------------------------
                                              2.865394   slack (MET)


Startpoint: periodTop[1] (input port clocked by clk)
Endpoint: _8421_ (rising edge-triggered flip-flop clocked by clk')
Path Group: clk
Path Type: max

Fanout         Cap        Slew       Delay        Time   Description
---------------------------------------------------------------------------------------------
                                  0.000000    0.000000   clock clk (rise edge)
                                  0.000000    0.000000   clock network delay (propagated)
                                  2.000000    2.000000 v input external delay
     1    0.002015    0.007078    0.003088    2.003088 v periodTop[1] (in)
                                                         periodTop[1] (net)
                      0.007078    0.000000    2.003088 v input8/A (sky130_fd_sc_hd__buf_1)
     1    0.001984    0.023129    0.067213    2.070301 v input8/X (sky130_fd_sc_hd__buf_1)
                                                         net8 (net)
                      0.023129    0.000000    2.070301 v fanout97/A (sky130_fd_sc_hd__clkbuf_4)
     5    0.009298    0.038020    0.130910    2.201211 v fanout97/X (sky130_fd_sc_hd__clkbuf_4)
                                                         net97 (net)
                      0.038020    0.000000    2.201211 v fanout96/A (sky130_fd_sc_hd__clkbuf_2)
     5    0.010160    0.049022    0.118584    2.319795 v fanout96/X (sky130_fd_sc_hd__clkbuf_2)
                                                         net96 (net)
                      0.049022    0.000000    2.319795 v fanout95/A (sky130_fd_sc_hd__clkbuf_4)
    10    0.022285    0.060379    0.166251    2.486046 v fanout95/X (sky130_fd_sc_hd__clkbuf_4)
                                                         net95 (net)
                      0.060379    0.000000    2.486046 v _4206_/B (sky130_fd_sc_hd__or3_1)
     4    0.008101    0.097660    0.385229    2.871274 v _4206_/X (sky130_fd_sc_hd__or3_1)
                                                         _0723_ (net)
                      0.097660    0.000000    2.871274 v _4207_/B (sky130_fd_sc_hd__or2_1)
     3    0.005846    0.064261    0.240590    3.111864 v _4207_/X (sky130_fd_sc_hd__or2_1)
                                                         _0734_ (net)
                      0.064261    0.000000    3.111864 v _4208_/B (sky130_fd_sc_hd__or2_1)
     5    0.011827    0.090738    0.258350    3.370214 v _4208_/X (sky130_fd_sc_hd__or2_1)
                                                         _0745_ (net)
                      0.090738    0.000000    3.370214 v _4209_/C (sky130_fd_sc_hd__or3_2)
     5    0.011839    0.109896    0.469307    3.839521 v _4209_/X (sky130_fd_sc_hd__or3_2)
                                                         _0756_ (net)
                      0.109896    0.000000    3.839521 v _4210_/C (sky130_fd_sc_hd__or3_1)
     4    0.007359    0.093384    0.358565    4.198086 v _4210_/X (sky130_fd_sc_hd__or3_1)
                                                         _0767_ (net)
                      0.093384    0.000000    4.198086 v _4211_/B (sky130_fd_sc_hd__or2_1)
     5    0.011839    0.090683    0.269659    4.467744 v _4211_/X (sky130_fd_sc_hd__or2_1)
                                                         _0778_ (net)
                      0.090683    0.000000    4.467744 v _4212_/C (sky130_fd_sc_hd__or3_1)
     3    0.005846    0.084646    0.340587    4.808331 v _4212_/X (sky130_fd_sc_hd__or3_1)
                                                         _0789_ (net)
                      0.084646    0.000000    4.808331 v _4213_/B (sky130_fd_sc_hd__or2_1)
     5    0.009589    0.081579    0.256635    5.064966 v _4213_/X (sky130_fd_sc_hd__or2_1)
                                                         _0800_ (net)
                      0.081579    0.000000    5.064966 v _4269_/A2 (sky130_fd_sc_hd__o211a_1)
     1    0.002207    0.036725    0.208511    5.273477 v _4269_/X (sky130_fd_sc_hd__o211a_1)
                                                         _1415_ (net)
                      0.036725    0.000000    5.273477 v _4272_/B1 (sky130_fd_sc_hd__a211o_1)
     1    0.001505    0.040758    0.246268    5.519745 v _4272_/X (sky130_fd_sc_hd__a211o_1)
                                                         _1448_ (net)
                      0.040758    0.000000    5.519745 v _4280_/A0 (sky130_fd_sc_hd__mux2_1)
     1    0.002142    0.052647    0.269079    5.788825 v _4280_/X (sky130_fd_sc_hd__mux2_1)
                                                         _1536_ (net)
                      0.052647    0.000000    5.788825 v _4281_/C1 (sky130_fd_sc_hd__a211o_1)
     2    0.004583    0.057948    0.234364    6.023188 v _4281_/X (sky130_fd_sc_hd__a211o_1)
                                                         _1547_ (net)
                      0.057948    0.000000    6.023188 v _4289_/A2 (sky130_fd_sc_hd__a21bo_1)
     1    0.001647    0.029952    0.181045    6.204233 v _4289_/X (sky130_fd_sc_hd__a21bo_1)
                                                         _1635_ (net)
                      0.029952    0.000000    6.204233 v _4290_/A (sky130_fd_sc_hd__buf_2)
     6    0.024631    0.069796    0.156097    6.360330 v _4290_/X (sky130_fd_sc_hd__buf_2)
                                                         _1646_ (net)
                      0.069796    0.000000    6.360330 v _4291_/A (sky130_fd_sc_hd__buf_4)
    10    0.044710    0.070884    0.190949    6.551280 v _4291_/X (sky130_fd_sc_hd__buf_4)
                                                         _1657_ (net)
                      0.070884    0.000000    6.551280 v _4301_/B (sky130_fd_sc_hd__xnor2_1)
     1    0.001949    0.040357    0.123077    6.674356 v _4301_/Y (sky130_fd_sc_hd__xnor2_1)
                                                         _0054_ (net)
                      0.040357    0.000000    6.674356 v _8421_/D (sky130_fd_sc_hd__dfrtp_1)
                                              6.674356   data arrival time

                                  5.000000    5.000000   clock clk' (rise edge)
                                  0.000000    5.000000   clock source latency
     1    0.006900    0.018164    0.011143    5.011143 v clk (in)
                                                         clk (net)
                      0.018164    0.000000    5.011143 v clkbuf_0_clk/A (sky130_fd_sc_hd__clkbuf_16)
     4    0.027600    0.040881    0.141282    5.152424 v clkbuf_0_clk/X (sky130_fd_sc_hd__clkbuf_16)
                                                         clknet_0_clk (net)
                      0.040881    0.000000    5.152424 v clkbuf_2_1__f_clk/A (sky130_fd_sc_hd__clkbuf_16)
     6    0.025656    0.039696    0.149873    5.302298 v clkbuf_2_1__f_clk/X (sky130_fd_sc_hd__clkbuf_16)
                                                         clknet_2_1__leaf_clk (net)
                      0.039696    0.000000    5.302298 v _8389__6/A (sky130_fd_sc_hd__inv_2)
     1    0.001871    0.019454    0.034686    5.336984 ^ _8389__6/Y (sky130_fd_sc_hd__inv_2)
                                                         net327 (net)
                      0.019454    0.000000    5.336984 ^ _8421_/CLK (sky130_fd_sc_hd__dfrtp_1)
                                 -0.250000    5.086984   clock uncertainty
                                  0.000000    5.086984   clock reconvergence pessimism
                                 -0.118090    4.968894   library setup time
                                              4.968894   data required time
---------------------------------------------------------------------------------------------
                                              4.968894   data required time
                                             -6.674356   data arrival time
---------------------------------------------------------------------------------------------
                                             -1.705462   slack (VIOLATED)




===========================================================================
report_checks --slack_max -0.01
============================================================================
======================= nom_tt_025C_1v80 Corner ===================================

Startpoint: periodTop[1] (input port clocked by clk)
Endpoint: _8421_ (rising edge-triggered flip-flop clocked by clk')
Path Group: clk
Path Type: max

Fanout         Cap        Slew       Delay        Time   Description
---------------------------------------------------------------------------------------------
                                  0.000000    0.000000   clock clk (rise edge)
                                  0.000000    0.000000   clock network delay (propagated)
                                  2.000000    2.000000 v input external delay
     1    0.002015    0.007078    0.003088    2.003088 v periodTop[1] (in)
                                                         periodTop[1] (net)
                      0.007078    0.000000    2.003088 v input8/A (sky130_fd_sc_hd__buf_1)
     1    0.001984    0.023129    0.067213    2.070301 v input8/X (sky130_fd_sc_hd__buf_1)
                                                         net8 (net)
                      0.023129    0.000000    2.070301 v fanout97/A (sky130_fd_sc_hd__clkbuf_4)
     5    0.009298    0.038020    0.130910    2.201211 v fanout97/X (sky130_fd_sc_hd__clkbuf_4)
                                                         net97 (net)
                      0.038020    0.000000    2.201211 v fanout96/A (sky130_fd_sc_hd__clkbuf_2)
     5    0.010160    0.049022    0.118584    2.319795 v fanout96/X (sky130_fd_sc_hd__clkbuf_2)
                                                         net96 (net)
                      0.049022    0.000000    2.319795 v fanout95/A (sky130_fd_sc_hd__clkbuf_4)
    10    0.022285    0.060379    0.166251    2.486046 v fanout95/X (sky130_fd_sc_hd__clkbuf_4)
                                                         net95 (net)
                      0.060379    0.000000    2.486046 v _4206_/B (sky130_fd_sc_hd__or3_1)
     4    0.008101    0.097660    0.385229    2.871274 v _4206_/X (sky130_fd_sc_hd__or3_1)
                                                         _0723_ (net)
                      0.097660    0.000000    2.871274 v _4207_/B (sky130_fd_sc_hd__or2_1)
     3    0.005846    0.064261    0.240590    3.111864 v _4207_/X (sky130_fd_sc_hd__or2_1)
                                                         _0734_ (net)
                      0.064261    0.000000    3.111864 v _4208_/B (sky130_fd_sc_hd__or2_1)
     5    0.011827    0.090738    0.258350    3.370214 v _4208_/X (sky130_fd_sc_hd__or2_1)
                                                         _0745_ (net)
                      0.090738    0.000000    3.370214 v _4209_/C (sky130_fd_sc_hd__or3_2)
     5    0.011839    0.109896    0.469307    3.839521 v _4209_/X (sky130_fd_sc_hd__or3_2)
                                                         _0756_ (net)
                      0.109896    0.000000    3.839521 v _4210_/C (sky130_fd_sc_hd__or3_1)
     4    0.007359    0.093384    0.358565    4.198086 v _4210_/X (sky130_fd_sc_hd__or3_1)
                                                         _0767_ (net)
                      0.093384    0.000000    4.198086 v _4211_/B (sky130_fd_sc_hd__or2_1)
     5    0.011839    0.090683    0.269659    4.467744 v _4211_/X (sky130_fd_sc_hd__or2_1)
                                                         _0778_ (net)
                      0.090683    0.000000    4.467744 v _4212_/C (sky130_fd_sc_hd__or3_1)
     3    0.005846    0.084646    0.340587    4.808331 v _4212_/X (sky130_fd_sc_hd__or3_1)
                                                         _0789_ (net)
                      0.084646    0.000000    4.808331 v _4213_/B (sky130_fd_sc_hd__or2_1)
     5    0.009589    0.081579    0.256635    5.064966 v _4213_/X (sky130_fd_sc_hd__or2_1)
                                                         _0800_ (net)
                      0.081579    0.000000    5.064966 v _4269_/A2 (sky130_fd_sc_hd__o211a_1)
     1    0.002207    0.036725    0.208511    5.273477 v _4269_/X (sky130_fd_sc_hd__o211a_1)
                                                         _1415_ (net)
                      0.036725    0.000000    5.273477 v _4272_/B1 (sky130_fd_sc_hd__a211o_1)
     1    0.001505    0.040758    0.246268    5.519745 v _4272_/X (sky130_fd_sc_hd__a211o_1)
                                                         _1448_ (net)
                      0.040758    0.000000    5.519745 v _4280_/A0 (sky130_fd_sc_hd__mux2_1)
     1    0.002142    0.052647    0.269079    5.788825 v _4280_/X (sky130_fd_sc_hd__mux2_1)
                                                         _1536_ (net)
                      0.052647    0.000000    5.788825 v _4281_/C1 (sky130_fd_sc_hd__a211o_1)
     2    0.004583    0.057948    0.234364    6.023188 v _4281_/X (sky130_fd_sc_hd__a211o_1)
                                                         _1547_ (net)
                      0.057948    0.000000    6.023188 v _4289_/A2 (sky130_fd_sc_hd__a21bo_1)
     1    0.001647    0.029952    0.181045    6.204233 v _4289_/X (sky130_fd_sc_hd__a21bo_1)
                                                         _1635_ (net)
                      0.029952    0.000000    6.204233 v _4290_/A (sky130_fd_sc_hd__buf_2)
     6    0.024631    0.069796    0.156097    6.360330 v _4290_/X (sky130_fd_sc_hd__buf_2)
                                                         _1646_ (net)
                      0.069796    0.000000    6.360330 v _4291_/A (sky130_fd_sc_hd__buf_4)
    10    0.044710    0.070884    0.190949    6.551280 v _4291_/X (sky130_fd_sc_hd__buf_4)
                                                         _1657_ (net)
                      0.070884    0.000000    6.551280 v _4301_/B (sky130_fd_sc_hd__xnor2_1)
     1    0.001949    0.040357    0.123077    6.674356 v _4301_/Y (sky130_fd_sc_hd__xnor2_1)
                                                         _0054_ (net)
                      0.040357    0.000000    6.674356 v _8421_/D (sky130_fd_sc_hd__dfrtp_1)
                                              6.674356   data arrival time

                                  5.000000    5.000000   clock clk' (rise edge)
                                  0.000000    5.000000   clock source latency
     1    0.006900    0.018164    0.011143    5.011143 v clk (in)
                                                         clk (net)
                      0.018164    0.000000    5.011143 v clkbuf_0_clk/A (sky130_fd_sc_hd__clkbuf_16)
     4    0.027600    0.040881    0.141282    5.152424 v clkbuf_0_clk/X (sky130_fd_sc_hd__clkbuf_16)
                                                         clknet_0_clk (net)
                      0.040881    0.000000    5.152424 v clkbuf_2_1__f_clk/A (sky130_fd_sc_hd__clkbuf_16)
     6    0.025656    0.039696    0.149873    5.302298 v clkbuf_2_1__f_clk/X (sky130_fd_sc_hd__clkbuf_16)
                                                         clknet_2_1__leaf_clk (net)
                      0.039696    0.000000    5.302298 v _8389__6/A (sky130_fd_sc_hd__inv_2)
     1    0.001871    0.019454    0.034686    5.336984 ^ _8389__6/Y (sky130_fd_sc_hd__inv_2)
                                                         net327 (net)
                      0.019454    0.000000    5.336984 ^ _8421_/CLK (sky130_fd_sc_hd__dfrtp_1)
                                 -0.250000    5.086984   clock uncertainty
                                  0.000000    5.086984   clock reconvergence pessimism
                                 -0.118090    4.968894   library setup time
                                              4.968894   data required time
---------------------------------------------------------------------------------------------
                                              4.968894   data required time
                                             -6.674356   data arrival time
---------------------------------------------------------------------------------------------
                                             -1.705462   slack (VIOLATED)




===========================================================================
 report_check_types -max_slew -max_cap -max_fanout -violators
============================================================================
======================= nom_tt_025C_1v80 Corner ===================================



===========================================================================
report_parasitic_annotation -report_unannotated
============================================================================
Found 4699 unannotated drivers.
 clk
 periodTop[0]
 periodTop[10]
 periodTop[11]
 periodTop[12]
 periodTop[13]
 periodTop[14]
 periodTop[15]
 periodTop[1]
 periodTop[2]
 periodTop[3]
 periodTop[4]
 periodTop[5]
 periodTop[6]
 periodTop[7]
 periodTop[8]
 periodTop[9]
 rstb
 vA[0]
 vA[10]
 vA[11]
 vA[12]
 vA[13]
 vA[14]
 vA[15]
 vA[1]
 vA[2]
 vA[3]
 vA[4]
 vA[5]
 vA[6]
 vA[7]
 vA[8]
 vA[9]
 vB[0]
 vB[10]
 vB[11]
 vB[12]
 vB[13]
 vB[14]
 vB[15]
 vB[1]
 vB[2]
 vB[3]
 vB[4]
 vB[5]
 vB[6]
 vB[7]
 vB[8]
 vB[9]
 vC[0]
 vC[10]
 vC[11]
 vC[12]
 vC[13]
 vC[14]
 vC[15]
 vC[1]
 vC[2]
 vC[3]
 vC[4]
 vC[5]
 vC[6]
 vC[7]
 vC[8]
 vC[9]
 _4206_/X
 _4207_/X
 _4208_/X
 _4209_/X
 _4210_/X
 _4211_/X
 _4212_/X
 _4213_/X
 _4214_/Y
 _4215_/X
 _4216_/Y
 _4217_/X
 _4218_/Y
 _4219_/Y
 _4220_/X
 _4221_/Y
 _4222_/Y
 _4223_/X
 _4224_/Y
 _4225_/X
 _4226_/Y
 _4227_/Y
 _4228_/Y
 _4229_/Y
 _4230_/X
 _4231_/Y
 _4232_/X
 _4233_/Y
 _4234_/Y
 _4235_/X
 _4236_/Y
 _4237_/Y
 _4238_/Y
 _4239_/Y
 _4240_/X
 _4241_/Y
 _4242_/X
 _4243_/Y
 _4244_/Y
 _4245_/Y
 _4246_/Y
 _4247_/X
 _4248_/Y
 _4249_/Y
 _4250_/X
 _4251_/Y
 _4252_/X
 _4253_/X
 _4254_/Y
 _4255_/X
 _4256_/X
 _4257_/Y
 _4258_/Y
 _4259_/X
 _4260_/X
 _4261_/X
 _4262_/X
 _4263_/X
 _4264_/X
 _4265_/X
 _4266_/X
 _4267_/Y
 _4268_/Y
 _4269_/X
 _4270_/Y
 _4271_/X
 _4272_/X
 _4273_/Y
 _4274_/X
 _4275_/X
 _4276_/X
 _4277_/X
 _4278_/X
 _4279_/X
 _4280_/X
 _4281_/X
 _4282_/X
 _4283_/X
 _4284_/X
 _4285_/X
 _4286_/X
 _4287_/Y
 _4288_/Y
 _4289_/X
 _4290_/X
 _4291_/X
 _4292_/Y
 _4293_/Y
 _4294_/Y
 _4295_/Y
 _4296_/Y
 _4297_/Y
 _4298_/Y
 _4299_/Y
 _4300_/Y
 _4301_/Y
 _4302_/Y
 _4303_/Y
 _4304_/Y
 _4305_/Y
 _4306_/Y
 _4307_/Y
 _4308_/X
 _4309_/Y
 _4310_/Y
 _4311_/X
 _4312_/Y
 _4313_/X
 _4314_/Y
 _4315_/Y
 _4316_/Y
 _4317_/X
 _4318_/X
 _4319_/X
 _4320_/Y
 _4321_/Y
 _4322_/Y
 _4323_/Y
 _4324_/X
 _4325_/X
 _4326_/X
 _4327_/Y
 _4328_/Y
 _4329_/X
 _4330_/Y
 _4331_/X
 _4332_/X
 _4333_/Y
 _4334_/Y
 _4335_/Y
 _4336_/X
 _4337_/X
 _4338_/Y
 _4339_/Y
 _4340_/Y
 _4341_/Y
 _4342_/Y
 _4343_/Y
 _4344_/X
 _4345_/X
 _4346_/Y
 _4347_/X
 _4348_/Y
 _4349_/Y
 _4350_/X
 _4351_/X
 _4352_/X
 _4353_/Y
 _4354_/X
 _4355_/Y
 _4356_/Y
 _4357_/X
 _4358_/Y
 _4359_/Y
 _4360_/Y
 _4361_/X
 _4362_/X
 _4363_/Y
 _4364_/Y
 _4365_/Y
 _4366_/Y
 _4367_/X
 _4368_/X
 _4369_/X
 _4370_/Y
 _4371_/Y
 _4372_/Y
 _4373_/Y
 _4374_/X
 _4375_/Y
 _4376_/Y
 _4377_/X
 _4378_/Y
 _4379_/X
 _4380_/Y
 _4381_/X
 _4382_/X
 _4383_/X
 _4384_/X
 _4385_/Y
 _4386_/X
 _4387_/X
 _4388_/Y
 _4389_/X
 _4390_/Y
 _4391_/X
 _4392_/X
 _4393_/X
 _4394_/X
 _4395_/X
 _4396_/Y
 _4397_/Y
 _4398_/Y
 _4399_/X
 _4400_/X
 _4401_/X
 _4402_/Y
 _4403_/X
 _4404_/X
 _4405_/X
 _4406_/Y
 _4407_/Y
 _4408_/Y
 _4409_/X
 _4410_/Y
 _4411_/Y
 _4412_/X
 _4413_/X
 _4414_/Y
 _4415_/Y
 _4416_/Y
 _4417_/X
 _4418_/Y
 _4419_/X
 _4420_/X
 _4421_/X
 _4422_/X
 _4423_/X
 _4424_/Y
 _4425_/Y
 _4426_/Y
 _4427_/Y
 _4428_/Y
 _4429_/X
 _4430_/Y
 _4431_/X
 _4432_/Y
 _4433_/Y
 _4434_/X
 _4435_/X
 _4436_/X
 _4437_/Y
 _4438_/X
 _4439_/Y
 _4440_/X
 _4441_/X
 _4442_/X
 _4443_/X
 _4444_/Y
 _4445_/Y
 _4446_/Y
 _4447_/X
 _4448_/X
 _4449_/X
 _4450_/Y
 _4451_/Y
 _4452_/Y
 _4453_/X
 _4454_/Y
 _4455_/X
 _4456_/X
 _4457_/X
 _4458_/Y
 _4459_/Y
 _4460_/Y
 _4461_/Y
 _4462_/X
 _4463_/X
 _4464_/Y
 _4465_/X
 _4466_/Y
 _4467_/X
 _4468_/X
 _4469_/Y
 _4470_/X
 _4471_/X
 _4472_/X
 _4473_/X
 _4474_/X
 _4475_/Y
 _4476_/X
 _4477_/Y
 _4478_/X
 _4479_/X
 _4480_/X
 _4481_/Y
 _4482_/Y
 _4483_/X
 _4484_/X
 _4485_/Y
 _4486_/X
 _4487_/Y
 _4488_/X
 _4489_/Y
 _4490_/X
 _4491_/Y
 _4492_/X
 _4493_/X
 _4494_/Y
 _4495_/X
 _4496_/Y
 _4497_/X
 _4498_/Y
 _4499_/X
 _4500_/Y
 _4501_/Y
 _4502_/X
 _4503_/X
 _4504_/X
 _4505_/X
 _4506_/Y
 _4507_/X
 _4508_/X
 _4509_/Y
 _4510_/X
 _4511_/X
 _4512_/X
 _4513_/Y
 _4514_/Y
 _4515_/Y
 _4516_/Y
 _4517_/Y
 _4518_/X
 _4519_/Y
 _4520_/Y
 _4521_/Y
 _4522_/X
 _4523_/Y
 _4524_/Y
 _4525_/X
 _4526_/Y
 _4527_/Y
 _4528_/X
 _4529_/Y
 _4530_/Y
 _4531_/Y
 _4532_/Y
 _4533_/Y
 _4534_/X
 _4535_/Y
 _4536_/X
 _4537_/Y
 _4538_/Y
 _4539_/Y
 _4540_/X
 _4541_/X
 _4542_/Y
 _4543_/Y
 _4544_/X
 _4545_/Y
 _4546_/X
 _4547_/Y
 _4548_/X
 _4549_/Y
 _4550_/Y
 _4551_/Y
 _4552_/X
 _4553_/Y
 _4554_/Y
 _4555_/Y
 _4556_/Y
 _4557_/X
 _4558_/Y
 _4559_/X
 _4560_/Y
 _4561_/X
 _4562_/X
 _4563_/X
 _4564_/X
 _4565_/Y
 _4566_/X
 _4567_/X
 _4568_/Y
 _4569_/X
 _4570_/Y
 _4571_/X
 _4572_/X
 _4573_/X
 _4574_/Y
 _4575_/Y
 _4576_/Y
 _4577_/X
 _4578_/X
 _4579_/X
 _4580_/Y
 _4581_/Y
 _4582_/X
 _4583_/Y
 _4584_/X
 _4585_/Y
 _4586_/X
 _4587_/Y
 _4588_/Y
 _4589_/Y
 _4590_/X
 _4591_/X
 _4592_/Y
 _4593_/Y
 _4594_/X
 _4595_/X
 _4596_/X
 _4597_/X
 _4598_/Y
 _4599_/Y
 _4600_/Y
 _4601_/Y
 _4602_/Y
 _4603_/X
 _4604_/X
 _4605_/X
 _4606_/X
 _4607_/Y
 _4608_/X
 _4609_/X
 _4610_/Y
 _4611_/X
 _4612_/Y
 _4613_/Y
 _4614_/X
 _4615_/Y
 _4616_/Y
 _4617_/X
 _4618_/Y
 _4619_/Y
 _4620_/Y
 _4621_/X
 _4622_/Y
 _4623_/X
 _4624_/X
 _4625_/Y
 _4626_/X
 _4627_/X
 _4628_/Y
 _4629_/Y
 _4630_/X
 _4631_/Y
 _4632_/Y
 _4633_/Y
 _4634_/Y
 _4635_/X
 _4636_/Y
 _4637_/X
 _4638_/Y
 _4639_/Y
 _4640_/X
 _4641_/Y
 _4642_/X
 _4643_/X
 _4644_/Y
 _4645_/Y
 _4646_/Y
 _4647_/X
 _4648_/X
 _4649_/X
 _4650_/X
 _4651_/Y
 _4652_/Y
 _4653_/X
 _4654_/X
 _4655_/X
 _4656_/Y
 _4657_/X
 _4658_/Y
 _4659_/Y
 _4660_/Y
 _4661_/Y
 _4662_/X
 _4663_/X
 _4664_/Y
 _4665_/Y
 _4666_/X
 _4667_/X
 _4668_/X
 _4669_/X
 _4670_/X
 _4671_/Y
 _4672_/Y
 _4673_/X
 _4674_/X
 _4675_/Y
 _4676_/Y
 _4677_/Y
 _4678_/Y
 _4679_/X
 _4680_/X
 _4681_/X
 _4682_/Y
 _4683_/X
 _4684_/Y
 _4685_/Y
 _4686_/X
 _4687_/Y
 _4688_/Y
 _4689_/Y
 _4690_/Y
 _4691_/Y
 _4692_/X
 _4693_/X
 _4694_/Y
 _4695_/Y
 _4696_/Y
 _4697_/Y
 _4698_/X
 _4699_/Y
 _4700_/Y
 _4701_/X
 _4702_/Y
 _4703_/X
 _4704_/Y
 _4705_/X
 _4706_/Y
 _4707_/Y
 _4708_/X
 _4709_/Y
 _4710_/X
 _4711_/Y
 _4712_/Y
 _4713_/X
 _4714_/X
 _4715_/X
 _4716_/X
 _4717_/X
 _4718_/Y
 _4719_/X
 _4720_/Y
 _4721_/X
 _4722_/Y
 _4723_/X
 _4724_/Y
 _4725_/X
 _4726_/X
 _4727_/Y
 _4728_/X
 _4729_/Y
 _4730_/Y
 _4731_/X
 _4732_/Y
 _4733_/Y
 _4734_/Y
 _4735_/X
 _4736_/Y
 _4737_/X
 _4738_/Y
 _4739_/X
 _4740_/Y
 _4741_/Y
 _4742_/X
 _4743_/X
 _4744_/X
 _4745_/X
 _4746_/X
 _4747_/X
 _4748_/X
 _4749_/Y
 _4750_/X
 _4751_/Y
 _4752_/X
 _4753_/Y
 _4754_/X
 _4755_/X
 _4756_/X
 _4757_/Y
 _4758_/X
 _4759_/Y
 _4760_/Y
 _4761_/X
 _4762_/X
 _4763_/X
 _4764_/Y
 _4765_/Y
 _4766_/Y
 _4767_/X
 _4768_/X
 _4769_/Y
 _4770_/Y
 _4771_/Y
 _4772_/Y
 _4773_/Y
 _4774_/X
 _4775_/Y
 _4776_/Y
 _4777_/Y
 _4778_/Y
 _4779_/X
 _4780_/Y
 _4781_/Y
 _4782_/Y
 _4783_/Y
 _4784_/X
 _4785_/Y
 _4786_/Y
 _4787_/Y
 _4788_/Y
 _4789_/X
 _4790_/X
 _4791_/Y
 _4792_/X
 _4793_/X
 _4794_/X
 _4795_/X
 _4796_/Y
 _4797_/X
 _4798_/X
 _4799_/Y
 _4800_/X
 _4801_/Y
 _4802_/X
 _4803_/Y
 _4804_/X
 _4805_/Y
 _4806_/Y
 _4807_/Y
 _4808_/X
 _4809_/X
 _4810_/Y
 _4811_/Y
 _4812_/Y
 _4813_/Y
 _4814_/X
 _4815_/Y
 _4816_/Y
 _4817_/X
 _4818_/Y
 _4819_/X
 _4820_/X
 _4821_/X
 _4822_/Y
 _4823_/X
 _4824_/X
 _4825_/X
 _4826_/Y
 _4827_/X
 _4828_/Y
 _4829_/Y
 _4830_/X
 _4831_/X
 _4832_/Y
 _4833_/Y
 _4834_/Y
 _4835_/Y
 _4836_/Y
 _4837_/X
 _4838_/Y
 _4839_/Y
 _4840_/Y
 _4841_/Y
 _4842_/X
 _4843_/Y
 _4844_/Y
 _4845_/Y
 _4846_/Y
 _4847_/X
 _4848_/X
 _4849_/Y
 _4850_/Y
 _4851_/Y
 _4852_/Y
 _4853_/X
 _4854_/Y
 _4855_/Y
 _4856_/X
 _4857_/X
 _4858_/X
 _4859_/X
 _4860_/X
 _4861_/X
 _4862_/X
 _4863_/X
 _4864_/Y
 _4865_/X
 _4866_/Y
 _4867_/Y
 _4868_/X
 _4869_/X
 _4870_/Y
 _4871_/Y
 _4872_/Y
 _4873_/X
 _4874_/X
 _4875_/Y
 _4876_/Y
 _4877_/Y
 _4878_/Y
 _4879_/Y
 _4880_/X
 _4881_/Y
 _4882_/X
 _4883_/X
 _4884_/X
 _4885_/X
 _4886_/Y
 _4887_/X
 _4888_/Y
 _4889_/Y
 _4890_/X
 _4891_/Y
 _4892_/Y
 _4893_/Y
 _4894_/Y
 _4895_/Y
 _4896_/X
 _4897_/X
 _4898_/Y
 _4899_/Y
 _4900_/Y
 _4901_/Y
 _4902_/X
 _4903_/Y
 _4904_/Y
 _4905_/Y
 _4906_/Y
 _4907_/Y
 _4908_/X
 _4909_/Y
 _4910_/Y
 _4911_/X
 _4912_/X
 _4913_/Y
 _4914_/X
 _4915_/Y
 _4916_/X
 _4917_/X
 _4918_/X
 _4919_/Y
 _4920_/Y
 _4921_/X
 _4922_/Y
 _4923_/X
 _4924_/X
 _4925_/X
 _4926_/Y
 _4927_/Y
 _4928_/X
 _4929_/X
 _4930_/Y
 _4931_/Y
 _4932_/X
 _4933_/X
 _4934_/Y
 _4935_/Y
 _4936_/X
 _4937_/Y
 _4938_/Y
 _4939_/X
 _4940_/Y
 _4941_/Y
 _4942_/X
 _4943_/Y
 _4944_/Y
 _4945_/Y
 _4946_/Y
 _4947_/X
 _4948_/X
 _4949_/Y
 _4950_/Y
 _4951_/Y
 _4952_/Y
 _4953_/X
 _4954_/Y
 _4955_/X
 _4956_/X
 _4957_/Y
 _4958_/Y
 _4959_/Y
 _4960_/X
 _4961_/Y
 _4962_/X
 _4963_/Y
 _4964_/Y
 _4965_/Y
 _4966_/X
 _4967_/X
 _4968_/X
 _4969_/Y
 _4970_/X
 _4971_/Y
 _4972_/Y
 _4973_/X
 _4974_/Y
 _4975_/X
 _4976_/X
 _4977_/X
 _4978_/Y
 _4979_/Y
 _4980_/Y
 _4981_/Y
 _4982_/Y
 _4983_/X
 _4984_/X
 _4985_/X
 _4986_/Y
 _4987_/X
 _4988_/X
 _4989_/X
 _4990_/X
 _4991_/Y
 _4992_/X
 _4993_/Y
 _4994_/X
 _4995_/Y
 _4996_/Y
 _4997_/Y
 _4998_/Y
 _4999_/X
 _5000_/X
 _5001_/X
 _5002_/Y
 _5003_/X
 _5004_/Y
 _5005_/Y
 _5006_/Y
 _5007_/X
 _5008_/X
 _5009_/Y
 _5010_/Y
 _5011_/Y
 _5012_/Y
 _5013_/Y
 _5014_/X
 _5015_/X
 _5016_/X
 _5017_/X
 _5018_/X
 _5019_/Y
 _5020_/Y
 _5021_/Y
 _5022_/Y
 _5023_/Y
 _5024_/X
 _5025_/X
 _5026_/X
 _5027_/X
 _5028_/X
 _5029_/X
 _5030_/X
 _5031_/Y
 _5032_/X
 _5033_/Y
 _5034_/Y
 _5035_/X
 _5036_/X
 _5037_/Y
 _5038_/Y
 _5039_/X
 _5040_/Y
 _5041_/Y
 _5042_/X
 _5043_/X
 _5044_/X
 _5045_/Y
 _5046_/Y
 _5047_/Y
 _5048_/Y
 _5049_/X
 _5050_/Y
 _5051_/Y
 _5052_/X
 _5053_/X
 _5054_/Y
 _5055_/Y
 _5056_/X
 _5057_/X
 _5058_/Y
 _5059_/X
 _5060_/Y
 _5061_/Y
 _5062_/X
 _5063_/X
 _5064_/X
 _5065_/Y
 _5066_/X
 _5067_/Y
 _5068_/Y
 _5069_/X
 _5070_/Y
 _5071_/Y
 _5072_/Y
 _5073_/X
 _5074_/X
 _5075_/Y
 _5076_/Y
 _5077_/X
 _5078_/X
 _5079_/Y
 _5080_/Y
 _5081_/Y
 _5082_/X
 _5083_/X
 _5084_/Y
 _5085_/Y
 _5086_/X
 _5087_/X
 _5088_/Y
 _5089_/Y
 _5090_/Y
 _5091_/X
 _5092_/X
 _5093_/X
 _5094_/Y
 _5095_/X
 _5096_/Y
 _5097_/Y
 _5098_/X
 _5099_/Y
 _5100_/Y
 _5101_/Y
 _5102_/X
 _5103_/Y
 _5104_/Y
 _5105_/X
 _5106_/X
 _5107_/Y
 _5108_/Y
 _5109_/X
 _5110_/Y
 _5111_/Y
 _5112_/X
 _5113_/X
 _5114_/X
 _5115_/X
 _5116_/Y
 _5117_/Y
 _5118_/X
 _5119_/Y
 _5120_/X
 _5121_/X
 _5122_/Y
 _5123_/Y
 _5124_/Y
 _5125_/X
 _5126_/X
 _5127_/X
 _5128_/Y
 _5129_/X
 _5130_/X
 _5131_/X
 _5132_/X
 _5133_/Y
 _5134_/X
 _5135_/Y
 _5136_/Y
 _5137_/Y
 _5138_/Y
 _5139_/X
 _5140_/Y
 _5141_/X
 _5142_/Y
 _5143_/Y
 _5144_/X
 _5145_/Y
 _5146_/Y
 _5147_/Y
 _5148_/Y
 _5149_/Y
 _5150_/Y
 _5151_/X
 _5152_/X
 _5153_/Y
 _5154_/Y
 _5155_/X
 _5156_/Y
 _5157_/Y
 _5158_/Y
 _5159_/X
 _5160_/X
 _5161_/Y
 _5162_/X
 _5163_/X
 _5164_/X
 _5165_/X
 _5166_/X
 _5167_/X
 _5168_/X
 _5169_/X
 _5170_/Y
 _5171_/Y
 _5172_/Y
 _5173_/X
 _5174_/X
 _5175_/X
 _5176_/Y
 _5177_/Y
 _5178_/X
 _5179_/X
 _5180_/Y
 _5181_/Y
 _5182_/Y
 _5183_/X
 _5184_/X
 _5185_/Y
 _5186_/X
 _5187_/Y
 _5188_/X
 _5189_/X
 _5190_/X
 _5191_/X
 _5192_/Y
 _5193_/X
 _5194_/Y
 _5195_/Y
 _5196_/X
 _5197_/Y
 _5198_/X
 _5199_/X
 _5200_/Y
 _5201_/X
 _5202_/X
 _5203_/X
 _5204_/Y
 _5205_/Y
 _5206_/Y
 _5207_/X
 _5208_/X
 _5209_/X
 _5210_/Y
 _5211_/Y
 _5212_/Y
 _5213_/Y
 _5214_/X
 _5215_/X
 _5216_/X
 _5217_/Y
 _5218_/Y
 _5219_/Y
 _5220_/Y
 _5221_/Y
 _5222_/Y
 _5223_/Y
 _5224_/Y
 _5225_/X
 _5226_/Y
 _5227_/Y
 _5228_/Y
 _5229_/Y
 _5230_/X
 _5231_/X
 _5232_/Y
 _5233_/X
 _5234_/X
 _5235_/Y
 _5236_/X
 _5237_/X
 _5238_/Y
 _5239_/X
 _5240_/X
 _5241_/X
 _5242_/Y
 _5243_/Y
 _5244_/Y
 _5245_/X
 _5246_/Y
 _5247_/X
 _5248_/X
 _5249_/X
 _5250_/Y
 _5251_/Y
 _5252_/Y
 _5253_/X
 _5254_/Y
 _5255_/X
 _5256_/X
 _5257_/Y
 _5258_/Y
 _5259_/Y
 _5260_/Y
 _5261_/Y
 _5262_/Y
 _5263_/Y
 _5264_/Y
 _5265_/X
 _5266_/X
 _5267_/Y
 _5268_/X
 _5269_/Y
 _5270_/X
 _5271_/Y
 _5272_/Y
 _5273_/Y
 _5274_/Y
 _5275_/X
 _5276_/X
 _5277_/Y
 _5278_/Y
 _5279_/X
 _5280_/Y
 _5281_/Y
 _5282_/X
 _5283_/X
 _5284_/X
 _5285_/Y
 _5286_/Y
 _5287_/Y
 _5288_/Y
 _5289_/Y
 _5290_/X
 _5291_/Y
 _5292_/X
 _5293_/X
 _5294_/X
 _5295_/Y
 _5296_/X
 _5297_/Y
 _5298_/X
 _5299_/Y
 _5300_/Y
 _5301_/Y
 _5302_/Y
 _5303_/Y
 _5304_/Y
 _5305_/Y
 _5306_/Y
 _5307_/X
 _5308_/Y
 _5309_/Y
 _5310_/Y
 _5311_/X
 _5312_/X
 _5313_/Y
 _5314_/X
 _5315_/Y
 _5316_/X
 _5317_/Y
 _5318_/X
 _5319_/X
 _5320_/X
 _5321_/Y
 _5322_/X
 _5323_/Y
 _5324_/X
 _5325_/Y
 _5326_/Y
 _5327_/X
 _5328_/Y
 _5329_/X
 _5330_/X
 _5331_/X
 _5332_/X
 _5333_/X
 _5334_/X
 _5335_/Y
 _5336_/Y
 _5337_/Y
 _5338_/Y
 _5339_/Y
 _5340_/X
 _5341_/X
 _5342_/Y
 _5343_/Y
 _5344_/X
 _5345_/Y
 _5346_/X
 _5347_/X
 _5348_/Y
 _5349_/X
 _5350_/Y
 _5351_/Y
 _5352_/X
 _5353_/X
 _5354_/Y
 _5355_/X
 _5356_/X
 _5357_/X
 _5358_/X
 _5359_/X
 _5360_/X
 _5361_/Y
 _5362_/Y
 _5363_/Y
 _5364_/Y
 _5365_/Y
 _5366_/X
 _5367_/Y
 _5368_/Y
 _5369_/Y
 _5370_/X
 _5371_/Y
 _5372_/X
 _5373_/Y
 _5374_/X
 _5375_/Y
 _5376_/Y
 _5377_/Y
 _5378_/X
 _5379_/X
 _5380_/X
 _5381_/X
 _5382_/Y
 _5383_/Y
 _5384_/X
 _5385_/Y
 _5386_/Y
 _5387_/X
 _5388_/Y
 _5389_/Y
 _5390_/Y
 _5391_/Y
 _5392_/X
 _5393_/Y
 _5394_/X
 _5395_/Y
 _5396_/Y
 _5397_/X
 _5398_/X
 _5399_/X
 _5400_/X
 _5401_/Y
 _5402_/X
 _5403_/Y
 _5404_/Y
 _5405_/X
 _5406_/Y
 _5407_/X
 _5408_/Y
 _5409_/Y
 _5410_/X
 _5411_/Y
 _5412_/Y
 _5413_/Y
 _5414_/X
 _5415_/X
 _5416_/X
 _5417_/X
 _5418_/Y
 _5419_/Y
 _5420_/X
 _5421_/X
 _5422_/Y
 _5423_/Y
 _5424_/X
 _5425_/X
 _5426_/X
 _5427_/Y
 _5428_/X
 _5429_/Y
 _5430_/X
 _5431_/X
 _5432_/X
 _5433_/Y
 _5434_/X
 _5435_/Y
 _5436_/X
 _5437_/Y
 _5438_/Y
 _5439_/X
 _5440_/X
 _5441_/Y
 _5442_/Y
 _5443_/X
 _5444_/X
 _5445_/Y
 _5446_/Y
 _5447_/Y
 _5448_/Y
 _5449_/Y
 _5450_/X
 _5451_/Y
 _5452_/X
 _5453_/Y
 _5454_/Y
 _5455_/Y
 _5456_/Y
 _5457_/X
 _5458_/X
 _5459_/Y
 _5460_/X
 _5461_/X
 _5462_/X
 _5463_/Y
 _5464_/X
 _5465_/Y
 _5466_/X
 _5467_/Y
 _5468_/Y
 _5469_/X
 _5470_/X
 _5471_/Y
 _5472_/X
 _5473_/X
 _5474_/X
 _5475_/Y
 _5476_/Y
 _5477_/Y
 _5478_/X
 _5479_/Y
 _5480_/Y
 _5481_/X
 _5482_/Y
 _5483_/X
 _5484_/X
 _5485_/Y
 _5486_/X
 _5487_/Y
 _5488_/Y
 _5489_/Y
 _5490_/Y
 _5491_/Y
 _5492_/X
 _5493_/Y
 _5494_/X
 _5495_/X
 _5496_/X
 _5497_/Y
 _5498_/Y
 _5499_/Y
 _5500_/X
 _5501_/X
 _5502_/Y
 _5503_/Y
 _5504_/X
 _5505_/X
 _5506_/X
 _5507_/Y
 _5508_/Y
 _5509_/X
 _5510_/Y
 _5511_/Y
 _5512_/Y
 _5513_/Y
 _5514_/X
 _5515_/X
 _5516_/Y
 _5517_/X
 _5518_/X
 _5519_/X
 _5520_/X
 _5521_/Y
 _5522_/Y
 _5523_/X
 _5524_/Y
 _5525_/Y
 _5526_/X
 _5527_/X
 _5528_/X
 _5529_/Y
 _5530_/X
 _5531_/X
 _5532_/X
 _5533_/Y
 _5534_/Y
 _5535_/Y
 _5536_/Y
 _5537_/Y
 _5538_/X
 _5539_/X
 _5540_/X
 _5541_/Y
 _5542_/Y
 _5543_/X
 _5544_/Y
 _5545_/Y
 _5546_/X
 _5547_/X
 _5548_/Y
 _5549_/X
 _5550_/Y
 _5551_/Y
 _5552_/X
 _5553_/X
 _5554_/Y
 _5555_/X
 _5556_/Y
 _5557_/Y
 _5558_/Y
 _5559_/Y
 _5560_/Y
 _5561_/X
 _5562_/X
 _5563_/X
 _5564_/Y
 _5565_/Y
 _5566_/X
 _5567_/X
 _5568_/X
 _5569_/X
 _5570_/X
 _5571_/Y
 _5572_/X
 _5573_/Y
 _5574_/X
 _5575_/Y
 _5576_/Y
 _5577_/X
 _5578_/Y
 _5579_/Y
 _5580_/X
 _5581_/X
 _5582_/X
 _5583_/X
 _5584_/Y
 _5585_/X
 _5586_/Y
 _5587_/Y
 _5588_/Y
 _5589_/Y
 _5590_/X
 _5591_/Y
 _5592_/X
 _5593_/Y
 _5594_/Y
 _5595_/X
 _5596_/Y
 _5597_/Y
 _5598_/X
 _5599_/Y
 _5600_/X
 _5601_/X
 _5602_/X
 _5603_/Y
 _5604_/Y
 _5605_/X
 _5606_/Y
 _5607_/Y
 _5608_/X
 _5609_/X
 _5610_/Y
 _5611_/X
 _5612_/X
 _5613_/X
 _5614_/X
 _5615_/X
 _5616_/Y
 _5617_/X
 _5618_/Y
 _5619_/Y
 _5620_/X
 _5621_/X
 _5622_/Y
 _5623_/Y
 _5624_/X
 _5625_/Y
 _5626_/X
 _5627_/X
 _5628_/X
 _5629_/Y
 _5630_/X
 _5631_/X
 _5632_/X
 _5633_/Y
 _5634_/X
 _5635_/Y
 _5636_/Y
 _5637_/X
 _5638_/Y
 _5639_/Y
 _5640_/Y
 _5641_/Y
 _5642_/Y
 _5643_/X
 _5644_/X
 _5645_/Y
 _5646_/Y
 _5647_/X
 _5648_/X
 _5649_/Y
 _5650_/X
 _5651_/X
 _5652_/X
 _5653_/X
 _5654_/Y
 _5655_/Y
 _5656_/X
 _5657_/X
 _5658_/X
 _5659_/X
 _5660_/X
 _5661_/Y
 _5662_/X
 _5663_/X
 _5664_/Y
 _5665_/Y
 _5666_/Y
 _5667_/X
 _5668_/Y
 _5669_/Y
 _5670_/X
 _5671_/Y
 _5672_/Y
 _5673_/X
 _5674_/X
 _5675_/Y
 _5676_/Y
 _5677_/X
 _5678_/X
 _5679_/X
 _5680_/X
 _5681_/X
 _5682_/X
 _5683_/Y
 _5684_/Y
 _5685_/X
 _5686_/X
 _5687_/Y
 _5688_/X
 _5689_/Y
 _5690_/Y
 _5691_/Y
 _5692_/X
 _5693_/Y
 _5694_/X
 _5695_/X
 _5696_/Y
 _5697_/X
 _5698_/Y
 _5699_/X
 _5700_/X
 _5701_/Y
 _5702_/Y
 _5703_/Y
 _5704_/X
 _5705_/Y
 _5706_/Y
 _5707_/X
 _5708_/Y
 _5709_/Y
 _5710_/X
 _5711_/X
 _5712_/X
 _5713_/Y
 _5714_/X
 _5715_/X
 _5716_/Y
 _5717_/Y
 _5718_/Y
 _5719_/X
 _5720_/X
 _5721_/X
 _5722_/X
 _5723_/X
 _5724_/X
 _5725_/Y
 _5726_/X
 _5727_/Y
 _5728_/X
 _5729_/Y
 _5730_/X
 _5731_/Y
 _5732_/X
 _5733_/Y
 _5734_/Y
 _5735_/X
 _5736_/X
 _5737_/Y
 _5738_/X
 _5739_/Y
 _5740_/X
 _5741_/X
 _5742_/Y
 _5743_/Y
 _5744_/X
 _5745_/X
 _5746_/X
 _5747_/Y
 _5748_/Y
 _5749_/Y
 _5750_/X
 _5751_/Y
 _5752_/X
 _5753_/X
 _5754_/Y
 _5755_/Y
 _5756_/Y
 _5757_/Y
 _5758_/X
 _5759_/X
 _5760_/Y
 _5761_/Y
 _5762_/X
 _5763_/Y
 _5764_/Y
 _5765_/X
 _5766_/Y
 _5767_/Y
 _5768_/Y
 _5769_/Y
 _5770_/Y
 _5771_/X
 _5772_/X
 _5773_/X
 _5774_/Y
 _5775_/X
 _5776_/Y
 _5777_/X
 _5778_/Y
 _5779_/Y
 _5780_/X
 _5781_/Y
 _5782_/Y
 _5783_/Y
 _5784_/X
 _5785_/Y
 _5786_/Y
 _5787_/X
 _5788_/X
 _5789_/X
 _5790_/Y
 _5791_/Y
 _5792_/X
 _5793_/Y
 _5794_/X
 _5795_/X
 _5796_/X
 _5797_/Y
 _5798_/X
 _5799_/Y
 _5800_/Y
 _5801_/Y
 _5802_/Y
 _5803_/Y
 _5804_/X
 _5805_/Y
 _5806_/X
 _5807_/Y
 _5808_/Y
 _5809_/X
 _5810_/Y
 _5811_/X
 _5812_/Y
 _5813_/Y
 _5814_/X
 _5815_/X
 _5816_/X
 _5817_/Y
 _5818_/Y
 _5819_/X
 _5820_/Y
 _5821_/X
 _5822_/Y
 _5823_/Y
 _5824_/Y
 _5825_/Y
 _5826_/X
 _5827_/Y
 _5828_/X
 _5829_/X
 _5830_/Y
 _5831_/X
 _5832_/X
 _5833_/Y
 _5834_/X
 _5835_/X
 _5836_/Y
 _5837_/X
 _5838_/X
 _5839_/Y
 _5840_/X
 _5841_/Y
 _5842_/X
 _5843_/Y
 _5844_/X
 _5845_/X
 _5846_/X
 _5847_/Y
 _5848_/X
 _5849_/X
 _5850_/X
 _5851_/Y
 _5852_/Y
 _5853_/Y
 _5854_/Y
 _5855_/X
 _5856_/Y
 _5857_/Y
 _5858_/X
 _5859_/X
 _5860_/Y
 _5861_/X
 _5862_/X
 _5863_/Y
 _5864_/X
 _5865_/X
 _5866_/X
 _5867_/Y
 _5868_/Y
 _5869_/X
 _5870_/X
 _5871_/X
 _5872_/X
 _5873_/Y
 _5874_/X
 _5875_/X
 _5876_/Y
 _5877_/X
 _5878_/X
 _5879_/X
 _5880_/Y
 _5881_/Y
 _5882_/X
 _5883_/Y
 _5884_/X
 _5885_/X
 _5886_/Y
 _5887_/X
 _5888_/X
 _5889_/X
 _5890_/Y
 _5891_/X
 _5892_/Y
 _5893_/X
 _5894_/Y
 _5895_/X
 _5896_/X
 _5897_/X
 _5898_/Y
 _5899_/Y
 _5900_/X
 _5901_/Y
 _5902_/X
 _5903_/X
 _5904_/Y
 _5905_/Y
 _5906_/Y
 _5907_/X
 _5908_/Y
 _5909_/X
 _5910_/X
 _5911_/X
 _5912_/Y
 _5913_/X
 _5914_/Y
 _5915_/X
 _5916_/X
 _5917_/X
 _5918_/X
 _5919_/X
 _5920_/X
 _5921_/Y
 _5922_/X
 _5923_/Y
 _5924_/Y
 _5925_/Y
 _5926_/Y
 _5927_/Y
 _5928_/X
 _5929_/Y
 _5930_/X
 _5931_/X
 _5932_/X
 _5933_/Y
 _5934_/Y
 _5935_/X
 _5936_/Y
 _5937_/X
 _5938_/X
 _5939_/X
 _5940_/Y
 _5941_/Y
 _5942_/Y
 _5943_/X
 _5944_/X
 _5945_/Y
 _5946_/X
 _5947_/X
 _5948_/X
 _5949_/X
 _5950_/Y
 _5951_/Y
 _5952_/Y
 _5953_/X
 _5954_/Y
 _5955_/Y
 _5956_/X
 _5957_/X
 _5958_/X
 _5959_/X
 _5960_/X
 _5961_/Y
 _5962_/Y
 _5963_/X
 _5964_/X
 _5965_/X
 _5966_/Y
 _5967_/X
 _5968_/X
 _5969_/Y
 _5970_/X
 _5971_/Y
 _5972_/Y
 _5973_/X
 _5974_/Y
 _5975_/Y
 _5976_/Y
 _5977_/Y
 _5978_/Y
 _5979_/Y
 _5980_/Y
 _5981_/X
 _5982_/Y
 _5983_/X
 _5984_/X
 _5985_/X
 _5986_/Y
 _5987_/Y
 _5988_/X
 _5989_/Y
 _5990_/X
 _5991_/X
 _5992_/Y
 _5993_/Y
 _5994_/X
 _5995_/X
 _5996_/Y
 _5997_/X
 _5998_/Y
 _5999_/Y
 _6000_/X
 _6001_/Y
 _6002_/X
 _6003_/X
 _6004_/X
 _6005_/X
 _6006_/Y
 _6007_/Y
 _6008_/Y
 _6009_/Y
 _6010_/X
 _6011_/Y
 _6012_/Y
 _6013_/X
 _6014_/X
 _6015_/Y
 _6016_/X
 _6017_/X
 _6018_/X
 _6019_/Y
 _6020_/Y
 _6021_/X
 _6022_/Y
 _6023_/Y
 _6024_/X
 _6025_/Y
 _6026_/Y
 _6027_/X
 _6028_/X
 _6029_/Y
 _6030_/Y
 _6031_/X
 _6032_/Y
 _6033_/Y
 _6034_/Y
 _6035_/Y
 _6036_/Y
 _6037_/Y
 _6038_/X
 _6039_/Y
 _6040_/X
 _6041_/X
 _6042_/X
 _6043_/Y
 _6044_/Y
 _6045_/X
 _6046_/Y
 _6047_/X
 _6048_/Y
 _6049_/Y
 _6050_/Y
 _6051_/Y
 _6052_/X
 _6053_/Y
 _6054_/Y
 _6055_/Y
 _6056_/X
 _6057_/X
 _6058_/X
 _6059_/X
 _6060_/Y
 _6061_/X
 _6062_/Y
 _6063_/X
 _6064_/X
 _6065_/Y
 _6066_/Y
 _6067_/Y
 _6068_/X
 _6069_/X
 _6070_/X
 _6071_/X
 _6072_/Y
 _6073_/X
 _6074_/Y
 _6075_/X
 _6076_/X
 _6077_/Y
 _6078_/Y
 _6079_/Y
 _6080_/X
 _6081_/X
 _6082_/X
 _6083_/Y
 _6084_/X
 _6085_/Y
 _6086_/X
 _6087_/Y
 _6088_/Y
 _6089_/X
 _6090_/Y
 _6091_/Y
 _6092_/X
 _6093_/Y
 _6094_/Y
 _6095_/X
 _6096_/X
 _6097_/X
 _6098_/Y
 _6099_/X
 _6100_/Y
 _6101_/Y
 _6102_/X
 _6103_/Y
 _6104_/X
 _6105_/X
 _6106_/Y
 _6107_/Y
 _6108_/Y
 _6109_/Y
 _6110_/X
 _6111_/Y
 _6112_/X
 _6113_/X
 _6114_/X
 _6115_/Y
 _6116_/Y
 _6117_/X
 _6118_/X
 _6119_/Y
 _6120_/X
 _6121_/Y
 _6122_/X
 _6123_/Y
 _6124_/X
 _6125_/Y
 _6126_/Y
 _6127_/Y
 _6128_/Y
 _6129_/X
 _6130_/X
 _6131_/X
 _6132_/Y
 _6133_/X
 _6134_/Y
 _6135_/Y
 _6136_/Y
 _6137_/X
 _6138_/X
 _6139_/Y
 _6140_/Y
 _6141_/Y
 _6142_/Y
 _6143_/Y
 _6144_/X
 _6145_/Y
 _6146_/X
 _6147_/Y
 _6148_/Y
 _6149_/Y
 _6150_/Y
 _6151_/Y
 _6152_/Y
 _6153_/Y
 _6154_/Y
 _6155_/X
 _6156_/X
 _6157_/X
 _6158_/Y
 _6159_/Y
 _6160_/X
 _6161_/Y
 _6162_/X
 _6163_/X
 _6164_/Y
 _6165_/Y
 _6166_/Y
 _6167_/Y
 _6168_/X
 _6169_/Y
 _6170_/Y
 _6171_/X
 _6172_/Y
 _6173_/X
 _6174_/X
 _6175_/X
 _6176_/X
 _6177_/Y
 _6178_/X
 _6179_/X
 _6180_/X
 _6181_/Y
 _6182_/Y
 _6183_/X
 _6184_/X
 _6185_/Y
 _6186_/X
 _6187_/Y
 _6188_/X
 _6189_/X
 _6190_/X
 _6191_/Y
 _6192_/Y
 _6193_/Y
 _6194_/Y
 _6195_/X
 _6196_/X
 _6197_/Y
 _6198_/Y
 _6199_/Y
 _6200_/Y
 _6201_/X
 _6202_/Y
 _6203_/X
 _6204_/Y
 _6205_/X
 _6206_/X
 _6207_/X
 _6208_/Y
 _6209_/X
 _6210_/Y
 _6211_/Y
 _6212_/Y
 _6213_/Y
 _6214_/X
 _6215_/X
 _6216_/X
 _6217_/X
 _6218_/X
 _6219_/X
 _6220_/Y
 _6221_/Y
 _6222_/X
 _6223_/Y
 _6224_/X
 _6225_/Y
 _6226_/X
 _6227_/Y
 _6228_/Y
 _6229_/X
 _6230_/X
 _6231_/X
 _6232_/Y
 _6233_/X
 _6234_/Y
 _6235_/X
 _6236_/X
 _6237_/X
 _6238_/Y
 _6239_/Y
 _6240_/X
 _6241_/Y
 _6242_/Y
 _6243_/Y
 _6244_/X
 _6245_/X
 _6246_/Y
 _6247_/Y
 _6248_/X
 _6249_/Y
 _6250_/X
 _6251_/Y
 _6252_/Y
 _6253_/Y
 _6254_/Y
 _6255_/Y
 _6256_/X
 _6257_/X
 _6258_/Y
 _6259_/Y
 _6260_/Y
 _6261_/X
 _6262_/X
 _6263_/Y
 _6264_/Y
 _6265_/X
 _6266_/Y
 _6267_/Y
 _6268_/X
 _6269_/Y
 _6270_/Y
 _6271_/X
 _6272_/X
 _6273_/X
 _6274_/X
 _6275_/Y
 _6276_/Y
 _6277_/X
 _6278_/Y
 _6279_/X
 _6280_/X
 _6281_/X
 _6282_/X
 _6283_/Y
 _6284_/X
 _6285_/X
 _6286_/Y
 _6287_/Y
 _6288_/X
 _6289_/X
 _6290_/Y
 _6291_/Y
 _6292_/Y
 _6293_/X
 _6294_/X
 _6295_/X
 _6296_/Y
 _6297_/X
 _6298_/Y
 _6299_/Y
 _6300_/X
 _6301_/Y
 _6302_/Y
 _6303_/Y
 _6304_/X
 _6305_/Y
 _6306_/Y
 _6307_/X
 _6308_/X
 _6309_/Y
 _6310_/Y
 _6311_/X
 _6312_/Y
 _6313_/Y
 _6314_/Y
 _6315_/Y
 _6316_/X
 _6317_/Y
 _6318_/Y
 _6319_/Y
 _6320_/X
 _6321_/X
 _6322_/X
 _6323_/Y
 _6324_/X
 _6325_/X
 _6326_/X
 _6327_/X
 _6328_/Y
 _6329_/X
 _6330_/Y
 _6331_/Y
 _6332_/X
 _6333_/Y
 _6334_/Y
 _6335_/Y
 _6336_/Y
 _6337_/X
 _6338_/Y
 _6339_/Y
 _6340_/Y
 _6341_/Y
 _6342_/X
 _6343_/X
 _6344_/X
 _6345_/Y
 _6346_/X
 _6347_/X
 _6348_/Y
 _6349_/Y
 _6350_/X
 _6351_/X
 _6352_/Y
 _6353_/Y
 _6354_/X
 _6355_/X
 _6356_/Y
 _6357_/X
 _6358_/X
 _6359_/Y
 _6360_/Y
 _6361_/X
 _6362_/Y
 _6363_/Y
 _6364_/Y
 _6365_/X
 _6366_/Y
 _6367_/X
 _6368_/X
 _6369_/X
 _6370_/Y
 _6371_/Y
 _6372_/X
 _6373_/X
 _6374_/X
 _6375_/X
 _6376_/X
 _6377_/Y
 _6378_/Y
 _6379_/Y
 _6380_/Y
 _6381_/Y
 _6382_/Y
 _6383_/X
 _6384_/Y
 _6385_/X
 _6386_/Y
 _6387_/X
 _6388_/Y
 _6389_/X
 _6390_/X
 _6391_/X
 _6392_/Y
 _6393_/X
 _6394_/Y
 _6395_/Y
 _6396_/X
 _6397_/Y
 _6398_/Y
 _6399_/X
 _6400_/Y
 _6401_/X
 _6402_/X
 _6403_/Y
 _6404_/X
 _6405_/X
 _6406_/X
 _6407_/Y
 _6408_/Y
 _6409_/X
 _6410_/Y
 _6411_/Y
 _6412_/Y
 _6413_/X
 _6414_/X
 _6415_/X
 _6416_/X
 _6417_/Y
 _6418_/X
 _6419_/X
 _6420_/X
 _6421_/Y
 _6422_/Y
 _6423_/Y
 _6424_/X
 _6425_/Y
 _6426_/X
 _6427_/X
 _6428_/Y
 _6429_/Y
 _6430_/Y
 _6431_/X
 _6432_/Y
 _6433_/Y
 _6434_/Y
 _6435_/X
 _6436_/Y
 _6437_/X
 _6438_/X
 _6439_/Y
 _6440_/X
 _6441_/Y
 _6442_/Y
 _6443_/Y
 _6444_/X
 _6445_/Y
 _6446_/X
 _6447_/Y
 _6448_/X
 _6449_/X
 _6450_/X
 _6451_/X
 _6452_/X
 _6453_/Y
 _6454_/Y
 _6455_/Y
 _6456_/Y
 _6457_/Y
 _6458_/X
 _6459_/X
 _6460_/Y
 _6461_/Y
 _6462_/X
 _6463_/Y
 _6464_/Y
 _6465_/Y
 _6466_/X
 _6467_/X
 _6468_/X
 _6469_/Y
 _6470_/Y
 _6471_/Y
 _6472_/X
 _6473_/X
 _6474_/Y
 _6475_/Y
 _6476_/Y
 _6477_/Y
 _6478_/X
 _6479_/Y
 _6480_/X
 _6481_/X
 _6482_/Y
 _6483_/Y
 _6484_/Y
 _6485_/X
 _6486_/Y
 _6487_/Y
 _6488_/X
 _6489_/X
 _6490_/Y
 _6491_/X
 _6492_/Y
 _6493_/Y
 _6494_/X
 _6495_/X
 _6496_/Y
 _6497_/Y
 _6498_/X
 _6499_/Y
 _6500_/Y
 _6501_/Y
 _6502_/X
 _6503_/Y
 _6504_/Y
 _6505_/Y
 _6506_/X
 _6507_/Y
 _6508_/Y
 _6509_/Y
 _6510_/X
 _6511_/Y
 _6512_/Y
 _6513_/Y
 _6514_/Y
 _6515_/X
 _6516_/Y
 _6517_/Y
 _6518_/Y
 _6519_/X
 _6520_/X
 _6521_/X
 _6522_/Y
 _6523_/Y
 _6524_/X
 _6525_/X
 _6526_/X
 _6527_/X
 _6528_/Y
 _6529_/Y
 _6530_/Y
 _6531_/X
 _6532_/Y
 _6533_/Y
 _6534_/X
 _6535_/Y
 _6536_/X
 _6537_/Y
 _6538_/Y
 _6539_/Y
 _6540_/X
 _6541_/X
 _6542_/X
 _6543_/Y
 _6544_/Y
 _6545_/Y
 _6546_/X
 _6547_/Y
 _6548_/X
 _6549_/X
 _6550_/X
 _6551_/X
 _6552_/X
 _6553_/X
 _6554_/X
 _6555_/Y
 _6556_/Y
 _6557_/X
 _6558_/X
 _6559_/X
 _6560_/Y
 _6561_/Y
 _6562_/X
 _6563_/X
 _6564_/X
 _6565_/Y
 _6566_/Y
 _6567_/X
 _6568_/X
 _6569_/X
 _6570_/Y
 _6571_/X
 _6572_/Y
 _6573_/X
 _6574_/Y
 _6575_/X
 _6576_/Y
 _6577_/X
 _6578_/X
 _6579_/Y
 _6580_/X
 _6581_/X
 _6582_/Y
 _6583_/Y
 _6584_/Y
 _6585_/Y
 _6586_/Y
 _6587_/X
 _6588_/X
 _6589_/X
 _6590_/Y
 _6591_/Y
 _6592_/X
 _6593_/Y
 _6594_/Y
 _6595_/X
 _6596_/X
 _6597_/Y
 _6598_/X
 _6599_/X
 _6600_/X
 _6601_/X
 _6602_/Y
 _6603_/Y
 _6604_/Y
 _6605_/X
 _6606_/X
 _6607_/X
 _6608_/Y
 _6609_/Y
 _6610_/X
 _6611_/Y
 _6612_/X
 _6613_/X
 _6614_/Y
 _6615_/X
 _6616_/X
 _6617_/X
 _6618_/Y
 _6619_/Y
 _6620_/Y
 _6621_/X
 _6622_/Y
 _6623_/X
 _6624_/X
 _6625_/Y
 _6626_/Y
 _6627_/Y
 _6628_/X
 _6629_/Y
 _6630_/Y
 _6631_/Y
 _6632_/X
 _6633_/Y
 _6634_/X
 _6635_/Y
 _6636_/X
 _6637_/X
 _6638_/X
 _6639_/Y
 _6640_/Y
 _6641_/Y
 _6642_/Y
 _6643_/Y
 _6644_/X
 _6645_/X
 _6646_/Y
 _6647_/X
 _6648_/Y
 _6649_/X
 _6650_/Y
 _6651_/Y
 _6652_/X
 _6653_/X
 _6654_/X
 _6655_/X
 _6656_/X
 _6657_/Y
 _6658_/Y
 _6659_/Y
 _6660_/Y
 _6661_/Y
 _6662_/X
 _6663_/Y
 _6664_/X
 _6665_/Y
 _6666_/Y
 _6667_/Y
 _6668_/Y
 _6669_/X
 _6670_/X
 _6671_/X
 _6672_/Y
 _6673_/Y
 _6674_/Y
 _6675_/Y
 _6676_/X
 _6677_/Y
 _6678_/Y
 _6679_/X
 _6680_/Y
 _6681_/X
 _6682_/X
 _6683_/X
 _6684_/X
 _6685_/Y
 _6686_/X
 _6687_/X
 _6688_/X
 _6689_/X
 _6690_/X
 _6691_/Y
 _6692_/Y
 _6693_/X
 _6694_/X
 _6695_/Y
 _6696_/Y
 _6697_/X
 _6698_/Y
 _6699_/Y
 _6700_/X
 _6701_/Y
 _6702_/Y
 _6703_/Y
 _6704_/Y
 _6705_/X
 _6706_/Y
 _6707_/X
 _6708_/Y
 _6709_/X
 _6710_/Y
 _6711_/Y
 _6712_/Y
 _6713_/X
 _6714_/X
 _6715_/Y
 _6716_/Y
 _6717_/X
 _6718_/X
 _6719_/X
 _6720_/X
 _6721_/X
 _6722_/X
 _6723_/X
 _6724_/X
 _6725_/X
 _6726_/Y
 _6727_/Y
 _6728_/Y
 _6729_/X
 _6730_/X
 _6731_/X
 _6732_/Y
 _6733_/X
 _6734_/Y
 _6735_/Y
 _6736_/X
 _6737_/Y
 _6738_/Y
 _6739_/Y
 _6740_/Y
 _6741_/Y
 _6742_/X
 _6743_/Y
 _6744_/X
 _6745_/X
 _6746_/X
 _6747_/Y
 _6748_/Y
 _6749_/Y
 _6750_/Y
 _6751_/Y
 _6752_/X
 _6753_/Y
 _6754_/Y
 _6755_/Y
 _6756_/Y
 _6757_/X
 _6758_/X
 _6759_/Y
 _6760_/Y
 _6761_/Y
 _6762_/Y
 _6763_/Y
 _6764_/Y
 _6765_/Y
 _6766_/X
 _6767_/X
 _6768_/X
 _6769_/X
 _6770_/X
 _6771_/X
 _6772_/Y
 _6773_/Y
 _6774_/Y
 _6775_/Y
 _6776_/Y
 _6777_/Y
 _6778_/Y
 _6779_/X
 _6780_/Y
 _6781_/Y
 _6782_/X
 _6783_/X
 _6784_/X
 _6785_/X
 _6786_/X
 _6787_/Y
 _6788_/X
 _6789_/X
 _6790_/Y
 _6791_/Y
 _6792_/Y
 _6793_/Y
 _6794_/X
 _6795_/X
 _6796_/Y
 _6797_/Y
 _6798_/Y
 _6799_/Y
 _6800_/Y
 _6801_/Y
 _6802_/X
 _6803_/X
 _6804_/Y
 _6805_/X
 _6806_/X
 _6807_/Y
 _6808_/X
 _6809_/X
 _6810_/X
 _6811_/Y
 _6812_/Y
 _6813_/Y
 _6814_/Y
 _6815_/Y
 _6816_/Y
 _6817_/Y
 _6818_/Y
 _6819_/Y
 _6820_/X
 _6821_/Y
 _6822_/Y
 _6823_/Y
 _6824_/Y
 _6825_/Y
 _6826_/X
 _6827_/X
 _6828_/X
 _6829_/Y
 _6830_/Y
 _6831_/Y
 _6832_/Y
 _6833_/X
 _6834_/X
 _6835_/Y
 _6836_/Y
 _6837_/Y
 _6838_/X
 _6839_/Y
 _6840_/X
 _6841_/Y
 _6842_/Y
 _6843_/X
 _6844_/Y
 _6845_/X
 _6846_/Y
 _6847_/X
 _6848_/Y
 _6849_/Y
 _6850_/X
 _6851_/Y
 _6852_/Y
 _6853_/X
 _6854_/Y
 _6855_/Y
 _6856_/X
 _6857_/Y
 _6858_/Y
 _6859_/Y
 _6860_/Y
 _6861_/Y
 _6862_/X
 _6863_/Y
 _6864_/X
 _6865_/X
 _6866_/X
 _6867_/Y
 _6868_/X
 _6869_/Y
 _6870_/Y
 _6871_/X
 _6872_/X
 _6873_/X
 _6874_/Y
 _6875_/Y
 _6876_/Y
 _6877_/X
 _6878_/X
 _6879_/X
 _6880_/X
 _6881_/X
 _6882_/X
 _6883_/X
 _6884_/X
 _6885_/X
 _6886_/X
 _6887_/X
 _6888_/X
 _6889_/Y
 _6890_/X
 _6891_/Y
 _6892_/X
 _6893_/Y
 _6894_/X
 _6895_/Y
 _6896_/X
 _6897_/X
 _6898_/Y
 _6899_/Y
 _6900_/X
 _6901_/Y
 _6902_/Y
 _6903_/X
 _6904_/X
 _6905_/X
 _6906_/Y
 _6907_/Y
 _6908_/X
 _6909_/Y
 _6910_/X
 _6911_/Y
 _6912_/Y
 _6913_/Y
 _6914_/Y
 _6915_/X
 _6916_/Y
 _6917_/Y
 _6918_/Y
 _6919_/X
 _6920_/X
 _6921_/Y
 _6922_/Y
 _6923_/Y
 _6924_/X
 _6925_/X
 _6926_/Y
 _6927_/Y
 _6928_/X
 _6929_/Y
 _6930_/X
 _6931_/Y
 _6932_/Y
 _6933_/Y
 _6934_/Y
 _6935_/X
 _6936_/Y
 _6937_/X
 _6938_/X
 _6939_/Y
 _6940_/Y
 _6941_/Y
 _6942_/X
 _6943_/X
 _6944_/X
 _6945_/Y
 _6946_/Y
 _6947_/Y
 _6948_/Y
 _6949_/X
 _6950_/Y
 _6951_/Y
 _6952_/Y
 _6953_/X
 _6954_/Y
 _6955_/X
 _6956_/Y
 _6957_/Y
 _6958_/Y
 _6959_/X
 _6960_/X
 _6961_/X
 _6962_/Y
 _6963_/X
 _6964_/Y
 _6965_/X
 _6966_/X
 _6967_/Y
 _6968_/X
 _6969_/Y
 _6970_/X
 _6971_/X
 _6972_/X
 _6973_/Y
 _6974_/Y
 _6975_/X
 _6976_/X
 _6977_/X
 _6978_/X
 _6979_/Y
 _6980_/Y
 _6981_/Y
 _6982_/X
 _6983_/X
 _6984_/Y
 _6985_/X
 _6986_/Y
 _6987_/Y
 _6988_/X
 _6989_/X
 _6990_/X
 _6991_/Y
 _6992_/X
 _6993_/Y
 _6994_/X
 _6995_/X
 _6996_/Y
 _6997_/Y
 _6998_/Y
 _6999_/X
 _7000_/X
 _7001_/Y
 _7002_/Y
 _7003_/X
 _7004_/X
 _7005_/X
 _7006_/X
 _7007_/X
 _7008_/Y
 _7009_/Y
 _7010_/Y
 _7011_/Y
 _7012_/X
 _7013_/Y
 _7014_/X
 _7015_/Y
 _7016_/X
 _7017_/X
 _7018_/Y
 _7019_/Y
 _7020_/Y
 _7021_/X
 _7022_/Y
 _7023_/Y
 _7024_/X
 _7025_/X
 _7026_/X
 _7027_/X
 _7028_/Y
 _7029_/Y
 _7030_/Y
 _7031_/X
 _7032_/Y
 _7033_/X
 _7034_/Y
 _7035_/X
 _7036_/Y
 _7037_/Y
 _7038_/X
 _7039_/Y
 _7040_/X
 _7041_/Y
 _7042_/X
 _7043_/Y
 _7044_/Y
 _7045_/X
 _7046_/X
 _7047_/Y
 _7048_/X
 _7049_/X
 _7050_/Y
 _7051_/Y
 _7052_/Y
 _7053_/X
 _7054_/X
 _7055_/X
 _7056_/X
 _7057_/X
 _7058_/X
 _7059_/Y
 _7060_/X
 _7061_/Y
 _7062_/X
 _7063_/Y
 _7064_/Y
 _7065_/X
 _7066_/Y
 _7067_/Y
 _7068_/X
 _7069_/X
 _7070_/Y
 _7071_/Y
 _7072_/X
 _7073_/Y
 _7074_/X
 _7075_/X
 _7076_/Y
 _7077_/X
 _7078_/Y
 _7079_/Y
 _7080_/X
 _7081_/X
 _7082_/Y
 _7083_/X
 _7084_/X
 _7085_/Y
 _7086_/X
 _7087_/X
 _7088_/X
 _7089_/X
 _7090_/Y
 _7091_/X
 _7092_/Y
 _7093_/Y
 _7094_/Y
 _7095_/X
 _7096_/X
 _7097_/X
 _7098_/Y
 _7099_/Y
 _7100_/Y
 _7101_/X
 _7102_/X
 _7103_/X
 _7104_/Y
 _7105_/Y
 _7106_/X
 _7107_/Y
 _7108_/X
 _7109_/X
 _7110_/Y
 _7111_/Y
 _7112_/Y
 _7113_/X
 _7114_/Y
 _7115_/Y
 _7116_/X
 _7117_/X
 _7118_/X
 _7119_/Y
 _7120_/X
 _7121_/Y
 _7122_/Y
 _7123_/Y
 _7124_/X
 _7125_/X
 _7126_/Y
 _7127_/Y
 _7128_/X
 _7129_/X
 _7130_/X
 _7131_/X
 _7132_/Y
 _7133_/X
 _7134_/Y
 _7135_/X
 _7136_/Y
 _7137_/X
 _7138_/X
 _7139_/X
 _7140_/X
 _7141_/Y
 _7142_/X
 _7143_/Y
 _7144_/X
 _7145_/X
 _7146_/X
 _7147_/Y
 _7148_/Y
 _7149_/X
 _7150_/Y
 _7151_/Y
 _7152_/Y
 _7153_/Y
 _7154_/X
 _7155_/Y
 _7156_/X
 _7157_/X
 _7158_/X
 _7159_/X
 _7160_/Y
 _7161_/X
 _7162_/Y
 _7163_/X
 _7164_/Y
 _7165_/X
 _7166_/X
 _7167_/Y
 _7168_/Y
 _7169_/Y
 _7170_/X
 _7171_/Y
 _7172_/Y
 _7173_/Y
 _7174_/Y
 _7175_/Y
 _7176_/Y
 _7177_/Y
 _7178_/Y
 _7179_/Y
 _7180_/Y
 _7181_/X
 _7182_/Y
 _7183_/Y
 _7184_/X
 _7185_/Y
 _7186_/Y
 _7187_/X
 _7188_/X
 _7189_/Y
 _7190_/X
 _7191_/X
 _7192_/Y
 _7193_/X
 _7194_/Y
 _7195_/Y
 _7196_/X
 _7197_/Y
 _7198_/X
 _7199_/X
 _7200_/X
 _7201_/X
 _7202_/Y
 _7203_/Y
 _7204_/X
 _7205_/Y
 _7206_/Y
 _7207_/Y
 _7208_/X
 _7209_/Y
 _7210_/Y
 _7211_/Y
 _7212_/Y
 _7213_/Y
 _7214_/Y
 _7215_/Y
 _7216_/Y
 _7217_/X
 _7218_/X
 _7219_/X
 _7220_/X
 _7221_/X
 _7222_/Y
 _7223_/X
 _7224_/X
 _7225_/Y
 _7226_/X
 _7227_/Y
 _7228_/Y
 _7229_/Y
 _7230_/X
 _7231_/Y
 _7232_/Y
 _7233_/Y
 _7234_/X
 _7235_/X
 _7236_/X
 _7237_/X
 _7238_/Y
 _7239_/X
 _7240_/Y
 _7241_/X
 _7242_/X
 _7243_/Y
 _7244_/Y
 _7245_/Y
 _7246_/X
 _7247_/Y
 _7248_/X
 _7249_/Y
 _7250_/Y
 _7251_/X
 _7252_/X
 _7253_/X
 _7254_/Y
 _7255_/Y
 _7256_/Y
 _7257_/X
 _7258_/Y
 _7259_/X
 _7260_/X
 _7261_/Y
 _7262_/Y
 _7263_/Y
 _7264_/Y
 _7265_/Y
 _7266_/Y
 _7267_/X
 _7268_/Y
 _7269_/Y
 _7270_/Y
 _7271_/Y
 _7272_/Y
 _7273_/Y
 _7274_/Y
 _7275_/Y
 _7276_/X
 _7277_/Y
 _7278_/Y
 _7279_/X
 _7280_/X
 _7281_/X
 _7282_/Y
 _7283_/Y
 _7284_/X
 _7285_/X
 _7286_/Y
 _7287_/Y
 _7288_/Y
 _7289_/Y
 _7290_/Y
 _7291_/X
 _7292_/X
 _7293_/X
 _7294_/X
 _7295_/Y
 _7296_/Y
 _7297_/X
 _7298_/Y
 _7299_/Y
 _7300_/Y
 _7301_/X
 _7302_/Y
 _7303_/X
 _7304_/Y
 _7305_/Y
 _7306_/X
 _7307_/X
 _7308_/X
 _7309_/Y
 _7310_/Y
 _7311_/Y
 _7312_/X
 _7313_/Y
 _7314_/X
 _7315_/X
 _7316_/Y
 _7317_/Y
 _7318_/Y
 _7319_/Y
 _7320_/Y
 _7321_/Y
 _7322_/X
 _7323_/Y
 _7324_/X
 _7325_/X
 _7326_/X
 _7327_/Y
 _7328_/X
 _7329_/Y
 _7330_/Y
 _7331_/Y
 _7332_/X
 _7333_/Y
 _7334_/Y
 _7335_/X
 _7336_/X
 _7337_/X
 _7338_/X
 _7339_/X
 _7340_/Y
 _7341_/X
 _7342_/Y
 _7343_/X
 _7344_/Y
 _7345_/X
 _7346_/Y
 _7347_/X
 _7348_/X
 _7349_/Y
 _7350_/X
 _7351_/Y
 _7352_/Y
 _7353_/X
 _7354_/Y
 _7355_/Y
 _7356_/X
 _7357_/X
 _7358_/X
 _7359_/X
 _7360_/Y
 _7361_/X
 _7362_/X
 _7363_/Y
 _7364_/X
 _7365_/X
 _7366_/X
 _7367_/Y
 _7368_/Y
 _7369_/X
 _7370_/X
 _7371_/Y
 _7372_/X
 _7373_/Y
 _7374_/X
 _7375_/X
 _7376_/X
 _7377_/X
 _7378_/Y
 _7379_/X
 _7380_/Y
 _7381_/Y
 _7382_/X
 _7383_/X
 _7384_/X
 _7385_/Y
 _7386_/Y
 _7387_/Y
 _7388_/X
 _7389_/X
 _7390_/Y
 _7391_/Y
 _7392_/Y
 _7393_/Y
 _7394_/Y
 _7395_/X
 _7396_/Y
 _7397_/X
 _7398_/Y
 _7399_/Y
 _7400_/Y
 _7401_/X
 _7402_/Y
 _7403_/Y
 _7404_/Y
 _7405_/Y
 _7406_/Y
 _7407_/X
 _7408_/Y
 _7409_/Y
 _7410_/X
 _7411_/Y
 _7412_/X
 _7413_/Y
 _7414_/X
 _7415_/Y
 _7416_/X
 _7417_/X
 _7418_/X
 _7419_/X
 _7420_/X
 _7421_/Y
 _7422_/X
 _7423_/Y
 _7424_/X
 _7425_/Y
 _7426_/X
 _7427_/X
 _7428_/X
 _7429_/X
 _7430_/Y
 _7431_/X
 _7432_/X
 _7433_/X
 _7434_/X
 _7435_/Y
 _7436_/X
 _7437_/X
 _7438_/Y
 _7439_/X
 _7440_/Y
 _7441_/Y
 _7442_/Y
 _7443_/Y
 _7444_/X
 _7445_/Y
 _7446_/X
 _7447_/X
 _7448_/Y
 _7449_/X
 _7450_/X
 _7451_/X
 _7452_/Y
 _7453_/X
 _7454_/Y
 _7455_/Y
 _7456_/X
 _7457_/Y
 _7458_/X
 _7459_/Y
 _7460_/Y
 _7461_/X
 _7462_/Y
 _7463_/Y
 _7464_/Y
 _7465_/Y
 _7466_/X
 _7467_/Y
 _7468_/Y
 _7469_/Y
 _7470_/Y
 _7471_/X
 _7472_/X
 _7473_/Y
 _7474_/Y
 _7475_/Y
 _7476_/Y
 _7477_/X
 _7478_/Y
 _7479_/Y
 _7480_/X
 _7481_/X
 _7482_/Y
 _7483_/Y
 _7484_/Y
 _7485_/Y
 _7486_/X
 _7487_/Y
 _7488_/X
 _7489_/X
 _7490_/X
 _7491_/X
 _7492_/X
 _7493_/X
 _7494_/Y
 _7495_/X
 _7496_/Y
 _7497_/X
 _7498_/X
 _7499_/Y
 _7500_/Y
 _7501_/X
 _7502_/Y
 _7503_/X
 _7504_/X
 _7505_/X
 _7506_/Y
 _7507_/Y
 _7508_/Y
 _7509_/Y
 _7510_/Y
 _7511_/X
 _7512_/Y
 _7513_/X
 _7514_/Y
 _7515_/Y
 _7516_/X
 _7517_/X
 _7518_/X
 _7519_/Y
 _7520_/Y
 _7521_/Y
 _7522_/X
 _7523_/Y
 _7524_/X
 _7525_/X
 _7526_/Y
 _7527_/Y
 _7528_/Y
 _7529_/Y
 _7530_/Y
 _7531_/Y
 _7532_/X
 _7533_/Y
 _7534_/X
 _7535_/X
 _7536_/X
 _7537_/Y
 _7538_/X
 _7539_/Y
 _7540_/Y
 _7541_/Y
 _7542_/X
 _7543_/Y
 _7544_/Y
 _7545_/Y
 _7546_/X
 _7547_/X
 _7548_/Y
 _7549_/Y
 _7550_/Y
 _7551_/X
 _7552_/X
 _7553_/Y
 _7554_/Y
 _7555_/X
 _7556_/X
 _7557_/X
 _7558_/X
 _7559_/Y
 _7560_/X
 _7561_/X
 _7562_/X
 _7563_/X
 _7564_/X
 _7565_/Y
 _7566_/X
 _7567_/Y
 _7568_/X
 _7569_/Y
 _7570_/X
 _7571_/X
 _7572_/Y
 _7573_/X
 _7574_/Y
 _7575_/X
 _7576_/X
 _7577_/X
 _7578_/Y
 _7579_/Y
 _7580_/Y
 _7581_/Y
 _7582_/Y
 _7583_/X
 _7584_/X
 _7585_/Y
 _7586_/Y
 _7587_/Y
 _7588_/X
 _7589_/X
 _7590_/X
 _7591_/X
 _7592_/Y
 _7593_/X
 _7594_/X
 _7595_/X
 _7596_/Y
 _7597_/X
 _7598_/Y
 _7599_/Y
 _7600_/Y
 _7601_/X
 _7602_/Y
 _7603_/Y
 _7604_/Y
 _7605_/X
 _7606_/X
 _7607_/Y
 _7608_/X
 _7609_/Y
 _7610_/X
 _7611_/X
 _7612_/X
 _7613_/X
 _7614_/Y
 _7615_/X
 _7616_/Y
 _7617_/X
 _7618_/X
 _7619_/X
 _7620_/Y
 _7621_/X
 _7622_/Y
 _7623_/Y
 _7624_/Y
 _7625_/Y
 _7626_/X
 _7627_/Y
 _7628_/X
 _7629_/X
 _7630_/X
 _7631_/X
 _7632_/Y
 _7633_/X
 _7634_/Y
 _7635_/Y
 _7636_/X
 _7637_/Y
 _7638_/Y
 _7639_/Y
 _7640_/Y
 _7641_/X
 _7642_/Y
 _7643_/X
 _7644_/X
 _7645_/Y
 _7646_/Y
 _7647_/Y
 _7648_/Y
 _7649_/X
 _7650_/Y
 _7651_/Y
 _7652_/Y
 _7653_/Y
 _7654_/Y
 _7655_/X
 _7656_/Y
 _7657_/Y
 _7658_/Y
 _7659_/X
 _7660_/Y
 _7661_/X
 _7662_/X
 _7663_/X
 _7664_/Y
 _7665_/X
 _7666_/Y
 _7667_/Y
 _7668_/X
 _7669_/X
 _7670_/Y
 _7671_/X
 _7672_/X
 _7673_/Y
 _7674_/X
 _7675_/Y
 _7676_/Y
 _7677_/X
 _7678_/Y
 _7679_/Y
 _7680_/Y
 _7681_/X
 _7682_/X
 _7683_/X
 _7684_/Y
 _7685_/X
 _7686_/Y
 _7687_/X
 _7688_/Y
 _7689_/Y
 _7690_/Y
 _7691_/Y
 _7692_/X
 _7693_/X
 _7694_/X
 _7695_/X
 _7696_/Y
 _7697_/Y
 _7698_/X
 _7699_/Y
 _7700_/Y
 _7701_/Y
 _7702_/Y
 _7703_/X
 _7704_/X
 _7705_/Y
 _7706_/Y
 _7707_/Y
 _7708_/X
 _7709_/Y
 _7710_/X
 _7711_/X
 _7712_/X
 _7713_/Y
 _7714_/Y
 _7715_/X
 _7716_/X
 _7717_/X
 _7718_/Y
 _7719_/Y
 _7720_/X
 _7721_/X
 _7722_/X
 _7723_/Y
 _7724_/X
 _7725_/X
 _7726_/X
 _7727_/X
 _7728_/X
 _7729_/X
 _7730_/Y
 _7731_/X
 _7732_/X
 _7733_/X
 _7734_/X
 _7735_/Y
 _7736_/X
 _7737_/Y
 _7738_/Y
 _7739_/X
 _7740_/Y
 _7741_/Y
 _7742_/Y
 _7743_/Y
 _7744_/X
 _7745_/Y
 _7746_/X
 _7747_/Y
 _7748_/Y
 _7749_/Y
 _7750_/Y
 _7751_/X
 _7752_/Y
 _7753_/Y
 _7754_/Y
 _7755_/X
 _7756_/X
 _7757_/X
 _7758_/Y
 _7759_/X
 _7760_/X
 _7761_/Y
 _7762_/X
 _7763_/X
 _7764_/X
 _7765_/X
 _7766_/Y
 _7767_/X
 _7768_/Y
 _7769_/Y
 _7770_/X
 _7771_/Y
 _7772_/X
 _7773_/X
 _7774_/Y
 _7775_/Y
 _7776_/Y
 _7777_/Y
 _7778_/Y
 _7779_/Y
 _7780_/X
 _7781_/X
 _7782_/Y
 _7783_/X
 _7784_/X
 _7785_/Y
 _7786_/X
 _7787_/Y
 _7788_/Y
 _7789_/X
 _7790_/X
 _7791_/X
 _7792_/X
 _7793_/X
 _7794_/X
 _7795_/Y
 _7796_/X
 _7797_/Y
 _7798_/Y
 _7799_/X
 _7800_/X
 _7801_/Y
 _7802_/X
 _7803_/X
 _7804_/Y
 _7805_/Y
 _7806_/X
 _7807_/Y
 _7808_/Y
 _7809_/X
 _7810_/X
 _7811_/Y
 _7812_/Y
 _7813_/X
 _7814_/X
 _7815_/Y
 _7816_/X
 _7817_/Y
 _7818_/Y
 _7819_/X
 _7820_/X
 _7821_/X
 _7822_/Y
 _7823_/X
 _7824_/Y
 _7825_/Y
 _7826_/X
 _7827_/Y
 _7828_/Y
 _7829_/Y
 _7830_/X
 _7831_/Y
 _7832_/Y
 _7833_/X
 _7834_/Y
 _7835_/Y
 _7836_/X
 _7837_/Y
 _7838_/X
 _7839_/X
 _7840_/X
 _7841_/Y
 _7842_/Y
 _7843_/Y
 _7844_/Y
 _7845_/Y
 _7846_/X
 _7847_/X
 _7848_/X
 _7849_/Y
 _7850_/X
 _7851_/Y
 _7852_/Y
 _7853_/X
 _7854_/Y
 _7855_/Y
 _7856_/Y
 _7857_/Y
 _7858_/Y
 _7859_/X
 _7860_/Y
 _7861_/Y
 _7862_/Y
 _7863_/X
 _7864_/X
 _7865_/Y
 _7866_/X
 _7867_/Y
 _7868_/Y
 _7869_/Y
 _7870_/X
 _7871_/X
 _7872_/X
 _7873_/Y
 _7874_/X
 _7875_/Y
 _7876_/Y
 _7877_/X
 _7878_/X
 _7879_/X
 _7880_/Y
 _7881_/X
 _7882_/X
 _7883_/Y
 _7884_/Y
 _7885_/X
 _7886_/Y
 _7887_/Y
 _7888_/Y
 _7889_/X
 _7890_/Y
 _7891_/X
 _7892_/Y
 _7893_/Y
 _7894_/X
 _7895_/Y
 _7896_/Y
 _7897_/X
 _7898_/X
 _7899_/Y
 _7900_/Y
 _7901_/Y
 _7902_/Y
 _7903_/Y
 _7904_/X
 _7905_/Y
 _7906_/X
 _7907_/Y
 _7908_/X
 _7909_/X
 _7910_/X
 _7911_/Y
 _7912_/X
 _7913_/X
 _7914_/X
 _7915_/X
 _7916_/X
 _7917_/X
 _7918_/X
 _7919_/Y
 _7920_/X
 _7921_/Y
 _7922_/Y
 _7923_/Y
 _7924_/Y
 _7925_/X
 _7926_/X
 _7927_/X
 _7928_/X
 _7929_/Y
 _7930_/Y
 _7931_/Y
 _7932_/Y
 _7933_/X
 _7934_/X
 _7935_/X
 _7936_/X
 _7937_/Y
 _7938_/Y
 _7939_/Y
 _7940_/Y
 _7941_/Y
 _7942_/Y
 _7943_/Y
 _7944_/Y
 _7945_/Y
 _7946_/X
 _7947_/Y
 _7948_/X
 _7949_/Y
 _7950_/X
 _7951_/X
 _7952_/X
 _7953_/Y
 _7954_/Y
 _7955_/Y
 _7956_/Y
 _7957_/Y
 _7958_/X
 _7959_/X
 _7960_/Y
 _7961_/Y
 _7962_/Y
 _7963_/X
 _7964_/X
 _7965_/Y
 _7966_/Y
 _7967_/Y
 _7968_/Y
 _7969_/X
 _7970_/Y
 _7971_/Y
 _7972_/X
 _7973_/X
 _7974_/X
 _7975_/X
 _7976_/X
 _7977_/X
 _7978_/Y
 _7979_/Y
 _7980_/X
 _7981_/X
 _7982_/X
 _7983_/Y
 _7984_/X
 _7985_/Y
 _7986_/Y
 _7987_/Y
 _7988_/Y
 _7989_/X
 _7990_/X
 _7991_/X
 _7992_/Y
 _7993_/Y
 _7994_/Y
 _7995_/X
 _7996_/Y
 _7997_/X
 _7998_/X
 _7999_/Y
 _8000_/Y
 _8001_/X
 _8002_/Y
 _8003_/Y
 _8004_/Y
 _8005_/X
 _8006_/X
 _8007_/X
 _8008_/Y
 _8009_/X
 _8010_/X
 _8011_/X
 _8012_/Y
 _8013_/Y
 _8014_/X
 _8015_/X
 _8016_/X
 _8017_/Y
 _8018_/X
 _8019_/Y
 _8020_/Y
 _8021_/Y
 _8022_/X
 _8023_/X
 _8024_/Y
 _8025_/Y
 _8026_/Y
 _8027_/Y
 _8028_/X
 _8029_/Y
 _8030_/Y
 _8031_/Y
 _8032_/X
 _8033_/X
 _8034_/Y
 _8035_/Y
 _8036_/Y
 _8037_/X
 _8038_/Y
 _8039_/Y
 _8040_/X
 _8041_/Y
 _8042_/X
 _8043_/X
 _8044_/Y
 _8045_/Y
 _8046_/X
 _8047_/Y
 _8048_/X
 _8049_/X
 _8050_/X
 _8051_/Y
 _8052_/Y
 _8053_/Y
 _8054_/Y
 _8055_/Y
 _8056_/X
 _8057_/X
 _8058_/Y
 _8059_/Y
 _8060_/Y
 _8061_/X
 _8062_/Y
 _8063_/Y
 _8064_/X
 _8065_/X
 _8066_/X
 _8067_/X
 _8068_/X
 _8069_/Y
 _8070_/X
 _8071_/X
 _8072_/Y
 _8073_/Y
 _8074_/X
 _8075_/Y
 _8076_/Y
 _8077_/X
 _8078_/X
 _8079_/X
 _8080_/X
 _8081_/X
 _8082_/Y
 _8083_/Y
 _8084_/Y
 _8085_/X
 _8086_/X
 _8087_/X
 _8088_/X
 _8089_/Y
 _8090_/Y
 _8091_/X
 _8092_/Y
 _8093_/X
 _8094_/Y
 _8095_/X
 _8096_/X
 _8097_/X
 _8098_/Y
 _8099_/Y
 _8100_/Y
 _8101_/X
 _8102_/X
 _8103_/Y
 _8104_/Y
 _8105_/X
 _8106_/X
 _8107_/Y
 _8108_/Y
 _8109_/Y
 _8110_/Y
 _8111_/X
 _8112_/Y
 _8113_/Y
 _8114_/Y
 _8115_/X
 _8116_/X
 _8117_/Y
 _8118_/Y
 _8119_/Y
 _8120_/Y
 _8121_/X
 _8122_/Y
 _8123_/X
 _8124_/Y
 _8125_/Y
 _8126_/X
 _8127_/X
 _8128_/Y
 _8129_/X
 _8130_/Y
 _8131_/Y
 _8132_/Y
 _8133_/Y
 _8134_/X
 _8135_/Y
 _8136_/X
 _8137_/Y
 _8138_/Y
 _8139_/Y
 _8140_/X
 _8141_/Y
 _8142_/X
 _8143_/X
 _8144_/X
 _8145_/Y
 _8146_/X
 _8147_/Y
 _8148_/Y
 _8149_/X
 _8150_/Y
 _8151_/Y
 _8152_/Y
 _8153_/Y
 _8154_/Y
 _8155_/Y
 _8156_/Y
 _8157_/X
 _8158_/X
 _8159_/Y
 _8160_/X
 _8161_/Y
 _8162_/Y
 _8163_/X
 _8164_/Y
 _8165_/X
 _8166_/Y
 _8167_/Y
 _8168_/X
 _8169_/X
 _8170_/Y
 _8171_/Y
 _8172_/X
 _8173_/X
 _8174_/X
 _8175_/Y
 _8176_/X
 _8177_/Y
 _8178_/X
 _8179_/Y
 _8180_/Y
 _8181_/Y
 _8182_/Y
 _8183_/X
 _8184_/X
 _8185_/X
 _8186_/Y
 _8187_/X
 _8188_/Y
 _8189_/Y
 _8190_/Y
 _8191_/Y
 _8192_/Y
 _8193_/X
 _8194_/Y
 _8195_/X
 _8196_/X
 _8197_/X
 _8198_/Y
 _8199_/Y
 _8200_/Y
 _8201_/Y
 _8202_/X
 _8203_/X
 _8204_/X
 _8205_/Y
 _8206_/Y
 _8207_/X
 _8208_/Y
 _8209_/Y
 _8210_/Y
 _8211_/Y
 _8212_/X
 _8213_/X
 _8214_/Y
 _8215_/X
 _8216_/Y
 _8217_/X
 _8218_/X
 _8219_/Y
 _8220_/X
 _8221_/Y
 _8222_/X
 _8223_/Y
 _8224_/Y
 _8225_/X
 _8226_/X
 _8227_/Y
 _8228_/Y
 _8229_/Y
 _8230_/Y
 _8231_/X
 _8232_/X
 _8233_/X
 _8234_/Y
 _8235_/Y
 _8236_/Y
 _8237_/Y
 _8238_/Y
 _8239_/X
 _8240_/Y
 _8241_/Y
 _8242_/Y
 _8243_/Y
 _8244_/X
 _8245_/Y
 _8246_/Y
 _8247_/Y
 _8248_/X
 _8249_/Y
 _8250_/Y
 _8251_/Y
 _8252_/X
 _8253_/X
 _8254_/X
 _8255_/X
 _8256_/Y
 _8257_/Y
 _8258_/X
 _8259_/Y
 _8260_/X
 _8261_/X
 _8262_/Y
 _8263_/Y
 _8264_/Y
 _8265_/Y
 _8266_/Y
 _8267_/X
 _8268_/X
 _8269_/X
 _8270_/X
 _8271_/X
 _8272_/Y
 _8273_/Y
 _8274_/Y
 _8275_/Y
 _8276_/X
 _8277_/X
 _8278_/Y
 _8279_/Y
 _8280_/Y
 _8281_/X
 _8282_/Y
 _8283_/X
 _8284_/Y
 _8285_/Y
 _8286_/X
 _8287_/Y
 _8288_/Y
 _8289_/Y
 _8290_/X
 _8291_/Y
 _8292_/X
 _8293_/Y
 _8294_/Y
 _8295_/X
 _8296_/X
 _8297_/X
 _8298_/Y
 _8299_/Y
 _8300_/Y
 _8301_/X
 _8302_/X
 _8303_/Y
 _8304_/Y
 _8305_/Y
 _8306_/Y
 _8307_/X
 _8308_/X
 _8309_/X
 _8310_/X
 _8311_/X
 _8312_/Y
 _8313_/X
 _8314_/Y
 _8315_/X
 _8316_/Y
 _8317_/Y
 _8318_/X
 _8319_/Y
 _8320_/Y
 _8321_/X
 _8322_/Y
 _8323_/Y
 _8324_/Y
 _8325_/X
 _8326_/X
 _8327_/Y
 _8328_/Y
 _8329_/Y
 _8330_/Y
 _8331_/Y
 _8332_/Y
 _8333_/X
 _8334_/X
 _8335_/Y
 _8336_/Y
 _8337_/Y
 _8338_/Y
 _8339_/Y
 _8340_/Y
 _8341_/Y
 _8342_/X
 _8343_/X
 _8344_/Y
 _8345_/Y
 _8346_/Y
 _8347_/Y
 _8348_/Y
 _8349_/Y
 _8350_/Y
 _8351_/X
 _8352_/X
 _8353_/Y
 _8354_/X
 _8355_/Y
 _8356_/Y
 _8357_/X
 _8358_/X
 _8359_/X
 _8360_/Y
 _8361_/Y
 _8362_/X
 _8363_/X
 _8364_/X
 _8365_/Y
 _8366_/Y
 _8367_/X
 _8368_/X
 _8369_/X
 _8370_/X
 _8371_/Y
 _8372_/Y
 _8373_/X
 _8374_/X
 _8375_/X
 _8376_/X
 _8377_/X
 _8378_/Y
 _8379_/X
 _8380_/Y
 _8381_/X
 _8382_/Y
 _8383_/Y
 _8384__1/Y
 _8385__2/Y
 _8386__3/Y
 _8387__4/Y
 _8388__5/Y
 _8389__6/Y
 _8390__7/Y
 _8391__8/Y
 _8392__9/Y
 _8393__10/Y
 _8394__11/Y
 _8395__12/Y
 _8396__13/Y
 _8397__14/Y
 _8398__15/Y
 _8399__16/Y
 _8400__17/Y
 _8401__18/Y
 _8402__19/Y
 _8403__20/Y
 _8404__21/Y
 _8405__22/Y
 _8406__23/Y
 _8407__24/Y
 _8408__25/Y
 _8409__26/Y
 _8410__27/Y
 _8411__28/Y
 _8412__29/Y
 _8413__30/Y
 _8414__31/Y
 _8415__32/Y
 _8416_/Q
 _8417_/Q
 _8418_/Q
 _8419_/Q
 _8420_/Q
 _8421_/Q
 _8422_/Q
 _8423_/Q
 _8424_/Q
 _8425_/Q
 _8426_/Q
 _8427_/Q
 _8428_/Q
 _8429_/Q
 _8430_/Q
 _8431_/Q
 _8432_/Q
 _8433_/Q
 _8434_/Q
 _8435_/Q
 _8436_/Q
 _8437_/Q
 _8438_/Q
 _8439_/Q
 _8440_/Q
 _8441_/Q
 _8442_/Q
 _8443_/Q
 _8444_/Q
 _8445_/Q
 _8446_/Q
 _8447_/Q
 clkbuf_0_clk/X
 clkbuf_2_0__f_clk/X
 clkbuf_2_1__f_clk/X
 clkbuf_2_2__f_clk/X
 clkbuf_2_3__f_clk/X
 clone40/X
 clone45/X
 clone47/X
 fanout100/X
 fanout101/X
 fanout102/X
 fanout103/X
 fanout104/X
 fanout105/X
 fanout106/X
 fanout107/X
 fanout108/X
 fanout109/X
 fanout110/X
 fanout111/X
 fanout112/X
 fanout113/X
 fanout114/X
 fanout115/X
 fanout116/X
 fanout117/X
 fanout118/X
 fanout119/X
 fanout120/X
 fanout121/X
 fanout122/X
 fanout123/X
 fanout124/X
 fanout125/X
 fanout126/X
 fanout127/X
 fanout128/X
 fanout129/X
 fanout130/X
 fanout131/X
 fanout132/X
 fanout133/X
 fanout134/X
 fanout135/X
 fanout136/X
 fanout137/X
 fanout138/X
 fanout139/X
 fanout140/X
 fanout141/X
 fanout142/X
 fanout143/X
 fanout144/X
 fanout145/X
 fanout146/X
 fanout147/X
 fanout148/X
 fanout149/X
 fanout150/X
 fanout151/X
 fanout152/X
 fanout153/X
 fanout154/X
 fanout155/X
 fanout156/X
 fanout157/X
 fanout158/X
 fanout159/X
 fanout160/X
 fanout161/X
 fanout162/X
 fanout163/X
 fanout164/X
 fanout165/X
 fanout166/X
 fanout167/X
 fanout168/X
 fanout169/X
 fanout170/X
 fanout171/X
 fanout172/X
 fanout173/X
 fanout174/X
 fanout175/X
 fanout176/X
 fanout177/X
 fanout178/X
 fanout179/X
 fanout180/X
 fanout181/X
 fanout182/X
 fanout183/X
 fanout184/X
 fanout185/X
 fanout186/X
 fanout187/X
 fanout188/X
 fanout189/X
 fanout190/X
 fanout191/X
 fanout192/X
 fanout193/X
 fanout194/X
 fanout195/X
 fanout196/X
 fanout197/X
 fanout198/X
 fanout199/X
 fanout200/X
 fanout201/X
 fanout202/X
 fanout203/X
 fanout204/X
 fanout205/X
 fanout206/X
 fanout207/X
 fanout208/X
 fanout209/X
 fanout210/X
 fanout211/X
 fanout212/X
 fanout213/X
 fanout214/X
 fanout215/X
 fanout216/X
 fanout217/X
 fanout218/X
 fanout219/X
 fanout220/X
 fanout221/X
 fanout222/X
 fanout223/X
 fanout224/X
 fanout225/X
 fanout226/X
 fanout227/X
 fanout228/X
 fanout229/X
 fanout230/X
 fanout231/X
 fanout232/X
 fanout233/X
 fanout234/X
 fanout235/X
 fanout236/X
 fanout237/X
 fanout238/X
 fanout239/X
 fanout240/X
 fanout241/X
 fanout242/X
 fanout243/X
 fanout244/X
 fanout245/X
 fanout246/X
 fanout247/X
 fanout248/X
 fanout249/X
 fanout250/X
 fanout251/X
 fanout252/X
 fanout253/X
 fanout254/X
 fanout255/X
 fanout256/X
 fanout257/X
 fanout258/X
 fanout259/X
 fanout260/X
 fanout261/X
 fanout262/X
 fanout263/X
 fanout264/X
 fanout265/X
 fanout266/X
 fanout267/X
 fanout268/X
 fanout269/X
 fanout270/X
 fanout271/X
 fanout272/X
 fanout273/X
 fanout274/X
 fanout275/X
 fanout276/X
 fanout277/X
 fanout278/X
 fanout279/X
 fanout280/X
 fanout281/X
 fanout282/X
 fanout283/X
 fanout284/X
 fanout285/X
 fanout286/X
 fanout287/X
 fanout288/X
 fanout289/X
 fanout290/X
 fanout291/X
 fanout292/X
 fanout293/X
 fanout294/X
 fanout295/X
 fanout296/X
 fanout297/X
 fanout298/X
 fanout299/X
 fanout300/X
 fanout301/X
 fanout302/X
 fanout303/X
 fanout304/X
 fanout305/X
 fanout306/X
 fanout307/X
 fanout308/X
 fanout309/X
 fanout310/X
 fanout311/X
 fanout312/X
 fanout313/X
 fanout314/X
 fanout315/X
 fanout316/X
 fanout317/X
 fanout318/X
 fanout319/X
 fanout320/X
 fanout321/X
 fanout73/X
 fanout74/X
 fanout75/X
 fanout76/X
 fanout77/X
 fanout78/X
 fanout79/X
 fanout80/X
 fanout81/X
 fanout82/X
 fanout84/X
 fanout85/X
 fanout86/X
 fanout87/X
 fanout88/X
 fanout89/X
 fanout90/X
 fanout91/X
 fanout92/X
 fanout93/X
 fanout94/X
 fanout95/X
 fanout96/X
 fanout97/X
 fanout98/X
 fanout99/X
 hold50/X
 hold51/X
 hold52/X
 hold53/X
 hold54/X
 hold55/X
 hold56/X
 hold57/X
 hold58/X
 hold59/X
 hold60/X
 hold61/X
 hold62/X
 hold63/X
 hold64/X
 hold65/X
 input1/X
 input10/X
 input11/X
 input12/X
 input13/X
 input14/X
 input15/X
 input16/X
 input17/X
 input18/X
 input19/X
 input2/X
 input20/X
 input21/X
 input22/X
 input23/X
 input24/X
 input25/X
 input26/X
 input27/X
 input28/X
 input29/X
 input3/X
 input30/X
 input31/X
 input32/X
 input33/X
 input34/X
 input35/X
 input36/X
 input37/X
 input38/X
 input39/X
 input4/X
 input40/X
 input41/X
 input42/X
 input43/X
 input44/X
 input45/X
 input46/X
 input47/X
 input48/X
 input49/X
 input5/X
 input50/X
 input51/X
 input52/X
 input53/X
 input54/X
 input55/X
 input56/X
 input57/X
 input58/X
 input59/X
 input6/X
 input60/X
 input61/X
 input62/X
 input63/X
 input64/X
 input65/X
 input7/X
 input8/X
 input9/X
 max_cap70/X
 max_cap71/X
 max_cap72/X
 output66/X
 output67/X
 output68/X
 output69/X
 rebuffer1/X
 rebuffer10/X
 rebuffer11/X
 rebuffer12/X
 rebuffer13/X
 rebuffer14/X
 rebuffer15/X
 rebuffer16/X
 rebuffer17/X
 rebuffer18/X
 rebuffer19/X
 rebuffer2/X
 rebuffer20/X
 rebuffer21/X
 rebuffer22/X
 rebuffer23/X
 rebuffer24/X
 rebuffer25/X
 rebuffer26/X
 rebuffer27/X
 rebuffer28/X
 rebuffer29/X
 rebuffer3/X
 rebuffer30/X
 rebuffer31/X
 rebuffer32/X
 rebuffer33/X
 rebuffer34/X
 rebuffer35/X
 rebuffer36/X
 rebuffer37/X
 rebuffer38/X
 rebuffer39/X
 rebuffer4/X
 rebuffer41/X
 rebuffer42/X
 rebuffer43/X
 rebuffer44/X
 rebuffer46/X
 rebuffer48/X
 rebuffer49/X
 rebuffer5/X
 rebuffer6/X
 rebuffer7/X
 rebuffer8/X
 rebuffer9/X
 wire83/X
Found 0 partially unannotated drivers.

===========================================================================
max slew violation count 0
Writing metric design__max_slew_violation__count__corner:nom_tt_025C_1v80: 0
max fanout violation count 0
Writing metric design__max_fanout_violation__count__corner:nom_tt_025C_1v80: 0
max cap violation count 0
Writing metric design__max_cap_violation__count__corner:nom_tt_025C_1v80: 0
============================================================================

===========================================================================
check_setup -verbose -unconstrained_endpoints -multiple_clock -no_clock -no_input_delay -loops -generated_clocks
===========================================================================
