
===========================================================================
Violator List
============================================================================
[setup in-reg] periodTop[1] -> _8421_/D : -1.705462
[setup in-reg] periodTop[1] -> _8424_/D : -1.694485
[setup in-reg] periodTop[1] -> _8425_/D : -1.694485
[setup in-reg] periodTop[1] -> _8426_/D : -1.694485
[setup in-reg] periodTop[1] -> _8422_/D : -1.691016
[setup in-reg] periodTop[1] -> _8423_/D : -1.691016
[setup in-reg] periodTop[1] -> _8427_/D : -1.691016
[setup in-reg] periodTop[1] -> _8428_/D : -1.691016
[setup in-reg] periodTop[1] -> _8429_/D : -1.691016
[setup in-reg] periodTop[1] -> _8430_/D : -1.691016
[setup in-reg] periodTop[1] -> _8418_/D : -1.514038
[setup in-reg] periodTop[1] -> _8419_/D : -1.514038
[setup in-reg] periodTop[1] -> _8420_/D : -1.514038
[setup in-reg] periodTop[1] -> _8416_/D : -1.509995
[setup in-reg] periodTop[1] -> _8417_/D : -1.509995
[setup in-reg] periodTop[1] -> _8447_/D : -1.169961
[setup in-out] periodTop[10] -> pwmB : -1.032061
[setup in-out] periodTop[10] -> pwmC : -0.730006
[setup in-out] vA[6] -> pwmA : -0.581411
Writing metric timing__hold_vio__count__corner:nom_tt_025C_1v80: 0
Writing metric timing__hold_r2r_vio__count__corner:nom_tt_025C_1v80: 0
Writing metric timing__setup_vio__count__corner:nom_tt_025C_1v80: 19
Writing metric timing__setup_r2r_vio__count__corner:nom_tt_025C_1v80: 0
