
===========================================================================
report_checks -unconstrained
===========================================================================
======================= nom_ss_100C_1v60 Corner ===================================

Startpoint: rstb (input port clocked by clk)
Endpoint: _3809_ (recovery check against rising-edge clock clk')
Path Group: asynchronous
Path Type: max

Fanout         Cap        Slew       Delay        Time   Description
---------------------------------------------------------------------------------------------
                                  0.000000    0.000000   clock clk (rise edge)
                                  0.000000    0.000000   clock network delay (propagated)
                                  2.000000    2.000000 ^ input external delay
     1    0.002646    0.031239    0.014980    2.014981 ^ rstb (in)
                                                         rstb (net)
                      0.031239    0.000000    2.014981 ^ input18/A (sky130_fd_sc_hd__clkbuf_1)
     1    0.002911    0.074440    0.134366    2.149346 ^ input18/X (sky130_fd_sc_hd__clkbuf_1)
                                                         net18 (net)
                      0.074441    0.000088    2.149435 ^ fanout146/A (sky130_fd_sc_hd__buf_2)
     5    0.041722    0.327632    0.384409    2.533844 ^ fanout146/X (sky130_fd_sc_hd__buf_2)
                                                         net146 (net)
                      0.327633    0.000438    2.534282 ^ fanout139/A (sky130_fd_sc_hd__clkbuf_2)
     5    0.032972    0.285130    0.455499    2.989781 ^ fanout139/X (sky130_fd_sc_hd__clkbuf_2)
                                                         net139 (net)
                      0.285131    0.000452    2.990233 ^ fanout138/A (sky130_fd_sc_hd__clkbuf_4)
    10    0.055130    0.271445    0.492428    3.482661 ^ fanout138/X (sky130_fd_sc_hd__clkbuf_4)
                                                         net138 (net)
                      0.271449    0.000863    3.483525 ^ fanout137/A (sky130_fd_sc_hd__clkbuf_4)
    10    0.048088    0.240391    0.464510    3.948035 ^ fanout137/X (sky130_fd_sc_hd__clkbuf_4)
                                                         net137 (net)
                      0.240395    0.000878    3.948913 ^ _3809_/RESET_B (sky130_fd_sc_hd__dfrtp_4)
                                              3.948913   data arrival time

                                  5.000000    5.000000   clock clk' (rise edge)
                                  0.000000    5.000000   clock source latency
     1    0.024733    0.109113    0.076892    5.076892 v clk (in)
                                                         clk (net)
                      0.109165    0.000000    5.076892 v clkbuf_0_clk/A (sky130_fd_sc_hd__clkbuf_16)
     8    0.091881    0.122074    0.340780    5.417673 v clkbuf_0_clk/X (sky130_fd_sc_hd__clkbuf_16)
                                                         clknet_0_clk (net)
                      0.122201    0.003210    5.420883 v clkbuf_3_2__f_clk/A (sky130_fd_sc_hd__clkbuf_16)
    13    0.077714    0.109032    0.336476    5.757359 v clkbuf_3_2__f_clk/X (sky130_fd_sc_hd__clkbuf_16)
                                                         clknet_3_2__leaf_clk (net)
                      0.109159    0.002947    5.760306 v _3721__4/A (sky130_fd_sc_hd__inv_2)
     1    0.001998    0.038259    0.075961    5.836267 ^ _3721__4/Y (sky130_fd_sc_hd__inv_2)
                                                         net182 (net)
                      0.038259    0.000039    5.836306 ^ _3809_/CLK (sky130_fd_sc_hd__dfrtp_4)
                                 -0.250000    5.586305   clock uncertainty
                                  0.000000    5.586305   clock reconvergence pessimism
                                  0.353280    5.939585   library recovery time
                                              5.939585   data required time
---------------------------------------------------------------------------------------------
                                              5.939585   data required time
                                             -3.948913   data arrival time
---------------------------------------------------------------------------------------------
                                              1.990672   slack (MET)


Startpoint: periodTop[11] (input port clocked by clk)
Endpoint: _3887_ (rising edge-triggered flip-flop clocked by clk')
Path Group: clk
Path Type: max

Fanout         Cap        Slew       Delay        Time   Description
---------------------------------------------------------------------------------------------
                                  0.000000    0.000000   clock clk (rise edge)
                                  0.000000    0.000000   clock network delay (propagated)
                                  2.000000    2.000000 ^ input external delay
     1    0.002689    0.031519    0.015202    2.015202 ^ periodTop[11] (in)
                                                         periodTop[11] (net)
                      0.031519    0.000000    2.015202 ^ input4/A (sky130_fd_sc_hd__clkbuf_1)
     1    0.005509    0.120074    0.168702    2.183904 ^ input4/X (sky130_fd_sc_hd__clkbuf_1)
                                                         net4 (net)
                      0.120075    0.000214    2.184118 ^ fanout126/A (sky130_fd_sc_hd__clkbuf_2)
     3    0.044198    0.375156    0.432021    2.616138 ^ fanout126/X (sky130_fd_sc_hd__clkbuf_2)
                                                         net126 (net)
                      0.375157    0.000510    2.616648 ^ fanout125/A (sky130_fd_sc_hd__clkbuf_2)
     5    0.038471    0.329638    0.505279    3.121927 ^ fanout125/X (sky130_fd_sc_hd__clkbuf_2)
                                                         net125 (net)
                      0.329647    0.001447    3.123374 ^ fanout124/A (sky130_fd_sc_hd__clkbuf_4)
    10    0.044301    0.224122    0.478150    3.601525 ^ fanout124/X (sky130_fd_sc_hd__clkbuf_4)
                                                         net124 (net)
                      0.224139    0.001679    3.603204 ^ _2597_/A (sky130_fd_sc_hd__nand4_1)
     3    0.008416    0.321187    0.344057    3.947261 v _2597_/Y (sky130_fd_sc_hd__nand4_1)
                                                         _0203_ (net)
                      0.321187    0.000115    3.947376 v _2660_/B1_N (sky130_fd_sc_hd__a21bo_1)
     2    0.007274    0.115807    0.496907    4.444283 ^ _2660_/X (sky130_fd_sc_hd__a21bo_1)
                                                         _0266_ (net)
                      0.115808    0.000229    4.444512 ^ _2662_/B (sky130_fd_sc_hd__nand3_1)
     3    0.008771    0.251400    0.277895    4.722406 v _2662_/Y (sky130_fd_sc_hd__nand3_1)
                                                         _0268_ (net)
                      0.251400    0.000167    4.722574 v _2734_/B1_N (sky130_fd_sc_hd__a21bo_1)
     2    0.008822    0.136168    0.478246    5.200820 ^ _2734_/X (sky130_fd_sc_hd__a21bo_1)
                                                         _0340_ (net)
                      0.136168    0.000248    5.201068 ^ _2736_/B (sky130_fd_sc_hd__nand3_2)
     6    0.021950    0.315473    0.334271    5.535339 v _2736_/Y (sky130_fd_sc_hd__nand3_2)
                                                         _0342_ (net)
                      0.315477    0.000931    5.536270 v _2751_/A (sky130_fd_sc_hd__and3_1)
     3    0.008107    0.113837    0.456963    5.993234 v _2751_/X (sky130_fd_sc_hd__and3_1)
                                                         _0357_ (net)
                      0.113838    0.000188    5.993422 v _2753_/A1 (sky130_fd_sc_hd__o211a_1)
     2    0.007092    0.108577    0.463436    6.456858 v _2753_/X (sky130_fd_sc_hd__o211a_1)
                                                         _0359_ (net)
                      0.108578    0.000192    6.457051 v _2777_/B (sky130_fd_sc_hd__or4bb_4)
     5    0.024668    0.222319    1.152292    7.609343 v _2777_/X (sky130_fd_sc_hd__or4bb_4)
                                                         _0383_ (net)
                      0.222319    0.000423    7.609766 v _2853_/B1 (sky130_fd_sc_hd__o211a_4)
     3    0.010195    0.077919    0.336179    7.945945 v _2853_/X (sky130_fd_sc_hd__o211a_4)
                                                         _0459_ (net)
                      0.077919    0.000219    7.946164 v _2863_/B (sky130_fd_sc_hd__or3_4)
     2    0.014124    0.144904    0.766819    8.712982 v _2863_/X (sky130_fd_sc_hd__or3_4)
                                                         _0469_ (net)
                      0.144907    0.000482    8.713465 v _2865_/A1 (sky130_fd_sc_hd__a211oi_4)
     2    0.009407    0.328081    0.417319    9.130783 ^ _2865_/Y (sky130_fd_sc_hd__a211oi_4)
                                                         _0471_ (net)
                      0.328081    0.000226    9.131010 ^ rebuffer13/A (sky130_fd_sc_hd__clkbuf_2)
     1    0.002817    0.050345    0.275358    9.406368 ^ rebuffer13/X (sky130_fd_sc_hd__clkbuf_2)
                                                         net303 (net)
                      0.050345    0.000082    9.406450 ^ rebuffer1/A (sky130_fd_sc_hd__clkbuf_1)
     2    0.005857    0.126325    0.181755    9.588205 ^ rebuffer1/X (sky130_fd_sc_hd__clkbuf_1)
                                                         net267 (net)
                      0.126325    0.000120    9.588326 ^ rebuffer2/A (sky130_fd_sc_hd__clkbuf_1)
     1    0.004560    0.103286    0.197470    9.785794 ^ rebuffer2/X (sky130_fd_sc_hd__clkbuf_1)
                                                         net268 (net)
                      0.103286    0.000156    9.785951 ^ _2867_/A2 (sky130_fd_sc_hd__o21ai_1)
     1    0.003374    0.104456    0.131818    9.917769 v _2867_/Y (sky130_fd_sc_hd__o21ai_1)
                                                         _0473_ (net)
                      0.104456    0.000115    9.917885 v _2868_/C (sky130_fd_sc_hd__and3_1)
     3    0.010986    0.138350    0.448825   10.366710 v _2868_/X (sky130_fd_sc_hd__and3_1)
                                                         _0474_ (net)
                      0.138353    0.000539   10.367249 v _3136_/A1 (sky130_fd_sc_hd__a311o_1)
     3    0.012070    0.176615    0.631196   10.998445 v _3136_/X (sky130_fd_sc_hd__a311o_1)
                                                         _0742_ (net)
                      0.176617    0.000508   10.998952 v _3214_/A1 (sky130_fd_sc_hd__a41o_1)
     3    0.014243    0.158481    0.466774   11.465727 v _3214_/X (sky130_fd_sc_hd__a41o_1)
                                                         _0820_ (net)
                      0.158489    0.000908   11.466634 v rebuffer4/A (sky130_fd_sc_hd__clkbuf_1)
     2    0.007561    0.099303    0.243197   11.709831 v rebuffer4/X (sky130_fd_sc_hd__clkbuf_1)
                                                         net270 (net)
                      0.099304    0.000187   11.710018 v _3265_/B (sky130_fd_sc_hd__and2_1)
     2    0.006808    0.099643    0.363082   12.073100 v _3265_/X (sky130_fd_sc_hd__and2_1)
                                                         _0865_ (net)
                      0.099643    0.000210   12.073311 v _3266_/B (sky130_fd_sc_hd__nor2_1)
     1    0.009033    0.298193    0.282379   12.355689 ^ _3266_/Y (sky130_fd_sc_hd__nor2_1)
                                                         _0866_ (net)
                      0.298193    0.000268   12.355957 ^ _3267_/B (sky130_fd_sc_hd__xnor2_2)
     3    0.022610    0.247156    0.317089   12.673046 v _3267_/Y (sky130_fd_sc_hd__xnor2_2)
                                                         _0867_ (net)
                      0.247159    0.000774   12.673820 v _3268_/A1 (sky130_fd_sc_hd__mux2_1)
     1    0.002409    0.106169    0.713602   13.387422 v _3268_/X (sky130_fd_sc_hd__mux2_1)
                                                         _0868_ (net)
                      0.106169    0.000049   13.387470 v _3269_/A (sky130_fd_sc_hd__clkbuf_1)
     1    0.002485    0.047333    0.173935   13.561405 v _3269_/X (sky130_fd_sc_hd__clkbuf_1)
                                                         _0167_ (net)
                      0.047333    0.000071   13.561476 v _3887_/D (sky130_fd_sc_hd__dfrtp_1)
                                             13.561476   data arrival time

                                  5.000000    5.000000   clock clk' (rise edge)
                                  0.000000    5.000000   clock source latency
     1    0.024733    0.109113    0.076892    5.076892 v clk (in)
                                                         clk (net)
                      0.109165    0.000000    5.076892 v clkbuf_0_clk/A (sky130_fd_sc_hd__clkbuf_16)
     8    0.091881    0.122074    0.340780    5.417673 v clkbuf_0_clk/X (sky130_fd_sc_hd__clkbuf_16)
                                                         clknet_0_clk (net)
                      0.122194    0.003121    5.420794 v clkbuf_3_3__f_clk/A (sky130_fd_sc_hd__clkbuf_16)
     9    0.060667    0.093756    0.322969    5.743762 v clkbuf_3_3__f_clk/X (sky130_fd_sc_hd__clkbuf_16)
                                                         clknet_3_3__leaf_clk (net)
                      0.093850    0.002282    5.746044 v _3799__82/A (sky130_fd_sc_hd__inv_2)
     1    0.001980    0.035095    0.071031    5.817075 ^ _3799__82/Y (sky130_fd_sc_hd__inv_2)
                                                         net260 (net)
                      0.035095    0.000038    5.817113 ^ _3887_/CLK (sky130_fd_sc_hd__dfrtp_1)
                                 -0.250000    5.567113   clock uncertainty
                                  0.000000    5.567113   clock reconvergence pessimism
                                 -0.276407    5.290706   library setup time
                                              5.290706   data required time
---------------------------------------------------------------------------------------------
                                              5.290706   data required time
                                            -13.561476   data arrival time
---------------------------------------------------------------------------------------------
                                             -8.270769   slack (VIOLATED)




===========================================================================
report_checks --slack_max -0.01
============================================================================
======================= nom_ss_100C_1v60 Corner ===================================

Startpoint: periodTop[11] (input port clocked by clk)
Endpoint: _3887_ (rising edge-triggered flip-flop clocked by clk')
Path Group: clk
Path Type: max

Fanout         Cap        Slew       Delay        Time   Description
---------------------------------------------------------------------------------------------
                                  0.000000    0.000000   clock clk (rise edge)
                                  0.000000    0.000000   clock network delay (propagated)
                                  2.000000    2.000000 ^ input external delay
     1    0.002689    0.031519    0.015202    2.015202 ^ periodTop[11] (in)
                                                         periodTop[11] (net)
                      0.031519    0.000000    2.015202 ^ input4/A (sky130_fd_sc_hd__clkbuf_1)
     1    0.005509    0.120074    0.168702    2.183904 ^ input4/X (sky130_fd_sc_hd__clkbuf_1)
                                                         net4 (net)
                      0.120075    0.000214    2.184118 ^ fanout126/A (sky130_fd_sc_hd__clkbuf_2)
     3    0.044198    0.375156    0.432021    2.616138 ^ fanout126/X (sky130_fd_sc_hd__clkbuf_2)
                                                         net126 (net)
                      0.375157    0.000510    2.616648 ^ fanout125/A (sky130_fd_sc_hd__clkbuf_2)
     5    0.038471    0.329638    0.505279    3.121927 ^ fanout125/X (sky130_fd_sc_hd__clkbuf_2)
                                                         net125 (net)
                      0.329647    0.001447    3.123374 ^ fanout124/A (sky130_fd_sc_hd__clkbuf_4)
    10    0.044301    0.224122    0.478150    3.601525 ^ fanout124/X (sky130_fd_sc_hd__clkbuf_4)
                                                         net124 (net)
                      0.224139    0.001679    3.603204 ^ _2597_/A (sky130_fd_sc_hd__nand4_1)
     3    0.008416    0.321187    0.344057    3.947261 v _2597_/Y (sky130_fd_sc_hd__nand4_1)
                                                         _0203_ (net)
                      0.321187    0.000115    3.947376 v _2660_/B1_N (sky130_fd_sc_hd__a21bo_1)
     2    0.007274    0.115807    0.496907    4.444283 ^ _2660_/X (sky130_fd_sc_hd__a21bo_1)
                                                         _0266_ (net)
                      0.115808    0.000229    4.444512 ^ _2662_/B (sky130_fd_sc_hd__nand3_1)
     3    0.008771    0.251400    0.277895    4.722406 v _2662_/Y (sky130_fd_sc_hd__nand3_1)
                                                         _0268_ (net)
                      0.251400    0.000167    4.722574 v _2734_/B1_N (sky130_fd_sc_hd__a21bo_1)
     2    0.008822    0.136168    0.478246    5.200820 ^ _2734_/X (sky130_fd_sc_hd__a21bo_1)
                                                         _0340_ (net)
                      0.136168    0.000248    5.201068 ^ _2736_/B (sky130_fd_sc_hd__nand3_2)
     6    0.021950    0.315473    0.334271    5.535339 v _2736_/Y (sky130_fd_sc_hd__nand3_2)
                                                         _0342_ (net)
                      0.315477    0.000931    5.536270 v _2751_/A (sky130_fd_sc_hd__and3_1)
     3    0.008107    0.113837    0.456963    5.993234 v _2751_/X (sky130_fd_sc_hd__and3_1)
                                                         _0357_ (net)
                      0.113838    0.000188    5.993422 v _2753_/A1 (sky130_fd_sc_hd__o211a_1)
     2    0.007092    0.108577    0.463436    6.456858 v _2753_/X (sky130_fd_sc_hd__o211a_1)
                                                         _0359_ (net)
                      0.108578    0.000192    6.457051 v _2777_/B (sky130_fd_sc_hd__or4bb_4)
     5    0.024668    0.222319    1.152292    7.609343 v _2777_/X (sky130_fd_sc_hd__or4bb_4)
                                                         _0383_ (net)
                      0.222319    0.000423    7.609766 v _2853_/B1 (sky130_fd_sc_hd__o211a_4)
     3    0.010195    0.077919    0.336179    7.945945 v _2853_/X (sky130_fd_sc_hd__o211a_4)
                                                         _0459_ (net)
                      0.077919    0.000219    7.946164 v _2863_/B (sky130_fd_sc_hd__or3_4)
     2    0.014124    0.144904    0.766819    8.712982 v _2863_/X (sky130_fd_sc_hd__or3_4)
                                                         _0469_ (net)
                      0.144907    0.000482    8.713465 v _2865_/A1 (sky130_fd_sc_hd__a211oi_4)
     2    0.009407    0.328081    0.417319    9.130783 ^ _2865_/Y (sky130_fd_sc_hd__a211oi_4)
                                                         _0471_ (net)
                      0.328081    0.000226    9.131010 ^ rebuffer13/A (sky130_fd_sc_hd__clkbuf_2)
     1    0.002817    0.050345    0.275358    9.406368 ^ rebuffer13/X (sky130_fd_sc_hd__clkbuf_2)
                                                         net303 (net)
                      0.050345    0.000082    9.406450 ^ rebuffer1/A (sky130_fd_sc_hd__clkbuf_1)
     2    0.005857    0.126325    0.181755    9.588205 ^ rebuffer1/X (sky130_fd_sc_hd__clkbuf_1)
                                                         net267 (net)
                      0.126325    0.000120    9.588326 ^ rebuffer2/A (sky130_fd_sc_hd__clkbuf_1)
     1    0.004560    0.103286    0.197470    9.785794 ^ rebuffer2/X (sky130_fd_sc_hd__clkbuf_1)
                                                         net268 (net)
                      0.103286    0.000156    9.785951 ^ _2867_/A2 (sky130_fd_sc_hd__o21ai_1)
     1    0.003374    0.104456    0.131818    9.917769 v _2867_/Y (sky130_fd_sc_hd__o21ai_1)
                                                         _0473_ (net)
                      0.104456    0.000115    9.917885 v _2868_/C (sky130_fd_sc_hd__and3_1)
     3    0.010986    0.138350    0.448825   10.366710 v _2868_/X (sky130_fd_sc_hd__and3_1)
                                                         _0474_ (net)
                      0.138353    0.000539   10.367249 v _3136_/A1 (sky130_fd_sc_hd__a311o_1)
     3    0.012070    0.176615    0.631196   10.998445 v _3136_/X (sky130_fd_sc_hd__a311o_1)
                                                         _0742_ (net)
                      0.176617    0.000508   10.998952 v _3214_/A1 (sky130_fd_sc_hd__a41o_1)
     3    0.014243    0.158481    0.466774   11.465727 v _3214_/X (sky130_fd_sc_hd__a41o_1)
                                                         _0820_ (net)
                      0.158489    0.000908   11.466634 v rebuffer4/A (sky130_fd_sc_hd__clkbuf_1)
     2    0.007561    0.099303    0.243197   11.709831 v rebuffer4/X (sky130_fd_sc_hd__clkbuf_1)
                                                         net270 (net)
                      0.099304    0.000187   11.710018 v _3265_/B (sky130_fd_sc_hd__and2_1)
     2    0.006808    0.099643    0.363082   12.073100 v _3265_/X (sky130_fd_sc_hd__and2_1)
                                                         _0865_ (net)
                      0.099643    0.000210   12.073311 v _3266_/B (sky130_fd_sc_hd__nor2_1)
     1    0.009033    0.298193    0.282379   12.355689 ^ _3266_/Y (sky130_fd_sc_hd__nor2_1)
                                                         _0866_ (net)
                      0.298193    0.000268   12.355957 ^ _3267_/B (sky130_fd_sc_hd__xnor2_2)
     3    0.022610    0.247156    0.317089   12.673046 v _3267_/Y (sky130_fd_sc_hd__xnor2_2)
                                                         _0867_ (net)
                      0.247159    0.000774   12.673820 v _3268_/A1 (sky130_fd_sc_hd__mux2_1)
     1    0.002409    0.106169    0.713602   13.387422 v _3268_/X (sky130_fd_sc_hd__mux2_1)
                                                         _0868_ (net)
                      0.106169    0.000049   13.387470 v _3269_/A (sky130_fd_sc_hd__clkbuf_1)
     1    0.002485    0.047333    0.173935   13.561405 v _3269_/X (sky130_fd_sc_hd__clkbuf_1)
                                                         _0167_ (net)
                      0.047333    0.000071   13.561476 v _3887_/D (sky130_fd_sc_hd__dfrtp_1)
                                             13.561476   data arrival time

                                  5.000000    5.000000   clock clk' (rise edge)
                                  0.000000    5.000000   clock source latency
     1    0.024733    0.109113    0.076892    5.076892 v clk (in)
                                                         clk (net)
                      0.109165    0.000000    5.076892 v clkbuf_0_clk/A (sky130_fd_sc_hd__clkbuf_16)
     8    0.091881    0.122074    0.340780    5.417673 v clkbuf_0_clk/X (sky130_fd_sc_hd__clkbuf_16)
                                                         clknet_0_clk (net)
                      0.122194    0.003121    5.420794 v clkbuf_3_3__f_clk/A (sky130_fd_sc_hd__clkbuf_16)
     9    0.060667    0.093756    0.322969    5.743762 v clkbuf_3_3__f_clk/X (sky130_fd_sc_hd__clkbuf_16)
                                                         clknet_3_3__leaf_clk (net)
                      0.093850    0.002282    5.746044 v _3799__82/A (sky130_fd_sc_hd__inv_2)
     1    0.001980    0.035095    0.071031    5.817075 ^ _3799__82/Y (sky130_fd_sc_hd__inv_2)
                                                         net260 (net)
                      0.035095    0.000038    5.817113 ^ _3887_/CLK (sky130_fd_sc_hd__dfrtp_1)
                                 -0.250000    5.567113   clock uncertainty
                                  0.000000    5.567113   clock reconvergence pessimism
                                 -0.276407    5.290706   library setup time
                                              5.290706   data required time
---------------------------------------------------------------------------------------------
                                              5.290706   data required time
                                            -13.561476   data arrival time
---------------------------------------------------------------------------------------------
                                             -8.270769   slack (VIOLATED)




===========================================================================
 report_check_types -max_slew -max_cap -max_fanout -violators
============================================================================
======================= nom_ss_100C_1v60 Corner ===================================

max slew

Pin                                        Limit        Slew       Slack
------------------------------------------------------------------------
_2064_/B                                0.750000    0.794576   -0.044576 (VIOLATED)
_1919_/A                                0.750000    0.794574   -0.044574 (VIOLATED)
_2102_/B                                0.750000    0.794569   -0.044569 (VIOLATED)
_3074_/B                                0.750000    0.794527   -0.044527 (VIOLATED)
_2934_/B                                0.750000    0.794517   -0.044518 (VIOLATED)
_2909_/B                                0.750000    0.794484   -0.044484 (VIOLATED)
_2874_/A2                               0.750000    0.794472   -0.044472 (VIOLATED)
_2764_/B                                0.750000    0.794464   -0.044464 (VIOLATED)
_2837_/B                                0.750000    0.794463   -0.044463 (VIOLATED)
_2875_/B                                0.750000    0.794446   -0.044446 (VIOLATED)
_1918_/Y                                0.750000    0.794314   -0.044314 (VIOLATED)

max fanout

Pin                                   Limit Fanout  Slack
---------------------------------------------------------
clkbuf_3_5__f_clk/X                      10     15     -5 (VIOLATED)
clkbuf_3_6__f_clk/X                      10     14     -4 (VIOLATED)
clkbuf_3_2__f_clk/X                      10     13     -3 (VIOLATED)
clkbuf_3_7__f_clk/X                      10     11        (VIOLATED)



===========================================================================
report_parasitic_annotation -report_unannotated
============================================================================
Found 0 unannotated drivers.
Found 0 partially unannotated drivers.

===========================================================================
max slew violation count 11
max fanout violation count 4
max cap violation count 0
============================================================================

===========================================================================
check_setup -verbose -unconstrained_endpoints -multiple_clock -no_clock -no_input_delay -loops -generated_clocks
===========================================================================
