
===========================================================================
Violator List
============================================================================
[setup in-reg] periodTop[11] -> _3887_/D : -8.270769
[setup in-reg] periodTop[11] -> _3871_/D : -8.266333
[setup in-reg] periodTop[11] -> _3821_/D : -8.247105
[setup in-reg] periodTop[11] -> _3890_/D : -8.233127
[setup in-reg] periodTop[11] -> _3874_/D : -8.232002
[setup in-reg] periodTop[11] -> _3824_/D : -8.231915
[setup in-reg] periodTop[11] -> _3823_/D : -8.228041
[setup in-reg] periodTop[11] -> _3873_/D : -8.217051
[setup in-reg] periodTop[11] -> _3889_/D : -8.195239
[setup in-reg] periodTop[11] -> _3891_/D : -8.137116
[setup in-reg] periodTop[11] -> _3825_/D : -8.126506
[setup in-reg] periodTop[11] -> _3875_/D : -8.124251
[setup in-reg] periodTop[11] -> _3872_/D : -8.107452
[setup in-reg] periodTop[11] -> _3822_/D : -8.097162
[setup in-reg] periodTop[11] -> _3888_/D : -8.093622
[setup in-reg] periodTop[11] -> _3827_/D : -8.084378
[setup in-reg] periodTop[11] -> _3826_/D : -8.076432
[setup in-reg] periodTop[11] -> _3892_/D : -8.074879
[setup in-reg] periodTop[11] -> _3876_/D : -8.069102
[setup in-reg] periodTop[11] -> _3877_/D : -8.067770
[setup in-reg] periodTop[11] -> _3893_/D : -8.060104
[setup in-reg] periodTop[11] -> _3819_/D : -7.954289
[setup in-reg] periodTop[11] -> _3885_/D : -7.947386
[setup in-reg] periodTop[11] -> _3869_/D : -7.946664
[setup in-reg] periodTop[11] -> _3881_/D : -7.828266
[setup in-reg] periodTop[11] -> _3865_/D : -7.816680
[setup in-reg] periodTop[11] -> _3815_/D : -7.808575
[setup in-reg] periodTop[11] -> _3820_/D : -7.747697
[setup in-reg] periodTop[11] -> _3886_/D : -7.747087
[setup in-reg] periodTop[11] -> _3870_/D : -7.741923
[setup in-reg] periodTop[11] -> _3868_/D : -7.651734
[setup in-reg] periodTop[11] -> _3818_/D : -7.645486
[setup in-reg] periodTop[11] -> _3884_/D : -7.635061
[setup in-reg] periodTop[2] -> _3855_/D : -7.595975
[setup in-reg] periodTop[2] -> _3847_/D : -7.540933
[setup in-reg] periodTop[2] -> _3859_/D : -7.505735
[setup in-reg] periodTop[2] -> _3853_/D : -7.504156
[setup in-reg] periodTop[11] -> _3883_/D : -7.490692
[setup in-reg] periodTop[2] -> _3857_/D : -7.482955
[setup in-reg] periodTop[11] -> _3867_/D : -7.476191
[setup in-reg] periodTop[11] -> _3880_/D : -7.472881
[setup in-reg] periodTop[2] -> _3849_/D : -7.471552
[setup in-reg] periodTop[2] -> _3851_/D : -7.471410
[setup in-reg] periodTop[11] -> _3817_/D : -7.470333
[setup in-reg] periodTop[11] -> _3864_/D : -7.463060
[setup in-reg] periodTop[11] -> _3814_/D : -7.459762
[setup in-reg] periodTop[2] -> _3854_/D : -7.421614
[setup in-reg] periodTop[2] -> _3846_/D : -7.402936
[setup in-reg] periodTop[2] -> _3858_/D : -7.399766
[setup in-reg] periodTop[2] -> _3856_/D : -7.398799
[setup in-reg] periodTop[2] -> _3850_/D : -7.374221
[setup in-reg] periodTop[2] -> _3848_/D : -7.367990
[setup in-reg] periodTop[2] -> _3852_/D : -7.365717
[setup in-reg] periodTop[2] -> _3845_/D : -7.146375
[setup in-reg] periodTop[11] -> _3816_/D : -6.954925
[setup in-reg] periodTop[11] -> _3866_/D : -6.944721
[setup in-reg] periodTop[11] -> _3882_/D : -6.931687
[setup in-reg] periodTop[11] -> _3879_/D : -6.867030
[setup in-reg] periodTop[11] -> _3863_/D : -6.853268
[setup in-reg] periodTop[11] -> _3813_/D : -6.839233
[setup in-reg] periodTop[11] -> _3878_/D : -6.451577
[setup in-reg] periodTop[2] -> _3860_/D : -6.451509
[setup in-reg] periodTop[11] -> _3862_/D : -6.441501
[setup in-reg] periodTop[11] -> _3812_/D : -6.436186
[setup reg-out] _3830_/Q -> pwmB : -3.659770
[setup reg-out] _3830_/Q -> pwmA : -3.527109
[setup reg-out] _3842_/Q -> pwmC : -3.375098
[setup reg-out] _3838_/Q -> halt : -2.549019
