
===========================================================================
report_checks -unconstrained
===========================================================================
======================= min_ss_100C_1v60 Corner ===================================

Startpoint: rstb (input port clocked by clk)
Endpoint: _4734_ (recovery check against rising-edge clock clk')
Path Group: asynchronous
Path Type: max

Fanout         Cap        Slew       Delay        Time   Description
---------------------------------------------------------------------------------------------
                                  0.000000    0.000000   clock clk (rise edge)
                                  0.000000    0.000000   clock network delay (propagated)
                                  2.000000    2.000000 ^ input external delay
     1    0.002361    0.029355    0.013455    2.013455 ^ rstb (in)
                                                         rstb (net)
                      0.029355    0.000000    2.013455 ^ input2/A (sky130_fd_sc_hd__buf_2)
     4    0.044056    0.344970    0.375721    2.389176 ^ input2/X (sky130_fd_sc_hd__buf_2)
                                                         net2 (net)
                      0.344995    0.002423    2.391599 ^ fanout174/A (sky130_fd_sc_hd__buf_4)
     9    0.056657    0.258245    0.466512    2.858111 ^ fanout174/X (sky130_fd_sc_hd__buf_4)
                                                         net174 (net)
                      0.258245    0.000105    2.858216 ^ fanout173/A (sky130_fd_sc_hd__buf_4)
    10    0.052477    0.240403    0.419081    3.277297 ^ fanout173/X (sky130_fd_sc_hd__buf_4)
                                                         net173 (net)
                      0.240409    0.000967    3.278264 ^ fanout172/A (sky130_fd_sc_hd__clkbuf_4)
    10    0.047821    0.238710    0.450585    3.728849 ^ fanout172/X (sky130_fd_sc_hd__clkbuf_4)
                                                         net172 (net)
                      0.238715    0.000955    3.729804 ^ fanout171/A (sky130_fd_sc_hd__clkbuf_4)
    10    0.043159    0.218387    0.434829    4.164633 ^ fanout171/X (sky130_fd_sc_hd__clkbuf_4)
                                                         net171 (net)
                      0.218396    0.001199    4.165832 ^ _4734_/RESET_B (sky130_fd_sc_hd__dfrtp_2)
                                              4.165832   data arrival time

                                  5.000000    5.000000   clock clk' (rise edge)
                                  0.000000    5.000000   clock source latency
     1    0.030381    0.133154    0.094291    5.094291 v clk (in)
                                                         clk (net)
                      0.133203    0.000000    5.094291 v clkbuf_0_clk/A (sky130_fd_sc_hd__clkbuf_16)
     8    0.115631    0.144110    0.371797    5.466089 v clkbuf_0_clk/X (sky130_fd_sc_hd__clkbuf_16)
                                                         clknet_0_clk (net)
                      0.144296    0.004309    5.470398 v clkbuf_3_0__f_clk/A (sky130_fd_sc_hd__clkbuf_16)
    13    0.080127    0.111223    0.349557    5.819955 v clkbuf_3_0__f_clk/X (sky130_fd_sc_hd__clkbuf_16)
                                                         clknet_3_0__leaf_clk (net)
                      0.111269    0.001814    5.821769 v _4627__41/A (sky130_fd_sc_hd__inv_2)
     1    0.002211    0.039824    0.077948    5.899716 ^ _4627__41/Y (sky130_fd_sc_hd__inv_2)
                                                         net225 (net)
                      0.039824    0.000020    5.899736 ^ _4734_/CLK (sky130_fd_sc_hd__dfrtp_2)
                                 -0.250000    5.649736   clock uncertainty
                                  0.000000    5.649736   clock reconvergence pessimism
                                  0.370908    6.020644   library recovery time
                                              6.020644   data required time
---------------------------------------------------------------------------------------------
                                              6.020644   data required time
                                             -4.165832   data arrival time
---------------------------------------------------------------------------------------------
                                              1.854813   slack (MET)


Startpoint: _4794_ (rising edge-triggered flip-flop clocked by clk')
Endpoint: _4712_ (rising edge-triggered flip-flop clocked by clk')
Path Group: clk
Path Type: max

Fanout         Cap        Slew       Delay        Time   Description
---------------------------------------------------------------------------------------------
                                  5.000000    5.000000   clock clk' (rise edge)
                                  0.000000    5.000000   clock source latency
     1    0.030381    0.133154    0.094291    5.094291 v clk (in)
                                                         clk (net)
                      0.133203    0.000000    5.094291 v clkbuf_0_clk/A (sky130_fd_sc_hd__clkbuf_16)
     8    0.115631    0.144110    0.371797    5.466089 v clkbuf_0_clk/X (sky130_fd_sc_hd__clkbuf_16)
                                                         clknet_0_clk (net)
                      0.144296    0.004309    5.470398 v clkbuf_3_0__f_clk/A (sky130_fd_sc_hd__clkbuf_16)
    13    0.080127    0.111223    0.349557    5.819955 v clkbuf_3_0__f_clk/X (sky130_fd_sc_hd__clkbuf_16)
                                                         clknet_3_0__leaf_clk (net)
                      0.111242    0.001162    5.821116 v _4687__101/A (sky130_fd_sc_hd__inv_2)
     1    0.002219    0.039863    0.077991    5.899107 ^ _4687__101/Y (sky130_fd_sc_hd__inv_2)
                                                         net285 (net)
                      0.039863    0.000020    5.899127 ^ _4794_/CLK (sky130_fd_sc_hd__dfrtp_1)
     1    0.004914    0.094865    0.742277    6.641405 v _4794_/Q (sky130_fd_sc_hd__dfrtp_1)
                                                         vec[1][10] (net)
                      0.094865    0.000047    6.641451 v fanout72/A (sky130_fd_sc_hd__buf_6)
     8    0.038030    0.080760    0.263066    6.904517 v fanout72/X (sky130_fd_sc_hd__buf_6)
                                                         net72 (net)
                      0.080760    0.000083    6.904601 v fanout71/A (sky130_fd_sc_hd__buf_6)
     6    0.036011    0.078176    0.254044    7.158645 v fanout71/X (sky130_fd_sc_hd__buf_6)
                                                         net71 (net)
                      0.078177    0.000228    7.158873 v fanout70/A (sky130_fd_sc_hd__buf_12)
     5    0.052533    0.072230    0.259279    7.418152 v fanout70/X (sky130_fd_sc_hd__buf_12)
                                                         net70 (net)
                      0.072235    0.000326    7.418478 v _3924_/B (sky130_fd_sc_hd__xor2_4)
     5    0.038687    0.473959    0.455945    7.874423 ^ _3924_/X (sky130_fd_sc_hd__xor2_4)
                                                         _1095_ (net)
                      0.473959    0.000425    7.874848 ^ _3954_/A (sky130_fd_sc_hd__xnor2_4)
     3    0.032975    0.439464    0.420337    8.295184 ^ _3954_/Y (sky130_fd_sc_hd__xnor2_4)
                                                         _1125_ (net)
                      0.439468    0.001005    8.296189 ^ _4232_/A (sky130_fd_sc_hd__xor2_4)
     2    0.020542    0.300890    0.452316    8.748507 ^ _4232_/X (sky130_fd_sc_hd__xor2_4)
                                                         _1403_ (net)
                      0.300890    0.000105    8.748610 ^ _4239_/A_N (sky130_fd_sc_hd__and2b_1)
     1    0.008177    0.109002    0.490566    9.239177 v _4239_/X (sky130_fd_sc_hd__and2b_1)
                                                         _1410_ (net)
                      0.109003    0.000191    9.239367 v _4240_/B1 (sky130_fd_sc_hd__a21oi_2)
     2    0.013373    0.302644    0.308649    9.548017 ^ _4240_/Y (sky130_fd_sc_hd__a21oi_2)
                                                         _1411_ (net)
                      0.302644    0.000225    9.548242 ^ _4241_/B (sky130_fd_sc_hd__xnor2_2)
     2    0.013523    0.337246    0.329711    9.877953 ^ _4241_/Y (sky130_fd_sc_hd__xnor2_2)
                                                         _1412_ (net)
                      0.337246    0.000110    9.878063 ^ _4264_/B (sky130_fd_sc_hd__xor2_2)
     2    0.011830    0.286683    0.406144   10.284207 ^ _4264_/X (sky130_fd_sc_hd__xor2_2)
                                                         _1435_ (net)
                      0.286683    0.000129   10.284336 ^ _4281_/A (sky130_fd_sc_hd__xnor2_2)
     2    0.014308    0.363753    0.337113   10.621449 ^ _4281_/Y (sky130_fd_sc_hd__xnor2_2)
                                                         _1452_ (net)
                      0.363753    0.000085   10.621535 ^ _4286_/B (sky130_fd_sc_hd__xnor2_2)
     2    0.006809    0.227901    0.308782   10.930318 ^ _4286_/Y (sky130_fd_sc_hd__xnor2_2)
                                                         _1457_ (net)
                      0.227901    0.000027   10.930344 ^ _4314_/A_N (sky130_fd_sc_hd__and2b_1)
     3    0.010842    0.131080    0.490199   11.420543 v _4314_/X (sky130_fd_sc_hd__and2b_1)
                                                         _1485_ (net)
                      0.131080    0.000089   11.420631 v _4317_/B1 (sky130_fd_sc_hd__a2bb2o_4)
     1    0.003911    0.055765    0.408832   11.829464 v _4317_/X (sky130_fd_sc_hd__a2bb2o_4)
                                                         _1488_ (net)
                      0.055765    0.000040   11.829504 v _4318_/C1 (sky130_fd_sc_hd__a211o_1)
     2    0.006067    0.114870    0.461684   12.291188 v _4318_/X (sky130_fd_sc_hd__a211o_1)
                                                         _1489_ (net)
                      0.114870    0.000060   12.291248 v _4422_/A (sky130_fd_sc_hd__or3_4)
     2    0.006478    0.126136    0.778444   13.069693 v _4422_/X (sky130_fd_sc_hd__or3_4)
                                                         _1593_ (net)
                      0.126136    0.000104   13.069797 v _4429_/A1 (sky130_fd_sc_hd__a2111o_1)
     1    0.006168    0.140595    0.770024   13.839820 v _4429_/X (sky130_fd_sc_hd__a2111o_1)
                                                         _1600_ (net)
                      0.140595    0.000093   13.839913 v _4483_/A3 (sky130_fd_sc_hd__a31o_4)
     4    0.038571    0.134789    0.545386   14.385300 v _4483_/X (sky130_fd_sc_hd__a31o_4)
                                                         _1654_ (net)
                      0.134927    0.003478   14.388778 v _4507_/A1 (sky130_fd_sc_hd__a2111o_1)
     3    0.009875    0.176217    0.816271   15.205049 v _4507_/X (sky130_fd_sc_hd__a2111o_1)
                                                         _1678_ (net)
                      0.176217    0.000142   15.205191 v _4521_/A2 (sky130_fd_sc_hd__a211o_1)
     2    0.013133    0.174867    0.685700   15.890891 v _4521_/X (sky130_fd_sc_hd__a211o_1)
                                                         _1692_ (net)
                      0.174869    0.000483   15.891374 v _4525_/A1 (sky130_fd_sc_hd__a21o_1)
     2    0.012980    0.140202    0.410541   16.301914 v _4525_/X (sky130_fd_sc_hd__a21o_1)
                                                         _1696_ (net)
                      0.140203    0.000165   16.302080 v _4526_/S (sky130_fd_sc_hd__mux2_4)
     1    0.008034    0.095070    0.586931   16.889011 v _4526_/X (sky130_fd_sc_hd__mux2_4)
                                                         _1697_ (net)
                      0.095070    0.000291   16.889303 v _4527_/B1 (sky130_fd_sc_hd__a22o_1)
     1    0.002441    0.067694    0.329809   17.219112 v _4527_/X (sky130_fd_sc_hd__a22o_1)
                                                         _0125_ (net)
                      0.067694    0.000025   17.219137 v _4712_/D (sky130_fd_sc_hd__dfrtp_1)
                                             17.219137   data arrival time

                                 15.000000   15.000000   clock clk' (rise edge)
                                  0.000000   15.000000   clock source latency
     1    0.030381    0.133154    0.094291   15.094291 v clk (in)
                                                         clk (net)
                      0.133203    0.000000   15.094291 v clkbuf_0_clk/A (sky130_fd_sc_hd__clkbuf_16)
     8    0.115631    0.144110    0.371799   15.466089 v clkbuf_0_clk/X (sky130_fd_sc_hd__clkbuf_16)
                                                         clknet_0_clk (net)
                      0.144296    0.004309   15.470399 v clkbuf_3_0__f_clk/A (sky130_fd_sc_hd__clkbuf_16)
    13    0.080127    0.111223    0.349557   15.819956 v clkbuf_3_0__f_clk/X (sky130_fd_sc_hd__clkbuf_16)
                                                         clknet_3_0__leaf_clk (net)
                      0.111264    0.001700   15.821655 v _4605__19/A (sky130_fd_sc_hd__inv_2)
     1    0.002553    0.041652    0.080057   15.901712 ^ _4605__19/Y (sky130_fd_sc_hd__inv_2)
                                                         net203 (net)
                      0.041652    0.000028   15.901741 ^ _4712_/CLK (sky130_fd_sc_hd__dfrtp_1)
                                 -0.250000   15.651742   clock uncertainty
                                  0.000000   15.651742   clock reconvergence pessimism
                                 -0.283157   15.368585   library setup time
                                             15.368585   data required time
---------------------------------------------------------------------------------------------
                                             15.368585   data required time
                                            -17.219137   data arrival time
---------------------------------------------------------------------------------------------
                                             -1.850552   slack (VIOLATED)




===========================================================================
report_checks --slack_max -0.01
============================================================================
======================= min_ss_100C_1v60 Corner ===================================

Startpoint: _4794_ (rising edge-triggered flip-flop clocked by clk')
Endpoint: _4712_ (rising edge-triggered flip-flop clocked by clk')
Path Group: clk
Path Type: max

Fanout         Cap        Slew       Delay        Time   Description
---------------------------------------------------------------------------------------------
                                  5.000000    5.000000   clock clk' (rise edge)
                                  0.000000    5.000000   clock source latency
     1    0.030381    0.133154    0.094291    5.094291 v clk (in)
                                                         clk (net)
                      0.133203    0.000000    5.094291 v clkbuf_0_clk/A (sky130_fd_sc_hd__clkbuf_16)
     8    0.115631    0.144110    0.371797    5.466089 v clkbuf_0_clk/X (sky130_fd_sc_hd__clkbuf_16)
                                                         clknet_0_clk (net)
                      0.144296    0.004309    5.470398 v clkbuf_3_0__f_clk/A (sky130_fd_sc_hd__clkbuf_16)
    13    0.080127    0.111223    0.349557    5.819955 v clkbuf_3_0__f_clk/X (sky130_fd_sc_hd__clkbuf_16)
                                                         clknet_3_0__leaf_clk (net)
                      0.111242    0.001162    5.821116 v _4687__101/A (sky130_fd_sc_hd__inv_2)
     1    0.002219    0.039863    0.077991    5.899107 ^ _4687__101/Y (sky130_fd_sc_hd__inv_2)
                                                         net285 (net)
                      0.039863    0.000020    5.899127 ^ _4794_/CLK (sky130_fd_sc_hd__dfrtp_1)
     1    0.004914    0.094865    0.742277    6.641405 v _4794_/Q (sky130_fd_sc_hd__dfrtp_1)
                                                         vec[1][10] (net)
                      0.094865    0.000047    6.641451 v fanout72/A (sky130_fd_sc_hd__buf_6)
     8    0.038030    0.080760    0.263066    6.904517 v fanout72/X (sky130_fd_sc_hd__buf_6)
                                                         net72 (net)
                      0.080760    0.000083    6.904601 v fanout71/A (sky130_fd_sc_hd__buf_6)
     6    0.036011    0.078176    0.254044    7.158645 v fanout71/X (sky130_fd_sc_hd__buf_6)
                                                         net71 (net)
                      0.078177    0.000228    7.158873 v fanout70/A (sky130_fd_sc_hd__buf_12)
     5    0.052533    0.072230    0.259279    7.418152 v fanout70/X (sky130_fd_sc_hd__buf_12)
                                                         net70 (net)
                      0.072235    0.000326    7.418478 v _3924_/B (sky130_fd_sc_hd__xor2_4)
     5    0.038687    0.473959    0.455945    7.874423 ^ _3924_/X (sky130_fd_sc_hd__xor2_4)
                                                         _1095_ (net)
                      0.473959    0.000425    7.874848 ^ _3954_/A (sky130_fd_sc_hd__xnor2_4)
     3    0.032975    0.439464    0.420337    8.295184 ^ _3954_/Y (sky130_fd_sc_hd__xnor2_4)
                                                         _1125_ (net)
                      0.439468    0.001005    8.296189 ^ _4232_/A (sky130_fd_sc_hd__xor2_4)
     2    0.020542    0.300890    0.452316    8.748507 ^ _4232_/X (sky130_fd_sc_hd__xor2_4)
                                                         _1403_ (net)
                      0.300890    0.000105    8.748610 ^ _4239_/A_N (sky130_fd_sc_hd__and2b_1)
     1    0.008177    0.109002    0.490566    9.239177 v _4239_/X (sky130_fd_sc_hd__and2b_1)
                                                         _1410_ (net)
                      0.109003    0.000191    9.239367 v _4240_/B1 (sky130_fd_sc_hd__a21oi_2)
     2    0.013373    0.302644    0.308649    9.548017 ^ _4240_/Y (sky130_fd_sc_hd__a21oi_2)
                                                         _1411_ (net)
                      0.302644    0.000225    9.548242 ^ _4241_/B (sky130_fd_sc_hd__xnor2_2)
     2    0.013523    0.337246    0.329711    9.877953 ^ _4241_/Y (sky130_fd_sc_hd__xnor2_2)
                                                         _1412_ (net)
                      0.337246    0.000110    9.878063 ^ _4264_/B (sky130_fd_sc_hd__xor2_2)
     2    0.011830    0.286683    0.406144   10.284207 ^ _4264_/X (sky130_fd_sc_hd__xor2_2)
                                                         _1435_ (net)
                      0.286683    0.000129   10.284336 ^ _4281_/A (sky130_fd_sc_hd__xnor2_2)
     2    0.014308    0.363753    0.337113   10.621449 ^ _4281_/Y (sky130_fd_sc_hd__xnor2_2)
                                                         _1452_ (net)
                      0.363753    0.000085   10.621535 ^ _4286_/B (sky130_fd_sc_hd__xnor2_2)
     2    0.006809    0.227901    0.308782   10.930318 ^ _4286_/Y (sky130_fd_sc_hd__xnor2_2)
                                                         _1457_ (net)
                      0.227901    0.000027   10.930344 ^ _4314_/A_N (sky130_fd_sc_hd__and2b_1)
     3    0.010842    0.131080    0.490199   11.420543 v _4314_/X (sky130_fd_sc_hd__and2b_1)
                                                         _1485_ (net)
                      0.131080    0.000089   11.420631 v _4317_/B1 (sky130_fd_sc_hd__a2bb2o_4)
     1    0.003911    0.055765    0.408832   11.829464 v _4317_/X (sky130_fd_sc_hd__a2bb2o_4)
                                                         _1488_ (net)
                      0.055765    0.000040   11.829504 v _4318_/C1 (sky130_fd_sc_hd__a211o_1)
     2    0.006067    0.114870    0.461684   12.291188 v _4318_/X (sky130_fd_sc_hd__a211o_1)
                                                         _1489_ (net)
                      0.114870    0.000060   12.291248 v _4422_/A (sky130_fd_sc_hd__or3_4)
     2    0.006478    0.126136    0.778444   13.069693 v _4422_/X (sky130_fd_sc_hd__or3_4)
                                                         _1593_ (net)
                      0.126136    0.000104   13.069797 v _4429_/A1 (sky130_fd_sc_hd__a2111o_1)
     1    0.006168    0.140595    0.770024   13.839820 v _4429_/X (sky130_fd_sc_hd__a2111o_1)
                                                         _1600_ (net)
                      0.140595    0.000093   13.839913 v _4483_/A3 (sky130_fd_sc_hd__a31o_4)
     4    0.038571    0.134789    0.545386   14.385300 v _4483_/X (sky130_fd_sc_hd__a31o_4)
                                                         _1654_ (net)
                      0.134927    0.003478   14.388778 v _4507_/A1 (sky130_fd_sc_hd__a2111o_1)
     3    0.009875    0.176217    0.816271   15.205049 v _4507_/X (sky130_fd_sc_hd__a2111o_1)
                                                         _1678_ (net)
                      0.176217    0.000142   15.205191 v _4521_/A2 (sky130_fd_sc_hd__a211o_1)
     2    0.013133    0.174867    0.685700   15.890891 v _4521_/X (sky130_fd_sc_hd__a211o_1)
                                                         _1692_ (net)
                      0.174869    0.000483   15.891374 v _4525_/A1 (sky130_fd_sc_hd__a21o_1)
     2    0.012980    0.140202    0.410541   16.301914 v _4525_/X (sky130_fd_sc_hd__a21o_1)
                                                         _1696_ (net)
                      0.140203    0.000165   16.302080 v _4526_/S (sky130_fd_sc_hd__mux2_4)
     1    0.008034    0.095070    0.586931   16.889011 v _4526_/X (sky130_fd_sc_hd__mux2_4)
                                                         _1697_ (net)
                      0.095070    0.000291   16.889303 v _4527_/B1 (sky130_fd_sc_hd__a22o_1)
     1    0.002441    0.067694    0.329809   17.219112 v _4527_/X (sky130_fd_sc_hd__a22o_1)
                                                         _0125_ (net)
                      0.067694    0.000025   17.219137 v _4712_/D (sky130_fd_sc_hd__dfrtp_1)
                                             17.219137   data arrival time

                                 15.000000   15.000000   clock clk' (rise edge)
                                  0.000000   15.000000   clock source latency
     1    0.030381    0.133154    0.094291   15.094291 v clk (in)
                                                         clk (net)
                      0.133203    0.000000   15.094291 v clkbuf_0_clk/A (sky130_fd_sc_hd__clkbuf_16)
     8    0.115631    0.144110    0.371799   15.466089 v clkbuf_0_clk/X (sky130_fd_sc_hd__clkbuf_16)
                                                         clknet_0_clk (net)
                      0.144296    0.004309   15.470399 v clkbuf_3_0__f_clk/A (sky130_fd_sc_hd__clkbuf_16)
    13    0.080127    0.111223    0.349557   15.819956 v clkbuf_3_0__f_clk/X (sky130_fd_sc_hd__clkbuf_16)
                                                         clknet_3_0__leaf_clk (net)
                      0.111264    0.001700   15.821655 v _4605__19/A (sky130_fd_sc_hd__inv_2)
     1    0.002553    0.041652    0.080057   15.901712 ^ _4605__19/Y (sky130_fd_sc_hd__inv_2)
                                                         net203 (net)
                      0.041652    0.000028   15.901741 ^ _4712_/CLK (sky130_fd_sc_hd__dfrtp_1)
                                 -0.250000   15.651742   clock uncertainty
                                  0.000000   15.651742   clock reconvergence pessimism
                                 -0.283157   15.368585   library setup time
                                             15.368585   data required time
---------------------------------------------------------------------------------------------
                                             15.368585   data required time
                                            -17.219137   data arrival time
---------------------------------------------------------------------------------------------
                                             -1.850552   slack (VIOLATED)




===========================================================================
 report_check_types -max_slew -max_cap -max_fanout -violators
============================================================================
======================= min_ss_100C_1v60 Corner ===================================

max fanout

Pin                                   Limit Fanout  Slack
---------------------------------------------------------
clkbuf_3_1__f_clk/X                      10     18     -8 (VIOLATED)
clkbuf_3_5__f_clk/X                      10     17     -7 (VIOLATED)
clkbuf_3_4__f_clk/X                      10     16     -6 (VIOLATED)
clkbuf_3_0__f_clk/X                      10     13     -3 (VIOLATED)
clkbuf_3_7__f_clk/X                      10     12     -2 (VIOLATED)
clkbuf_3_6__f_clk/X                      10     11        (VIOLATED)



===========================================================================
report_parasitic_annotation -report_unannotated
============================================================================
Found 0 unannotated drivers.
Found 0 partially unannotated drivers.

===========================================================================
max slew violation count 0
max fanout violation count 6
max cap violation count 0
============================================================================

===========================================================================
check_setup -verbose -unconstrained_endpoints -multiple_clock -no_clock -no_input_delay -loops -generated_clocks
===========================================================================
