
===========================================================================
report_checks -unconstrained
===========================================================================
======================= nom_ff_n40C_1v95 Corner ===================================

Startpoint: rstb (input port clocked by clk)
Endpoint: _4734_ (recovery check against rising-edge clock clk')
Path Group: asynchronous
Path Type: max

Fanout         Cap        Slew       Delay        Time   Description
---------------------------------------------------------------------------------------------
                                  0.000000    0.000000   clock clk (rise edge)
                                  0.000000    0.000000   clock network delay (propagated)
                                  2.000000    2.000000 ^ input external delay
     1    0.002527    0.012949    0.006524    2.006524 ^ rstb (in)
                                                         rstb (net)
                      0.012949    0.000000    2.006524 ^ input2/A (sky130_fd_sc_hd__buf_2)
     4    0.046134    0.170746    0.159183    2.165708 ^ input2/X (sky130_fd_sc_hd__buf_2)
                                                         net2 (net)
                      0.170849    0.003460    2.169168 ^ fanout174/A (sky130_fd_sc_hd__buf_4)
     9    0.062645    0.133672    0.167586    2.336753 ^ fanout174/X (sky130_fd_sc_hd__buf_4)
                                                         net174 (net)
                      0.133676    0.000622    2.337375 ^ fanout173/A (sky130_fd_sc_hd__buf_4)
    10    0.057784    0.123912    0.157441    2.494816 ^ fanout173/X (sky130_fd_sc_hd__buf_4)
                                                         net173 (net)
                      0.123966    0.002173    2.496989 ^ fanout172/A (sky130_fd_sc_hd__clkbuf_4)
    10    0.052855    0.124037    0.179362    2.676352 ^ fanout172/X (sky130_fd_sc_hd__clkbuf_4)
                                                         net172 (net)
                      0.124089    0.002090    2.678442 ^ fanout171/A (sky130_fd_sc_hd__clkbuf_4)
    10    0.047870    0.113418    0.172080    2.850522 ^ fanout171/X (sky130_fd_sc_hd__clkbuf_4)
                                                         net171 (net)
                      0.113475    0.002097    2.852618 ^ _4734_/RESET_B (sky130_fd_sc_hd__dfrtp_2)
                                              2.852618   data arrival time

                                  5.000000    5.000000   clock clk' (rise edge)
                                  0.000000    5.000000   clock source latency
     1    0.032939    0.051846    0.036704    5.036705 v clk (in)
                                                         clk (net)
                      0.052094    0.000000    5.036705 v clkbuf_0_clk/A (sky130_fd_sc_hd__clkbuf_16)
     8    0.121931    0.071152    0.146835    5.183540 v clkbuf_0_clk/X (sky130_fd_sc_hd__clkbuf_16)
                                                         clknet_0_clk (net)
                      0.072137    0.006727    5.190267 v clkbuf_3_0__f_clk/A (sky130_fd_sc_hd__clkbuf_16)
    13    0.082484    0.053055    0.141680    5.331947 v clkbuf_3_0__f_clk/X (sky130_fd_sc_hd__clkbuf_16)
                                                         clknet_3_0__leaf_clk (net)
                      0.053335    0.003082    5.335030 v _4627__41/A (sky130_fd_sc_hd__inv_2)
     1    0.002442    0.020646    0.034002    5.369031 ^ _4627__41/Y (sky130_fd_sc_hd__inv_2)
                                                         net225 (net)
                      0.020646    0.000069    5.369101 ^ _4734_/CLK (sky130_fd_sc_hd__dfrtp_2)
                                 -0.250000    5.119101   clock uncertainty
                                  0.000000    5.119101   clock reconvergence pessimism
                                  0.110921    5.230022   library recovery time
                                              5.230022   data required time
---------------------------------------------------------------------------------------------
                                              5.230022   data required time
                                             -2.852618   data arrival time
---------------------------------------------------------------------------------------------
                                              2.377404   slack (MET)


Startpoint: _4695_ (rising edge-triggered flip-flop clocked by clk')
Endpoint: ready (output port clocked by clk)
Path Group: clk
Path Type: max

Fanout         Cap        Slew       Delay        Time   Description
---------------------------------------------------------------------------------------------
                                  5.000000    5.000000   clock clk' (rise edge)
                                  0.000000    5.000000   clock source latency
     1    0.032939    0.051846    0.036704    5.036705 v clk (in)
                                                         clk (net)
                      0.052094    0.000000    5.036705 v clkbuf_0_clk/A (sky130_fd_sc_hd__clkbuf_16)
     8    0.121931    0.071152    0.146835    5.183540 v clkbuf_0_clk/X (sky130_fd_sc_hd__clkbuf_16)
                                                         clknet_0_clk (net)
                      0.071495    0.004070    5.187610 v clkbuf_3_3__f_clk/A (sky130_fd_sc_hd__clkbuf_16)
    10    0.066916    0.046275    0.135612    5.323222 v clkbuf_3_3__f_clk/X (sky130_fd_sc_hd__clkbuf_16)
                                                         clknet_3_3__leaf_clk (net)
                      0.046614    0.003165    5.326387 v _4588__2/A (sky130_fd_sc_hd__inv_2)
     1    0.002630    0.019715    0.032269    5.358656 ^ _4588__2/Y (sky130_fd_sc_hd__inv_2)
                                                         net186 (net)
                      0.019715    0.000077    5.358734 ^ _4695_/CLK (sky130_fd_sc_hd__dfstp_1)
     2    0.004687    0.043496    0.304420    5.663153 ^ _4695_/Q (sky130_fd_sc_hd__dfstp_1)
                                                         net36 (net)
                      0.043496    0.000104    5.663258 ^ output36/A (sky130_fd_sc_hd__clkbuf_4)
     1    0.033891    0.083446    0.128591    5.791849 ^ output36/X (sky130_fd_sc_hd__clkbuf_4)
                                                         ready (net)
                      0.083453    0.000611    5.792459 ^ ready (out)
                                              5.792459   data arrival time

                                 10.000000   10.000000   clock clk (rise edge)
                                  0.000000   10.000000   clock network delay (propagated)
                                 -0.250000    9.750000   clock uncertainty
                                  0.000000    9.750000   clock reconvergence pessimism
                                 -2.000000    7.750000   output external delay
                                              7.750000   data required time
---------------------------------------------------------------------------------------------
                                              7.750000   data required time
                                             -5.792459   data arrival time
---------------------------------------------------------------------------------------------
                                              1.957540   slack (MET)




===========================================================================
report_checks --slack_max -0.01
============================================================================
======================= nom_ff_n40C_1v95 Corner ===================================

No paths found.


===========================================================================
 report_check_types -max_slew -max_cap -max_fanout -violators
============================================================================
======================= nom_ff_n40C_1v95 Corner ===================================

max fanout

Pin                                   Limit Fanout  Slack
---------------------------------------------------------
clkbuf_3_1__f_clk/X                      10     18     -8 (VIOLATED)
clkbuf_3_5__f_clk/X                      10     17     -7 (VIOLATED)
clkbuf_3_4__f_clk/X                      10     16     -6 (VIOLATED)
clkbuf_3_0__f_clk/X                      10     13     -3 (VIOLATED)
clkbuf_3_7__f_clk/X                      10     12     -2 (VIOLATED)
clkbuf_3_6__f_clk/X                      10     11        (VIOLATED)



===========================================================================
report_parasitic_annotation -report_unannotated
============================================================================
Found 0 unannotated drivers.
Found 0 partially unannotated drivers.

===========================================================================
max slew violation count 0
max fanout violation count 6
max cap violation count 0
============================================================================

===========================================================================
check_setup -verbose -unconstrained_endpoints -multiple_clock -no_clock -no_input_delay -loops -generated_clocks
===========================================================================
