Reading OpenROAD database at '/home/jco1147/393_folder/CE493/sv/cordic/runs/RUN_2023-11-15_10-07-41/13-openroad-tapendcapinsertion/cordic.odb'…
Reading library file at '/home/jco1147/393_folder/CE493/sv/cordic/runs/RUN_2023-11-15_10-07-41/tmp/4f8064af2a1748198669afdfb7095fdc.lib'…
Reading design constraints file at '/home/jco1147/.local/lib/python3.9/site-packages/openlane/scripts/base.sdc'…
[INFO] Using clock clk…
[INFO] Setting output delay to: 2
[INFO] Setting input delay to: 2
[INFO] Setting load to: 0.033442
[INFO] Setting clock uncertainty to: 0.25
[INFO] Setting clock transition to: 0.1499999999999999944488848768742172978818416595458984375
[INFO] Setting timing derate to: 5%
[WARNING STA-0376] cell 'sky130_fd_sc_hd__a2111oi_0' not found.
[WARNING STA-0376] cell 'sky130_fd_sc_hd__a21boi_0' not found.
[WARNING STA-0376] cell 'sky130_fd_sc_hd__and2_0' not found.
[WARNING STA-0376] cell 'sky130_fd_sc_hd__buf_16' not found.
[WARNING STA-0376] cell 'sky130_fd_sc_hd__clkdlybuf4s15_1' not found.
[WARNING STA-0376] cell 'sky130_fd_sc_hd__clkdlybuf4s18_1' not found.
[WARNING STA-0376] cell 'sky130_fd_sc_hd__fa_4' not found.
[WARNING STA-0376] cell 'sky130_fd_sc_hd__lpflow_bleeder_1' not found.
[WARNING STA-0376] cell 'sky130_fd_sc_hd__lpflow_clkbufkapwr_1' not found.
[WARNING STA-0376] cell 'sky130_fd_sc_hd__lpflow_clkbufkapwr_16' not found.
[WARNING STA-0376] cell 'sky130_fd_sc_hd__lpflow_clkbufkapwr_2' not found.
[WARNING STA-0376] cell 'sky130_fd_sc_hd__lpflow_clkbufkapwr_4' not found.
[WARNING STA-0376] cell 'sky130_fd_sc_hd__lpflow_clkbufkapwr_8' not found.
[WARNING STA-0376] cell 'sky130_fd_sc_hd__lpflow_clkinvkapwr_1' not found.
[WARNING STA-0376] cell 'sky130_fd_sc_hd__lpflow_clkinvkapwr_16' not found.
[WARNING STA-0376] cell 'sky130_fd_sc_hd__lpflow_clkinvkapwr_2' not found.
[WARNING STA-0376] cell 'sky130_fd_sc_hd__lpflow_clkinvkapwr_4' not found.
[WARNING STA-0376] cell 'sky130_fd_sc_hd__lpflow_clkinvkapwr_8' not found.
[WARNING STA-0376] cell 'sky130_fd_sc_hd__lpflow_decapkapwr_12' not found.
[WARNING STA-0376] cell 'sky130_fd_sc_hd__lpflow_decapkapwr_3' not found.
[WARNING STA-0376] cell 'sky130_fd_sc_hd__lpflow_decapkapwr_4' not found.
[WARNING STA-0376] cell 'sky130_fd_sc_hd__lpflow_decapkapwr_6' not found.
[WARNING STA-0376] cell 'sky130_fd_sc_hd__lpflow_decapkapwr_8' not found.
[WARNING STA-0376] cell 'sky130_fd_sc_hd__lpflow_inputiso0n_1' not found.
[WARNING STA-0376] cell 'sky130_fd_sc_hd__lpflow_inputiso0p_1' not found.
[WARNING STA-0376] cell 'sky130_fd_sc_hd__lpflow_inputiso1n_1' not found.
[WARNING STA-0376] cell 'sky130_fd_sc_hd__lpflow_inputiso1p_1' not found.
[WARNING STA-0376] cell 'sky130_fd_sc_hd__lpflow_inputisolatch_1' not found.
[WARNING STA-0376] cell 'sky130_fd_sc_hd__lpflow_isobufsrc_1' not found.
[WARNING STA-0376] cell 'sky130_fd_sc_hd__lpflow_isobufsrc_16' not found.
[WARNING STA-0376] cell 'sky130_fd_sc_hd__lpflow_isobufsrc_2' not found.
[WARNING STA-0376] cell 'sky130_fd_sc_hd__lpflow_isobufsrc_4' not found.
[WARNING STA-0376] cell 'sky130_fd_sc_hd__lpflow_isobufsrc_8' not found.
[WARNING STA-0376] cell 'sky130_fd_sc_hd__lpflow_isobufsrckapwr_16' not found.
[WARNING STA-0376] cell 'sky130_fd_sc_hd__lpflow_lsbuf_lh_hl_isowell_tap_1' not found.
[WARNING STA-0376] cell 'sky130_fd_sc_hd__lpflow_lsbuf_lh_hl_isowell_tap_2' not found.
[WARNING STA-0376] cell 'sky130_fd_sc_hd__lpflow_lsbuf_lh_hl_isowell_tap_4' not found.
[WARNING STA-0376] cell 'sky130_fd_sc_hd__lpflow_lsbuf_lh_isowell_4' not found.
[WARNING STA-0376] cell 'sky130_fd_sc_hd__lpflow_lsbuf_lh_isowell_tap_1' not found.
[WARNING STA-0376] cell 'sky130_fd_sc_hd__lpflow_lsbuf_lh_isowell_tap_2' not found.
[WARNING STA-0376] cell 'sky130_fd_sc_hd__lpflow_lsbuf_lh_isowell_tap_4' not found.
[WARNING STA-0376] cell 'sky130_fd_sc_hd__mux4_4' not found.
[WARNING STA-0376] cell 'sky130_fd_sc_hd__o21ai_0' not found.
[WARNING STA-0376] cell 'sky130_fd_sc_hd__o311ai_0' not found.
[WARNING STA-0376] cell 'sky130_fd_sc_hd__or2_0' not found.
[WARNING STA-0376] cell 'sky130_fd_sc_hd__probe_p_8' not found.
[WARNING STA-0376] cell 'sky130_fd_sc_hd__probec_p_8' not found.
[WARNING STA-0376] cell 'sky130_fd_sc_hd__xor3_1' not found.
[WARNING STA-0376] cell 'sky130_fd_sc_hd__xor3_2' not found.
[WARNING STA-0376] cell 'sky130_fd_sc_hd__xor3_4' not found.
[WARNING STA-0376] cell 'sky130_fd_sc_hd__xnor3_1' not found.
[WARNING STA-0376] cell 'sky130_fd_sc_hd__xnor3_2' not found.
[WARNING STA-0376] cell 'sky130_fd_sc_hd__xnor3_4' not found.
[INFO] Setting RC values…
[INFO] Setting signal min routing layer to: met1 and clock min routing layer to met1. 
[INFO] Setting signal max routing layer to: met5 and clock max routing layer to met5. 
[WARNING GPL-0150] -skip_io will disable timing driven mode.
[WARNING GPL-0151] -skip_io will disable routability driven mode.
[INFO GPL-0002] DBU: 1000
[INFO GPL-0003] SiteSize: 460 2720
[INFO GPL-0004] CoreAreaLxLy: 5520 10880
[INFO GPL-0005] CoreAreaUxUy: 229540 233920
[INFO GPL-0006] NumInstances: 3332
[INFO GPL-0007] NumPlaceInstances: 2454
[INFO GPL-0008] NumFixedInstances: 878
[INFO GPL-0009] NumDummyInstances: 0
[INFO GPL-0010] NumNets: 2473
[INFO GPL-0011] NumPins: 8482
[INFO GPL-0012] DieAreaLxLy: 0 0
[INFO GPL-0013] DieAreaUxUy: 235135 245855
[INFO GPL-0014] CoreAreaLxLy: 5520 10880
[INFO GPL-0015] CoreAreaUxUy: 229540 233920
[INFO GPL-0016] CoreArea: 49965420800
[INFO GPL-0017] NonPlaceInstsArea: 1508947200
[INFO GPL-0018] PlaceInstsArea: 25109081600
[INFO GPL-0019] Util(%): 51.82
[INFO GPL-0020] StdInstsArea: 25109081600
[INFO GPL-0021] MacroInstsArea: 0
[INFO GPL-0031] FillerInit: NumGCells: 2861
[INFO GPL-0032] FillerInit: NumGNets: 2473
[INFO GPL-0033] FillerInit: NumGPins: 8482
[INFO GPL-0023] TargetDensity: 0.60
[INFO GPL-0024] AveragePlaceInstArea: 10231899
[INFO GPL-0025] IdealBinArea: 17053164
[INFO GPL-0026] IdealBinCnt: 2929
[INFO GPL-0027] TotalBinArea: 49965420800
[INFO GPL-0028] BinCnt: 32 32
[INFO GPL-0029] BinSize: 7001 6970
[INFO GPL-0030] NumBins: 1024
[NesterovSolve] Iter: 1 overflow: 0.995212 HPWL: 6754012
[NesterovSolve] Iter: 10 overflow: 0.990624 HPWL: 4230812
[NesterovSolve] Iter: 20 overflow: 0.990624 HPWL: 4163590
[NesterovSolve] Iter: 30 overflow: 0.990624 HPWL: 4154158
[NesterovSolve] Iter: 40 overflow: 0.990625 HPWL: 4149888
[NesterovSolve] Iter: 50 overflow: 0.990624 HPWL: 4148700
[NesterovSolve] Iter: 60 overflow: 0.990624 HPWL: 4148909
[NesterovSolve] Iter: 70 overflow: 0.990625 HPWL: 4150607
[NesterovSolve] Iter: 80 overflow: 0.990624 HPWL: 4155953
[NesterovSolve] Iter: 90 overflow: 0.990624 HPWL: 4168725
[NesterovSolve] Iter: 100 overflow: 0.990594 HPWL: 4199140
[NesterovSolve] Iter: 110 overflow: 0.989807 HPWL: 4281910
[NesterovSolve] Iter: 120 overflow: 0.987498 HPWL: 4525778
[NesterovSolve] Iter: 130 overflow: 0.983708 HPWL: 5129048
[NesterovSolve] Iter: 140 overflow: 0.966263 HPWL: 6303196
[NesterovSolve] Iter: 150 overflow: 0.945816 HPWL: 8128007
[NesterovSolve] Iter: 160 overflow: 0.92408 HPWL: 9968381
[NesterovSolve] Iter: 170 overflow: 0.902787 HPWL: 11515967
[NesterovSolve] Iter: 180 overflow: 0.881836 HPWL: 13058130
[NesterovSolve] Iter: 190 overflow: 0.851745 HPWL: 14993252
[NesterovSolve] Iter: 200 overflow: 0.818792 HPWL: 16972544
[NesterovSolve] Iter: 210 overflow: 0.780498 HPWL: 19095976
[NesterovSolve] Iter: 220 overflow: 0.737582 HPWL: 21184283
[NesterovSolve] Iter: 230 overflow: 0.693096 HPWL: 23249727
[NesterovSolve] Iter: 240 overflow: 0.648135 HPWL: 25222841
[NesterovSolve] Iter: 250 overflow: 0.599442 HPWL: 27153065
[NesterovSolve] Iter: 260 overflow: 0.553847 HPWL: 28877265
[NesterovSolve] Iter: 270 overflow: 0.504512 HPWL: 30479234
[NesterovSolve] Iter: 280 overflow: 0.456214 HPWL: 31843796
[NesterovSolve] Iter: 290 overflow: 0.406504 HPWL: 33003693
[NesterovSolve] Iter: 300 overflow: 0.355731 HPWL: 33959041
[NesterovSolve] Iter: 310 overflow: 0.315347 HPWL: 34590235
[NesterovSolve] Iter: 320 overflow: 0.270161 HPWL: 35003843
[NesterovSolve] Iter: 330 overflow: 0.238479 HPWL: 35344646
[NesterovSolve] Iter: 340 overflow: 0.211771 HPWL: 35730035
[NesterovSolve] Iter: 350 overflow: 0.181295 HPWL: 36020837
[NesterovSolve] Iter: 360 overflow: 0.154524 HPWL: 36170087
[NesterovSolve] Iter: 370 overflow: 0.133646 HPWL: 36341637
[NesterovSolve] Iter: 380 overflow: 0.114988 HPWL: 36511122
[NesterovSolve] Iter: 390 overflow: 0.100565 HPWL: 36608736
[NesterovSolve] Finished with Overflow: 0.099500
[INFO] Setting RC values…
Setting global connections for newly added cells…
[INFO] Setting global connections...
Writing OpenROAD database to '/home/jco1147/393_folder/CE493/sv/cordic/runs/RUN_2023-11-15_10-07-41/14-openroad-globalplacementskipio/cordic.odb'…
Writing netlist to '/home/jco1147/393_folder/CE493/sv/cordic/runs/RUN_2023-11-15_10-07-41/14-openroad-globalplacementskipio/cordic.nl.v'…
Writing powered netlist to '/home/jco1147/393_folder/CE493/sv/cordic/runs/RUN_2023-11-15_10-07-41/14-openroad-globalplacementskipio/cordic.pnl.v'…
Writing layout to '/home/jco1147/393_folder/CE493/sv/cordic/runs/RUN_2023-11-15_10-07-41/14-openroad-globalplacementskipio/cordic.def'…
Writing timing constraints to '/home/jco1147/393_folder/CE493/sv/cordic/runs/RUN_2023-11-15_10-07-41/14-openroad-globalplacementskipio/cordic.sdc'…
