
Magic 8.3 revision 439 - Compiled on Tue Oct 17 11:08:03 CDT 2023.
Starting magic under Tcl interpreter
Using the terminal as the console.
Using NULL graphics device.
Processing system .magicrc file
Sourcing design .magicrc for technology sky130A ...
2 Magic internal units = 1 Lambda
/home/jco1147/393_folder/openlane/sky130A/libs.tech/magic/sky130A.tech: line 2265: section cifinput:
	Labels on layer "NWELL" attached to "nwell" supersedes prior attachment to "nbase".
/home/jco1147/393_folder/openlane/sky130A/libs.tech/magic/sky130A.tech: line 2266: section cifinput:
	Labels on layer "WELLPIN" attached to "nwell" supersedes prior attachment to "nbase".
/home/jco1147/393_folder/openlane/sky130A/libs.tech/magic/sky130A.tech: line 2267: section cifinput:
	Labels on layer "WELLTXT" attached to "nwell" supersedes prior attachment to "nbase".
/home/jco1147/393_folder/openlane/sky130A/libs.tech/magic/sky130A.tech: line 2342: section cifinput:
	Labels on layer "DIFF" attached to "mvndiffc" supersedes prior attachment to "nmoslvt".
/home/jco1147/393_folder/openlane/sky130A/libs.tech/magic/sky130A.tech: line 2343: section cifinput:
	Labels on layer "DIFFPIN" attached to "mvndiffc" supersedes prior attachment to "nmoslvt".
/home/jco1147/393_folder/openlane/sky130A/libs.tech/magic/sky130A.tech: line 2344: section cifinput:
	Labels on layer "DIFFTXT" attached to "mvndiffc" supersedes prior attachment to "nmoslvt".
/home/jco1147/393_folder/openlane/sky130A/libs.tech/magic/sky130A.tech: line 2360: section cifinput:
	Labels on layer "DIFF" attached to "ndiode" supersedes prior attachment to "mvndiffc".
/home/jco1147/393_folder/openlane/sky130A/libs.tech/magic/sky130A.tech: line 2370: section cifinput:
	Labels on layer "DIFF" attached to "ndiodelvt" supersedes prior attachment to "ndiode".
/home/jco1147/393_folder/openlane/sky130A/libs.tech/magic/sky130A.tech: line 2381: section cifinput:
	Labels on layer "DIFF" attached to "ndiffres" supersedes prior attachment to "ndiodelvt".
/home/jco1147/393_folder/openlane/sky130A/libs.tech/magic/sky130A.tech: line 2391: section cifinput:
	Labels on layer "DIFF" attached to "mvnsubdiff" supersedes prior attachment to "ndiffres".
/home/jco1147/393_folder/openlane/sky130A/libs.tech/magic/sky130A.tech: line 2392: section cifinput:
	Labels on layer "DIFFPIN" attached to "mvnsubdiff" supersedes prior attachment to "mvndiffc".
/home/jco1147/393_folder/openlane/sky130A/libs.tech/magic/sky130A.tech: line 2393: section cifinput:
	Labels on layer "DIFFTXT" attached to "mvnsubdiff" supersedes prior attachment to "mvndiffc".
/home/jco1147/393_folder/openlane/sky130A/libs.tech/magic/sky130A.tech: line 2404: section cifinput:
	Labels on layer "DIFF" attached to "mvndiode" supersedes prior attachment to "mvnsubdiff".
/home/jco1147/393_folder/openlane/sky130A/libs.tech/magic/sky130A.tech: line 2413: section cifinput:
	Labels on layer "DIFF" attached to "nndiode" supersedes prior attachment to "mvndiode".
/home/jco1147/393_folder/openlane/sky130A/libs.tech/magic/sky130A.tech: line 2424: section cifinput:
	Labels on layer "DIFF" attached to "mvndiffres" supersedes prior attachment to "nndiode".
/home/jco1147/393_folder/openlane/sky130A/libs.tech/magic/sky130A.tech: line 2435: section cifinput:
	Labels on layer "DIFF" attached to "mvpsubdiffcont" supersedes prior attachment to "mvndiffres".
/home/jco1147/393_folder/openlane/sky130A/libs.tech/magic/sky130A.tech: line 2436: section cifinput:
	Labels on layer "DIFFPIN" attached to "mvpsubdiffcont" supersedes prior attachment to "mvnsubdiff".
/home/jco1147/393_folder/openlane/sky130A/libs.tech/magic/sky130A.tech: line 2437: section cifinput:
	Labels on layer "DIFFTXT" attached to "mvpsubdiffcont" supersedes prior attachment to "mvnsubdiff".
/home/jco1147/393_folder/openlane/sky130A/libs.tech/magic/sky130A.tech: line 2453: section cifinput:
	Labels on layer "DIFF" attached to "pdiode" supersedes prior attachment to "mvpsubdiffcont".
/home/jco1147/393_folder/openlane/sky130A/libs.tech/magic/sky130A.tech: line 2463: section cifinput:
	Labels on layer "DIFF" attached to "pdiodelvt" supersedes prior attachment to "pdiode".
/home/jco1147/393_folder/openlane/sky130A/libs.tech/magic/sky130A.tech: line 2473: section cifinput:
	Labels on layer "DIFF" attached to "pdiodehvt" supersedes prior attachment to "pdiodelvt".
/home/jco1147/393_folder/openlane/sky130A/libs.tech/magic/sky130A.tech: line 2493: section cifinput:
	Labels on layer "DIFF" attached to "pmos" supersedes prior attachment to "pdiodehvt".
/home/jco1147/393_folder/openlane/sky130A/libs.tech/magic/sky130A.tech: line 2500: section cifinput:
	Labels on layer "DIFF" attached to "scpmos" supersedes prior attachment to "pmos".
/home/jco1147/393_folder/openlane/sky130A/libs.tech/magic/sky130A.tech: line 2506: section cifinput:
	Labels on layer "DIFF" attached to "scpmoshvt" supersedes prior attachment to "scpmos".
/home/jco1147/393_folder/openlane/sky130A/libs.tech/magic/sky130A.tech: line 2515: section cifinput:
	Labels on layer "DIFF" attached to "ppu" supersedes prior attachment to "scpmoshvt".
/home/jco1147/393_folder/openlane/sky130A/libs.tech/magic/sky130A.tech: line 2519: section cifinput:
	Labels on layer "DIFF" attached to "pmoslvt" supersedes prior attachment to "ppu".
/home/jco1147/393_folder/openlane/sky130A/libs.tech/magic/sky130A.tech: line 2523: section cifinput:
	Labels on layer "DIFF" attached to "pmosmvt" supersedes prior attachment to "pmoslvt".
/home/jco1147/393_folder/openlane/sky130A/libs.tech/magic/sky130A.tech: line 2529: section cifinput:
	Labels on layer "DIFF" attached to "pmoshvt" supersedes prior attachment to "pmosmvt".
/home/jco1147/393_folder/openlane/sky130A/libs.tech/magic/sky130A.tech: line 2546: section cifinput:
	Labels on layer "DIFF" attached to "mvpdiode" supersedes prior attachment to "pmoshvt".
/home/jco1147/393_folder/openlane/sky130A/libs.tech/magic/sky130A.tech: line 2565: section cifinput:
	Labels on layer "DIFF" attached to "mvpmos" supersedes prior attachment to "mvpdiode".
/home/jco1147/393_folder/openlane/sky130A/libs.tech/magic/sky130A.tech: line 2569: section cifinput:
	Labels on layer "DIFF" attached to "mvpmosesd" supersedes prior attachment to "mvpmos".
/home/jco1147/393_folder/openlane/sky130A/libs.tech/magic/sky130A.tech: line 2577: section cifinput:
	Labels on layer "DIFF" attached to "pdiff" supersedes prior attachment to "mvpmosesd".
/home/jco1147/393_folder/openlane/sky130A/libs.tech/magic/sky130A.tech: line 2578: section cifinput:
	Labels on layer "DIFFPIN" attached to "pdiff" supersedes prior attachment to "mvpsubdiffcont".
/home/jco1147/393_folder/openlane/sky130A/libs.tech/magic/sky130A.tech: line 2579: section cifinput:
	Labels on layer "DIFFTXT" attached to "pdiff" supersedes prior attachment to "mvpsubdiffcont".
/home/jco1147/393_folder/openlane/sky130A/libs.tech/magic/sky130A.tech: line 2585: section cifinput:
	Labels on layer "DIFF" attached to "pdiffres" supersedes prior attachment to "pdiff".
/home/jco1147/393_folder/openlane/sky130A/libs.tech/magic/sky130A.tech: line 2597: section cifinput:
	Labels on layer "DIFF" attached to "nmos" supersedes prior attachment to "pdiffres".
/home/jco1147/393_folder/openlane/sky130A/libs.tech/magic/sky130A.tech: line 2609: section cifinput:
	Labels on layer "DIFF" attached to "scnmos" supersedes prior attachment to "nmos".
/home/jco1147/393_folder/openlane/sky130A/libs.tech/magic/sky130A.tech: line 2618: section cifinput:
	Labels on layer "DIFF" attached to "npass" supersedes prior attachment to "scnmos".
/home/jco1147/393_folder/openlane/sky130A/libs.tech/magic/sky130A.tech: line 2630: section cifinput:
	Labels on layer "DIFF" attached to "npd" supersedes prior attachment to "npass".
/home/jco1147/393_folder/openlane/sky130A/libs.tech/magic/sky130A.tech: line 2641: section cifinput:
	Labels on layer "DIFF" attached to "npd" supersedes prior attachment to "npd".
/home/jco1147/393_folder/openlane/sky130A/libs.tech/magic/sky130A.tech: line 2651: section cifinput:
	Labels on layer "DIFF" attached to "nmoslvt" supersedes prior attachment to "npd".
/home/jco1147/393_folder/openlane/sky130A/libs.tech/magic/sky130A.tech: line 2661: section cifinput:
	Labels on layer "DIFF" attached to "nsonos" supersedes prior attachment to "nmoslvt".
/home/jco1147/393_folder/openlane/sky130A/libs.tech/magic/sky130A.tech: line 2679: section cifinput:
	Labels on layer "TAP" attached to "nsubdiff" supersedes prior attachment to "nsubdiff".
/home/jco1147/393_folder/openlane/sky130A/libs.tech/magic/sky130A.tech: line 2686: section cifinput:
	Labels on layer "TAP" attached to "sramnvar" supersedes prior attachment to "nsubdiff".
/home/jco1147/393_folder/openlane/sky130A/libs.tech/magic/sky130A.tech: line 2705: section cifinput:
	Labels on layer "TAP" attached to "psubdiff" supersedes prior attachment to "sramnvar".
/home/jco1147/393_folder/openlane/sky130A/libs.tech/magic/sky130A.tech: line 2711: section cifinput:
	Labels on layer "TAP" attached to "psubdiff" supersedes prior attachment to "psubdiff".
/home/jco1147/393_folder/openlane/sky130A/libs.tech/magic/sky130A.tech: line 2712: section cifinput:
	Labels on layer "TAPTXT" attached to "psubdiff" supersedes prior attachment to "nsubdiff".
/home/jco1147/393_folder/openlane/sky130A/libs.tech/magic/sky130A.tech: line 2718: section cifinput:
	Labels on layer "TAP" attached to "srampvar" supersedes prior attachment to "psubdiff".
/home/jco1147/393_folder/openlane/sky130A/libs.tech/magic/sky130A.tech: line 2728: section cifinput:
	Labels on layer "DIFF" attached to "mvpdiff" supersedes prior attachment to "nsonos".
/home/jco1147/393_folder/openlane/sky130A/libs.tech/magic/sky130A.tech: line 2729: section cifinput:
	Labels on layer "DIFFPIN" attached to "mvpdiff" supersedes prior attachment to "pdiff".
/home/jco1147/393_folder/openlane/sky130A/libs.tech/magic/sky130A.tech: line 2730: section cifinput:
	Labels on layer "DIFFTXT" attached to "mvpdiff" supersedes prior attachment to "pdiff".
/home/jco1147/393_folder/openlane/sky130A/libs.tech/magic/sky130A.tech: line 2737: section cifinput:
	Labels on layer "DIFF" attached to "mvpdiffres" supersedes prior attachment to "mvpdiff".
/home/jco1147/393_folder/openlane/sky130A/libs.tech/magic/sky130A.tech: line 2765: section cifinput:
	Labels on layer "DIFF" attached to "mvnmosesd" supersedes prior attachment to "mvpdiffres".
/home/jco1147/393_folder/openlane/sky130A/libs.tech/magic/sky130A.tech: line 2775: section cifinput:
	Labels on layer "DIFF" attached to "mvnmos" supersedes prior attachment to "mvnmosesd".
/home/jco1147/393_folder/openlane/sky130A/libs.tech/magic/sky130A.tech: line 2779: section cifinput:
	Labels on layer "DIFF" attached to "nnmos" supersedes prior attachment to "mvnmos".
/home/jco1147/393_folder/openlane/sky130A/libs.tech/magic/sky130A.tech: line 2783: section cifinput:
	Labels on layer "DIFF" attached to "mvnnmos" supersedes prior attachment to "nnmos".
/home/jco1147/393_folder/openlane/sky130A/libs.tech/magic/sky130A.tech: line 2794: section cifinput:
	Labels on layer "TAP" attached to "mvnsubdiff" supersedes prior attachment to "srampvar".
/home/jco1147/393_folder/openlane/sky130A/libs.tech/magic/sky130A.tech: line 2799: section cifinput:
	Labels on layer "TAP" attached to "mvnsubdiff" supersedes prior attachment to "mvnsubdiff".
/home/jco1147/393_folder/openlane/sky130A/libs.tech/magic/sky130A.tech: line 2800: section cifinput:
	Labels on layer "TAPTXT" attached to "mvnsubdiff" supersedes prior attachment to "psubdiff".
/home/jco1147/393_folder/openlane/sky130A/libs.tech/magic/sky130A.tech: line 2819: section cifinput:
	Labels on layer "DIFF" attached to "mvpsubdiff" supersedes prior attachment to "mvnnmos".
/home/jco1147/393_folder/openlane/sky130A/libs.tech/magic/sky130A.tech: line 2824: section cifinput:
	Labels on layer "TAP" attached to "mvpsubdiff" supersedes prior attachment to "mvnsubdiff".
/home/jco1147/393_folder/openlane/sky130A/libs.tech/magic/sky130A.tech: line 2825: section cifinput:
	Labels on layer "TAPTXT" attached to "mvpsubdiff" supersedes prior attachment to "mvnsubdiff".
/home/jco1147/393_folder/openlane/sky130A/libs.tech/magic/sky130A.tech: line 2941: section cifinput:
	Labels on layer "POLY" attached to "npolyres" supersedes prior attachment to "poly".
/home/jco1147/393_folder/openlane/sky130A/libs.tech/magic/sky130A.tech: line 2945: section cifinput:
	Labels on layer "POLY" attached to "rmp" supersedes prior attachment to "npolyres".
/home/jco1147/393_folder/openlane/sky130A/libs.tech/magic/sky130A.tech: line 2954: section cifinput:
	Labels on layer "POLY" attached to "ppolyres" supersedes prior attachment to "rmp".
/home/jco1147/393_folder/openlane/sky130A/libs.tech/magic/sky130A.tech: line 2962: section cifinput:
	Labels on layer "POLY" attached to "xpolyres" supersedes prior attachment to "ppolyres".
/home/jco1147/393_folder/openlane/sky130A/libs.tech/magic/sky130A.tech: line 2996: section cifinput:
	Labels on layer "CONT" attached to "nsubdiffcont" supersedes prior attachment to "ndiffc".
/home/jco1147/393_folder/openlane/sky130A/libs.tech/magic/sky130A.tech: line 3013: section cifinput:
	Labels on layer "CONT" attached to "pdiffc" supersedes prior attachment to "nsubdiffcont".
/home/jco1147/393_folder/openlane/sky130A/libs.tech/magic/sky130A.tech: line 3030: section cifinput:
	Labels on layer "CONT" attached to "pdiffc" supersedes prior attachment to "pdiffc".
/home/jco1147/393_folder/openlane/sky130A/libs.tech/magic/sky130A.tech: line 3048: section cifinput:
	Labels on layer "CONT" attached to "psubdiffcont" supersedes prior attachment to "pdiffc".
/home/jco1147/393_folder/openlane/sky130A/libs.tech/magic/sky130A.tech: line 3064: section cifinput:
	Labels on layer "CONT" attached to "polycont" supersedes prior attachment to "psubdiffcont".
/home/jco1147/393_folder/openlane/sky130A/libs.tech/magic/sky130A.tech: line 3085: section cifinput:
	Labels on layer "CONT" attached to "ndiodec" supersedes prior attachment to "polycont".
/home/jco1147/393_folder/openlane/sky130A/libs.tech/magic/sky130A.tech: line 3106: section cifinput:
	Labels on layer "CONT" attached to "ndiodelvtc" supersedes prior attachment to "ndiodec".
/home/jco1147/393_folder/openlane/sky130A/libs.tech/magic/sky130A.tech: line 3127: section cifinput:
	Labels on layer "CONT" attached to "pdiodec" supersedes prior attachment to "ndiodelvtc".
/home/jco1147/393_folder/openlane/sky130A/libs.tech/magic/sky130A.tech: line 3148: section cifinput:
	Labels on layer "CONT" attached to "pdiodelvtc" supersedes prior attachment to "pdiodec".
/home/jco1147/393_folder/openlane/sky130A/libs.tech/magic/sky130A.tech: line 3169: section cifinput:
	Labels on layer "CONT" attached to "pdiodehvtc" supersedes prior attachment to "pdiodelvtc".
/home/jco1147/393_folder/openlane/sky130A/libs.tech/magic/sky130A.tech: line 3186: section cifinput:
	Labels on layer "CONT" attached to "mvndiffc" supersedes prior attachment to "pdiodehvtc".
/home/jco1147/393_folder/openlane/sky130A/libs.tech/magic/sky130A.tech: line 3203: section cifinput:
	Labels on layer "CONT" attached to "mvnsubdiffcont" supersedes prior attachment to "mvndiffc".
/home/jco1147/393_folder/openlane/sky130A/libs.tech/magic/sky130A.tech: line 3220: section cifinput:
	Labels on layer "CONT" attached to "mvpdiffc" supersedes prior attachment to "mvnsubdiffcont".
/home/jco1147/393_folder/openlane/sky130A/libs.tech/magic/sky130A.tech: line 3238: section cifinput:
	Labels on layer "CONT" attached to "mvpdiffc" supersedes prior attachment to "mvpdiffc".
/home/jco1147/393_folder/openlane/sky130A/libs.tech/magic/sky130A.tech: line 3256: section cifinput:
	Labels on layer "CONT" attached to "mvpsubdiffcont" supersedes prior attachment to "mvpdiffc".
/home/jco1147/393_folder/openlane/sky130A/libs.tech/magic/sky130A.tech: line 3276: section cifinput:
	Labels on layer "CONT" attached to "mvndiodec" supersedes prior attachment to "mvpsubdiffcont".
/home/jco1147/393_folder/openlane/sky130A/libs.tech/magic/sky130A.tech: line 3296: section cifinput:
	Labels on layer "CONT" attached to "nndiodec" supersedes prior attachment to "mvndiodec".
/home/jco1147/393_folder/openlane/sky130A/libs.tech/magic/sky130A.tech: line 3315: section cifinput:
	Labels on layer "CONT" attached to "mvpdiodec" supersedes prior attachment to "nndiodec".
/home/jco1147/393_folder/openlane/sky130A/libs.tech/magic/sky130A.tech: line 3333: section cifinput:
	Labels on layer "LI" attached to "locali" supersedes prior attachment to "corelocali".
/home/jco1147/393_folder/openlane/sky130A/libs.tech/magic/sky130A.tech: line 3334: section cifinput:
	Labels on layer "LIPIN" attached to "locali" supersedes prior attachment to "corelocali".
/home/jco1147/393_folder/openlane/sky130A/libs.tech/magic/sky130A.tech: line 3335: section cifinput:
	Labels on layer "LITXT" attached to "locali" supersedes prior attachment to "corelocali".
/home/jco1147/393_folder/openlane/sky130A/libs.tech/magic/sky130A.tech: line 3374: section cifinput:
	Labels on layer "CAPM" attached to "mimcapcontact" supersedes prior attachment to "mimcap".
/home/jco1147/393_folder/openlane/sky130A/libs.tech/magic/sky130A.tech: line 3385: section cifinput:
	Labels on layer "CAPM2" attached to "mimcap2contact" supersedes prior attachment to "mimcap2".
/home/jco1147/393_folder/openlane/sky130A/libs.tech/magic/sky130A.tech: line 3526: section cifinput:
	Labels on layer "CONT" attached to "ndiodec" supersedes prior attachment to "mvpdiodec".
/home/jco1147/393_folder/openlane/sky130A/libs.tech/magic/sky130A.tech: line 3543: section cifinput:
	Labels on layer "CONT" attached to "mvndiodec" supersedes prior attachment to "ndiodec".
/home/jco1147/393_folder/openlane/sky130A/libs.tech/magic/sky130A.tech: line 3558: section cifinput:
	Labels on layer "CONT" attached to "pdiodec" supersedes prior attachment to "mvndiodec".
/home/jco1147/393_folder/openlane/sky130A/libs.tech/magic/sky130A.tech: line 3572: section cifinput:
	Labels on layer "CONT" attached to "mvpdiodec" supersedes prior attachment to "pdiodec".
/home/jco1147/393_folder/openlane/sky130A/libs.tech/magic/sky130A.tech: line 3583: section cifinput:
	Labels on layer "CONT" attached to "ndiffc" supersedes prior attachment to "mvpdiodec".
/home/jco1147/393_folder/openlane/sky130A/libs.tech/magic/sky130A.tech: line 3594: section cifinput:
	Labels on layer "CONT" attached to "mvndiffc" supersedes prior attachment to "ndiffc".
/home/jco1147/393_folder/openlane/sky130A/libs.tech/magic/sky130A.tech: line 3605: section cifinput:
	Labels on layer "CONT" attached to "pdiffc" supersedes prior attachment to "mvndiffc".
/home/jco1147/393_folder/openlane/sky130A/libs.tech/magic/sky130A.tech: line 3616: section cifinput:
	Labels on layer "CONT" attached to "mvpdiffc" supersedes prior attachment to "pdiffc".
/home/jco1147/393_folder/openlane/sky130A/libs.tech/magic/sky130A.tech: line 3627: section cifinput:
	Labels on layer "CONT" attached to "polycont" supersedes prior attachment to "mvpdiffc".
/home/jco1147/393_folder/openlane/sky130A/libs.tech/magic/sky130A.tech: line 3638: section cifinput:
	Labels on layer "CONT" attached to "nsubdiffcont" supersedes prior attachment to "polycont".
/home/jco1147/393_folder/openlane/sky130A/libs.tech/magic/sky130A.tech: line 3649: section cifinput:
	Labels on layer "CONT" attached to "mvnsubdiffcont" supersedes prior attachment to "nsubdiffcont".
/home/jco1147/393_folder/openlane/sky130A/libs.tech/magic/sky130A.tech: line 3660: section cifinput:
	Labels on layer "CONT" attached to "psubdiffcont" supersedes prior attachment to "mvnsubdiffcont".
/home/jco1147/393_folder/openlane/sky130A/libs.tech/magic/sky130A.tech: line 3671: section cifinput:
	Labels on layer "CONT" attached to "mvpsubdiffcont" supersedes prior attachment to "psubdiffcont".
/home/jco1147/393_folder/openlane/sky130A/libs.tech/magic/sky130A.tech: line 3717: section cifinput:
	Labels on layer "FILLOBSM1" attached to "fillblock" supersedes prior attachment to "fillblock".
/home/jco1147/393_folder/openlane/sky130A/libs.tech/magic/sky130A.tech: line 3717: section cifinput:
	Labels on layer "FILLOBSM2" attached to "fillblock" supersedes prior attachment to "fillblock".
/home/jco1147/393_folder/openlane/sky130A/libs.tech/magic/sky130A.tech: line 3717: section cifinput:
	Labels on layer "FILLOBSM3" attached to "fillblock" supersedes prior attachment to "fillblock".
/home/jco1147/393_folder/openlane/sky130A/libs.tech/magic/sky130A.tech: line 3717: section cifinput:
	Labels on layer "FILLOBSM4" attached to "fillblock" supersedes prior attachment to "fillblock".
/home/jco1147/393_folder/openlane/sky130A/libs.tech/magic/sky130A.tech: line 3731: section cifinput:
	Labels on layer "POLY" attached to "varactor" supersedes prior attachment to "xpolyres".
/home/jco1147/393_folder/openlane/sky130A/libs.tech/magic/sky130A.tech: line 3739: section cifinput:
	Labels on layer "POLY" attached to "varactorhvt" supersedes prior attachment to "varactor".
/home/jco1147/393_folder/openlane/sky130A/libs.tech/magic/sky130A.tech: line 3746: section cifinput:
	Labels on layer "POLY" attached to "mvvaractor" supersedes prior attachment to "varactorhvt".
Input style sky130(): scaleFactor=2, multiplier=2
The following types are not handled by extraction and will be treated as non-electrical types:
    ubm 
Scaled tech values by 2 / 1 to match internal grid scaling
Loading sky130A Device Generator Menu ...
Using technology "sky130A", version 1.0.446-0-gdd7771c
Warning: Calma reading is not undoable!  I hope that's OK.
Library written using GDS-II Release 3.0
Library name: svm
Reading "sky130_fd_sc_hd__decap_8".
Reading "sky130_fd_sc_hd__decap_3".
Reading "sky130_fd_sc_hd__fill_1".
Reading "sky130_fd_sc_hd__tapvpwrvgnd_1".
Reading "sky130_fd_sc_hd__decap_4".
Reading "sky130_fd_sc_hd__clkbuf_4".
Reading "sky130_fd_sc_hd__buf_1".
Reading "sky130_fd_sc_hd__decap_6".
Reading "sky130_fd_sc_hd__fill_2".
Reading "sky130_fd_sc_hd__or2b_1".
Reading "sky130_fd_sc_hd__buf_2".
Reading "sky130_fd_sc_hd__and4bb_1".
Reading "sky130_fd_sc_hd__clkbuf_1".
Reading "sky130_fd_sc_hd__clkbuf_2".
Reading "sky130_fd_sc_hd__a21oi_1".
Reading "sky130_fd_sc_hd__xnor2_1".
Reading "sky130_fd_sc_hd__nand2_1".
Reading "sky130_fd_sc_hd__a31o_1".
Reading "sky130_fd_sc_hd__xor2_1".
Reading "sky130_fd_sc_hd__a21oi_2".
Reading "sky130_fd_sc_hd__a21bo_1".
Reading "sky130_fd_sc_hd__a31o_2".
Reading "sky130_fd_sc_hd__xnor2_2".
Reading "sky130_fd_sc_hd__xor2_2".
Reading "sky130_fd_sc_hd__a21o_1".
Reading "sky130_fd_sc_hd__nand2_2".
Reading "sky130_fd_sc_hd__buf_6".
Reading "sky130_fd_sc_hd__buf_4".
Reading "sky130_fd_sc_hd__inv_2".
Reading "sky130_fd_sc_hd__nor2_1".
Reading "sky130_fd_sc_hd__a21oi_4".
Reading "sky130_fd_sc_hd__xnor2_4".
Reading "sky130_fd_sc_hd__xor2_4".
Reading "sky130_fd_sc_hd__and2_1".
Reading "sky130_fd_sc_hd__and2b_1".
Reading "sky130_fd_sc_hd__or2_1".
Reading "sky130_fd_sc_hd__a21boi_2".
Reading "sky130_fd_sc_hd__a21boi_1".
Reading "sky130_fd_sc_hd__a32oi_4".
Reading "sky130_fd_sc_hd__nor3_1".
Reading "sky130_fd_sc_hd__a211oi_2".
Reading "sky130_fd_sc_hd__o2bb2a_1".
Reading "sky130_fd_sc_hd__or4b_1".
Reading "sky130_fd_sc_hd__and3_1".
Reading "sky130_fd_sc_hd__a22o_1".
Reading "sky130_fd_sc_hd__and4_1".
Reading "sky130_fd_sc_hd__o21ai_1".
Reading "sky130_fd_sc_hd__inv_4".
Reading "sky130_fd_sc_hd__or3b_1".
Reading "sky130_fd_sc_hd__o221a_1".
Reading "sky130_fd_sc_hd__a211o_1".
Reading "sky130_fd_sc_hd__nand4_2".
Reading "sky130_fd_sc_hd__o21a_1".
Reading "sky130_fd_sc_hd__or4bb_4".
Reading "sky130_fd_sc_hd__o221ai_2".
Reading "sky130_fd_sc_hd__o211a_1".
Reading "sky130_fd_sc_hd__nand3_1".
Reading "sky130_fd_sc_hd__o21ai_2".
Reading "sky130_fd_sc_hd__o31a_1".
Reading "sky130_fd_sc_hd__a31oi_2".
Reading "sky130_fd_sc_hd__a41o_1".
Reading "sky130_fd_sc_hd__or3_1".
Reading "sky130_fd_sc_hd__dlymetal6s2s_1".
Reading "sky130_fd_sc_hd__o22a_1".
Reading "sky130_fd_sc_hd__a2bb2o_1".
Reading "sky130_fd_sc_hd__or2_2".
Reading "sky130_fd_sc_hd__or4bb_1".
Reading "sky130_fd_sc_hd__and4b_1".
Reading "sky130_fd_sc_hd__clkinv_4".
Reading "sky130_fd_sc_hd__nand4_4".
Reading "sky130_fd_sc_hd__a32o_1".
Reading "sky130_fd_sc_hd__and3b_1".
Reading "sky130_fd_sc_hd__a41o_4".
Reading "sky130_fd_sc_hd__nand2b_1".
Reading "sky130_fd_sc_hd__o311a_1".
Reading "sky130_fd_sc_hd__diode_2".
Reading "sky130_fd_sc_hd__nand3b_1".
Reading "sky130_fd_sc_hd__a41o_2".
Reading "sky130_fd_sc_hd__a2111o_2".
Reading "sky130_fd_sc_hd__buf_8".
Reading "sky130_fd_sc_hd__buf_12".
Reading "sky130_fd_sc_hd__or4_1".
Reading "sky130_fd_sc_hd__nor2_2".
Reading "sky130_fd_sc_hd__a22oi_4".
Reading "sky130_fd_sc_hd__or4_2".
Reading "sky130_fd_sc_hd__o21ba_1".
Reading "sky130_fd_sc_hd__clkbuf_8".
Reading "sky130_fd_sc_hd__o22ai_2".
Reading "sky130_fd_sc_hd__or2b_2".
Reading "sky130_fd_sc_hd__o21ai_4".
Reading "sky130_fd_sc_hd__a21boi_4".
Reading "sky130_fd_sc_hd__o31ai_4".
Reading "sky130_fd_sc_hd__nand2b_2".
Reading "sky130_fd_sc_hd__o22ai_4".
Reading "sky130_fd_sc_hd__nor2_4".
Reading "sky130_fd_sc_hd__a22oi_1".
Reading "sky130_fd_sc_hd__or3_4".
Reading "sky130_fd_sc_hd__o22ai_1".
Reading "sky130_fd_sc_hd__a2111o_1".
Reading "sky130_fd_sc_hd__a21bo_4".
Reading "sky130_fd_sc_hd__or2b_4".
Reading "sky130_fd_sc_hd__dlygate4sd1_1".
Reading "sky130_fd_sc_hd__nand3b_4".
Reading "sky130_fd_sc_hd__mux2_1".
Reading "sky130_fd_sc_hd__dlymetal6s4s_1".
Reading "sky130_fd_sc_hd__o21ba_2".
Reading "sky130_fd_sc_hd__a211oi_1".
Reading "sky130_fd_sc_hd__o32ai_2".
Reading "sky130_fd_sc_hd__o2111a_1".
Reading "sky130_fd_sc_hd__a22oi_2".
Reading "sky130_fd_sc_hd__a221o_1".
Reading "sky130_fd_sc_hd__o41a_1".
Reading "sky130_fd_sc_hd__o211ai_4".
Reading "sky130_fd_sc_hd__dfrtp_1".
Reading "sky130_fd_sc_hd__or4_4".
Reading "sky130_fd_sc_hd__dlygate4sd3_1".
Reading "sky130_fd_sc_hd__or3b_4".
Reading "sky130_fd_sc_hd__or3b_2".
Reading "sky130_fd_sc_hd__dfrtp_4".
Reading "sky130_fd_sc_hd__o32a_1".
Reading "sky130_fd_sc_hd__o21bai_2".
Reading "sky130_fd_sc_hd__clkbuf_16".
Reading "sky130_fd_sc_hd__or3_2".
Reading "sky130_fd_sc_hd__dfstp_1".
Reading "sky130_fd_sc_hd__and2_2".
Reading "sky130_fd_sc_hd__o211ai_2".
Reading "sky130_fd_sc_hd__a21bo_2".
Reading "sky130_fd_sc_hd__a31oi_4".
Reading "sky130_fd_sc_hd__nor4_1".
Reading "sky130_fd_sc_hd__o2111ai_2".
Reading "sky130_fd_sc_hd__o32ai_4".
Reading "sky130_fd_sc_hd__or4b_4".
Reading "sky130_fd_sc_hd__o31a_2".
Reading "sky130_fd_sc_hd__and2_4".
Reading "sky130_fd_sc_hd__or2_4".
Reading "sky130_fd_sc_hd__a31oi_1".
Reading "sky130_fd_sc_hd__a211o_4".
Reading "sky130_fd_sc_hd__a221oi_2".
Reading "sky130_fd_sc_hd__nand4b_4".
Reading "sky130_fd_sc_hd__a311o_1".
Reading "sky130_fd_sc_hd__o21bai_1".
Reading "svm".
    5000 uses
    10000 uses
Warning: Calma reading is not undoable!  I hope that's OK.
Library written using GDS-II Release 3.0
Library name: sky130_fd_sc_hd
Reading "sky130_fd_sc_hd__or4bb_4".
Warning:  cell sky130_fd_sc_hd__or4bb_4 already existed before reading GDS!
Reading "sky130_fd_sc_hd__probe_p_8".
Reading "sky130_fd_sc_hd__probec_p_8".
Reading "sky130_fd_sc_hd__sdfsbp_1".
Reading "sky130_fd_sc_hd__sdfrtp_4".
Reading "sky130_fd_sc_hd__sdfrtp_2".
Reading "sky130_fd_sc_hd__sdfrtp_1".
Reading "sky130_fd_sc_hd__sdfrtn_1".
Reading "sky130_fd_sc_hd__sdfrbp_2".
Reading "sky130_fd_sc_hd__sdfrbp_1".
Reading "sky130_fd_sc_hd__sdfbbp_1".
Reading "sky130_fd_sc_hd__sdfbbn_2".
Reading "sky130_fd_sc_hd__sdfbbn_1".
Reading "sky130_fd_sc_hd__sdfsbp_2".
Reading "sky130_fd_sc_hd__sdfstp_1".
Reading "sky130_fd_sc_hd__sdfstp_2".
Reading "sky130_fd_sc_hd__sdfstp_4".
Reading "sky130_fd_sc_hd__sdfxbp_1".
Reading "sky130_fd_sc_hd__sdfxbp_2".
Reading "sky130_fd_sc_hd__sdfxtp_1".
Reading "sky130_fd_sc_hd__sdfxtp_2".
Reading "sky130_fd_sc_hd__sdfxtp_4".
Reading "sky130_fd_sc_hd__sdlclkp_1".
Reading "sky130_fd_sc_hd__sdlclkp_2".
Reading "sky130_fd_sc_hd__sdlclkp_4".
Reading "sky130_fd_sc_hd__sedfxbp_1".
Reading "sky130_fd_sc_hd__sedfxbp_2".
Reading "sky130_fd_sc_hd__sedfxtp_1".
Reading "sky130_fd_sc_hd__sedfxtp_2".
Reading "sky130_fd_sc_hd__sedfxtp_4".
Reading "sky130_fd_sc_hd__tap_1".
Reading "sky130_fd_sc_hd__xnor3_4".
Reading "sky130_fd_sc_hd__xnor3_2".
Reading "sky130_fd_sc_hd__xnor3_1".
Reading "sky130_fd_sc_hd__xnor2_4".
Warning:  cell sky130_fd_sc_hd__xnor2_4 already existed before reading GDS!
Reading "sky130_fd_sc_hd__xnor2_2".
Warning:  cell sky130_fd_sc_hd__xnor2_2 already existed before reading GDS!
Reading "sky130_fd_sc_hd__xnor2_1".
Warning:  cell sky130_fd_sc_hd__xnor2_1 already existed before reading GDS!
Reading "sky130_fd_sc_hd__tapvpwrvgnd_1".
Warning:  cell sky130_fd_sc_hd__tapvpwrvgnd_1 already existed before reading GDS!
Reading "sky130_fd_sc_hd__tapvgnd_1".
Reading "sky130_fd_sc_hd__tapvgnd2_1".
Reading "sky130_fd_sc_hd__tap_2".
Reading "sky130_fd_sc_hd__xor2_1".
Warning:  cell sky130_fd_sc_hd__xor2_1 already existed before reading GDS!
Reading "sky130_fd_sc_hd__xor2_2".
Warning:  cell sky130_fd_sc_hd__xor2_2 already existed before reading GDS!
Reading "sky130_fd_sc_hd__xor2_4".
Warning:  cell sky130_fd_sc_hd__xor2_4 already existed before reading GDS!
Reading "sky130_fd_sc_hd__xor3_1".
Reading "sky130_fd_sc_hd__xor3_2".
Reading "sky130_fd_sc_hd__xor3_4".
Reading "sky130_fd_sc_hd__o41a_4".
Reading "sky130_fd_sc_hd__o41ai_1".
Reading "sky130_fd_sc_hd__o41ai_2".
Reading "sky130_fd_sc_hd__o41ai_4".
Reading "sky130_fd_sc_hd__o211a_1".
Warning:  cell sky130_fd_sc_hd__o211a_1 already existed before reading GDS!
Reading "sky130_fd_sc_hd__o211a_2".
Reading "sky130_fd_sc_hd__o211a_4".
Reading "sky130_fd_sc_hd__o211ai_1".
Reading "sky130_fd_sc_hd__o211ai_2".
Warning:  cell sky130_fd_sc_hd__o211ai_2 already existed before reading GDS!
Reading "sky130_fd_sc_hd__o211ai_4".
Warning:  cell sky130_fd_sc_hd__o211ai_4 already existed before reading GDS!
Reading "sky130_fd_sc_hd__o221a_1".
Warning:  cell sky130_fd_sc_hd__o221a_1 already existed before reading GDS!
Reading "sky130_fd_sc_hd__o221a_2".
Reading "sky130_fd_sc_hd__o221a_4".
Reading "sky130_fd_sc_hd__o221ai_1".
Reading "sky130_fd_sc_hd__o221ai_2".
Warning:  cell sky130_fd_sc_hd__o221ai_2 already existed before reading GDS!
Reading "sky130_fd_sc_hd__o2111a_2".
Reading "sky130_fd_sc_hd__o2111a_1".
Warning:  cell sky130_fd_sc_hd__o2111a_1 already existed before reading GDS!
Reading "sky130_fd_sc_hd__o311ai_4".
Reading "sky130_fd_sc_hd__o311ai_2".
Reading "sky130_fd_sc_hd__o311ai_1".
Reading "sky130_fd_sc_hd__o311ai_0".
Reading "sky130_fd_sc_hd__o311a_4".
Reading "sky130_fd_sc_hd__o311a_2".
Reading "sky130_fd_sc_hd__o311a_1".
Warning:  cell sky130_fd_sc_hd__o311a_1 already existed before reading GDS!
Reading "sky130_fd_sc_hd__o221ai_4".
Reading "sky130_fd_sc_hd__o2111a_4".
Reading "sky130_fd_sc_hd__o2111ai_1".
Reading "sky130_fd_sc_hd__o2111ai_2".
Warning:  cell sky130_fd_sc_hd__o2111ai_2 already existed before reading GDS!
Reading "sky130_fd_sc_hd__o2111ai_4".
Reading "sky130_fd_sc_hd__or2_0".
Reading "sky130_fd_sc_hd__or2_1".
Warning:  cell sky130_fd_sc_hd__or2_1 already existed before reading GDS!
Reading "sky130_fd_sc_hd__or2_2".
Warning:  cell sky130_fd_sc_hd__or2_2 already existed before reading GDS!
Reading "sky130_fd_sc_hd__or2_4".
Warning:  cell sky130_fd_sc_hd__or2_4 already existed before reading GDS!
Reading "sky130_fd_sc_hd__or2b_1".
Warning:  cell sky130_fd_sc_hd__or2b_1 already existed before reading GDS!
Reading "sky130_fd_sc_hd__or2b_2".
Warning:  cell sky130_fd_sc_hd__or2b_2 already existed before reading GDS!
Reading "sky130_fd_sc_hd__or2b_4".
Warning:  cell sky130_fd_sc_hd__or2b_4 already existed before reading GDS!
Reading "sky130_fd_sc_hd__or3_1".
Warning:  cell sky130_fd_sc_hd__or3_1 already existed before reading GDS!
Reading "sky130_fd_sc_hd__or3_2".
Warning:  cell sky130_fd_sc_hd__or3_2 already existed before reading GDS!
Reading "sky130_fd_sc_hd__or3_4".
Warning:  cell sky130_fd_sc_hd__or3_4 already existed before reading GDS!
Reading "sky130_fd_sc_hd__or3b_1".
Warning:  cell sky130_fd_sc_hd__or3b_1 already existed before reading GDS!
Reading "sky130_fd_sc_hd__or3b_2".
Warning:  cell sky130_fd_sc_hd__or3b_2 already existed before reading GDS!
Reading "sky130_fd_sc_hd__or3b_4".
Warning:  cell sky130_fd_sc_hd__or3b_4 already existed before reading GDS!
Reading "sky130_fd_sc_hd__or4_1".
Warning:  cell sky130_fd_sc_hd__or4_1 already existed before reading GDS!
Reading "sky130_fd_sc_hd__or4_2".
Warning:  cell sky130_fd_sc_hd__or4_2 already existed before reading GDS!
Reading "sky130_fd_sc_hd__or4_4".
Warning:  cell sky130_fd_sc_hd__or4_4 already existed before reading GDS!
Reading "sky130_fd_sc_hd__or4b_1".
Warning:  cell sky130_fd_sc_hd__or4b_1 already existed before reading GDS!
Reading "sky130_fd_sc_hd__or4b_2".
Reading "sky130_fd_sc_hd__or4b_4".
Warning:  cell sky130_fd_sc_hd__or4b_4 already existed before reading GDS!
Reading "sky130_fd_sc_hd__or4bb_1".
Warning:  cell sky130_fd_sc_hd__or4bb_1 already existed before reading GDS!
Reading "sky130_fd_sc_hd__or4bb_2".
Reading "sky130_fd_sc_hd__nor3b_1".
Reading "sky130_fd_sc_hd__nor3b_2".
Reading "sky130_fd_sc_hd__nor3b_4".
Reading "sky130_fd_sc_hd__nor4_1".
Warning:  cell sky130_fd_sc_hd__nor4_1 already existed before reading GDS!
Reading "sky130_fd_sc_hd__nor4_2".
Reading "sky130_fd_sc_hd__nor4_4".
Reading "sky130_fd_sc_hd__nor4b_1".
Reading "sky130_fd_sc_hd__nor4b_2".
Reading "sky130_fd_sc_hd__nor4b_4".
Reading "sky130_fd_sc_hd__nor4bb_1".
Reading "sky130_fd_sc_hd__nor4bb_2".
Reading "sky130_fd_sc_hd__nor4bb_4".
Reading "sky130_fd_sc_hd__o2bb2a_1".
Warning:  cell sky130_fd_sc_hd__o2bb2a_1 already existed before reading GDS!
Reading "sky130_fd_sc_hd__o2bb2a_2".
Reading "sky130_fd_sc_hd__o2bb2a_4".
Reading "sky130_fd_sc_hd__o2bb2ai_1".
Reading "sky130_fd_sc_hd__o2bb2ai_2".
Reading "sky130_fd_sc_hd__o2bb2ai_4".
Reading "sky130_fd_sc_hd__o21a_1".
Warning:  cell sky130_fd_sc_hd__o21a_1 already existed before reading GDS!
Reading "sky130_fd_sc_hd__o21ai_1".
Warning:  cell sky130_fd_sc_hd__o21ai_1 already existed before reading GDS!
Reading "sky130_fd_sc_hd__o21ai_0".
Reading "sky130_fd_sc_hd__o21a_4".
Reading "sky130_fd_sc_hd__o21a_2".
Reading "sky130_fd_sc_hd__o21ba_1".
Warning:  cell sky130_fd_sc_hd__o21ba_1 already existed before reading GDS!
Reading "sky130_fd_sc_hd__o21ai_4".
Warning:  cell sky130_fd_sc_hd__o21ai_4 already existed before reading GDS!
Reading "sky130_fd_sc_hd__o21ai_2".
Warning:  cell sky130_fd_sc_hd__o21ai_2 already existed before reading GDS!
Reading "sky130_fd_sc_hd__o21bai_1".
Warning:  cell sky130_fd_sc_hd__o21bai_1 already existed before reading GDS!
Reading "sky130_fd_sc_hd__o21ba_4".
Reading "sky130_fd_sc_hd__o21ba_2".
Warning:  cell sky130_fd_sc_hd__o21ba_2 already existed before reading GDS!
Reading "sky130_fd_sc_hd__o21bai_2".
Warning:  cell sky130_fd_sc_hd__o21bai_2 already existed before reading GDS!
Reading "sky130_fd_sc_hd__o21bai_4".
Reading "sky130_fd_sc_hd__o22a_1".
Warning:  cell sky130_fd_sc_hd__o22a_1 already existed before reading GDS!
Reading "sky130_fd_sc_hd__o22a_2".
Reading "sky130_fd_sc_hd__o22a_4".
Reading "sky130_fd_sc_hd__o22ai_1".
Warning:  cell sky130_fd_sc_hd__o22ai_1 already existed before reading GDS!
Reading "sky130_fd_sc_hd__o22ai_2".
Warning:  cell sky130_fd_sc_hd__o22ai_2 already existed before reading GDS!
Reading "sky130_fd_sc_hd__o22ai_4".
Warning:  cell sky130_fd_sc_hd__o22ai_4 already existed before reading GDS!
Reading "sky130_fd_sc_hd__o31a_1".
Warning:  cell sky130_fd_sc_hd__o31a_1 already existed before reading GDS!
Reading "sky130_fd_sc_hd__o31a_2".
Warning:  cell sky130_fd_sc_hd__o31a_2 already existed before reading GDS!
Reading "sky130_fd_sc_hd__o31a_4".
Reading "sky130_fd_sc_hd__o31ai_1".
Reading "sky130_fd_sc_hd__o31ai_2".
Reading "sky130_fd_sc_hd__o31ai_4".
Warning:  cell sky130_fd_sc_hd__o31ai_4 already existed before reading GDS!
Reading "sky130_fd_sc_hd__o32a_1".
Warning:  cell sky130_fd_sc_hd__o32a_1 already existed before reading GDS!
Reading "sky130_fd_sc_hd__o32a_2".
Reading "sky130_fd_sc_hd__o32a_4".
Reading "sky130_fd_sc_hd__o32ai_1".
Reading "sky130_fd_sc_hd__o32ai_2".
Warning:  cell sky130_fd_sc_hd__o32ai_2 already existed before reading GDS!
Reading "sky130_fd_sc_hd__o32ai_4".
Warning:  cell sky130_fd_sc_hd__o32ai_4 already existed before reading GDS!
Reading "sky130_fd_sc_hd__o41a_1".
Warning:  cell sky130_fd_sc_hd__o41a_1 already existed before reading GDS!
Reading "sky130_fd_sc_hd__o41a_2".
Reading "sky130_fd_sc_hd__lpflow_lsbuf_lh_hl_isowell_tap_1".
CIF file read warning: CIF style sky130(): units rescaled by factor of 5 / 1
Reading "sky130_fd_sc_hd__lpflow_lsbuf_lh_hl_isowell_tap_2".
Reading "sky130_fd_sc_hd__lpflow_lsbuf_lh_hl_isowell_tap_4".
Reading "sky130_fd_sc_hd__lpflow_lsbuf_lh_isowell_4".
Reading "sky130_fd_sc_hd__lpflow_lsbuf_lh_isowell_tap_1".
Reading "sky130_fd_sc_hd__lpflow_lsbuf_lh_isowell_tap_2".
Reading "sky130_fd_sc_hd__lpflow_lsbuf_lh_isowell_tap_4".
Reading "sky130_fd_sc_hd__nor2_2".
Warning:  cell sky130_fd_sc_hd__nor2_2 already existed before reading GDS!
Reading "sky130_fd_sc_hd__nand2_2".
Warning:  cell sky130_fd_sc_hd__nand2_2 already existed before reading GDS!
Reading "sky130_fd_sc_hd__inv_2".
Warning:  cell sky130_fd_sc_hd__inv_2 already existed before reading GDS!
Reading "sky130_fd_sc_hd__conb_1".
Reading "sky130_fd_sc_hd__macro_sparecell".
Reading "sky130_fd_sc_hd__maj3_1".
Reading "sky130_fd_sc_hd__maj3_2".
Reading "sky130_fd_sc_hd__maj3_4".
Reading "sky130_fd_sc_hd__mux2_1".
Warning:  cell sky130_fd_sc_hd__mux2_1 already existed before reading GDS!
Reading "sky130_fd_sc_hd__mux2_2".
Reading "sky130_fd_sc_hd__mux2_4".
Reading "sky130_fd_sc_hd__mux2i_1".
Reading "sky130_fd_sc_hd__mux2i_2".
Reading "sky130_fd_sc_hd__nand2_1".
Warning:  cell sky130_fd_sc_hd__nand2_1 already existed before reading GDS!
Reading "sky130_fd_sc_hd__nand2_4".
Reading "sky130_fd_sc_hd__nand2_8".
Reading "sky130_fd_sc_hd__mux2_8".
Reading "sky130_fd_sc_hd__mux2i_4".
Reading "sky130_fd_sc_hd__mux4_1".
Reading "sky130_fd_sc_hd__mux4_2".
Reading "sky130_fd_sc_hd__mux4_4".
Reading "sky130_fd_sc_hd__nand2b_1".
Warning:  cell sky130_fd_sc_hd__nand2b_1 already existed before reading GDS!
Reading "sky130_fd_sc_hd__nand2b_2".
Warning:  cell sky130_fd_sc_hd__nand2b_2 already existed before reading GDS!
Reading "sky130_fd_sc_hd__nand2b_4".
Reading "sky130_fd_sc_hd__nand3_1".
Warning:  cell sky130_fd_sc_hd__nand3_1 already existed before reading GDS!
Reading "sky130_fd_sc_hd__nand3_2".
Reading "sky130_fd_sc_hd__nand3_4".
Reading "sky130_fd_sc_hd__nand3b_1".
Warning:  cell sky130_fd_sc_hd__nand3b_1 already existed before reading GDS!
Reading "sky130_fd_sc_hd__nand3b_2".
Reading "sky130_fd_sc_hd__nand3b_4".
Warning:  cell sky130_fd_sc_hd__nand3b_4 already existed before reading GDS!
Reading "sky130_fd_sc_hd__nand4_1".
Reading "sky130_fd_sc_hd__nand4_2".
Warning:  cell sky130_fd_sc_hd__nand4_2 already existed before reading GDS!
Reading "sky130_fd_sc_hd__nand4_4".
Warning:  cell sky130_fd_sc_hd__nand4_4 already existed before reading GDS!
Reading "sky130_fd_sc_hd__nand4b_1".
Reading "sky130_fd_sc_hd__nand4b_2".
Reading "sky130_fd_sc_hd__nand4b_4".
Warning:  cell sky130_fd_sc_hd__nand4b_4 already existed before reading GDS!
Reading "sky130_fd_sc_hd__nand4bb_1".
Reading "sky130_fd_sc_hd__nand4bb_2".
Reading "sky130_fd_sc_hd__nand4bb_4".
Reading "sky130_fd_sc_hd__nor2_1".
Warning:  cell sky130_fd_sc_hd__nor2_1 already existed before reading GDS!
Reading "sky130_fd_sc_hd__nor2_4".
Warning:  cell sky130_fd_sc_hd__nor2_4 already existed before reading GDS!
Reading "sky130_fd_sc_hd__nor2_8".
Reading "sky130_fd_sc_hd__nor2b_1".
Reading "sky130_fd_sc_hd__nor2b_2".
Reading "sky130_fd_sc_hd__nor2b_4".
Reading "sky130_fd_sc_hd__nor3_1".
Warning:  cell sky130_fd_sc_hd__nor3_1 already existed before reading GDS!
Reading "sky130_fd_sc_hd__nor3_2".
Reading "sky130_fd_sc_hd__nor3_4".
Reading "sky130_fd_sc_hd__einvp_1".
Reading "sky130_fd_sc_hd__einvp_2".
Reading "sky130_fd_sc_hd__einvp_4".
Reading "sky130_fd_sc_hd__einvp_8".
Reading "sky130_fd_sc_hd__fa_1".
Reading "sky130_fd_sc_hd__fa_2".
Reading "sky130_fd_sc_hd__fa_4".
Reading "sky130_fd_sc_hd__fah_1".
Reading "sky130_fd_sc_hd__fahcin_1".
Reading "sky130_fd_sc_hd__fahcon_1".
Reading "sky130_fd_sc_hd__fill_1".
Warning:  cell sky130_fd_sc_hd__fill_1 already existed before reading GDS!
Reading "sky130_fd_sc_hd__fill_2".
Warning:  cell sky130_fd_sc_hd__fill_2 already existed before reading GDS!
Reading "sky130_fd_sc_hd__fill_4".
Reading "sky130_fd_sc_hd__fill_8".
Reading "sky130_fd_sc_hd__ha_1".
Reading "sky130_fd_sc_hd__ha_2".
Reading "sky130_fd_sc_hd__ha_4".
Reading "sky130_fd_sc_hd__inv_12".
Reading "sky130_fd_sc_hd__inv_8".
Reading "sky130_fd_sc_hd__inv_6".
Reading "sky130_fd_sc_hd__inv_4".
Warning:  cell sky130_fd_sc_hd__inv_4 already existed before reading GDS!
Reading "sky130_fd_sc_hd__inv_1".
Reading "sky130_fd_sc_hd__lpflow_clkbufkapwr_2".
Reading "sky130_fd_sc_hd__lpflow_clkbufkapwr_1".
Reading "sky130_fd_sc_hd__lpflow_bleeder_1".
Reading "sky130_fd_sc_hd__inv_16".
Reading "sky130_fd_sc_hd__lpflow_clkbufkapwr_4".
Reading "sky130_fd_sc_hd__lpflow_clkbufkapwr_8".
Reading "sky130_fd_sc_hd__lpflow_clkbufkapwr_16".
Reading "sky130_fd_sc_hd__lpflow_clkinvkapwr_1".
Reading "sky130_fd_sc_hd__lpflow_clkinvkapwr_2".
Reading "sky130_fd_sc_hd__lpflow_clkinvkapwr_4".
Reading "sky130_fd_sc_hd__lpflow_clkinvkapwr_8".
Reading "sky130_fd_sc_hd__lpflow_clkinvkapwr_16".
Reading "sky130_fd_sc_hd__lpflow_decapkapwr_3".
Reading "sky130_fd_sc_hd__lpflow_decapkapwr_4".
Reading "sky130_fd_sc_hd__lpflow_decapkapwr_12".
Reading "sky130_fd_sc_hd__lpflow_decapkapwr_8".
Reading "sky130_fd_sc_hd__lpflow_decapkapwr_6".
Reading "sky130_fd_sc_hd__lpflow_inputiso1p_1".
Reading "sky130_fd_sc_hd__lpflow_inputiso1n_1".
Reading "sky130_fd_sc_hd__lpflow_inputiso0p_1".
Reading "sky130_fd_sc_hd__lpflow_inputiso0n_1".
Reading "sky130_fd_sc_hd__lpflow_isobufsrc_2".
Reading "sky130_fd_sc_hd__lpflow_isobufsrc_1".
Reading "sky130_fd_sc_hd__lpflow_inputisolatch_1".
Reading "sky130_fd_sc_hd__lpflow_isobufsrc_4".
Reading "sky130_fd_sc_hd__lpflow_isobufsrc_8".
Reading "sky130_fd_sc_hd__lpflow_isobufsrc_16".
Reading "sky130_fd_sc_hd__lpflow_isobufsrckapwr_16".
Reading "sky130_fd_sc_hd__dfrtp_1".
Warning:  cell sky130_fd_sc_hd__dfrtp_1 already existed before reading GDS!
Reading "sky130_fd_sc_hd__dfrtp_2".
Reading "sky130_fd_sc_hd__dfrtp_4".
Warning:  cell sky130_fd_sc_hd__dfrtp_4 already existed before reading GDS!
Reading "sky130_fd_sc_hd__dfsbp_1".
Reading "sky130_fd_sc_hd__dfsbp_2".
Reading "sky130_fd_sc_hd__dfstp_1".
Warning:  cell sky130_fd_sc_hd__dfstp_1 already existed before reading GDS!
Reading "sky130_fd_sc_hd__dfstp_2".
Reading "sky130_fd_sc_hd__dfstp_4".
Reading "sky130_fd_sc_hd__dfxbp_1".
Reading "sky130_fd_sc_hd__dfxbp_2".
Reading "sky130_fd_sc_hd__dfxtp_1".
Reading "sky130_fd_sc_hd__dfxtp_2".
Reading "sky130_fd_sc_hd__diode_2".
Warning:  cell sky130_fd_sc_hd__diode_2 already existed before reading GDS!
Reading "sky130_fd_sc_hd__dlclkp_1".
Reading "sky130_fd_sc_hd__dlclkp_2".
Reading "sky130_fd_sc_hd__dlclkp_4".
Reading "sky130_fd_sc_hd__dlrbn_1".
Reading "sky130_fd_sc_hd__dlrbp_1".
Reading "sky130_fd_sc_hd__dlrtn_1".
Reading "sky130_fd_sc_hd__dfxtp_4".
Reading "sky130_fd_sc_hd__dlrbn_2".
Reading "sky130_fd_sc_hd__dlrbp_2".
Reading "sky130_fd_sc_hd__dlrtn_2".
Reading "sky130_fd_sc_hd__dlrtn_4".
Reading "sky130_fd_sc_hd__dlrtp_1".
Reading "sky130_fd_sc_hd__dlrtp_2".
Reading "sky130_fd_sc_hd__dlrtp_4".
Reading "sky130_fd_sc_hd__dlxbn_1".
Reading "sky130_fd_sc_hd__dlxbn_2".
Reading "sky130_fd_sc_hd__dlxbp_1".
Reading "sky130_fd_sc_hd__dlxtn_1".
Reading "sky130_fd_sc_hd__dlxtn_2".
Reading "sky130_fd_sc_hd__dlxtn_4".
Reading "sky130_fd_sc_hd__dlxtp_1".
Reading "sky130_fd_sc_hd__dlygate4sd1_1".
Warning:  cell sky130_fd_sc_hd__dlygate4sd1_1 already existed before reading GDS!
Reading "sky130_fd_sc_hd__dlygate4sd2_1".
Reading "sky130_fd_sc_hd__dlygate4sd3_1".
Warning:  cell sky130_fd_sc_hd__dlygate4sd3_1 already existed before reading GDS!
Reading "sky130_fd_sc_hd__dlymetal6s2s_1".
Warning:  cell sky130_fd_sc_hd__dlymetal6s2s_1 already existed before reading GDS!
Reading "sky130_fd_sc_hd__dlymetal6s4s_1".
Warning:  cell sky130_fd_sc_hd__dlymetal6s4s_1 already existed before reading GDS!
Reading "sky130_fd_sc_hd__dlymetal6s6s_1".
Reading "sky130_fd_sc_hd__ebufn_1".
Reading "sky130_fd_sc_hd__ebufn_2".
Reading "sky130_fd_sc_hd__ebufn_4".
Reading "sky130_fd_sc_hd__einvn_0".
Reading "sky130_fd_sc_hd__einvn_1".
Reading "sky130_fd_sc_hd__einvn_2".
Reading "sky130_fd_sc_hd__einvn_4".
Reading "sky130_fd_sc_hd__ebufn_8".
Reading "sky130_fd_sc_hd__edfxbp_1".
Reading "sky130_fd_sc_hd__edfxtp_1".
Reading "sky130_fd_sc_hd__einvn_8".
Reading "sky130_fd_sc_hd__and4_2".
Reading "sky130_fd_sc_hd__and4_4".
Reading "sky130_fd_sc_hd__and4b_1".
Warning:  cell sky130_fd_sc_hd__and4b_1 already existed before reading GDS!
Reading "sky130_fd_sc_hd__and4b_2".
Reading "sky130_fd_sc_hd__and4b_4".
Reading "sky130_fd_sc_hd__and4bb_1".
Warning:  cell sky130_fd_sc_hd__and4bb_1 already existed before reading GDS!
Reading "sky130_fd_sc_hd__and4bb_2".
Reading "sky130_fd_sc_hd__and4bb_4".
Reading "sky130_fd_sc_hd__buf_1".
Warning:  cell sky130_fd_sc_hd__buf_1 already existed before reading GDS!
Reading "sky130_fd_sc_hd__buf_2".
Warning:  cell sky130_fd_sc_hd__buf_2 already existed before reading GDS!
Reading "sky130_fd_sc_hd__buf_4".
Warning:  cell sky130_fd_sc_hd__buf_4 already existed before reading GDS!
Reading "sky130_fd_sc_hd__buf_6".
Warning:  cell sky130_fd_sc_hd__buf_6 already existed before reading GDS!
Reading "sky130_fd_sc_hd__buf_8".
Warning:  cell sky130_fd_sc_hd__buf_8 already existed before reading GDS!
Reading "sky130_fd_sc_hd__buf_12".
Warning:  cell sky130_fd_sc_hd__buf_12 already existed before reading GDS!
Reading "sky130_fd_sc_hd__buf_16".
Reading "sky130_fd_sc_hd__clkdlybuf4s15_1".
Reading "sky130_fd_sc_hd__clkbuf_16".
Warning:  cell sky130_fd_sc_hd__clkbuf_16 already existed before reading GDS!
Reading "sky130_fd_sc_hd__clkbuf_8".
Warning:  cell sky130_fd_sc_hd__clkbuf_8 already existed before reading GDS!
Reading "sky130_fd_sc_hd__clkbuf_4".
Warning:  cell sky130_fd_sc_hd__clkbuf_4 already existed before reading GDS!
Reading "sky130_fd_sc_hd__clkbuf_2".
Warning:  cell sky130_fd_sc_hd__clkbuf_2 already existed before reading GDS!
Reading "sky130_fd_sc_hd__clkbuf_1".
Warning:  cell sky130_fd_sc_hd__clkbuf_1 already existed before reading GDS!
Reading "sky130_fd_sc_hd__bufinv_16".
Reading "sky130_fd_sc_hd__bufinv_8".
Reading "sky130_fd_sc_hd__bufbuf_16".
Reading "sky130_fd_sc_hd__bufbuf_8".
Reading "sky130_fd_sc_hd__clkdlybuf4s15_2".
Reading "sky130_fd_sc_hd__clkdlybuf4s18_1".
Reading "sky130_fd_sc_hd__clkdlybuf4s18_2".
Reading "sky130_fd_sc_hd__clkdlybuf4s25_1".
Reading "sky130_fd_sc_hd__clkdlybuf4s25_2".
Reading "sky130_fd_sc_hd__clkdlybuf4s50_1".
Reading "sky130_fd_sc_hd__clkdlybuf4s50_2".
Reading "sky130_fd_sc_hd__clkinv_1".
Reading "sky130_fd_sc_hd__clkinv_2".
Reading "sky130_fd_sc_hd__decap_12".
Reading "sky130_fd_sc_hd__decap_8".
Warning:  cell sky130_fd_sc_hd__decap_8 already existed before reading GDS!
Reading "sky130_fd_sc_hd__decap_6".
Warning:  cell sky130_fd_sc_hd__decap_6 already existed before reading GDS!
Reading "sky130_fd_sc_hd__decap_4".
Warning:  cell sky130_fd_sc_hd__decap_4 already existed before reading GDS!
Reading "sky130_fd_sc_hd__decap_3".
Warning:  cell sky130_fd_sc_hd__decap_3 already existed before reading GDS!
Reading "sky130_fd_sc_hd__clkinvlp_4".
Reading "sky130_fd_sc_hd__clkinvlp_2".
Reading "sky130_fd_sc_hd__clkinv_16".
Reading "sky130_fd_sc_hd__clkinv_8".
Reading "sky130_fd_sc_hd__clkinv_4".
Warning:  cell sky130_fd_sc_hd__clkinv_4 already existed before reading GDS!
Reading "sky130_fd_sc_hd__dfbbn_1".
Reading "sky130_fd_sc_hd__dfbbn_2".
Reading "sky130_fd_sc_hd__dfbbp_1".
Reading "sky130_fd_sc_hd__dfrbp_1".
Reading "sky130_fd_sc_hd__dfrbp_2".
Reading "sky130_fd_sc_hd__dfrtn_1".
Reading "sky130_fd_sc_hd__a32o_4".
Reading "sky130_fd_sc_hd__a32oi_1".
Reading "sky130_fd_sc_hd__a32oi_2".
Reading "sky130_fd_sc_hd__a32oi_4".
Warning:  cell sky130_fd_sc_hd__a32oi_4 already existed before reading GDS!
Reading "sky130_fd_sc_hd__a41o_1".
Warning:  cell sky130_fd_sc_hd__a41o_1 already existed before reading GDS!
Reading "sky130_fd_sc_hd__a41o_2".
Warning:  cell sky130_fd_sc_hd__a41o_2 already existed before reading GDS!
Reading "sky130_fd_sc_hd__a41o_4".
Warning:  cell sky130_fd_sc_hd__a41o_4 already existed before reading GDS!
Reading "sky130_fd_sc_hd__a41oi_1".
Reading "sky130_fd_sc_hd__a41oi_2".
Reading "sky130_fd_sc_hd__a221o_4".
Reading "sky130_fd_sc_hd__a221o_2".
Reading "sky130_fd_sc_hd__a221o_1".
Warning:  cell sky130_fd_sc_hd__a221o_1 already existed before reading GDS!
Reading "sky130_fd_sc_hd__a211oi_4".
Reading "sky130_fd_sc_hd__a211oi_2".
Warning:  cell sky130_fd_sc_hd__a211oi_2 already existed before reading GDS!
Reading "sky130_fd_sc_hd__a211oi_1".
Warning:  cell sky130_fd_sc_hd__a211oi_1 already existed before reading GDS!
Reading "sky130_fd_sc_hd__a211o_4".
Warning:  cell sky130_fd_sc_hd__a211o_4 already existed before reading GDS!
Reading "sky130_fd_sc_hd__a211o_2".
Reading "sky130_fd_sc_hd__a211o_1".
Warning:  cell sky130_fd_sc_hd__a211o_1 already existed before reading GDS!
Reading "sky130_fd_sc_hd__a41oi_4".
Reading "sky130_fd_sc_hd__a221oi_1".
Reading "sky130_fd_sc_hd__a221oi_2".
Warning:  cell sky130_fd_sc_hd__a221oi_2 already existed before reading GDS!
Reading "sky130_fd_sc_hd__a221oi_4".
Reading "sky130_fd_sc_hd__a222oi_1".
Reading "sky130_fd_sc_hd__a311o_1".
Warning:  cell sky130_fd_sc_hd__a311o_1 already existed before reading GDS!
Reading "sky130_fd_sc_hd__a311o_2".
Reading "sky130_fd_sc_hd__a311o_4".
Reading "sky130_fd_sc_hd__a311oi_1".
Reading "sky130_fd_sc_hd__a311oi_2".
Reading "sky130_fd_sc_hd__a311oi_4".
Reading "sky130_fd_sc_hd__a2111o_1".
Warning:  cell sky130_fd_sc_hd__a2111o_1 already existed before reading GDS!
Reading "sky130_fd_sc_hd__a2111o_2".
Warning:  cell sky130_fd_sc_hd__a2111o_2 already existed before reading GDS!
Reading "sky130_fd_sc_hd__a2111o_4".
Reading "sky130_fd_sc_hd__a2111oi_0".
Reading "sky130_fd_sc_hd__a2111oi_1".
CIF file read warning: Input off lambda grid by 2/5; snapped to grid.
Reading "sky130_fd_sc_hd__a2111oi_2".
Reading "sky130_fd_sc_hd__a2111oi_4".
Reading "sky130_fd_sc_hd__and2_0".
Reading "sky130_fd_sc_hd__and2_4".
Warning:  cell sky130_fd_sc_hd__and2_4 already existed before reading GDS!
Reading "sky130_fd_sc_hd__and2_2".
Warning:  cell sky130_fd_sc_hd__and2_2 already existed before reading GDS!
Reading "sky130_fd_sc_hd__and2_1".
Warning:  cell sky130_fd_sc_hd__and2_1 already existed before reading GDS!
Reading "sky130_fd_sc_hd__and2b_2".
Reading "sky130_fd_sc_hd__and2b_1".
Warning:  cell sky130_fd_sc_hd__and2b_1 already existed before reading GDS!
Reading "sky130_fd_sc_hd__and3_2".
Reading "sky130_fd_sc_hd__and3_1".
Warning:  cell sky130_fd_sc_hd__and3_1 already existed before reading GDS!
Reading "sky130_fd_sc_hd__and2b_4".
Reading "sky130_fd_sc_hd__and3b_1".
Warning:  cell sky130_fd_sc_hd__and3b_1 already existed before reading GDS!
Reading "sky130_fd_sc_hd__and3_4".
Reading "sky130_fd_sc_hd__and3b_2".
Reading "sky130_fd_sc_hd__and3b_4".
Reading "sky130_fd_sc_hd__and4_1".
Warning:  cell sky130_fd_sc_hd__and4_1 already existed before reading GDS!
Reading "sky130_ef_sc_hd__fill_12".
Reading "sky130_fd_sc_hd__a2bb2oi_1".
Reading "sky130_fd_sc_hd__a2bb2o_4".
Reading "sky130_fd_sc_hd__a2bb2o_2".
Reading "sky130_fd_sc_hd__a2bb2o_1".
Warning:  cell sky130_fd_sc_hd__a2bb2o_1 already existed before reading GDS!
Reading "sky130_fd_sc_hd__a2bb2oi_2".
Reading "sky130_ef_sc_hd__fill_8".
Reading "sky130_ef_sc_hd__fill_4".
Reading "sky130_ef_sc_hd__fakediode_2".
Reading "sky130_ef_sc_hd__decap_12".
Reading "sky130_fd_sc_hd__a2bb2oi_4".
Reading "sky130_fd_sc_hd__a21bo_1".
Warning:  cell sky130_fd_sc_hd__a21bo_1 already existed before reading GDS!
Reading "sky130_fd_sc_hd__a21bo_2".
Warning:  cell sky130_fd_sc_hd__a21bo_2 already existed before reading GDS!
Reading "sky130_fd_sc_hd__a21bo_4".
Warning:  cell sky130_fd_sc_hd__a21bo_4 already existed before reading GDS!
Reading "sky130_fd_sc_hd__a21boi_0".
Reading "sky130_fd_sc_hd__a21boi_1".
Warning:  cell sky130_fd_sc_hd__a21boi_1 already existed before reading GDS!
Reading "sky130_fd_sc_hd__a21boi_2".
Warning:  cell sky130_fd_sc_hd__a21boi_2 already existed before reading GDS!
Reading "sky130_fd_sc_hd__a21boi_4".
Warning:  cell sky130_fd_sc_hd__a21boi_4 already existed before reading GDS!
Reading "sky130_fd_sc_hd__a21o_1".
Warning:  cell sky130_fd_sc_hd__a21o_1 already existed before reading GDS!
Reading "sky130_fd_sc_hd__a21oi_2".
Warning:  cell sky130_fd_sc_hd__a21oi_2 already existed before reading GDS!
Reading "sky130_fd_sc_hd__a21oi_1".
Warning:  cell sky130_fd_sc_hd__a21oi_1 already existed before reading GDS!
Reading "sky130_fd_sc_hd__a22o_4".
Reading "sky130_fd_sc_hd__a22o_2".
Reading "sky130_fd_sc_hd__a22o_1".
Warning:  cell sky130_fd_sc_hd__a22o_1 already existed before reading GDS!
Reading "sky130_fd_sc_hd__a21oi_4".
Warning:  cell sky130_fd_sc_hd__a21oi_4 already existed before reading GDS!
Reading "sky130_fd_sc_hd__a22oi_2".
Warning:  cell sky130_fd_sc_hd__a22oi_2 already existed before reading GDS!
Reading "sky130_fd_sc_hd__a22oi_1".
Warning:  cell sky130_fd_sc_hd__a22oi_1 already existed before reading GDS!
Reading "sky130_fd_sc_hd__a21o_4".
Reading "sky130_fd_sc_hd__a21o_2".
Reading "sky130_fd_sc_hd__a22oi_4".
Warning:  cell sky130_fd_sc_hd__a22oi_4 already existed before reading GDS!
Reading "sky130_fd_sc_hd__a31o_1".
Warning:  cell sky130_fd_sc_hd__a31o_1 already existed before reading GDS!
Reading "sky130_fd_sc_hd__a31o_2".
Warning:  cell sky130_fd_sc_hd__a31o_2 already existed before reading GDS!
Reading "sky130_fd_sc_hd__a31o_4".
Reading "sky130_fd_sc_hd__a31oi_1".
Warning:  cell sky130_fd_sc_hd__a31oi_1 already existed before reading GDS!
Reading "sky130_fd_sc_hd__a31oi_2".
Warning:  cell sky130_fd_sc_hd__a31oi_2 already existed before reading GDS!
Reading "sky130_fd_sc_hd__a31oi_4".
Warning:  cell sky130_fd_sc_hd__a31oi_4 already existed before reading GDS!
Reading "sky130_fd_sc_hd__a32o_1".
Warning:  cell sky130_fd_sc_hd__a32o_1 already existed before reading GDS!
Reading "sky130_fd_sc_hd__a32o_2".
[INFO] Loading svm

DRC style is now "drc(full)"
Loading DRC CIF style.
No errors found.
[INFO] COUNT: 0
[INFO] Should be divided by 3 or 4
[INFO] DRC Checking DONE (/home/jco1147/393_folder/CE493/sv/svm/runs/RUN_2023-11-29_17-14-46/46-magic-drc/reports/drc.rpt)
[INFO] Saving mag view with DRC errors (/home/jco1147/393_folder/CE493/sv/svm/runs/RUN_2023-11-29_17-14-46/46-magic-drc/views/svm.drc.mag)
[INFO] Saved
