Reading OpenROAD database at '/home/jco1147/393_folder/CE493/sv/svm/runs/RUN_2023-11-29_17-14-46/13-openroad-tapendcapinsertion/svm.odb'…
Reading library file at '/home/jco1147/393_folder/CE493/sv/svm/runs/RUN_2023-11-29_17-14-46/tmp/c455283e52fd423b9a7616106d7834a5.lib'…
Reading design constraints file at '/home/jco1147/.local/lib/python3.9/site-packages/openlane/scripts/base.sdc'…
[INFO] Using clock clk…
[INFO] Setting output delay to: 2
[INFO] Setting input delay to: 2
[INFO] Setting load to: 0.033442
[INFO] Setting clock uncertainty to: 0.25
[INFO] Setting clock transition to: 0.1499999999999999944488848768742172978818416595458984375
[INFO] Setting timing derate to: 5%
[WARNING STA-0376] cell 'sky130_fd_sc_hd__a2111oi_0' not found.
[WARNING STA-0376] cell 'sky130_fd_sc_hd__a21boi_0' not found.
[WARNING STA-0376] cell 'sky130_fd_sc_hd__and2_0' not found.
[WARNING STA-0376] cell 'sky130_fd_sc_hd__buf_16' not found.
[WARNING STA-0376] cell 'sky130_fd_sc_hd__clkdlybuf4s15_1' not found.
[WARNING STA-0376] cell 'sky130_fd_sc_hd__clkdlybuf4s18_1' not found.
[WARNING STA-0376] cell 'sky130_fd_sc_hd__fa_4' not found.
[WARNING STA-0376] cell 'sky130_fd_sc_hd__lpflow_bleeder_1' not found.
[WARNING STA-0376] cell 'sky130_fd_sc_hd__lpflow_clkbufkapwr_1' not found.
[WARNING STA-0376] cell 'sky130_fd_sc_hd__lpflow_clkbufkapwr_16' not found.
[WARNING STA-0376] cell 'sky130_fd_sc_hd__lpflow_clkbufkapwr_2' not found.
[WARNING STA-0376] cell 'sky130_fd_sc_hd__lpflow_clkbufkapwr_4' not found.
[WARNING STA-0376] cell 'sky130_fd_sc_hd__lpflow_clkbufkapwr_8' not found.
[WARNING STA-0376] cell 'sky130_fd_sc_hd__lpflow_clkinvkapwr_1' not found.
[WARNING STA-0376] cell 'sky130_fd_sc_hd__lpflow_clkinvkapwr_16' not found.
[WARNING STA-0376] cell 'sky130_fd_sc_hd__lpflow_clkinvkapwr_2' not found.
[WARNING STA-0376] cell 'sky130_fd_sc_hd__lpflow_clkinvkapwr_4' not found.
[WARNING STA-0376] cell 'sky130_fd_sc_hd__lpflow_clkinvkapwr_8' not found.
[WARNING STA-0376] cell 'sky130_fd_sc_hd__lpflow_decapkapwr_12' not found.
[WARNING STA-0376] cell 'sky130_fd_sc_hd__lpflow_decapkapwr_3' not found.
[WARNING STA-0376] cell 'sky130_fd_sc_hd__lpflow_decapkapwr_4' not found.
[WARNING STA-0376] cell 'sky130_fd_sc_hd__lpflow_decapkapwr_6' not found.
[WARNING STA-0376] cell 'sky130_fd_sc_hd__lpflow_decapkapwr_8' not found.
[WARNING STA-0376] cell 'sky130_fd_sc_hd__lpflow_inputiso0n_1' not found.
[WARNING STA-0376] cell 'sky130_fd_sc_hd__lpflow_inputiso0p_1' not found.
[WARNING STA-0376] cell 'sky130_fd_sc_hd__lpflow_inputiso1n_1' not found.
[WARNING STA-0376] cell 'sky130_fd_sc_hd__lpflow_inputiso1p_1' not found.
[WARNING STA-0376] cell 'sky130_fd_sc_hd__lpflow_inputisolatch_1' not found.
[WARNING STA-0376] cell 'sky130_fd_sc_hd__lpflow_isobufsrc_1' not found.
[WARNING STA-0376] cell 'sky130_fd_sc_hd__lpflow_isobufsrc_16' not found.
[WARNING STA-0376] cell 'sky130_fd_sc_hd__lpflow_isobufsrc_2' not found.
[WARNING STA-0376] cell 'sky130_fd_sc_hd__lpflow_isobufsrc_4' not found.
[WARNING STA-0376] cell 'sky130_fd_sc_hd__lpflow_isobufsrc_8' not found.
[WARNING STA-0376] cell 'sky130_fd_sc_hd__lpflow_isobufsrckapwr_16' not found.
[WARNING STA-0376] cell 'sky130_fd_sc_hd__lpflow_lsbuf_lh_hl_isowell_tap_1' not found.
[WARNING STA-0376] cell 'sky130_fd_sc_hd__lpflow_lsbuf_lh_hl_isowell_tap_2' not found.
[WARNING STA-0376] cell 'sky130_fd_sc_hd__lpflow_lsbuf_lh_hl_isowell_tap_4' not found.
[WARNING STA-0376] cell 'sky130_fd_sc_hd__lpflow_lsbuf_lh_isowell_4' not found.
[WARNING STA-0376] cell 'sky130_fd_sc_hd__lpflow_lsbuf_lh_isowell_tap_1' not found.
[WARNING STA-0376] cell 'sky130_fd_sc_hd__lpflow_lsbuf_lh_isowell_tap_2' not found.
[WARNING STA-0376] cell 'sky130_fd_sc_hd__lpflow_lsbuf_lh_isowell_tap_4' not found.
[WARNING STA-0376] cell 'sky130_fd_sc_hd__mux4_4' not found.
[WARNING STA-0376] cell 'sky130_fd_sc_hd__o21ai_0' not found.
[WARNING STA-0376] cell 'sky130_fd_sc_hd__o311ai_0' not found.
[WARNING STA-0376] cell 'sky130_fd_sc_hd__or2_0' not found.
[WARNING STA-0376] cell 'sky130_fd_sc_hd__probe_p_8' not found.
[WARNING STA-0376] cell 'sky130_fd_sc_hd__probec_p_8' not found.
[WARNING STA-0376] cell 'sky130_fd_sc_hd__xor3_1' not found.
[WARNING STA-0376] cell 'sky130_fd_sc_hd__xor3_2' not found.
[WARNING STA-0376] cell 'sky130_fd_sc_hd__xor3_4' not found.
[WARNING STA-0376] cell 'sky130_fd_sc_hd__xnor3_1' not found.
[WARNING STA-0376] cell 'sky130_fd_sc_hd__xnor3_2' not found.
[WARNING STA-0376] cell 'sky130_fd_sc_hd__xnor3_4' not found.
[INFO] Setting RC values…
[INFO] Setting signal min routing layer to: met1 and clock min routing layer to met1. 
[INFO] Setting signal max routing layer to: met5 and clock max routing layer to met5. 
[WARNING GPL-0150] -skip_io will disable timing driven mode.
[WARNING GPL-0151] -skip_io will disable routability driven mode.
[INFO GPL-0002] DBU: 1000
[INFO GPL-0003] SiteSize: 460 2720
[INFO GPL-0004] CoreAreaLxLy: 5520 10880
[INFO GPL-0005] CoreAreaUxUy: 298080 301920
[INFO GPL-0006] NumInstances: 5655
[INFO GPL-0007] NumPlaceInstances: 4242
[INFO GPL-0008] NumFixedInstances: 1413
[INFO GPL-0009] NumDummyInstances: 0
[INFO GPL-0010] NumNets: 4308
[INFO GPL-0011] NumPins: 14619
[INFO GPL-0012] DieAreaLxLy: 0 0
[INFO GPL-0013] DieAreaUxUy: 303940 314660
[INFO GPL-0014] CoreAreaLxLy: 5520 10880
[INFO GPL-0015] CoreAreaUxUy: 298080 301920
[INFO GPL-0016] CoreArea: 85146662400
[INFO GPL-0017] NonPlaceInstsArea: 2303459200
[INFO GPL-0018] PlaceInstsArea: 42894889600
[INFO GPL-0019] Util(%): 51.78
[INFO GPL-0020] StdInstsArea: 42894889600
[INFO GPL-0021] MacroInstsArea: 0
[INFO GPL-0031] FillerInit: NumGCells: 4923
[INFO GPL-0032] FillerInit: NumGNets: 4308
[INFO GPL-0033] FillerInit: NumGPins: 14619
[INFO GPL-0023] TargetDensity: 0.60
[INFO GPL-0024] AveragePlaceInstArea: 10111949
[INFO GPL-0025] IdealBinArea: 16853248
[INFO GPL-0026] IdealBinCnt: 5052
[INFO GPL-0027] TotalBinArea: 85146662400
[INFO GPL-0028] BinCnt: 64 64
[INFO GPL-0029] BinSize: 4572 4548
[INFO GPL-0030] NumBins: 4096
[NesterovSolve] Iter: 1 overflow: 0.997703 HPWL: 9980107
[NesterovSolve] Iter: 10 overflow: 0.997171 HPWL: 6931295
[NesterovSolve] Iter: 20 overflow: 0.997165 HPWL: 6786684
[NesterovSolve] Iter: 30 overflow: 0.997141 HPWL: 6765390
[NesterovSolve] Iter: 40 overflow: 0.997006 HPWL: 6757802
[NesterovSolve] Iter: 50 overflow: 0.996897 HPWL: 6754795
[NesterovSolve] Iter: 60 overflow: 0.996962 HPWL: 6753494
[NesterovSolve] Iter: 70 overflow: 0.996983 HPWL: 6754386
[NesterovSolve] Iter: 80 overflow: 0.99685 HPWL: 6760021
[NesterovSolve] Iter: 90 overflow: 0.996593 HPWL: 6775457
[NesterovSolve] Iter: 100 overflow: 0.996593 HPWL: 6817154
[NesterovSolve] Iter: 110 overflow: 0.996416 HPWL: 6933345
[NesterovSolve] Iter: 120 overflow: 0.994644 HPWL: 7220520
[NesterovSolve] Iter: 130 overflow: 0.992356 HPWL: 7871914
[NesterovSolve] Iter: 140 overflow: 0.988703 HPWL: 9514520
[NesterovSolve] Iter: 150 overflow: 0.981475 HPWL: 12444999
[NesterovSolve] Iter: 160 overflow: 0.972103 HPWL: 15259672
[NesterovSolve] Iter: 170 overflow: 0.962797 HPWL: 17684589
[NesterovSolve] Iter: 180 overflow: 0.948993 HPWL: 20416733
[NesterovSolve] Iter: 190 overflow: 0.927444 HPWL: 23811003
[NesterovSolve] Iter: 200 overflow: 0.90004 HPWL: 27646887
[NesterovSolve] Iter: 210 overflow: 0.866934 HPWL: 31708173
[NesterovSolve] Iter: 220 overflow: 0.832219 HPWL: 35820567
[NesterovSolve] Iter: 230 overflow: 0.794985 HPWL: 39789682
[NesterovSolve] Iter: 240 overflow: 0.75493 HPWL: 43957013
[NesterovSolve] Iter: 250 overflow: 0.711503 HPWL: 48199145
[NesterovSolve] Iter: 260 overflow: 0.666669 HPWL: 51854259
[NesterovSolve] Iter: 270 overflow: 0.622426 HPWL: 55283965
[NesterovSolve] Iter: 280 overflow: 0.576647 HPWL: 58704489
[NesterovSolve] Iter: 290 overflow: 0.531698 HPWL: 61557153
[NesterovSolve] Iter: 300 overflow: 0.48465 HPWL: 63267243
[NesterovSolve] Iter: 310 overflow: 0.430767 HPWL: 64482176
[NesterovSolve] Iter: 320 overflow: 0.388255 HPWL: 65959070
[NesterovSolve] Iter: 330 overflow: 0.348115 HPWL: 66940392
[NesterovSolve] Iter: 340 overflow: 0.322639 HPWL: 67454248
[NesterovSolve] Iter: 350 overflow: 0.294893 HPWL: 68266136
[NesterovSolve] Iter: 360 overflow: 0.274474 HPWL: 68702444
[NesterovSolve] Iter: 370 overflow: 0.247721 HPWL: 68979619
[NesterovSolve] Iter: 380 overflow: 0.228283 HPWL: 69237881
[NesterovSolve] Iter: 390 overflow: 0.206383 HPWL: 69470341
[NesterovSolve] Iter: 400 overflow: 0.185642 HPWL: 69706449
[NesterovSolve] Iter: 410 overflow: 0.16855 HPWL: 69948666
[NesterovSolve] Iter: 420 overflow: 0.148467 HPWL: 70190070
[NesterovSolve] Iter: 430 overflow: 0.130813 HPWL: 70462419
[NesterovSolve] Iter: 440 overflow: 0.113962 HPWL: 70771071
[NesterovSolve] Finished with Overflow: 0.099076
[INFO] Setting RC values…
Setting global connections for newly added cells…
[INFO] Setting global connections...
Writing OpenROAD database to '/home/jco1147/393_folder/CE493/sv/svm/runs/RUN_2023-11-29_17-14-46/14-openroad-globalplacementskipio/svm.odb'…
Writing netlist to '/home/jco1147/393_folder/CE493/sv/svm/runs/RUN_2023-11-29_17-14-46/14-openroad-globalplacementskipio/svm.nl.v'…
Writing powered netlist to '/home/jco1147/393_folder/CE493/sv/svm/runs/RUN_2023-11-29_17-14-46/14-openroad-globalplacementskipio/svm.pnl.v'…
Writing layout to '/home/jco1147/393_folder/CE493/sv/svm/runs/RUN_2023-11-29_17-14-46/14-openroad-globalplacementskipio/svm.def'…
Writing timing constraints to '/home/jco1147/393_folder/CE493/sv/svm/runs/RUN_2023-11-29_17-14-46/14-openroad-globalplacementskipio/svm.sdc'…
