
===========================================================================
report_checks -unconstrained
===========================================================================
======================= max_ss_100C_1v60 Corner ===================================

Startpoint: rstb (input port clocked by clk)
Endpoint: _3809_ (recovery check against rising-edge clock clk')
Path Group: asynchronous
Path Type: max

Fanout         Cap        Slew       Delay        Time   Description
---------------------------------------------------------------------------------------------
                                  0.000000    0.000000   clock clk (rise edge)
                                  0.000000    0.000000   clock network delay (propagated)
                                  2.000000    2.000000 ^ input external delay
     1    0.002685    0.031490    0.015232    2.015232 ^ rstb (in)
                                                         rstb (net)
                      0.031490    0.000000    2.015232 ^ input18/A (sky130_fd_sc_hd__clkbuf_1)
     1    0.003023    0.076375    0.135959    2.151191 ^ input18/X (sky130_fd_sc_hd__clkbuf_1)
                                                         net18 (net)
                      0.076376    0.000188    2.151379 ^ fanout146/A (sky130_fd_sc_hd__buf_2)
     5    0.042937    0.336892    0.390629    2.542008 ^ fanout146/X (sky130_fd_sc_hd__buf_2)
                                                         net146 (net)
                      0.336896    0.001076    2.543084 ^ fanout139/A (sky130_fd_sc_hd__clkbuf_2)
     5    0.034433    0.297207    0.466310    3.009393 ^ fanout139/X (sky130_fd_sc_hd__clkbuf_2)
                                                         net139 (net)
                      0.297212    0.000992    3.010385 ^ fanout138/A (sky130_fd_sc_hd__clkbuf_4)
    10    0.057468    0.280899    0.502941    3.513326 ^ fanout138/X (sky130_fd_sc_hd__clkbuf_4)
                                                         net138 (net)
                      0.280928    0.002400    3.515727 ^ fanout137/A (sky130_fd_sc_hd__clkbuf_4)
    10    0.049723    0.247021    0.472539    3.988266 ^ fanout137/X (sky130_fd_sc_hd__clkbuf_4)
                                                         net137 (net)
                      0.247048    0.002141    3.990406 ^ _3809_/RESET_B (sky130_fd_sc_hd__dfrtp_4)
                                              3.990406   data arrival time

                                  5.000000    5.000000   clock clk' (rise edge)
                                  0.000000    5.000000   clock source latency
     1    0.026883    0.117795    0.084047    5.084047 v clk (in)
                                                         clk (net)
                      0.117916    0.000000    5.084047 v clkbuf_0_clk/A (sky130_fd_sc_hd__clkbuf_16)
     8    0.095771    0.126578    0.346152    5.430199 v clkbuf_0_clk/X (sky130_fd_sc_hd__clkbuf_16)
                                                         clknet_0_clk (net)
                      0.127285    0.006797    5.436996 v clkbuf_3_2__f_clk/A (sky130_fd_sc_hd__clkbuf_16)
    13    0.079785    0.111448    0.339547    5.776543 v clkbuf_3_2__f_clk/X (sky130_fd_sc_hd__clkbuf_16)
                                                         clknet_3_2__leaf_clk (net)
                      0.111881    0.005547    5.782090 v _3721__4/A (sky130_fd_sc_hd__inv_2)
     1    0.001999    0.038815    0.076815    5.858904 ^ _3721__4/Y (sky130_fd_sc_hd__inv_2)
                                                         net182 (net)
                      0.038815    0.000093    5.858997 ^ _3809_/CLK (sky130_fd_sc_hd__dfrtp_4)
                                 -0.250000    5.608997   clock uncertainty
                                  0.000000    5.608997   clock reconvergence pessimism
                                  0.350344    5.959342   library recovery time
                                              5.959342   data required time
---------------------------------------------------------------------------------------------
                                              5.959342   data required time
                                             -3.990406   data arrival time
---------------------------------------------------------------------------------------------
                                              1.968935   slack (MET)


Startpoint: periodTop[11] (input port clocked by clk)
Endpoint: _3887_ (rising edge-triggered flip-flop clocked by clk')
Path Group: clk
Path Type: max

Fanout         Cap        Slew       Delay        Time   Description
---------------------------------------------------------------------------------------------
                                  0.000000    0.000000   clock clk (rise edge)
                                  0.000000    0.000000   clock network delay (propagated)
                                  2.000000    2.000000 ^ input external delay
     1    0.002717    0.031695    0.015394    2.015394 ^ periodTop[11] (in)
                                                         periodTop[11] (net)
                      0.031695    0.000000    2.015394 ^ input4/A (sky130_fd_sc_hd__clkbuf_1)
     1    0.005817    0.125603    0.172706    2.188101 ^ input4/X (sky130_fd_sc_hd__clkbuf_1)
                                                         net4 (net)
                      0.125605    0.000382    2.188482 ^ fanout126/A (sky130_fd_sc_hd__clkbuf_2)
     3    0.045992    0.389920    0.443682    2.632164 ^ fanout126/X (sky130_fd_sc_hd__clkbuf_2)
                                                         net126 (net)
                      0.389925    0.001203    2.633367 ^ fanout125/A (sky130_fd_sc_hd__clkbuf_2)
     5    0.041261    0.352431    0.525805    3.159172 ^ fanout125/X (sky130_fd_sc_hd__clkbuf_2)
                                                         net125 (net)
                      0.352477    0.003360    3.162532 ^ fanout124/A (sky130_fd_sc_hd__clkbuf_4)
    10    0.046490    0.233466    0.494166    3.656698 ^ fanout124/X (sky130_fd_sc_hd__clkbuf_4)
                                                         net124 (net)
                      0.233559    0.003809    3.660507 ^ _2597_/A (sky130_fd_sc_hd__nand4_1)
     3    0.008574    0.326087    0.351075    4.011581 v _2597_/Y (sky130_fd_sc_hd__nand4_1)
                                                         _0203_ (net)
                      0.326087    0.000258    4.011839 v _2660_/B1_N (sky130_fd_sc_hd__a21bo_1)
     2    0.007549    0.119191    0.501622    4.513461 ^ _2660_/X (sky130_fd_sc_hd__a21bo_1)
                                                         _0266_ (net)
                      0.119194    0.000509    4.513970 ^ _2662_/B (sky130_fd_sc_hd__nand3_1)
     3    0.009045    0.257502    0.283664    4.797634 v _2662_/Y (sky130_fd_sc_hd__nand3_1)
                                                         _0268_ (net)
                      0.257503    0.000400    4.798034 v _2734_/B1_N (sky130_fd_sc_hd__a21bo_1)
     2    0.009020    0.138579    0.482777    5.280811 ^ _2734_/X (sky130_fd_sc_hd__a21bo_1)
                                                         _0340_ (net)
                      0.138582    0.000593    5.281404 ^ _2736_/B (sky130_fd_sc_hd__nand3_2)
     6    0.022612    0.323838    0.340509    5.621913 v _2736_/Y (sky130_fd_sc_hd__nand3_2)
                                                         _0342_ (net)
                      0.323857    0.002048    5.623961 v _2751_/A (sky130_fd_sc_hd__and3_1)
     3    0.008219    0.114875    0.461852    6.085813 v _2751_/X (sky130_fd_sc_hd__and3_1)
                                                         _0357_ (net)
                      0.114879    0.000506    6.086319 v _2753_/A1 (sky130_fd_sc_hd__o211a_1)
     2    0.007333    0.110657    0.465914    6.552234 v _2753_/X (sky130_fd_sc_hd__o211a_1)
                                                         _0359_ (net)
                      0.110659    0.000389    6.552623 v _2777_/B (sky130_fd_sc_hd__or4bb_4)
     5    0.025215    0.223540    1.154702    7.707325 v _2777_/X (sky130_fd_sc_hd__or4bb_4)
                                                         _0383_ (net)
                      0.223541    0.000863    7.708188 v _2853_/B1 (sky130_fd_sc_hd__o211a_4)
     3    0.010341    0.078252    0.337111    8.045299 v _2853_/X (sky130_fd_sc_hd__o211a_4)
                                                         _0459_ (net)
                      0.078252    0.000482    8.045781 v _2863_/B (sky130_fd_sc_hd__or3_4)
     2    0.014355    0.145641    0.767813    8.813595 v _2863_/X (sky130_fd_sc_hd__or3_4)
                                                         _0469_ (net)
                      0.145657    0.001134    8.814729 v _2865_/A1 (sky130_fd_sc_hd__a211oi_4)
     2    0.009556    0.330234    0.419408    9.234137 ^ _2865_/Y (sky130_fd_sc_hd__a211oi_4)
                                                         _0471_ (net)
                      0.330234    0.000459    9.234595 ^ rebuffer13/A (sky130_fd_sc_hd__clkbuf_2)
     1    0.002873    0.050778    0.276540    9.511135 ^ rebuffer13/X (sky130_fd_sc_hd__clkbuf_2)
                                                         net303 (net)
                      0.050779    0.000192    9.511327 ^ rebuffer1/A (sky130_fd_sc_hd__clkbuf_1)
     2    0.005977    0.128501    0.183380    9.694707 ^ rebuffer1/X (sky130_fd_sc_hd__clkbuf_1)
                                                         net267 (net)
                      0.128502    0.000321    9.695027 ^ rebuffer2/A (sky130_fd_sc_hd__clkbuf_1)
     1    0.004682    0.105485    0.199882    9.894909 ^ rebuffer2/X (sky130_fd_sc_hd__clkbuf_1)
                                                         net268 (net)
                      0.105487    0.000350    9.895259 ^ _2867_/A2 (sky130_fd_sc_hd__o21ai_1)
     1    0.003574    0.107467    0.134971   10.030231 v _2867_/Y (sky130_fd_sc_hd__o21ai_1)
                                                         _0473_ (net)
                      0.107467    0.000240   10.030470 v _2868_/C (sky130_fd_sc_hd__and3_1)
     3    0.011495    0.142968    0.454290   10.484760 v _2868_/X (sky130_fd_sc_hd__and3_1)
                                                         _0474_ (net)
                      0.142981    0.001187   10.485948 v _3136_/A1 (sky130_fd_sc_hd__a311o_1)
     3    0.012783    0.181537    0.639338   11.125286 v _3136_/X (sky130_fd_sc_hd__a311o_1)
                                                         _0742_ (net)
                      0.181546    0.000983   11.126269 v _3214_/A1 (sky130_fd_sc_hd__a41o_1)
     3    0.014950    0.164088    0.473146   11.599415 v _3214_/X (sky130_fd_sc_hd__a41o_1)
                                                         _0820_ (net)
                      0.164115    0.001705   11.601120 v rebuffer4/A (sky130_fd_sc_hd__clkbuf_1)
     2    0.007728    0.101132    0.247088   11.848208 v rebuffer4/X (sky130_fd_sc_hd__clkbuf_1)
                                                         net270 (net)
                      0.101135    0.000468   11.848676 v _3265_/B (sky130_fd_sc_hd__and2_1)
     2    0.007022    0.101381    0.365568   12.214244 v _3265_/X (sky130_fd_sc_hd__and2_1)
                                                         _0865_ (net)
                      0.101385    0.000487   12.214731 v _3266_/B (sky130_fd_sc_hd__nor2_1)
     1    0.009115    0.300584    0.284514   12.499245 ^ _3266_/Y (sky130_fd_sc_hd__nor2_1)
                                                         _0866_ (net)
                      0.300587    0.000689   12.499934 ^ _3267_/B (sky130_fd_sc_hd__xnor2_2)
     3    0.023262    0.253309    0.321486   12.821420 v _3267_/Y (sky130_fd_sc_hd__xnor2_2)
                                                         _0867_ (net)
                      0.253330    0.001898   12.823318 v _3268_/A1 (sky130_fd_sc_hd__mux2_1)
     1    0.002436    0.106458    0.716764   13.540082 v _3268_/X (sky130_fd_sc_hd__mux2_1)
                                                         _0868_ (net)
                      0.106458    0.000114   13.540196 v _3269_/A (sky130_fd_sc_hd__clkbuf_1)
     1    0.002534    0.047815    0.174508   13.714705 v _3269_/X (sky130_fd_sc_hd__clkbuf_1)
                                                         _0167_ (net)
                      0.047816    0.000167   13.714871 v _3887_/D (sky130_fd_sc_hd__dfrtp_1)
                                             13.714871   data arrival time

                                  5.000000    5.000000   clock clk' (rise edge)
                                  0.000000    5.000000   clock source latency
     1    0.026883    0.117795    0.084047    5.084047 v clk (in)
                                                         clk (net)
                      0.117916    0.000000    5.084047 v clkbuf_0_clk/A (sky130_fd_sc_hd__clkbuf_16)
     8    0.095771    0.126578    0.346152    5.430199 v clkbuf_0_clk/X (sky130_fd_sc_hd__clkbuf_16)
                                                         clknet_0_clk (net)
                      0.127271    0.006713    5.436912 v clkbuf_3_3__f_clk/A (sky130_fd_sc_hd__clkbuf_16)
     9    0.063222    0.096358    0.326516    5.763428 v clkbuf_3_3__f_clk/X (sky130_fd_sc_hd__clkbuf_16)
                                                         clknet_3_3__leaf_clk (net)
                      0.096696    0.004429    5.767858 v _3799__82/A (sky130_fd_sc_hd__inv_2)
     1    0.001995    0.035743    0.071996    5.839854 ^ _3799__82/Y (sky130_fd_sc_hd__inv_2)
                                                         net260 (net)
                      0.035743    0.000092    5.839946 ^ _3887_/CLK (sky130_fd_sc_hd__dfrtp_1)
                                 -0.250000    5.589945   clock uncertainty
                                  0.000000    5.589945   clock reconvergence pessimism
                                 -0.276436    5.313510   library setup time
                                              5.313510   data required time
---------------------------------------------------------------------------------------------
                                              5.313510   data required time
                                            -13.714871   data arrival time
---------------------------------------------------------------------------------------------
                                             -8.401361   slack (VIOLATED)




===========================================================================
report_checks --slack_max -0.01
============================================================================
======================= max_ss_100C_1v60 Corner ===================================

Startpoint: periodTop[11] (input port clocked by clk)
Endpoint: _3887_ (rising edge-triggered flip-flop clocked by clk')
Path Group: clk
Path Type: max

Fanout         Cap        Slew       Delay        Time   Description
---------------------------------------------------------------------------------------------
                                  0.000000    0.000000   clock clk (rise edge)
                                  0.000000    0.000000   clock network delay (propagated)
                                  2.000000    2.000000 ^ input external delay
     1    0.002717    0.031695    0.015394    2.015394 ^ periodTop[11] (in)
                                                         periodTop[11] (net)
                      0.031695    0.000000    2.015394 ^ input4/A (sky130_fd_sc_hd__clkbuf_1)
     1    0.005817    0.125603    0.172706    2.188101 ^ input4/X (sky130_fd_sc_hd__clkbuf_1)
                                                         net4 (net)
                      0.125605    0.000382    2.188482 ^ fanout126/A (sky130_fd_sc_hd__clkbuf_2)
     3    0.045992    0.389920    0.443682    2.632164 ^ fanout126/X (sky130_fd_sc_hd__clkbuf_2)
                                                         net126 (net)
                      0.389925    0.001203    2.633367 ^ fanout125/A (sky130_fd_sc_hd__clkbuf_2)
     5    0.041261    0.352431    0.525805    3.159172 ^ fanout125/X (sky130_fd_sc_hd__clkbuf_2)
                                                         net125 (net)
                      0.352477    0.003360    3.162532 ^ fanout124/A (sky130_fd_sc_hd__clkbuf_4)
    10    0.046490    0.233466    0.494166    3.656698 ^ fanout124/X (sky130_fd_sc_hd__clkbuf_4)
                                                         net124 (net)
                      0.233559    0.003809    3.660507 ^ _2597_/A (sky130_fd_sc_hd__nand4_1)
     3    0.008574    0.326087    0.351075    4.011581 v _2597_/Y (sky130_fd_sc_hd__nand4_1)
                                                         _0203_ (net)
                      0.326087    0.000258    4.011839 v _2660_/B1_N (sky130_fd_sc_hd__a21bo_1)
     2    0.007549    0.119191    0.501622    4.513461 ^ _2660_/X (sky130_fd_sc_hd__a21bo_1)
                                                         _0266_ (net)
                      0.119194    0.000509    4.513970 ^ _2662_/B (sky130_fd_sc_hd__nand3_1)
     3    0.009045    0.257502    0.283664    4.797634 v _2662_/Y (sky130_fd_sc_hd__nand3_1)
                                                         _0268_ (net)
                      0.257503    0.000400    4.798034 v _2734_/B1_N (sky130_fd_sc_hd__a21bo_1)
     2    0.009020    0.138579    0.482777    5.280811 ^ _2734_/X (sky130_fd_sc_hd__a21bo_1)
                                                         _0340_ (net)
                      0.138582    0.000593    5.281404 ^ _2736_/B (sky130_fd_sc_hd__nand3_2)
     6    0.022612    0.323838    0.340509    5.621913 v _2736_/Y (sky130_fd_sc_hd__nand3_2)
                                                         _0342_ (net)
                      0.323857    0.002048    5.623961 v _2751_/A (sky130_fd_sc_hd__and3_1)
     3    0.008219    0.114875    0.461852    6.085813 v _2751_/X (sky130_fd_sc_hd__and3_1)
                                                         _0357_ (net)
                      0.114879    0.000506    6.086319 v _2753_/A1 (sky130_fd_sc_hd__o211a_1)
     2    0.007333    0.110657    0.465914    6.552234 v _2753_/X (sky130_fd_sc_hd__o211a_1)
                                                         _0359_ (net)
                      0.110659    0.000389    6.552623 v _2777_/B (sky130_fd_sc_hd__or4bb_4)
     5    0.025215    0.223540    1.154702    7.707325 v _2777_/X (sky130_fd_sc_hd__or4bb_4)
                                                         _0383_ (net)
                      0.223541    0.000863    7.708188 v _2853_/B1 (sky130_fd_sc_hd__o211a_4)
     3    0.010341    0.078252    0.337111    8.045299 v _2853_/X (sky130_fd_sc_hd__o211a_4)
                                                         _0459_ (net)
                      0.078252    0.000482    8.045781 v _2863_/B (sky130_fd_sc_hd__or3_4)
     2    0.014355    0.145641    0.767813    8.813595 v _2863_/X (sky130_fd_sc_hd__or3_4)
                                                         _0469_ (net)
                      0.145657    0.001134    8.814729 v _2865_/A1 (sky130_fd_sc_hd__a211oi_4)
     2    0.009556    0.330234    0.419408    9.234137 ^ _2865_/Y (sky130_fd_sc_hd__a211oi_4)
                                                         _0471_ (net)
                      0.330234    0.000459    9.234595 ^ rebuffer13/A (sky130_fd_sc_hd__clkbuf_2)
     1    0.002873    0.050778    0.276540    9.511135 ^ rebuffer13/X (sky130_fd_sc_hd__clkbuf_2)
                                                         net303 (net)
                      0.050779    0.000192    9.511327 ^ rebuffer1/A (sky130_fd_sc_hd__clkbuf_1)
     2    0.005977    0.128501    0.183380    9.694707 ^ rebuffer1/X (sky130_fd_sc_hd__clkbuf_1)
                                                         net267 (net)
                      0.128502    0.000321    9.695027 ^ rebuffer2/A (sky130_fd_sc_hd__clkbuf_1)
     1    0.004682    0.105485    0.199882    9.894909 ^ rebuffer2/X (sky130_fd_sc_hd__clkbuf_1)
                                                         net268 (net)
                      0.105487    0.000350    9.895259 ^ _2867_/A2 (sky130_fd_sc_hd__o21ai_1)
     1    0.003574    0.107467    0.134971   10.030231 v _2867_/Y (sky130_fd_sc_hd__o21ai_1)
                                                         _0473_ (net)
                      0.107467    0.000240   10.030470 v _2868_/C (sky130_fd_sc_hd__and3_1)
     3    0.011495    0.142968    0.454290   10.484760 v _2868_/X (sky130_fd_sc_hd__and3_1)
                                                         _0474_ (net)
                      0.142981    0.001187   10.485948 v _3136_/A1 (sky130_fd_sc_hd__a311o_1)
     3    0.012783    0.181537    0.639338   11.125286 v _3136_/X (sky130_fd_sc_hd__a311o_1)
                                                         _0742_ (net)
                      0.181546    0.000983   11.126269 v _3214_/A1 (sky130_fd_sc_hd__a41o_1)
     3    0.014950    0.164088    0.473146   11.599415 v _3214_/X (sky130_fd_sc_hd__a41o_1)
                                                         _0820_ (net)
                      0.164115    0.001705   11.601120 v rebuffer4/A (sky130_fd_sc_hd__clkbuf_1)
     2    0.007728    0.101132    0.247088   11.848208 v rebuffer4/X (sky130_fd_sc_hd__clkbuf_1)
                                                         net270 (net)
                      0.101135    0.000468   11.848676 v _3265_/B (sky130_fd_sc_hd__and2_1)
     2    0.007022    0.101381    0.365568   12.214244 v _3265_/X (sky130_fd_sc_hd__and2_1)
                                                         _0865_ (net)
                      0.101385    0.000487   12.214731 v _3266_/B (sky130_fd_sc_hd__nor2_1)
     1    0.009115    0.300584    0.284514   12.499245 ^ _3266_/Y (sky130_fd_sc_hd__nor2_1)
                                                         _0866_ (net)
                      0.300587    0.000689   12.499934 ^ _3267_/B (sky130_fd_sc_hd__xnor2_2)
     3    0.023262    0.253309    0.321486   12.821420 v _3267_/Y (sky130_fd_sc_hd__xnor2_2)
                                                         _0867_ (net)
                      0.253330    0.001898   12.823318 v _3268_/A1 (sky130_fd_sc_hd__mux2_1)
     1    0.002436    0.106458    0.716764   13.540082 v _3268_/X (sky130_fd_sc_hd__mux2_1)
                                                         _0868_ (net)
                      0.106458    0.000114   13.540196 v _3269_/A (sky130_fd_sc_hd__clkbuf_1)
     1    0.002534    0.047815    0.174508   13.714705 v _3269_/X (sky130_fd_sc_hd__clkbuf_1)
                                                         _0167_ (net)
                      0.047816    0.000167   13.714871 v _3887_/D (sky130_fd_sc_hd__dfrtp_1)
                                             13.714871   data arrival time

                                  5.000000    5.000000   clock clk' (rise edge)
                                  0.000000    5.000000   clock source latency
     1    0.026883    0.117795    0.084047    5.084047 v clk (in)
                                                         clk (net)
                      0.117916    0.000000    5.084047 v clkbuf_0_clk/A (sky130_fd_sc_hd__clkbuf_16)
     8    0.095771    0.126578    0.346152    5.430199 v clkbuf_0_clk/X (sky130_fd_sc_hd__clkbuf_16)
                                                         clknet_0_clk (net)
                      0.127271    0.006713    5.436912 v clkbuf_3_3__f_clk/A (sky130_fd_sc_hd__clkbuf_16)
     9    0.063222    0.096358    0.326516    5.763428 v clkbuf_3_3__f_clk/X (sky130_fd_sc_hd__clkbuf_16)
                                                         clknet_3_3__leaf_clk (net)
                      0.096696    0.004429    5.767858 v _3799__82/A (sky130_fd_sc_hd__inv_2)
     1    0.001995    0.035743    0.071996    5.839854 ^ _3799__82/Y (sky130_fd_sc_hd__inv_2)
                                                         net260 (net)
                      0.035743    0.000092    5.839946 ^ _3887_/CLK (sky130_fd_sc_hd__dfrtp_1)
                                 -0.250000    5.589945   clock uncertainty
                                  0.000000    5.589945   clock reconvergence pessimism
                                 -0.276436    5.313510   library setup time
                                              5.313510   data required time
---------------------------------------------------------------------------------------------
                                              5.313510   data required time
                                            -13.714871   data arrival time
---------------------------------------------------------------------------------------------
                                             -8.401361   slack (VIOLATED)




===========================================================================
 report_check_types -max_slew -max_cap -max_fanout -violators
============================================================================
======================= max_ss_100C_1v60 Corner ===================================

max slew

Pin                                        Limit        Slew       Slack
------------------------------------------------------------------------
_2064_/B                                0.750000    0.829103   -0.079103 (VIOLATED)
_1919_/A                                0.750000    0.829098   -0.079098 (VIOLATED)
_2102_/B                                0.750000    0.829084   -0.079084 (VIOLATED)
_3074_/B                                0.750000    0.828953   -0.078953 (VIOLATED)
_2934_/B                                0.750000    0.828918   -0.078918 (VIOLATED)
_2909_/B                                0.750000    0.828832   -0.078832 (VIOLATED)
_2874_/A2                               0.750000    0.828789   -0.078789 (VIOLATED)
_2764_/B                                0.750000    0.828780   -0.078780 (VIOLATED)
_2837_/B                                0.750000    0.828773   -0.078773 (VIOLATED)
_2875_/B                                0.750000    0.828712   -0.078712 (VIOLATED)
_1918_/Y                                0.750000    0.828386   -0.078386 (VIOLATED)

max fanout

Pin                                   Limit Fanout  Slack
---------------------------------------------------------
clkbuf_3_5__f_clk/X                      10     15     -5 (VIOLATED)
clkbuf_3_6__f_clk/X                      10     14     -4 (VIOLATED)
clkbuf_3_2__f_clk/X                      10     13     -3 (VIOLATED)
clkbuf_3_7__f_clk/X                      10     11        (VIOLATED)



===========================================================================
report_parasitic_annotation -report_unannotated
============================================================================
Found 0 unannotated drivers.
Found 0 partially unannotated drivers.

===========================================================================
max slew violation count 11
max fanout violation count 4
max cap violation count 0
============================================================================

===========================================================================
check_setup -verbose -unconstrained_endpoints -multiple_clock -no_clock -no_input_delay -loops -generated_clocks
===========================================================================
