
===========================================================================
Violator List
============================================================================
[setup in-reg] vC[9] -> _3874_/D : -2.890108
[setup in-reg] vC[9] -> _3890_/D : -2.890086
[setup in-reg] vC[9] -> _3824_/D : -2.890074
[setup in-reg] vC[9] -> _3823_/D : -2.694116
[setup in-reg] vC[9] -> _3889_/D : -2.680745
[setup in-reg] vC[9] -> _3873_/D : -2.680696
[setup in-reg] vC[9] -> _3825_/D : -2.628852
[setup in-reg] vC[9] -> _3875_/D : -2.628852
[setup in-reg] vC[9] -> _3891_/D : -2.628852
[setup in-reg] vC[9] -> _3827_/D : -2.625861
[setup in-reg] vC[9] -> _3877_/D : -2.612432
[setup in-reg] vC[9] -> _3893_/D : -2.612432
[setup in-reg] vC[9] -> _3892_/D : -2.590679
[setup in-reg] vC[9] -> _3826_/D : -2.590654
[setup in-reg] vC[9] -> _3869_/D : -2.580224
[setup in-reg] vC[9] -> _3885_/D : -2.580222
[setup in-reg] vC[9] -> _3819_/D : -2.580213
[setup in-reg] vC[9] -> _3871_/D : -2.577723
[setup in-reg] vC[9] -> _3887_/D : -2.577721
[setup in-reg] vC[9] -> _3876_/D : -2.577225
[setup in-reg] vC[9] -> _3888_/D : -2.573478
[setup in-reg] vC[9] -> _3872_/D : -2.573432
[setup in-reg] vC[9] -> _3822_/D : -2.573420
[setup in-reg] vC[9] -> _3821_/D : -2.561120
[setup in-reg] vC[9] -> _3868_/D : -2.435780
[setup in-reg] vC[9] -> _3884_/D : -2.435782
[setup in-reg] vC[9] -> _3818_/D : -2.435771
[setup in-reg] vC[9] -> _3867_/D : -2.356341
[setup in-reg] vC[9] -> _3883_/D : -2.356343
[setup in-reg] vC[9] -> _3817_/D : -2.356332
[setup in-reg] vC[9] -> _3870_/D : -2.294704
[setup in-reg] vC[9] -> _3820_/D : -2.294697
[setup in-reg] vC[9] -> _3886_/D : -2.294632
[setup in-reg] vC[9] -> _3881_/D : -2.152853
[setup in-reg] vC[9] -> _3865_/D : -2.145924
[setup in-reg] vC[9] -> _3815_/D : -2.145915
[setup in-reg] vC[9] -> _3866_/D : -2.130303
[setup in-reg] vC[9] -> _3882_/D : -2.130305
[setup in-reg] vC[9] -> _3816_/D : -2.130294
[setup in-reg] vC[9] -> _3880_/D : -1.982009
[setup in-reg] vC[9] -> _3864_/D : -1.975081
[setup in-reg] vC[9] -> _3814_/D : -1.975072
[setup in-reg] vC[9] -> _3879_/D : -1.720506
[setup in-reg] vC[9] -> _3863_/D : -1.713577
[setup in-reg] vC[9] -> _3813_/D : -1.713568
[setup in-reg] vC[9] -> _3878_/D : -1.440597
[setup in-reg] vC[9] -> _3862_/D : -1.433668
[setup in-reg] vC[9] -> _3812_/D : -1.433659
[setup in-reg] periodTop[2] -> _3855_/D : -1.417502
[setup in-reg] periodTop[2] -> _3859_/D : -1.375746
[setup in-reg] periodTop[2] -> _3857_/D : -1.373122
[setup in-reg] periodTop[2] -> _3847_/D : -1.372585
[setup in-reg] periodTop[2] -> _3853_/D : -1.371876
[setup in-reg] periodTop[2] -> _3851_/D : -1.360291
[setup in-reg] periodTop[2] -> _3849_/D : -1.351268
[setup in-reg] periodTop[2] -> _3854_/D : -1.328425
[setup in-reg] periodTop[2] -> _3858_/D : -1.319912
[setup in-reg] periodTop[2] -> _3856_/D : -1.313552
[setup in-reg] periodTop[2] -> _3846_/D : -1.307228
[setup in-reg] periodTop[2] -> _3848_/D : -1.301985
[setup in-reg] periodTop[2] -> _3850_/D : -1.300724
[setup in-reg] periodTop[2] -> _3852_/D : -1.300724
[setup in-reg] periodTop[2] -> _3845_/D : -1.198521
[setup in-reg] periodTop[2] -> _3860_/D : -0.953258
[setup reg-out] _3830_/Q -> pwmB : -0.146952
[setup reg-out] _3830_/Q -> pwmA : -0.097611
Writing metric timing__hold_vio__count__corner:nom_tt_025C_1v80: 0
Writing metric timing__hold_r2r_vio__count__corner:nom_tt_025C_1v80: 0
Writing metric timing__setup_vio__count__corner:nom_tt_025C_1v80: 66
Writing metric timing__setup_r2r_vio__count__corner:nom_tt_025C_1v80: 0
