
===========================================================================
report_checks -unconstrained
===========================================================================
======================= nom_ss_100C_1v60 Corner ===================================

Startpoint: rstb (input port clocked by clk)
Endpoint: _8434_ (recovery check against rising-edge clock clk')
Path Group: asynchronous
Path Type: max

Fanout         Cap        Slew       Delay        Time   Description
---------------------------------------------------------------------------------------------
                                  0.000000    0.000000   clock clk (rise edge)
                                  0.000000    0.000000   clock network delay (propagated)
                                  2.000000    2.000000 ^ input external delay
     1    0.004864    0.046260    0.026727    2.026727 ^ rstb (in)
                                                         rstb (net)
                      0.046261    0.000000    2.026727 ^ input17/A (sky130_fd_sc_hd__clkbuf_1)
     1    0.003284    0.080853    0.146159    2.172886 ^ input17/X (sky130_fd_sc_hd__clkbuf_1)
                                                         net17 (net)
                      0.080853    0.000074    2.172960 ^ fanout255/A (sky130_fd_sc_hd__clkbuf_2)
     5    0.023606    0.208260    0.296922    2.469881 ^ fanout255/X (sky130_fd_sc_hd__clkbuf_2)
                                                         net255 (net)
                      0.208272    0.001305    2.471186 ^ fanout252/A (sky130_fd_sc_hd__clkbuf_4)
    10    0.044533    0.224344    0.425193    2.896379 ^ fanout252/X (sky130_fd_sc_hd__clkbuf_4)
                                                         net252 (net)
                      0.224350    0.000962    2.897341 ^ _8434_/RESET_B (sky130_fd_sc_hd__dfrtp_4)
                                              2.897341   data arrival time

                                  5.000000    5.000000   clock clk' (rise edge)
                                  0.000000    5.000000   clock source latency
     1    0.014953    0.067737    0.046624    5.046625 v clk (in)
                                                         clk (net)
                      0.067753    0.000000    5.046625 v clkbuf_0_clk/A (sky130_fd_sc_hd__clkbuf_16)
     4    0.038877    0.075649    0.278174    5.324799 v clkbuf_0_clk/X (sky130_fd_sc_hd__clkbuf_16)
                                                         clknet_0_clk (net)
                      0.075675    0.001164    5.325963 v clkbuf_2_0__f_clk/A (sky130_fd_sc_hd__clkbuf_16)
     7    0.037692    0.074351    0.280433    5.606396 v clkbuf_2_0__f_clk/X (sky130_fd_sc_hd__clkbuf_16)
                                                         clknet_2_0__leaf_clk (net)
                      0.074365    0.000825    5.607221 v _8402__19/A (sky130_fd_sc_hd__inv_2)
     1    0.002296    0.033385    0.065829    5.673049 ^ _8402__19/Y (sky130_fd_sc_hd__inv_2)
                                                         net340 (net)
                      0.033385    0.000065    5.673114 ^ _8434_/CLK (sky130_fd_sc_hd__dfrtp_4)
                                 -0.250000    5.423114   clock uncertainty
                                  0.000000    5.423114   clock reconvergence pessimism
                                  0.359166    5.782280   library recovery time
                                              5.782280   data required time
---------------------------------------------------------------------------------------------
                                              5.782280   data required time
                                             -2.897341   data arrival time
---------------------------------------------------------------------------------------------
                                              2.884939   slack (MET)


Startpoint: periodTop[15] (input port clocked by clk)
Endpoint: pwmA (output port clocked by clk)
Path Group: clk
Path Type: max

Fanout         Cap        Slew       Delay        Time   Description
---------------------------------------------------------------------------------------------
                                  0.000000    0.000000   clock clk (rise edge)
                                  0.000000    0.000000   clock network delay (propagated)
                                  2.000000    2.000000 ^ input external delay
     1    0.003316    0.035690    0.018521    2.018521 ^ periodTop[15] (in)
                                                         periodTop[15] (net)
                      0.035690    0.000000    2.018521 ^ input7/A (sky130_fd_sc_hd__clkbuf_4)
     4    0.054336    0.267464    0.375982    2.394502 ^ input7/X (sky130_fd_sc_hd__clkbuf_4)
                                                         net7 (net)
                      0.267542    0.003767    2.398270 ^ fanout100/A (sky130_fd_sc_hd__buf_6)
    10    0.061469    0.203490    0.364901    2.763170 ^ fanout100/X (sky130_fd_sc_hd__buf_6)
                                                         net100 (net)
                      0.203607    0.004005    2.767175 ^ fanout99/A (sky130_fd_sc_hd__clkbuf_2)
     6    0.030866    0.267326    0.394921    3.162096 ^ fanout99/X (sky130_fd_sc_hd__clkbuf_2)
                                                         net99 (net)
                      0.267338    0.001509    3.163604 ^ fanout98/A (sky130_fd_sc_hd__clkbuf_4)
    10    0.039771    0.204030    0.435869    3.599473 ^ fanout98/X (sky130_fd_sc_hd__clkbuf_4)
                                                         net98 (net)
                      0.204060    0.002042    3.601515 ^ _4273_/A (sky130_fd_sc_hd__inv_2)
     2    0.005652    0.056521    0.113078    3.714593 v _4273_/Y (sky130_fd_sc_hd__inv_2)
                                                         _1459_ (net)
                      0.056521    0.000112    3.714705 v _4274_/A (sky130_fd_sc_hd__buf_4)
    10    0.093406    0.214938    0.396147    4.110852 v _4274_/X (sky130_fd_sc_hd__buf_4)
                                                         _1470_ (net)
                      0.215403    0.008131    4.118983 v _4275_/A (sky130_fd_sc_hd__buf_4)
    10    0.076503    0.189076    0.440711    4.559695 v _4275_/X (sky130_fd_sc_hd__buf_4)
                                                         _1481_ (net)
                      0.190077    0.011265    4.570960 v _4276_/A (sky130_fd_sc_hd__buf_4)
    10    0.099482    0.226959    0.468220    5.039180 v _4276_/X (sky130_fd_sc_hd__buf_4)
                                                         _1492_ (net)
                      0.227532    0.009273    5.048453 v _7562_/A (sky130_fd_sc_hd__or3_4)
     4    0.016938    0.153018    0.875424    5.923877 v _7562_/X (sky130_fd_sc_hd__or3_4)
                                                         _2755_ (net)
                      0.153021    0.000574    5.924451 v _7938_/B (sky130_fd_sc_hd__xnor2_1)
     1    0.004860    0.130003    0.265310    6.189761 v _7938_/Y (sky130_fd_sc_hd__xnor2_1)
                                                         _3168_ (net)
                      0.130003    0.000103    6.189864 v _7941_/A (sky130_fd_sc_hd__xnor2_1)
     2    0.009652    0.407440    0.438104    6.627968 ^ _7941_/Y (sky130_fd_sc_hd__xnor2_1)
                                                         _3172_ (net)
                      0.407440    0.000313    6.628281 ^ _8015_/B_N (sky130_fd_sc_hd__or2b_4)
     2    0.010378    0.095006    0.646644    7.274925 v _8015_/X (sky130_fd_sc_hd__or2b_4)
                                                         _3253_ (net)
                      0.095006    0.000405    7.275330 v _8016_/B (sky130_fd_sc_hd__xor2_1)
     2    0.007533    0.167911    0.310602    7.585931 v _8016_/X (sky130_fd_sc_hd__xor2_1)
                                                         _3254_ (net)
                      0.167912    0.000175    7.586106 v _8074_/A2 (sky130_fd_sc_hd__a21o_1)
     2    0.009602    0.113356    0.411696    7.997803 v _8074_/X (sky130_fd_sc_hd__a21o_1)
                                                         _3318_ (net)
                      0.113357    0.000298    7.998100 v _8075_/B (sky130_fd_sc_hd__xnor2_1)
     2    0.008756    0.181170    0.291805    8.289905 v _8075_/Y (sky130_fd_sc_hd__xnor2_1)
                                                         _3319_ (net)
                      0.181170    0.000175    8.290080 v _8116_/B2 (sky130_fd_sc_hd__a32o_1)
     2    0.007543    0.110013    0.467848    8.757928 v _8116_/X (sky130_fd_sc_hd__a32o_1)
                                                         _3364_ (net)
                      0.110014    0.000231    8.758159 v _8117_/B (sky130_fd_sc_hd__xnor2_1)
     2    0.007626    0.353419    0.349571    9.107730 ^ _8117_/Y (sky130_fd_sc_hd__xnor2_1)
                                                         _3365_ (net)
                      0.353419    0.000123    9.107853 ^ _8118_/B (sky130_fd_sc_hd__xnor2_1)
     2    0.007323    0.331477    0.346883    9.454736 ^ _8118_/Y (sky130_fd_sc_hd__xnor2_1)
                                                         _3366_ (net)
                      0.331477    0.000232    9.454967 ^ _8119_/B1 (sky130_fd_sc_hd__a21oi_1)
     2    0.008274    0.167190    0.212138    9.667106 v _8119_/Y (sky130_fd_sc_hd__a21oi_1)
                                                         _3367_ (net)
                      0.167190    0.000211    9.667317 v _8121_/A (sky130_fd_sc_hd__or2b_1)
     2    0.011881    0.172844    0.618185   10.285501 v _8121_/X (sky130_fd_sc_hd__or2b_1)
                                                         _3370_ (net)
                      0.172845    0.000220   10.285722 v _8126_/A (sky130_fd_sc_hd__or2_1)
     2    0.007911    0.141343    0.594367   10.880089 v _8126_/X (sky130_fd_sc_hd__or2_1)
                                                         _3375_ (net)
                      0.141344    0.000189   10.880279 v _8127_/D1 (sky130_fd_sc_hd__a2111o_1)
     2    0.015853    0.222843    0.736921   11.617199 v _8127_/X (sky130_fd_sc_hd__a2111o_1)
                                                         _3376_ (net)
                      0.222847    0.000762   11.617961 v _8170_/A1 (sky130_fd_sc_hd__a21oi_4)
     4    0.015753    0.245904    0.338255   11.956216 ^ _8170_/Y (sky130_fd_sc_hd__a21oi_4)
                                                         _3424_ (net)
                      0.245905    0.000480   11.956696 ^ _8247_/A1 (sky130_fd_sc_hd__a21oi_1)
     2    0.008308    0.172685    0.256811   12.213507 v _8247_/Y (sky130_fd_sc_hd__a21oi_1)
                                                         _3508_ (net)
                      0.172685    0.000226   12.213733 v _8250_/B (sky130_fd_sc_hd__xnor2_1)
     2    0.007930    0.177284    0.310517   12.524249 v _8250_/Y (sky130_fd_sc_hd__xnor2_1)
                                                         _3512_ (net)
                      0.177284    0.000166   12.524416 v _8275_/A2 (sky130_fd_sc_hd__a22oi_1)
     2    0.004794    0.290632    0.378306   12.902722 ^ _8275_/Y (sky130_fd_sc_hd__a22oi_1)
                                                         _3539_ (net)
                      0.290632    0.000087   12.902809 ^ _8276_/C_N (sky130_fd_sc_hd__or3b_4)
     2    0.005186    0.120007    0.815282   13.718091 v _8276_/X (sky130_fd_sc_hd__or3b_4)
                                                         _3540_ (net)
                      0.120007    0.000123   13.718214 v _8296_/B (sky130_fd_sc_hd__or4_1)
     1    0.003681    0.189248    1.205057   14.923270 v _8296_/X (sky130_fd_sc_hd__or4_1)
                                                         _3562_ (net)
                      0.189248    0.000119   14.923389 v _8307_/A3 (sky130_fd_sc_hd__o32a_1)
     1    0.005353    0.142531    0.607319   15.530707 v _8307_/X (sky130_fd_sc_hd__o32a_1)
                                                         _3574_ (net)
                      0.142531    0.000187   15.530894 v _8311_/A1_N (sky130_fd_sc_hd__a2bb2o_1)
     1    0.009668    0.167393    0.609452   16.140347 ^ _8311_/X (sky130_fd_sc_hd__a2bb2o_1)
                                                         net67 (net)
                      0.167396    0.000560   16.140905 ^ output67/A (sky130_fd_sc_hd__buf_4)
     1    0.034559    0.166469    0.326555   16.467461 ^ output67/X (sky130_fd_sc_hd__buf_4)
                                                         pwmA (net)
                      0.166476    0.000847   16.468307 ^ pwmA (out)
                                             16.468307   data arrival time

                                 10.000000   10.000000   clock clk (rise edge)
                                  0.000000   10.000000   clock network delay (propagated)
                                 -0.250000    9.750000   clock uncertainty
                                  0.000000    9.750000   clock reconvergence pessimism
                                 -2.000000    7.750000   output external delay
                                              7.750000   data required time
---------------------------------------------------------------------------------------------
                                              7.750000   data required time
                                            -16.468307   data arrival time
---------------------------------------------------------------------------------------------
                                             -8.718308   slack (VIOLATED)




===========================================================================
report_checks --slack_max -0.01
============================================================================
======================= nom_ss_100C_1v60 Corner ===================================

Startpoint: periodTop[15] (input port clocked by clk)
Endpoint: pwmA (output port clocked by clk)
Path Group: clk
Path Type: max

Fanout         Cap        Slew       Delay        Time   Description
---------------------------------------------------------------------------------------------
                                  0.000000    0.000000   clock clk (rise edge)
                                  0.000000    0.000000   clock network delay (propagated)
                                  2.000000    2.000000 ^ input external delay
     1    0.003316    0.035690    0.018521    2.018521 ^ periodTop[15] (in)
                                                         periodTop[15] (net)
                      0.035690    0.000000    2.018521 ^ input7/A (sky130_fd_sc_hd__clkbuf_4)
     4    0.054336    0.267464    0.375982    2.394502 ^ input7/X (sky130_fd_sc_hd__clkbuf_4)
                                                         net7 (net)
                      0.267542    0.003767    2.398270 ^ fanout100/A (sky130_fd_sc_hd__buf_6)
    10    0.061469    0.203490    0.364901    2.763170 ^ fanout100/X (sky130_fd_sc_hd__buf_6)
                                                         net100 (net)
                      0.203607    0.004005    2.767175 ^ fanout99/A (sky130_fd_sc_hd__clkbuf_2)
     6    0.030866    0.267326    0.394921    3.162096 ^ fanout99/X (sky130_fd_sc_hd__clkbuf_2)
                                                         net99 (net)
                      0.267338    0.001509    3.163604 ^ fanout98/A (sky130_fd_sc_hd__clkbuf_4)
    10    0.039771    0.204030    0.435869    3.599473 ^ fanout98/X (sky130_fd_sc_hd__clkbuf_4)
                                                         net98 (net)
                      0.204060    0.002042    3.601515 ^ _4273_/A (sky130_fd_sc_hd__inv_2)
     2    0.005652    0.056521    0.113078    3.714593 v _4273_/Y (sky130_fd_sc_hd__inv_2)
                                                         _1459_ (net)
                      0.056521    0.000112    3.714705 v _4274_/A (sky130_fd_sc_hd__buf_4)
    10    0.093406    0.214938    0.396147    4.110852 v _4274_/X (sky130_fd_sc_hd__buf_4)
                                                         _1470_ (net)
                      0.215403    0.008131    4.118983 v _4275_/A (sky130_fd_sc_hd__buf_4)
    10    0.076503    0.189076    0.440711    4.559695 v _4275_/X (sky130_fd_sc_hd__buf_4)
                                                         _1481_ (net)
                      0.190077    0.011265    4.570960 v _4276_/A (sky130_fd_sc_hd__buf_4)
    10    0.099482    0.226959    0.468220    5.039180 v _4276_/X (sky130_fd_sc_hd__buf_4)
                                                         _1492_ (net)
                      0.227532    0.009273    5.048453 v _7562_/A (sky130_fd_sc_hd__or3_4)
     4    0.016938    0.153018    0.875424    5.923877 v _7562_/X (sky130_fd_sc_hd__or3_4)
                                                         _2755_ (net)
                      0.153021    0.000574    5.924451 v _7938_/B (sky130_fd_sc_hd__xnor2_1)
     1    0.004860    0.130003    0.265310    6.189761 v _7938_/Y (sky130_fd_sc_hd__xnor2_1)
                                                         _3168_ (net)
                      0.130003    0.000103    6.189864 v _7941_/A (sky130_fd_sc_hd__xnor2_1)
     2    0.009652    0.407440    0.438104    6.627968 ^ _7941_/Y (sky130_fd_sc_hd__xnor2_1)
                                                         _3172_ (net)
                      0.407440    0.000313    6.628281 ^ _8015_/B_N (sky130_fd_sc_hd__or2b_4)
     2    0.010378    0.095006    0.646644    7.274925 v _8015_/X (sky130_fd_sc_hd__or2b_4)
                                                         _3253_ (net)
                      0.095006    0.000405    7.275330 v _8016_/B (sky130_fd_sc_hd__xor2_1)
     2    0.007533    0.167911    0.310602    7.585931 v _8016_/X (sky130_fd_sc_hd__xor2_1)
                                                         _3254_ (net)
                      0.167912    0.000175    7.586106 v _8074_/A2 (sky130_fd_sc_hd__a21o_1)
     2    0.009602    0.113356    0.411696    7.997803 v _8074_/X (sky130_fd_sc_hd__a21o_1)
                                                         _3318_ (net)
                      0.113357    0.000298    7.998100 v _8075_/B (sky130_fd_sc_hd__xnor2_1)
     2    0.008756    0.181170    0.291805    8.289905 v _8075_/Y (sky130_fd_sc_hd__xnor2_1)
                                                         _3319_ (net)
                      0.181170    0.000175    8.290080 v _8116_/B2 (sky130_fd_sc_hd__a32o_1)
     2    0.007543    0.110013    0.467848    8.757928 v _8116_/X (sky130_fd_sc_hd__a32o_1)
                                                         _3364_ (net)
                      0.110014    0.000231    8.758159 v _8117_/B (sky130_fd_sc_hd__xnor2_1)
     2    0.007626    0.353419    0.349571    9.107730 ^ _8117_/Y (sky130_fd_sc_hd__xnor2_1)
                                                         _3365_ (net)
                      0.353419    0.000123    9.107853 ^ _8118_/B (sky130_fd_sc_hd__xnor2_1)
     2    0.007323    0.331477    0.346883    9.454736 ^ _8118_/Y (sky130_fd_sc_hd__xnor2_1)
                                                         _3366_ (net)
                      0.331477    0.000232    9.454967 ^ _8119_/B1 (sky130_fd_sc_hd__a21oi_1)
     2    0.008274    0.167190    0.212138    9.667106 v _8119_/Y (sky130_fd_sc_hd__a21oi_1)
                                                         _3367_ (net)
                      0.167190    0.000211    9.667317 v _8121_/A (sky130_fd_sc_hd__or2b_1)
     2    0.011881    0.172844    0.618185   10.285501 v _8121_/X (sky130_fd_sc_hd__or2b_1)
                                                         _3370_ (net)
                      0.172845    0.000220   10.285722 v _8126_/A (sky130_fd_sc_hd__or2_1)
     2    0.007911    0.141343    0.594367   10.880089 v _8126_/X (sky130_fd_sc_hd__or2_1)
                                                         _3375_ (net)
                      0.141344    0.000189   10.880279 v _8127_/D1 (sky130_fd_sc_hd__a2111o_1)
     2    0.015853    0.222843    0.736921   11.617199 v _8127_/X (sky130_fd_sc_hd__a2111o_1)
                                                         _3376_ (net)
                      0.222847    0.000762   11.617961 v _8170_/A1 (sky130_fd_sc_hd__a21oi_4)
     4    0.015753    0.245904    0.338255   11.956216 ^ _8170_/Y (sky130_fd_sc_hd__a21oi_4)
                                                         _3424_ (net)
                      0.245905    0.000480   11.956696 ^ _8247_/A1 (sky130_fd_sc_hd__a21oi_1)
     2    0.008308    0.172685    0.256811   12.213507 v _8247_/Y (sky130_fd_sc_hd__a21oi_1)
                                                         _3508_ (net)
                      0.172685    0.000226   12.213733 v _8250_/B (sky130_fd_sc_hd__xnor2_1)
     2    0.007930    0.177284    0.310517   12.524249 v _8250_/Y (sky130_fd_sc_hd__xnor2_1)
                                                         _3512_ (net)
                      0.177284    0.000166   12.524416 v _8275_/A2 (sky130_fd_sc_hd__a22oi_1)
     2    0.004794    0.290632    0.378306   12.902722 ^ _8275_/Y (sky130_fd_sc_hd__a22oi_1)
                                                         _3539_ (net)
                      0.290632    0.000087   12.902809 ^ _8276_/C_N (sky130_fd_sc_hd__or3b_4)
     2    0.005186    0.120007    0.815282   13.718091 v _8276_/X (sky130_fd_sc_hd__or3b_4)
                                                         _3540_ (net)
                      0.120007    0.000123   13.718214 v _8296_/B (sky130_fd_sc_hd__or4_1)
     1    0.003681    0.189248    1.205057   14.923270 v _8296_/X (sky130_fd_sc_hd__or4_1)
                                                         _3562_ (net)
                      0.189248    0.000119   14.923389 v _8307_/A3 (sky130_fd_sc_hd__o32a_1)
     1    0.005353    0.142531    0.607319   15.530707 v _8307_/X (sky130_fd_sc_hd__o32a_1)
                                                         _3574_ (net)
                      0.142531    0.000187   15.530894 v _8311_/A1_N (sky130_fd_sc_hd__a2bb2o_1)
     1    0.009668    0.167393    0.609452   16.140347 ^ _8311_/X (sky130_fd_sc_hd__a2bb2o_1)
                                                         net67 (net)
                      0.167396    0.000560   16.140905 ^ output67/A (sky130_fd_sc_hd__buf_4)
     1    0.034559    0.166469    0.326555   16.467461 ^ output67/X (sky130_fd_sc_hd__buf_4)
                                                         pwmA (net)
                      0.166476    0.000847   16.468307 ^ pwmA (out)
                                             16.468307   data arrival time

                                 10.000000   10.000000   clock clk (rise edge)
                                  0.000000   10.000000   clock network delay (propagated)
                                 -0.250000    9.750000   clock uncertainty
                                  0.000000    9.750000   clock reconvergence pessimism
                                 -2.000000    7.750000   output external delay
                                              7.750000   data required time
---------------------------------------------------------------------------------------------
                                              7.750000   data required time
                                            -16.468307   data arrival time
---------------------------------------------------------------------------------------------
                                             -8.718308   slack (VIOLATED)




===========================================================================
 report_check_types -max_slew -max_cap -max_fanout -violators
============================================================================
======================= nom_ss_100C_1v60 Corner ===================================

max slew

Pin                                        Limit        Slew       Slack
------------------------------------------------------------------------
_4619_/Y                                0.750000    0.765035   -0.015035 (VIOLATED)
_4621_/A2                               0.750000    0.765035   -0.015035 (VIOLATED)
_4697_/B                                0.750000    0.765035   -0.015035 (VIOLATED)



===========================================================================
report_parasitic_annotation -report_unannotated
============================================================================
Found 0 unannotated drivers.
Found 0 partially unannotated drivers.

===========================================================================
max slew violation count 3
max fanout violation count 0
max cap violation count 0
============================================================================

===========================================================================
check_setup -verbose -unconstrained_endpoints -multiple_clock -no_clock -no_input_delay -loops -generated_clocks
===========================================================================
