
===========================================================================
Violator List
============================================================================
[setup in-out] periodTop[15] -> pwmA : -8.718308
[setup in-out] periodTop[0] -> pwmB : -8.633470
[setup in-out] periodTop[0] -> pwmC : -8.488463
[setup in-reg] periodTop[0] -> _8421_/D : -8.475388
[setup in-reg] periodTop[0] -> _8426_/D : -8.457315
[setup in-reg] periodTop[0] -> _8424_/D : -8.453288
[setup in-reg] periodTop[0] -> _8423_/D : -8.449506
[setup in-reg] periodTop[0] -> _8430_/D : -8.449396
[setup in-reg] periodTop[0] -> _8425_/D : -8.449147
[setup in-reg] periodTop[0] -> _8427_/D : -8.444765
[setup in-reg] periodTop[0] -> _8428_/D : -8.444098
[setup in-reg] periodTop[0] -> _8429_/D : -8.443634
[setup in-reg] periodTop[0] -> _8422_/D : -8.443295
[setup in-reg] periodTop[0] -> _8420_/D : -8.091565
[setup in-reg] periodTop[0] -> _8419_/D : -8.086034
[setup in-reg] periodTop[0] -> _8416_/D : -8.082229
[setup in-reg] periodTop[0] -> _8417_/D : -8.079280
[setup in-reg] periodTop[0] -> _8418_/D : -8.078212
[setup in-reg] periodTop[0] -> _8447_/D : -7.340913
[setup reg-out] _8444_/Q -> halt : -3.337897
