
===========================================================================
report_checks -unconstrained
===========================================================================
======================= min_tt_025C_1v80 Corner ===================================

Startpoint: rstb (input port clocked by clk)
Endpoint: _3809_ (recovery check against rising-edge clock clk')
Path Group: asynchronous
Path Type: max

Fanout         Cap        Slew       Delay        Time   Description
---------------------------------------------------------------------------------------------
                                  0.000000    0.000000   clock clk (rise edge)
                                  0.000000    0.000000   clock network delay (propagated)
                                  2.000000    2.000000 ^ input external delay
     1    0.002674    0.019199    0.009859    2.009859 ^ rstb (in)
                                                         rstb (net)
                      0.019199    0.000000    2.009859 ^ input18/A (sky130_fd_sc_hd__clkbuf_1)
     1    0.002852    0.044628    0.072066    2.081925 ^ input18/X (sky130_fd_sc_hd__clkbuf_1)
                                                         net18 (net)
                      0.044628    0.000033    2.081958 ^ fanout146/A (sky130_fd_sc_hd__buf_2)
     5    0.039934    0.196440    0.216504    2.298462 ^ fanout146/X (sky130_fd_sc_hd__buf_2)
                                                         net146 (net)
                      0.196440    0.000090    2.298552 ^ fanout139/A (sky130_fd_sc_hd__clkbuf_2)
     5    0.032509    0.180335    0.248030    2.546582 ^ fanout139/X (sky130_fd_sc_hd__clkbuf_2)
                                                         net139 (net)
                      0.180335    0.000160    2.546743 ^ fanout138/A (sky130_fd_sc_hd__clkbuf_4)
    10    0.056014    0.172868    0.277168    2.823911 ^ fanout138/X (sky130_fd_sc_hd__clkbuf_4)
                                                         net138 (net)
                      0.172868    0.000249    2.824160 ^ fanout137/A (sky130_fd_sc_hd__clkbuf_4)
    10    0.050209    0.157319    0.263522    3.087682 ^ fanout137/X (sky130_fd_sc_hd__clkbuf_4)
                                                         net137 (net)
                      0.157320    0.000370    3.088052 ^ _3809_/RESET_B (sky130_fd_sc_hd__dfrtp_4)
                                              3.088052   data arrival time

                                  5.000000    5.000000   clock clk' (rise edge)
                                  0.000000    5.000000   clock source latency
     1    0.022964    0.052324    0.037469    5.037469 v clk (in)
                                                         clk (net)
                      0.052381    0.000000    5.037469 v clkbuf_0_clk/A (sky130_fd_sc_hd__clkbuf_16)
     8    0.087245    0.073302    0.188815    5.226284 v clkbuf_0_clk/X (sky130_fd_sc_hd__clkbuf_16)
                                                         clknet_0_clk (net)
                      0.073357    0.001657    5.227941 v clkbuf_3_2__f_clk/A (sky130_fd_sc_hd__clkbuf_16)
    13    0.075121    0.065998    0.192159    5.420100 v clkbuf_3_2__f_clk/X (sky130_fd_sc_hd__clkbuf_16)
                                                         clknet_3_2__leaf_clk (net)
                      0.066064    0.001728    5.421828 v _3721__4/A (sky130_fd_sc_hd__inv_2)
     1    0.002046    0.024540    0.044683    5.466511 ^ _3721__4/Y (sky130_fd_sc_hd__inv_2)
                                                         net182 (net)
                      0.024540    0.000008    5.466519 ^ _3809_/CLK (sky130_fd_sc_hd__dfrtp_4)
                                 -0.250000    5.216519   clock uncertainty
                                  0.000000    5.216519   clock reconvergence pessimism
                                  0.174406    5.390924   library recovery time
                                              5.390924   data required time
---------------------------------------------------------------------------------------------
                                              5.390924   data required time
                                             -3.088052   data arrival time
---------------------------------------------------------------------------------------------
                                              2.302873   slack (MET)


Startpoint: periodTop[11] (input port clocked by clk)
Endpoint: _3890_ (rising edge-triggered flip-flop clocked by clk')
Path Group: clk
Path Type: max

Fanout         Cap        Slew       Delay        Time   Description
---------------------------------------------------------------------------------------------
                                  0.000000    0.000000   clock clk (rise edge)
                                  0.000000    0.000000   clock network delay (propagated)
                                  2.000000    2.000000 ^ input external delay
     1    0.002726    0.019419    0.010037    2.010037 ^ periodTop[11] (in)
                                                         periodTop[11] (net)
                      0.019419    0.000000    2.010037 ^ input4/A (sky130_fd_sc_hd__clkbuf_1)
     1    0.005218    0.070832    0.091012    2.101049 ^ input4/X (sky130_fd_sc_hd__clkbuf_1)
                                                         net4 (net)
                      0.070832    0.000103    2.101153 ^ fanout126/A (sky130_fd_sc_hd__clkbuf_2)
     3    0.041416    0.226476    0.241609    2.342761 ^ fanout126/X (sky130_fd_sc_hd__clkbuf_2)
                                                         net126 (net)
                      0.226476    0.000131    2.342892 ^ fanout125/A (sky130_fd_sc_hd__clkbuf_2)
     5    0.035805    0.197245    0.268077    2.610970 ^ fanout125/X (sky130_fd_sc_hd__clkbuf_2)
                                                         net125 (net)
                      0.197249    0.000668    2.611638 ^ fanout124/A (sky130_fd_sc_hd__clkbuf_4)
    10    0.042203    0.135179    0.255380    2.867018 ^ fanout124/X (sky130_fd_sc_hd__clkbuf_4)
                                                         net124 (net)
                      0.135181    0.000413    2.867431 ^ _2728_/B2 (sky130_fd_sc_hd__a22o_1)
     3    0.008136    0.091064    0.178341    3.045772 ^ _2728_/X (sky130_fd_sc_hd__a22o_1)
                                                         _0334_ (net)
                      0.091064    0.000051    3.045823 ^ _2730_/C (sky130_fd_sc_hd__and4_1)
     1    0.001959    0.047742    0.178644    3.224467 ^ _2730_/X (sky130_fd_sc_hd__and4_1)
                                                         _0336_ (net)
                      0.047742    0.000017    3.224483 ^ _2732_/A_N (sky130_fd_sc_hd__and2b_1)
     3    0.013669    0.078797    0.215740    3.440223 v _2732_/X (sky130_fd_sc_hd__and2b_1)
                                                         _0338_ (net)
                      0.078798    0.000316    3.440540 v _2735_/B1 (sky130_fd_sc_hd__a21o_1)
     2    0.007262    0.052188    0.182402    3.622941 v _2735_/X (sky130_fd_sc_hd__a21o_1)
                                                         _0341_ (net)
                      0.052188    0.000061    3.623003 v _2737_/A2 (sky130_fd_sc_hd__a21o_1)
     3    0.009778    0.061616    0.207046    3.830048 v _2737_/X (sky130_fd_sc_hd__a21o_1)
                                                         _0343_ (net)
                      0.061616    0.000144    3.830192 v _2751_/B (sky130_fd_sc_hd__and3_1)
     3    0.007828    0.058939    0.190914    4.021106 v _2751_/X (sky130_fd_sc_hd__and3_1)
                                                         _0357_ (net)
                      0.058939    0.000064    4.021170 v _2753_/A1 (sky130_fd_sc_hd__o211a_1)
     2    0.006676    0.056052    0.242871    4.264040 v _2753_/X (sky130_fd_sc_hd__o211a_1)
                                                         _0359_ (net)
                      0.056052    0.000088    4.264129 v _2777_/B (sky130_fd_sc_hd__or4bb_4)
     5    0.023948    0.118947    0.572115    4.836244 v _2777_/X (sky130_fd_sc_hd__or4bb_4)
                                                         _0383_ (net)
                      0.118948    0.000169    4.836413 v _2853_/B1 (sky130_fd_sc_hd__o211a_4)
     3    0.009964    0.045614    0.176906    5.013319 v _2853_/X (sky130_fd_sc_hd__o211a_4)
                                                         _0459_ (net)
                      0.045614    0.000093    5.013412 v _2863_/B (sky130_fd_sc_hd__or3_4)
     2    0.013556    0.080528    0.387241    5.400653 v _2863_/X (sky130_fd_sc_hd__or3_4)
                                                         _0469_ (net)
                      0.080529    0.000201    5.400854 v _2865_/A1 (sky130_fd_sc_hd__a211oi_4)
     2    0.009176    0.204113    0.238796    5.639650 ^ _2865_/Y (sky130_fd_sc_hd__a211oi_4)
                                                         _0471_ (net)
                      0.204113    0.000079    5.639729 ^ _3128_/A2 (sky130_fd_sc_hd__o21ba_4)
     3    0.012769    0.061040    0.176244    5.815974 ^ _3128_/X (sky130_fd_sc_hd__o21ba_4)
                                                         _0734_ (net)
                      0.061041    0.000201    5.816175 ^ _3132_/A2_N (sky130_fd_sc_hd__a2bb2o_4)
     2    0.006824    0.037649    0.215886    6.032061 v _3132_/X (sky130_fd_sc_hd__a2bb2o_4)
                                                         _0738_ (net)
                      0.037649    0.000104    6.032165 v _3134_/A3 (sky130_fd_sc_hd__a41o_1)
     1    0.002477    0.037075    0.214858    6.247024 v _3134_/X (sky130_fd_sc_hd__a41o_1)
                                                         _0740_ (net)
                      0.037075    0.000022    6.247046 v _3136_/B1 (sky130_fd_sc_hd__a311o_1)
     3    0.011482    0.093820    0.360298    6.607344 v _3136_/X (sky130_fd_sc_hd__a311o_1)
                                                         _0742_ (net)
                      0.093821    0.000302    6.607646 v _3214_/A1 (sky130_fd_sc_hd__a41o_1)
     3    0.013509    0.084280    0.240764    6.848410 v _3214_/X (sky130_fd_sc_hd__a41o_1)
                                                         _0820_ (net)
                      0.084285    0.000564    6.848974 v _3221_/C (sky130_fd_sc_hd__and4bb_1)
     2    0.006196    0.054938    0.218448    7.067422 v _3221_/X (sky130_fd_sc_hd__and4bb_1)
                                                         _0827_ (net)
                      0.054938    0.000063    7.067484 v _3251_/B (sky130_fd_sc_hd__or3_4)
     1    0.003106    0.062097    0.356213    7.423698 v _3251_/X (sky130_fd_sc_hd__or3_4)
                                                         _0854_ (net)
                      0.062097    0.000036    7.423733 v _3252_/A (sky130_fd_sc_hd__and2_4)
     3    0.009206    0.035446    0.148596    7.572330 v _3252_/X (sky130_fd_sc_hd__and2_4)
                                                         _0855_ (net)
                      0.035446    0.000086    7.572416 v _3253_/A1 (sky130_fd_sc_hd__mux2_4)
     1    0.003285    0.048652    0.248808    7.821224 v _3253_/X (sky130_fd_sc_hd__mux2_4)
                                                         _0856_ (net)
                      0.048652    0.000043    7.821267 v _3254_/A (sky130_fd_sc_hd__clkbuf_1)
     1    0.002261    0.023789    0.086020    7.907287 v _3254_/X (sky130_fd_sc_hd__clkbuf_1)
                                                         _0170_ (net)
                      0.023789    0.000020    7.907306 v _3890_/D (sky130_fd_sc_hd__dfrtp_1)
                                              7.907306   data arrival time

                                  5.000000    5.000000   clock clk' (rise edge)
                                  0.000000    5.000000   clock source latency
     1    0.022964    0.052324    0.037469    5.037469 v clk (in)
                                                         clk (net)
                      0.052381    0.000000    5.037469 v clkbuf_0_clk/A (sky130_fd_sc_hd__clkbuf_16)
     8    0.087245    0.073302    0.188815    5.226284 v clkbuf_0_clk/X (sky130_fd_sc_hd__clkbuf_16)
                                                         clknet_0_clk (net)
                      0.073357    0.001657    5.227941 v clkbuf_3_2__f_clk/A (sky130_fd_sc_hd__clkbuf_16)
    13    0.075121    0.065998    0.192159    5.420100 v clkbuf_3_2__f_clk/X (sky130_fd_sc_hd__clkbuf_16)
                                                         clknet_3_2__leaf_clk (net)
                      0.066035    0.001292    5.421391 v _3802__85/A (sky130_fd_sc_hd__inv_2)
     1    0.002204    0.024995    0.045314    5.466705 ^ _3802__85/Y (sky130_fd_sc_hd__inv_2)
                                                         net263 (net)
                      0.024995    0.000020    5.466725 ^ _3890_/CLK (sky130_fd_sc_hd__dfrtp_1)
                                 -0.250000    5.216725   clock uncertainty
                                  0.000000    5.216725   clock reconvergence pessimism
                                 -0.109586    5.107139   library setup time
                                              5.107139   data required time
---------------------------------------------------------------------------------------------
                                              5.107139   data required time
                                             -7.907306   data arrival time
---------------------------------------------------------------------------------------------
                                             -2.800167   slack (VIOLATED)




===========================================================================
report_checks --slack_max -0.01
============================================================================
======================= min_tt_025C_1v80 Corner ===================================

Startpoint: periodTop[11] (input port clocked by clk)
Endpoint: _3890_ (rising edge-triggered flip-flop clocked by clk')
Path Group: clk
Path Type: max

Fanout         Cap        Slew       Delay        Time   Description
---------------------------------------------------------------------------------------------
                                  0.000000    0.000000   clock clk (rise edge)
                                  0.000000    0.000000   clock network delay (propagated)
                                  2.000000    2.000000 ^ input external delay
     1    0.002726    0.019419    0.010037    2.010037 ^ periodTop[11] (in)
                                                         periodTop[11] (net)
                      0.019419    0.000000    2.010037 ^ input4/A (sky130_fd_sc_hd__clkbuf_1)
     1    0.005218    0.070832    0.091012    2.101049 ^ input4/X (sky130_fd_sc_hd__clkbuf_1)
                                                         net4 (net)
                      0.070832    0.000103    2.101153 ^ fanout126/A (sky130_fd_sc_hd__clkbuf_2)
     3    0.041416    0.226476    0.241609    2.342761 ^ fanout126/X (sky130_fd_sc_hd__clkbuf_2)
                                                         net126 (net)
                      0.226476    0.000131    2.342892 ^ fanout125/A (sky130_fd_sc_hd__clkbuf_2)
     5    0.035805    0.197245    0.268077    2.610970 ^ fanout125/X (sky130_fd_sc_hd__clkbuf_2)
                                                         net125 (net)
                      0.197249    0.000668    2.611638 ^ fanout124/A (sky130_fd_sc_hd__clkbuf_4)
    10    0.042203    0.135179    0.255380    2.867018 ^ fanout124/X (sky130_fd_sc_hd__clkbuf_4)
                                                         net124 (net)
                      0.135181    0.000413    2.867431 ^ _2728_/B2 (sky130_fd_sc_hd__a22o_1)
     3    0.008136    0.091064    0.178341    3.045772 ^ _2728_/X (sky130_fd_sc_hd__a22o_1)
                                                         _0334_ (net)
                      0.091064    0.000051    3.045823 ^ _2730_/C (sky130_fd_sc_hd__and4_1)
     1    0.001959    0.047742    0.178644    3.224467 ^ _2730_/X (sky130_fd_sc_hd__and4_1)
                                                         _0336_ (net)
                      0.047742    0.000017    3.224483 ^ _2732_/A_N (sky130_fd_sc_hd__and2b_1)
     3    0.013669    0.078797    0.215740    3.440223 v _2732_/X (sky130_fd_sc_hd__and2b_1)
                                                         _0338_ (net)
                      0.078798    0.000316    3.440540 v _2735_/B1 (sky130_fd_sc_hd__a21o_1)
     2    0.007262    0.052188    0.182402    3.622941 v _2735_/X (sky130_fd_sc_hd__a21o_1)
                                                         _0341_ (net)
                      0.052188    0.000061    3.623003 v _2737_/A2 (sky130_fd_sc_hd__a21o_1)
     3    0.009778    0.061616    0.207046    3.830048 v _2737_/X (sky130_fd_sc_hd__a21o_1)
                                                         _0343_ (net)
                      0.061616    0.000144    3.830192 v _2751_/B (sky130_fd_sc_hd__and3_1)
     3    0.007828    0.058939    0.190914    4.021106 v _2751_/X (sky130_fd_sc_hd__and3_1)
                                                         _0357_ (net)
                      0.058939    0.000064    4.021170 v _2753_/A1 (sky130_fd_sc_hd__o211a_1)
     2    0.006676    0.056052    0.242871    4.264040 v _2753_/X (sky130_fd_sc_hd__o211a_1)
                                                         _0359_ (net)
                      0.056052    0.000088    4.264129 v _2777_/B (sky130_fd_sc_hd__or4bb_4)
     5    0.023948    0.118947    0.572115    4.836244 v _2777_/X (sky130_fd_sc_hd__or4bb_4)
                                                         _0383_ (net)
                      0.118948    0.000169    4.836413 v _2853_/B1 (sky130_fd_sc_hd__o211a_4)
     3    0.009964    0.045614    0.176906    5.013319 v _2853_/X (sky130_fd_sc_hd__o211a_4)
                                                         _0459_ (net)
                      0.045614    0.000093    5.013412 v _2863_/B (sky130_fd_sc_hd__or3_4)
     2    0.013556    0.080528    0.387241    5.400653 v _2863_/X (sky130_fd_sc_hd__or3_4)
                                                         _0469_ (net)
                      0.080529    0.000201    5.400854 v _2865_/A1 (sky130_fd_sc_hd__a211oi_4)
     2    0.009176    0.204113    0.238796    5.639650 ^ _2865_/Y (sky130_fd_sc_hd__a211oi_4)
                                                         _0471_ (net)
                      0.204113    0.000079    5.639729 ^ _3128_/A2 (sky130_fd_sc_hd__o21ba_4)
     3    0.012769    0.061040    0.176244    5.815974 ^ _3128_/X (sky130_fd_sc_hd__o21ba_4)
                                                         _0734_ (net)
                      0.061041    0.000201    5.816175 ^ _3132_/A2_N (sky130_fd_sc_hd__a2bb2o_4)
     2    0.006824    0.037649    0.215886    6.032061 v _3132_/X (sky130_fd_sc_hd__a2bb2o_4)
                                                         _0738_ (net)
                      0.037649    0.000104    6.032165 v _3134_/A3 (sky130_fd_sc_hd__a41o_1)
     1    0.002477    0.037075    0.214858    6.247024 v _3134_/X (sky130_fd_sc_hd__a41o_1)
                                                         _0740_ (net)
                      0.037075    0.000022    6.247046 v _3136_/B1 (sky130_fd_sc_hd__a311o_1)
     3    0.011482    0.093820    0.360298    6.607344 v _3136_/X (sky130_fd_sc_hd__a311o_1)
                                                         _0742_ (net)
                      0.093821    0.000302    6.607646 v _3214_/A1 (sky130_fd_sc_hd__a41o_1)
     3    0.013509    0.084280    0.240764    6.848410 v _3214_/X (sky130_fd_sc_hd__a41o_1)
                                                         _0820_ (net)
                      0.084285    0.000564    6.848974 v _3221_/C (sky130_fd_sc_hd__and4bb_1)
     2    0.006196    0.054938    0.218448    7.067422 v _3221_/X (sky130_fd_sc_hd__and4bb_1)
                                                         _0827_ (net)
                      0.054938    0.000063    7.067484 v _3251_/B (sky130_fd_sc_hd__or3_4)
     1    0.003106    0.062097    0.356213    7.423698 v _3251_/X (sky130_fd_sc_hd__or3_4)
                                                         _0854_ (net)
                      0.062097    0.000036    7.423733 v _3252_/A (sky130_fd_sc_hd__and2_4)
     3    0.009206    0.035446    0.148596    7.572330 v _3252_/X (sky130_fd_sc_hd__and2_4)
                                                         _0855_ (net)
                      0.035446    0.000086    7.572416 v _3253_/A1 (sky130_fd_sc_hd__mux2_4)
     1    0.003285    0.048652    0.248808    7.821224 v _3253_/X (sky130_fd_sc_hd__mux2_4)
                                                         _0856_ (net)
                      0.048652    0.000043    7.821267 v _3254_/A (sky130_fd_sc_hd__clkbuf_1)
     1    0.002261    0.023789    0.086020    7.907287 v _3254_/X (sky130_fd_sc_hd__clkbuf_1)
                                                         _0170_ (net)
                      0.023789    0.000020    7.907306 v _3890_/D (sky130_fd_sc_hd__dfrtp_1)
                                              7.907306   data arrival time

                                  5.000000    5.000000   clock clk' (rise edge)
                                  0.000000    5.000000   clock source latency
     1    0.022964    0.052324    0.037469    5.037469 v clk (in)
                                                         clk (net)
                      0.052381    0.000000    5.037469 v clkbuf_0_clk/A (sky130_fd_sc_hd__clkbuf_16)
     8    0.087245    0.073302    0.188815    5.226284 v clkbuf_0_clk/X (sky130_fd_sc_hd__clkbuf_16)
                                                         clknet_0_clk (net)
                      0.073357    0.001657    5.227941 v clkbuf_3_2__f_clk/A (sky130_fd_sc_hd__clkbuf_16)
    13    0.075121    0.065998    0.192159    5.420100 v clkbuf_3_2__f_clk/X (sky130_fd_sc_hd__clkbuf_16)
                                                         clknet_3_2__leaf_clk (net)
                      0.066035    0.001292    5.421391 v _3802__85/A (sky130_fd_sc_hd__inv_2)
     1    0.002204    0.024995    0.045314    5.466705 ^ _3802__85/Y (sky130_fd_sc_hd__inv_2)
                                                         net263 (net)
                      0.024995    0.000020    5.466725 ^ _3890_/CLK (sky130_fd_sc_hd__dfrtp_1)
                                 -0.250000    5.216725   clock uncertainty
                                  0.000000    5.216725   clock reconvergence pessimism
                                 -0.109586    5.107139   library setup time
                                              5.107139   data required time
---------------------------------------------------------------------------------------------
                                              5.107139   data required time
                                             -7.907306   data arrival time
---------------------------------------------------------------------------------------------
                                             -2.800167   slack (VIOLATED)




===========================================================================
 report_check_types -max_slew -max_cap -max_fanout -violators
============================================================================
======================= min_tt_025C_1v80 Corner ===================================

max fanout

Pin                                   Limit Fanout  Slack
---------------------------------------------------------
clkbuf_3_5__f_clk/X                      10     15     -5 (VIOLATED)
clkbuf_3_6__f_clk/X                      10     14     -4 (VIOLATED)
clkbuf_3_2__f_clk/X                      10     13     -3 (VIOLATED)
clkbuf_3_7__f_clk/X                      10     11        (VIOLATED)



===========================================================================
report_parasitic_annotation -report_unannotated
============================================================================
Found 0 unannotated drivers.
Found 0 partially unannotated drivers.

===========================================================================
max slew violation count 0
max fanout violation count 4
max cap violation count 0
============================================================================

===========================================================================
check_setup -verbose -unconstrained_endpoints -multiple_clock -no_clock -no_input_delay -loops -generated_clocks
===========================================================================
