
===========================================================================
Violator List
============================================================================
[setup in-reg] periodTop[11] -> _3890_/D : -2.800167
[setup in-reg] periodTop[11] -> _3824_/D : -2.799226
[setup in-reg] periodTop[11] -> _3874_/D : -2.799175
[setup in-reg] periodTop[11] -> _3823_/D : -2.779880
[setup in-reg] periodTop[11] -> _3873_/D : -2.771632
[setup in-reg] periodTop[11] -> _3889_/D : -2.761003
[setup in-reg] periodTop[11] -> _3887_/D : -2.753828
[setup in-reg] periodTop[11] -> _3891_/D : -2.753252
[setup in-reg] periodTop[11] -> _3871_/D : -2.751686
[setup in-reg] periodTop[11] -> _3825_/D : -2.748111
[setup in-reg] periodTop[11] -> _3875_/D : -2.746608
[setup in-reg] periodTop[11] -> _3821_/D : -2.736837
[setup in-reg] periodTop[11] -> _3827_/D : -2.735839
[setup in-reg] periodTop[11] -> _3877_/D : -2.724897
[setup in-reg] periodTop[11] -> _3893_/D : -2.720571
[setup in-reg] periodTop[11] -> _3826_/D : -2.718210
[setup in-reg] periodTop[11] -> _3892_/D : -2.717015
[setup in-reg] periodTop[11] -> _3876_/D : -2.711984
[setup in-reg] periodTop[11] -> _3872_/D : -2.710044
[setup in-reg] periodTop[11] -> _3822_/D : -2.704814
[setup in-reg] periodTop[11] -> _3888_/D : -2.703133
[setup in-reg] periodTop[11] -> _3819_/D : -2.599080
[setup in-reg] periodTop[11] -> _3885_/D : -2.595530
[setup in-reg] periodTop[11] -> _3869_/D : -2.594984
[setup in-reg] periodTop[11] -> _3886_/D : -2.558872
[setup in-reg] periodTop[11] -> _3820_/D : -2.558854
[setup in-reg] periodTop[11] -> _3870_/D : -2.556008
[setup in-reg] periodTop[11] -> _3868_/D : -2.451675
[setup in-reg] periodTop[11] -> _3881_/D : -2.450298
[setup in-reg] periodTop[11] -> _3818_/D : -2.447628
[setup in-reg] periodTop[11] -> _3884_/D : -2.444140
[setup in-reg] periodTop[11] -> _3865_/D : -2.442168
[setup in-reg] periodTop[11] -> _3815_/D : -2.438908
[setup in-reg] periodTop[11] -> _3883_/D : -2.355926
[setup in-reg] periodTop[11] -> _3867_/D : -2.348916
[setup in-reg] periodTop[11] -> _3817_/D : -2.346541
[setup in-reg] periodTop[11] -> _3880_/D : -2.268688
[setup in-reg] periodTop[11] -> _3864_/D : -2.260990
[setup in-reg] periodTop[11] -> _3814_/D : -2.259529
[setup in-reg] periodTop[11] -> _3816_/D : -2.147562
[setup in-reg] periodTop[11] -> _3866_/D : -2.142933
[setup in-reg] periodTop[11] -> _3882_/D : -2.137831
[setup in-reg] periodTop[11] -> _3879_/D : -1.990149
[setup in-reg] periodTop[11] -> _3863_/D : -1.980215
[setup in-reg] periodTop[11] -> _3813_/D : -1.973983
[setup in-reg] periodTop[11] -> _3878_/D : -1.821338
[setup in-reg] periodTop[11] -> _3862_/D : -1.813532
[setup in-reg] periodTop[11] -> _3812_/D : -1.810969
[setup in-reg] periodTop[2] -> _3855_/D : -1.802329
[setup in-reg] periodTop[2] -> _3847_/D : -1.768233
[setup in-reg] periodTop[2] -> _3853_/D : -1.758207
[setup in-reg] periodTop[2] -> _3859_/D : -1.753102
[setup in-reg] periodTop[2] -> _3857_/D : -1.748571
[setup in-reg] periodTop[2] -> _3851_/D : -1.739632
[setup in-reg] periodTop[2] -> _3854_/D : -1.732968
[setup in-reg] periodTop[2] -> _3849_/D : -1.730746
[setup in-reg] periodTop[2] -> _3858_/D : -1.723658
[setup in-reg] periodTop[2] -> _3856_/D : -1.721796
[setup in-reg] periodTop[2] -> _3846_/D : -1.715059
[setup in-reg] periodTop[2] -> _3850_/D : -1.705857
[setup in-reg] periodTop[2] -> _3848_/D : -1.703865
[setup in-reg] periodTop[2] -> _3852_/D : -1.701072
[setup in-reg] periodTop[2] -> _3845_/D : -1.559231
[setup in-reg] periodTop[2] -> _3860_/D : -1.217501
[setup reg-out] _3830_/Q -> pwmB : -0.469970
[setup reg-out] _3830_/Q -> pwmA : -0.404020
[setup reg-out] _3830_/Q -> pwmC : -0.279464
