
===========================================================================
Violator List
============================================================================
[setup in-reg] periodTop[1] -> _8421_/D : -1.707030
[setup in-reg] periodTop[1] -> _8424_/D : -1.694422
[setup in-reg] periodTop[1] -> _8425_/D : -1.694422
[setup in-reg] periodTop[1] -> _8426_/D : -1.694422
[setup in-reg] periodTop[1] -> _8423_/D : -1.692583
[setup in-reg] periodTop[1] -> _8422_/D : -1.690954
[setup in-reg] periodTop[1] -> _8427_/D : -1.690954
[setup in-reg] periodTop[1] -> _8428_/D : -1.690937
[setup in-reg] periodTop[1] -> _8429_/D : -1.690937
[setup in-reg] periodTop[1] -> _8430_/D : -1.690937
[setup in-reg] periodTop[1] -> _8419_/D : -1.515607
[setup in-reg] periodTop[1] -> _8418_/D : -1.513978
[setup in-reg] periodTop[1] -> _8420_/D : -1.513978
[setup in-reg] periodTop[1] -> _8417_/D : -1.509936
[setup in-reg] periodTop[1] -> _8416_/D : -1.509916
[setup in-reg] periodTop[1] -> _8447_/D : -1.169882
[setup in-out] periodTop[13] -> pwmB : -1.149480
[setup in-out] periodTop[10] -> pwmA : -0.853454
[setup in-out] periodTop[13] -> pwmC : -0.780696
Writing metric timing__hold_vio__count__corner:nom_tt_025C_1v80: 0
Writing metric timing__hold_r2r_vio__count__corner:nom_tt_025C_1v80: 0
Writing metric timing__setup_vio__count__corner:nom_tt_025C_1v80: 19
Writing metric timing__setup_r2r_vio__count__corner:nom_tt_025C_1v80: 0
