Reading OpenROAD database at '/home/jco1147/393_folder/CE493/sv/svm/runs/RUN_2023-12-03_23-09-36/13-openroad-tapendcapinsertion/svm.odb'…
Reading library file at '/home/jco1147/393_folder/CE493/sv/svm/runs/RUN_2023-12-03_23-09-36/tmp/4219f06c2024443686b4e3a0c88503b2.lib'…
Reading design constraints file at '/home/jco1147/.local/lib/python3.9/site-packages/openlane/scripts/base.sdc'…
[INFO] Using clock clk…
[INFO] Setting output delay to: 2
[INFO] Setting input delay to: 2
[INFO] Setting load to: 0.033442
[INFO] Setting clock uncertainty to: 0.25
[INFO] Setting clock transition to: 0.1499999999999999944488848768742172978818416595458984375
[INFO] Setting timing derate to: 5%
[WARNING STA-0376] cell 'sky130_fd_sc_hd__a2111oi_0' not found.
[WARNING STA-0376] cell 'sky130_fd_sc_hd__a21boi_0' not found.
[WARNING STA-0376] cell 'sky130_fd_sc_hd__and2_0' not found.
[WARNING STA-0376] cell 'sky130_fd_sc_hd__buf_16' not found.
[WARNING STA-0376] cell 'sky130_fd_sc_hd__clkdlybuf4s15_1' not found.
[WARNING STA-0376] cell 'sky130_fd_sc_hd__clkdlybuf4s18_1' not found.
[WARNING STA-0376] cell 'sky130_fd_sc_hd__fa_4' not found.
[WARNING STA-0376] cell 'sky130_fd_sc_hd__lpflow_bleeder_1' not found.
[WARNING STA-0376] cell 'sky130_fd_sc_hd__lpflow_clkbufkapwr_1' not found.
[WARNING STA-0376] cell 'sky130_fd_sc_hd__lpflow_clkbufkapwr_16' not found.
[WARNING STA-0376] cell 'sky130_fd_sc_hd__lpflow_clkbufkapwr_2' not found.
[WARNING STA-0376] cell 'sky130_fd_sc_hd__lpflow_clkbufkapwr_4' not found.
[WARNING STA-0376] cell 'sky130_fd_sc_hd__lpflow_clkbufkapwr_8' not found.
[WARNING STA-0376] cell 'sky130_fd_sc_hd__lpflow_clkinvkapwr_1' not found.
[WARNING STA-0376] cell 'sky130_fd_sc_hd__lpflow_clkinvkapwr_16' not found.
[WARNING STA-0376] cell 'sky130_fd_sc_hd__lpflow_clkinvkapwr_2' not found.
[WARNING STA-0376] cell 'sky130_fd_sc_hd__lpflow_clkinvkapwr_4' not found.
[WARNING STA-0376] cell 'sky130_fd_sc_hd__lpflow_clkinvkapwr_8' not found.
[WARNING STA-0376] cell 'sky130_fd_sc_hd__lpflow_decapkapwr_12' not found.
[WARNING STA-0376] cell 'sky130_fd_sc_hd__lpflow_decapkapwr_3' not found.
[WARNING STA-0376] cell 'sky130_fd_sc_hd__lpflow_decapkapwr_4' not found.
[WARNING STA-0376] cell 'sky130_fd_sc_hd__lpflow_decapkapwr_6' not found.
[WARNING STA-0376] cell 'sky130_fd_sc_hd__lpflow_decapkapwr_8' not found.
[WARNING STA-0376] cell 'sky130_fd_sc_hd__lpflow_inputiso0n_1' not found.
[WARNING STA-0376] cell 'sky130_fd_sc_hd__lpflow_inputiso0p_1' not found.
[WARNING STA-0376] cell 'sky130_fd_sc_hd__lpflow_inputiso1n_1' not found.
[WARNING STA-0376] cell 'sky130_fd_sc_hd__lpflow_inputiso1p_1' not found.
[WARNING STA-0376] cell 'sky130_fd_sc_hd__lpflow_inputisolatch_1' not found.
[WARNING STA-0376] cell 'sky130_fd_sc_hd__lpflow_isobufsrc_1' not found.
[WARNING STA-0376] cell 'sky130_fd_sc_hd__lpflow_isobufsrc_16' not found.
[WARNING STA-0376] cell 'sky130_fd_sc_hd__lpflow_isobufsrc_2' not found.
[WARNING STA-0376] cell 'sky130_fd_sc_hd__lpflow_isobufsrc_4' not found.
[WARNING STA-0376] cell 'sky130_fd_sc_hd__lpflow_isobufsrc_8' not found.
[WARNING STA-0376] cell 'sky130_fd_sc_hd__lpflow_isobufsrckapwr_16' not found.
[WARNING STA-0376] cell 'sky130_fd_sc_hd__lpflow_lsbuf_lh_hl_isowell_tap_1' not found.
[WARNING STA-0376] cell 'sky130_fd_sc_hd__lpflow_lsbuf_lh_hl_isowell_tap_2' not found.
[WARNING STA-0376] cell 'sky130_fd_sc_hd__lpflow_lsbuf_lh_hl_isowell_tap_4' not found.
[WARNING STA-0376] cell 'sky130_fd_sc_hd__lpflow_lsbuf_lh_isowell_4' not found.
[WARNING STA-0376] cell 'sky130_fd_sc_hd__lpflow_lsbuf_lh_isowell_tap_1' not found.
[WARNING STA-0376] cell 'sky130_fd_sc_hd__lpflow_lsbuf_lh_isowell_tap_2' not found.
[WARNING STA-0376] cell 'sky130_fd_sc_hd__lpflow_lsbuf_lh_isowell_tap_4' not found.
[WARNING STA-0376] cell 'sky130_fd_sc_hd__mux4_4' not found.
[WARNING STA-0376] cell 'sky130_fd_sc_hd__o21ai_0' not found.
[WARNING STA-0376] cell 'sky130_fd_sc_hd__o311ai_0' not found.
[WARNING STA-0376] cell 'sky130_fd_sc_hd__or2_0' not found.
[WARNING STA-0376] cell 'sky130_fd_sc_hd__probe_p_8' not found.
[WARNING STA-0376] cell 'sky130_fd_sc_hd__probec_p_8' not found.
[WARNING STA-0376] cell 'sky130_fd_sc_hd__xor3_1' not found.
[WARNING STA-0376] cell 'sky130_fd_sc_hd__xor3_2' not found.
[WARNING STA-0376] cell 'sky130_fd_sc_hd__xor3_4' not found.
[WARNING STA-0376] cell 'sky130_fd_sc_hd__xnor3_1' not found.
[WARNING STA-0376] cell 'sky130_fd_sc_hd__xnor3_2' not found.
[WARNING STA-0376] cell 'sky130_fd_sc_hd__xnor3_4' not found.
[INFO] Setting RC values…
[INFO] Setting signal min routing layer to: met1 and clock min routing layer to met1. 
[INFO] Setting signal max routing layer to: met5 and clock max routing layer to met5. 
[WARNING GPL-0150] -skip_io will disable timing driven mode.
[WARNING GPL-0151] -skip_io will disable routability driven mode.
[INFO GPL-0002] DBU: 1000
[INFO GPL-0003] SiteSize: 460 2720
[INFO GPL-0004] CoreAreaLxLy: 5520 10880
[INFO GPL-0005] CoreAreaUxUy: 202400 206720
[INFO GPL-0006] NumInstances: 2692
[INFO GPL-0007] NumPlaceInstances: 1993
[INFO GPL-0008] NumFixedInstances: 699
[INFO GPL-0009] NumDummyInstances: 0
[INFO GPL-0010] NumNets: 2060
[INFO GPL-0011] NumPins: 7310
[INFO GPL-0012] DieAreaLxLy: 0 0
[INFO GPL-0013] DieAreaUxUy: 208275 218995
[INFO GPL-0014] CoreAreaLxLy: 5520 10880
[INFO GPL-0015] CoreAreaUxUy: 202400 206720
[INFO GPL-0016] CoreArea: 38556979200
[INFO GPL-0017] NonPlaceInstsArea: 1234934400
[INFO GPL-0018] PlaceInstsArea: 19451155200
[INFO GPL-0019] Util(%): 52.12
[INFO GPL-0020] StdInstsArea: 19451155200
[INFO GPL-0021] MacroInstsArea: 0
[INFO GPL-0031] FillerInit: NumGCells: 2311
[INFO GPL-0032] FillerInit: NumGNets: 2060
[INFO GPL-0033] FillerInit: NumGPins: 7310
[INFO GPL-0023] TargetDensity: 0.60
[INFO GPL-0024] AveragePlaceInstArea: 9759736
[INFO GPL-0025] IdealBinArea: 16266226
[INFO GPL-0026] IdealBinCnt: 2370
[INFO GPL-0027] TotalBinArea: 38556979200
[INFO GPL-0028] BinCnt: 32 32
[INFO GPL-0029] BinSize: 6153 6120
[INFO GPL-0030] NumBins: 1024
[NesterovSolve] Iter: 1 overflow: 0.995158 HPWL: 5277971
[NesterovSolve] Iter: 10 overflow: 0.990599 HPWL: 3546810
[NesterovSolve] Iter: 20 overflow: 0.990599 HPWL: 3515465
[NesterovSolve] Iter: 30 overflow: 0.990599 HPWL: 3511293
[NesterovSolve] Iter: 40 overflow: 0.990599 HPWL: 3510925
[NesterovSolve] Iter: 50 overflow: 0.990599 HPWL: 3511476
[NesterovSolve] Iter: 60 overflow: 0.990599 HPWL: 3511947
[NesterovSolve] Iter: 70 overflow: 0.990599 HPWL: 3513254
[NesterovSolve] Iter: 80 overflow: 0.990599 HPWL: 3517087
[NesterovSolve] Iter: 90 overflow: 0.990599 HPWL: 3525091
[NesterovSolve] Iter: 100 overflow: 0.990599 HPWL: 3544205
[NesterovSolve] Iter: 110 overflow: 0.99056 HPWL: 3605650
[NesterovSolve] Iter: 120 overflow: 0.988363 HPWL: 3812220
[NesterovSolve] Iter: 130 overflow: 0.984245 HPWL: 4354070
[NesterovSolve] Iter: 140 overflow: 0.979714 HPWL: 5200814
[NesterovSolve] Iter: 150 overflow: 0.965164 HPWL: 6287523
[NesterovSolve] Iter: 160 overflow: 0.950784 HPWL: 7970773
[NesterovSolve] Iter: 170 overflow: 0.918585 HPWL: 10036464
[NesterovSolve] Iter: 180 overflow: 0.887682 HPWL: 11316407
[NesterovSolve] Iter: 190 overflow: 0.856911 HPWL: 12906766
[NesterovSolve] Iter: 200 overflow: 0.821021 HPWL: 14904815
[NesterovSolve] Iter: 210 overflow: 0.775881 HPWL: 16537594
[NesterovSolve] Iter: 220 overflow: 0.747604 HPWL: 17811773
[NesterovSolve] Iter: 230 overflow: 0.698742 HPWL: 19446946
[NesterovSolve] Iter: 240 overflow: 0.656931 HPWL: 21280683
[NesterovSolve] Iter: 250 overflow: 0.600223 HPWL: 23185551
[NesterovSolve] Iter: 260 overflow: 0.555925 HPWL: 24258678
[NesterovSolve] Iter: 270 overflow: 0.497224 HPWL: 25566593
[NesterovSolve] Iter: 280 overflow: 0.449414 HPWL: 26454553
[NesterovSolve] Iter: 290 overflow: 0.390888 HPWL: 27621165
[NesterovSolve] Iter: 300 overflow: 0.345195 HPWL: 28187166
[NesterovSolve] Iter: 310 overflow: 0.306539 HPWL: 28614960
[NesterovSolve] Iter: 320 overflow: 0.277857 HPWL: 29137472
[NesterovSolve] Iter: 330 overflow: 0.249326 HPWL: 29518789
[NesterovSolve] Iter: 340 overflow: 0.224142 HPWL: 29838209
[NesterovSolve] Iter: 350 overflow: 0.19646 HPWL: 30025325
[NesterovSolve] Iter: 360 overflow: 0.179656 HPWL: 30128971
[NesterovSolve] Iter: 370 overflow: 0.156449 HPWL: 30188525
[NesterovSolve] Iter: 380 overflow: 0.132209 HPWL: 30277523
[NesterovSolve] Iter: 390 overflow: 0.120227 HPWL: 30300738
[NesterovSolve] Iter: 400 overflow: 0.100313 HPWL: 30315179
[NesterovSolve] Finished with Overflow: 0.099049
[INFO] Setting RC values…
Setting global connections for newly added cells…
[INFO] Setting global connections...
Writing OpenROAD database to '/home/jco1147/393_folder/CE493/sv/svm/runs/RUN_2023-12-03_23-09-36/14-openroad-globalplacementskipio/svm.odb'…
Writing netlist to '/home/jco1147/393_folder/CE493/sv/svm/runs/RUN_2023-12-03_23-09-36/14-openroad-globalplacementskipio/svm.nl.v'…
Writing powered netlist to '/home/jco1147/393_folder/CE493/sv/svm/runs/RUN_2023-12-03_23-09-36/14-openroad-globalplacementskipio/svm.pnl.v'…
Writing layout to '/home/jco1147/393_folder/CE493/sv/svm/runs/RUN_2023-12-03_23-09-36/14-openroad-globalplacementskipio/svm.def'…
Writing timing constraints to '/home/jco1147/393_folder/CE493/sv/svm/runs/RUN_2023-12-03_23-09-36/14-openroad-globalplacementskipio/svm.sdc'…
