
===========================================================================
report_checks -unconstrained
===========================================================================
======================= max_tt_025C_1v80 Corner ===================================

Startpoint: rstb (input port clocked by clk)
Endpoint: _4734_ (recovery check against rising-edge clock clk')
Path Group: asynchronous
Path Type: max

Fanout         Cap        Slew       Delay        Time   Description
---------------------------------------------------------------------------------------------
                                  0.000000    0.000000   clock clk (rise edge)
                                  0.000000    0.000000   clock network delay (propagated)
                                  2.000000    2.000000 ^ input external delay
     1    0.002493    0.018426    0.009284    2.009284 ^ rstb (in)
                                                         rstb (net)
                      0.018427    0.000000    2.009284 ^ input2/A (sky130_fd_sc_hd__buf_2)
     4    0.049134    0.240376    0.233400    2.242683 ^ input2/X (sky130_fd_sc_hd__buf_2)
                                                         net2 (net)
                      0.240551    0.005374    2.248057 ^ fanout174/A (sky130_fd_sc_hd__buf_4)
     9    0.064891    0.182634    0.267790    2.515847 ^ fanout174/X (sky130_fd_sc_hd__buf_4)
                                                         net174 (net)
                      0.182652    0.001573    2.517420 ^ fanout173/A (sky130_fd_sc_hd__buf_4)
    10    0.059878    0.170118    0.241553    2.758972 ^ fanout173/X (sky130_fd_sc_hd__buf_4)
                                                         net173 (net)
                      0.170380    0.005588    2.764560 ^ fanout172/A (sky130_fd_sc_hd__clkbuf_4)
    10    0.054775    0.169442    0.269280    3.033840 ^ fanout172/X (sky130_fd_sc_hd__clkbuf_4)
                                                         net172 (net)
                      0.169686    0.005254    3.039094 ^ fanout171/A (sky130_fd_sc_hd__clkbuf_4)
    10    0.049007    0.153728    0.258460    3.297554 ^ fanout171/X (sky130_fd_sc_hd__clkbuf_4)
                                                         net171 (net)
                      0.153870    0.003851    3.301406 ^ _4734_/RESET_B (sky130_fd_sc_hd__dfrtp_2)
                                              3.301406   data arrival time

                                  5.000000    5.000000   clock clk' (rise edge)
                                  0.000000    5.000000   clock source latency
     1    0.035222    0.079402    0.058301    5.058301 v clk (in)
                                                         clk (net)
                      0.079762    0.000000    5.058301 v clkbuf_0_clk/A (sky130_fd_sc_hd__clkbuf_16)
     8    0.127041    0.094148    0.217003    5.275305 v clkbuf_0_clk/X (sky130_fd_sc_hd__clkbuf_16)
                                                         clknet_0_clk (net)
                      0.096602    0.011955    5.287260 v clkbuf_3_0__f_clk/A (sky130_fd_sc_hd__clkbuf_16)
    13    0.085118    0.073350    0.205559    5.492819 v clkbuf_3_0__f_clk/X (sky130_fd_sc_hd__clkbuf_16)
                                                         clknet_3_0__leaf_clk (net)
                      0.074081    0.005891    5.498710 v _4627__41/A (sky130_fd_sc_hd__inv_2)
     1    0.002398    0.027136    0.048513    5.547223 ^ _4627__41/Y (sky130_fd_sc_hd__inv_2)
                                                         net225 (net)
                      0.027137    0.000162    5.547385 ^ _4734_/CLK (sky130_fd_sc_hd__dfrtp_2)
                                 -0.250000    5.297385   clock uncertainty
                                  0.000000    5.297385   clock reconvergence pessimism
                                  0.181116    5.478501   library recovery time
                                              5.478501   data required time
---------------------------------------------------------------------------------------------
                                              5.478501   data required time
                                             -3.301406   data arrival time
---------------------------------------------------------------------------------------------
                                              2.177095   slack (MET)


Startpoint: _4695_ (rising edge-triggered flip-flop clocked by clk')
Endpoint: ready (output port clocked by clk)
Path Group: clk
Path Type: max

Fanout         Cap        Slew       Delay        Time   Description
---------------------------------------------------------------------------------------------
                                  5.000000    5.000000   clock clk' (rise edge)
                                  0.000000    5.000000   clock source latency
     1    0.035222    0.079402    0.058301    5.058301 v clk (in)
                                                         clk (net)
                      0.079762    0.000000    5.058301 v clkbuf_0_clk/A (sky130_fd_sc_hd__clkbuf_16)
     8    0.127041    0.094148    0.217003    5.275305 v clkbuf_0_clk/X (sky130_fd_sc_hd__clkbuf_16)
                                                         clknet_0_clk (net)
                      0.095157    0.007606    5.282911 v clkbuf_3_3__f_clk/A (sky130_fd_sc_hd__clkbuf_16)
    10    0.069131    0.063461    0.197022    5.479933 v clkbuf_3_3__f_clk/X (sky130_fd_sc_hd__clkbuf_16)
                                                         clknet_3_3__leaf_clk (net)
                      0.064238    0.005563    5.485495 v _4588__2/A (sky130_fd_sc_hd__inv_2)
     1    0.002636    0.025910    0.046456    5.531951 ^ _4588__2/Y (sky130_fd_sc_hd__inv_2)
                                                         net186 (net)
                      0.025910    0.000193    5.532144 ^ _4695_/CLK (sky130_fd_sc_hd__dfstp_1)
     2    0.004595    0.058357    0.497554    6.029698 ^ _4695_/Q (sky130_fd_sc_hd__dfstp_1)
                                                         net36 (net)
                      0.058359    0.000265    6.029963 ^ output36/A (sky130_fd_sc_hd__clkbuf_4)
     1    0.033918    0.111315    0.188175    6.218138 ^ output36/X (sky130_fd_sc_hd__clkbuf_4)
                                                         ready (net)
                      0.111349    0.001585    6.219724 ^ ready (out)
                                              6.219724   data arrival time

                                 10.000000   10.000000   clock clk (rise edge)
                                  0.000000   10.000000   clock network delay (propagated)
                                 -0.250000    9.750000   clock uncertainty
                                  0.000000    9.750000   clock reconvergence pessimism
                                 -2.000000    7.750000   output external delay
                                              7.750000   data required time
---------------------------------------------------------------------------------------------
                                              7.750000   data required time
                                             -6.219724   data arrival time
---------------------------------------------------------------------------------------------
                                              1.530276   slack (MET)




===========================================================================
report_checks --slack_max -0.01
============================================================================
======================= max_tt_025C_1v80 Corner ===================================

No paths found.


===========================================================================
 report_check_types -max_slew -max_cap -max_fanout -violators
============================================================================
======================= max_tt_025C_1v80 Corner ===================================

max fanout

Pin                                   Limit Fanout  Slack
---------------------------------------------------------
clkbuf_3_1__f_clk/X                      10     18     -8 (VIOLATED)
clkbuf_3_5__f_clk/X                      10     17     -7 (VIOLATED)
clkbuf_3_4__f_clk/X                      10     16     -6 (VIOLATED)
clkbuf_3_0__f_clk/X                      10     13     -3 (VIOLATED)
clkbuf_3_7__f_clk/X                      10     12     -2 (VIOLATED)
clkbuf_3_6__f_clk/X                      10     11        (VIOLATED)



===========================================================================
report_parasitic_annotation -report_unannotated
============================================================================
Found 0 unannotated drivers.
Found 0 partially unannotated drivers.

===========================================================================
max slew violation count 0
max fanout violation count 6
max cap violation count 0
============================================================================

===========================================================================
check_setup -verbose -unconstrained_endpoints -multiple_clock -no_clock -no_input_delay -loops -generated_clocks
===========================================================================
