Reading OpenROAD database at '/home/jco1147/393_folder/CE493/sv/svm/runs/RUN_2023-12-03_23-09-36/15-openroad-ioplacement/svm.odb'…
Reading library file at '/home/jco1147/393_folder/CE493/sv/svm/runs/RUN_2023-12-03_23-09-36/tmp/4219f06c2024443686b4e3a0c88503b2.lib'…
Reading design constraints file at '/home/jco1147/.local/lib/python3.9/site-packages/openlane/scripts/base.sdc'…
[INFO] Using clock clk…
[INFO] Setting output delay to: 2
[INFO] Setting input delay to: 2
[INFO] Setting load to: 0.033442
[INFO] Setting clock uncertainty to: 0.25
[INFO] Setting clock transition to: 0.1499999999999999944488848768742172978818416595458984375
[INFO] Setting timing derate to: 5%
[WARNING STA-0376] cell 'sky130_fd_sc_hd__a2111oi_0' not found.
[WARNING STA-0376] cell 'sky130_fd_sc_hd__a21boi_0' not found.
[WARNING STA-0376] cell 'sky130_fd_sc_hd__and2_0' not found.
[WARNING STA-0376] cell 'sky130_fd_sc_hd__buf_16' not found.
[WARNING STA-0376] cell 'sky130_fd_sc_hd__clkdlybuf4s15_1' not found.
[WARNING STA-0376] cell 'sky130_fd_sc_hd__clkdlybuf4s18_1' not found.
[WARNING STA-0376] cell 'sky130_fd_sc_hd__fa_4' not found.
[WARNING STA-0376] cell 'sky130_fd_sc_hd__lpflow_bleeder_1' not found.
[WARNING STA-0376] cell 'sky130_fd_sc_hd__lpflow_clkbufkapwr_1' not found.
[WARNING STA-0376] cell 'sky130_fd_sc_hd__lpflow_clkbufkapwr_16' not found.
[WARNING STA-0376] cell 'sky130_fd_sc_hd__lpflow_clkbufkapwr_2' not found.
[WARNING STA-0376] cell 'sky130_fd_sc_hd__lpflow_clkbufkapwr_4' not found.
[WARNING STA-0376] cell 'sky130_fd_sc_hd__lpflow_clkbufkapwr_8' not found.
[WARNING STA-0376] cell 'sky130_fd_sc_hd__lpflow_clkinvkapwr_1' not found.
[WARNING STA-0376] cell 'sky130_fd_sc_hd__lpflow_clkinvkapwr_16' not found.
[WARNING STA-0376] cell 'sky130_fd_sc_hd__lpflow_clkinvkapwr_2' not found.
[WARNING STA-0376] cell 'sky130_fd_sc_hd__lpflow_clkinvkapwr_4' not found.
[WARNING STA-0376] cell 'sky130_fd_sc_hd__lpflow_clkinvkapwr_8' not found.
[WARNING STA-0376] cell 'sky130_fd_sc_hd__lpflow_decapkapwr_12' not found.
[WARNING STA-0376] cell 'sky130_fd_sc_hd__lpflow_decapkapwr_3' not found.
[WARNING STA-0376] cell 'sky130_fd_sc_hd__lpflow_decapkapwr_4' not found.
[WARNING STA-0376] cell 'sky130_fd_sc_hd__lpflow_decapkapwr_6' not found.
[WARNING STA-0376] cell 'sky130_fd_sc_hd__lpflow_decapkapwr_8' not found.
[WARNING STA-0376] cell 'sky130_fd_sc_hd__lpflow_inputiso0n_1' not found.
[WARNING STA-0376] cell 'sky130_fd_sc_hd__lpflow_inputiso0p_1' not found.
[WARNING STA-0376] cell 'sky130_fd_sc_hd__lpflow_inputiso1n_1' not found.
[WARNING STA-0376] cell 'sky130_fd_sc_hd__lpflow_inputiso1p_1' not found.
[WARNING STA-0376] cell 'sky130_fd_sc_hd__lpflow_inputisolatch_1' not found.
[WARNING STA-0376] cell 'sky130_fd_sc_hd__lpflow_isobufsrc_1' not found.
[WARNING STA-0376] cell 'sky130_fd_sc_hd__lpflow_isobufsrc_16' not found.
[WARNING STA-0376] cell 'sky130_fd_sc_hd__lpflow_isobufsrc_2' not found.
[WARNING STA-0376] cell 'sky130_fd_sc_hd__lpflow_isobufsrc_4' not found.
[WARNING STA-0376] cell 'sky130_fd_sc_hd__lpflow_isobufsrc_8' not found.
[WARNING STA-0376] cell 'sky130_fd_sc_hd__lpflow_isobufsrckapwr_16' not found.
[WARNING STA-0376] cell 'sky130_fd_sc_hd__lpflow_lsbuf_lh_hl_isowell_tap_1' not found.
[WARNING STA-0376] cell 'sky130_fd_sc_hd__lpflow_lsbuf_lh_hl_isowell_tap_2' not found.
[WARNING STA-0376] cell 'sky130_fd_sc_hd__lpflow_lsbuf_lh_hl_isowell_tap_4' not found.
[WARNING STA-0376] cell 'sky130_fd_sc_hd__lpflow_lsbuf_lh_isowell_4' not found.
[WARNING STA-0376] cell 'sky130_fd_sc_hd__lpflow_lsbuf_lh_isowell_tap_1' not found.
[WARNING STA-0376] cell 'sky130_fd_sc_hd__lpflow_lsbuf_lh_isowell_tap_2' not found.
[WARNING STA-0376] cell 'sky130_fd_sc_hd__lpflow_lsbuf_lh_isowell_tap_4' not found.
[WARNING STA-0376] cell 'sky130_fd_sc_hd__mux4_4' not found.
[WARNING STA-0376] cell 'sky130_fd_sc_hd__o21ai_0' not found.
[WARNING STA-0376] cell 'sky130_fd_sc_hd__o311ai_0' not found.
[WARNING STA-0376] cell 'sky130_fd_sc_hd__or2_0' not found.
[WARNING STA-0376] cell 'sky130_fd_sc_hd__probe_p_8' not found.
[WARNING STA-0376] cell 'sky130_fd_sc_hd__probec_p_8' not found.
[WARNING STA-0376] cell 'sky130_fd_sc_hd__xor3_1' not found.
[WARNING STA-0376] cell 'sky130_fd_sc_hd__xor3_2' not found.
[WARNING STA-0376] cell 'sky130_fd_sc_hd__xor3_4' not found.
[WARNING STA-0376] cell 'sky130_fd_sc_hd__xnor3_1' not found.
[WARNING STA-0376] cell 'sky130_fd_sc_hd__xnor3_2' not found.
[WARNING STA-0376] cell 'sky130_fd_sc_hd__xnor3_4' not found.
[INFO] Setting RC values…
[INFO] Setting signal min routing layer to: met1 and clock min routing layer to met1. 
[INFO] Setting signal max routing layer to: met5 and clock max routing layer to met5. 
[INFO GPL-0002] DBU: 1000
[INFO GPL-0003] SiteSize: 460 2720
[INFO GPL-0004] CoreAreaLxLy: 5520 10880
[INFO GPL-0005] CoreAreaUxUy: 202400 206720
[INFO GPL-0006] NumInstances: 2692
[INFO GPL-0007] NumPlaceInstances: 1993
[INFO GPL-0008] NumFixedInstances: 699
[INFO GPL-0009] NumDummyInstances: 0
[INFO GPL-0010] NumNets: 2060
[INFO GPL-0011] NumPins: 7382
[INFO GPL-0012] DieAreaLxLy: 0 0
[INFO GPL-0013] DieAreaUxUy: 208275 218995
[INFO GPL-0014] CoreAreaLxLy: 5520 10880
[INFO GPL-0015] CoreAreaUxUy: 202400 206720
[INFO GPL-0016] CoreArea: 38556979200
[INFO GPL-0017] NonPlaceInstsArea: 1234934400
[INFO GPL-0018] PlaceInstsArea: 19451155200
[INFO GPL-0019] Util(%): 52.12
[INFO GPL-0020] StdInstsArea: 19451155200
[INFO GPL-0021] MacroInstsArea: 0
[InitialPlace]  Iter: 1 CG residual: 0.00000116 HPWL: 48232312
[InitialPlace]  Iter: 2 CG residual: 0.00000322 HPWL: 26308698
[InitialPlace]  Iter: 3 CG residual: 0.00004969 HPWL: 25307610
[InitialPlace]  Iter: 4 CG residual: 0.00007769 HPWL: 24546321
[InitialPlace]  Iter: 5 CG residual: 0.00002279 HPWL: 24083000
[InitialPlace]  Iter: 6 CG residual: 0.00001138 HPWL: 23839600
[InitialPlace]  Iter: 7 CG residual: 0.00000289 HPWL: 23682876
[INFO GPL-0031] FillerInit: NumGCells: 2311
[INFO GPL-0032] FillerInit: NumGNets: 2060
[INFO GPL-0033] FillerInit: NumGPins: 7382
[INFO GPL-0023] TargetDensity: 0.60
[INFO GPL-0024] AveragePlaceInstArea: 9759736
[INFO GPL-0025] IdealBinArea: 16266226
[INFO GPL-0026] IdealBinCnt: 2370
[INFO GPL-0027] TotalBinArea: 38556979200
[INFO GPL-0028] BinCnt: 32 32
[INFO GPL-0029] BinSize: 6153 6120
[INFO GPL-0030] NumBins: 1024
[NesterovSolve] Iter: 1 overflow: 0.967208 HPWL: 11355569
[NesterovSolve] Iter: 10 overflow: 0.944596 HPWL: 12551907
[NesterovSolve] Iter: 20 overflow: 0.932018 HPWL: 12905696
[NesterovSolve] Iter: 30 overflow: 0.924727 HPWL: 13112119
[NesterovSolve] Iter: 40 overflow: 0.919739 HPWL: 13431784
[NesterovSolve] Iter: 50 overflow: 0.914213 HPWL: 13710827
[NesterovSolve] Iter: 60 overflow: 0.911911 HPWL: 13891654
[NesterovSolve] Iter: 70 overflow: 0.912786 HPWL: 13969010
[NesterovSolve] Iter: 80 overflow: 0.9135 HPWL: 13949437
[NesterovSolve] Iter: 90 overflow: 0.915084 HPWL: 13886647
[NesterovSolve] Iter: 100 overflow: 0.916142 HPWL: 13833110
[NesterovSolve] Iter: 110 overflow: 0.9168 HPWL: 13809664
[NesterovSolve] Iter: 120 overflow: 0.9162 HPWL: 13825847
[NesterovSolve] Iter: 130 overflow: 0.915383 HPWL: 13882704
[NesterovSolve] Iter: 140 overflow: 0.914261 HPWL: 13965217
[NesterovSolve] Iter: 150 overflow: 0.912494 HPWL: 14066421
[NesterovSolve] Iter: 160 overflow: 0.910475 HPWL: 14208108
[NesterovSolve] Iter: 170 overflow: 0.905364 HPWL: 14453594
[NesterovSolve] Iter: 180 overflow: 0.900793 HPWL: 14898383
[NesterovSolve] Iter: 190 overflow: 0.888257 HPWL: 15592160
[NesterovSolve] Iter: 200 overflow: 0.86865 HPWL: 16474310
[NesterovSolve] Iter: 210 overflow: 0.849017 HPWL: 17480213
[NesterovSolve] Iter: 220 overflow: 0.826006 HPWL: 18613182
[NesterovSolve] Iter: 230 overflow: 0.793401 HPWL: 19836111
[INFO GPL-0100] worst slack -3.42e-09
[INFO GPL-0103] Weighted 197 nets.
[NesterovSolve] Iter: 240 overflow: 0.760752 HPWL: 21036524
[NesterovSolve] Iter: 250 overflow: 0.726618 HPWL: 22128621
[NesterovSolve] Iter: 260 overflow: 0.681667 HPWL: 23495200
[NesterovSolve] Iter: 270 overflow: 0.633039 HPWL: 24673949
[INFO GPL-0100] worst slack -3.46e-09
[INFO GPL-0103] Weighted 197 nets.
[NesterovSolve] Snapshot saved at iter = 277
[NesterovSolve] Iter: 280 overflow: 0.588684 HPWL: 25774574
[NesterovSolve] Iter: 290 overflow: 0.538869 HPWL: 26985712
[NesterovSolve] Iter: 300 overflow: 0.484699 HPWL: 27886299
[INFO GPL-0100] worst slack -3.36e-09
[INFO GPL-0103] Weighted 197 nets.
[NesterovSolve] Iter: 310 overflow: 0.431241 HPWL: 28680989
[NesterovSolve] Iter: 320 overflow: 0.385124 HPWL: 29579601
[NesterovSolve] Iter: 330 overflow: 0.339588 HPWL: 30191455
[NesterovSolve] Iter: 340 overflow: 0.306875 HPWL: 30339544
[INFO GPL-0100] worst slack -3.34e-09
[INFO GPL-0103] Weighted 196 nets.
[NesterovSolve] Iter: 350 overflow: 0.270833 HPWL: 30581345
[NesterovSolve] Iter: 360 overflow: 0.243705 HPWL: 30795795
[NesterovSolve] Iter: 370 overflow: 0.220904 HPWL: 30971938
[INFO GPL-0100] worst slack -3.33e-09
[INFO GPL-0103] Weighted 197 nets.
[NesterovSolve] Iter: 380 overflow: 0.197693 HPWL: 31143987
[INFO GPL-0075] Routability numCall: 1 inflationIterCnt: 1 bloatIterCnt: 0
[INFO GPL-0036] TileLxLy: 0 0
[INFO GPL-0037] TileSize: 6900 6900
[INFO GPL-0038] TileCnt: 30 31
[INFO GPL-0039] numRoutingLayers: 6
[INFO GPL-0040] NumTiles: 930
[INFO GPL-0063] TotalRouteOverflowH2: 0.20000004768371582
[INFO GPL-0064] TotalRouteOverflowV2: 0.0
[INFO GPL-0065] OverflowTileCnt2: 1
[INFO GPL-0066] 0.5%RC: 1.014285717691694
[INFO GPL-0067] 1.0%RC: 1.007142858845847
[INFO GPL-0068] 2.0%RC: 1.0026785720671927
[INFO GPL-0069] 5.0%RC: 0.9384057962376139
[INFO GPL-0070] 0.5rcK: 1.0
[INFO GPL-0071] 1.0rcK: 1.0
[INFO GPL-0072] 2.0rcK: 0.0
[INFO GPL-0073] 5.0rcK: 0.0
[INFO GPL-0074] FinalRC: 1.0107143
[NesterovSolve] Iter: 390 overflow: 0.17154 HPWL: 31165791
[NesterovSolve] Iter: 400 overflow: 0.152824 HPWL: 31361588
[INFO GPL-0100] worst slack -3.32e-09
[INFO GPL-0103] Weighted 197 nets.
[NesterovSolve] Iter: 410 overflow: 0.132959 HPWL: 31469747
[NesterovSolve] Iter: 420 overflow: 0.111614 HPWL: 31523178
[NesterovSolve] Finished with Overflow: 0.098749
[INFO] Setting RC values…
Setting global connections for newly added cells…
[INFO] Setting global connections...
Writing OpenROAD database to '/home/jco1147/393_folder/CE493/sv/svm/runs/RUN_2023-12-03_23-09-36/18-openroad-globalplacement/svm.odb'…
Writing netlist to '/home/jco1147/393_folder/CE493/sv/svm/runs/RUN_2023-12-03_23-09-36/18-openroad-globalplacement/svm.nl.v'…
Writing powered netlist to '/home/jco1147/393_folder/CE493/sv/svm/runs/RUN_2023-12-03_23-09-36/18-openroad-globalplacement/svm.pnl.v'…
Writing layout to '/home/jco1147/393_folder/CE493/sv/svm/runs/RUN_2023-12-03_23-09-36/18-openroad-globalplacement/svm.def'…
Writing timing constraints to '/home/jco1147/393_folder/CE493/sv/svm/runs/RUN_2023-12-03_23-09-36/18-openroad-globalplacement/svm.sdc'…
