
===========================================================================
report_checks -unconstrained
===========================================================================
======================= nom_tt_025C_1v80 Corner ===================================

Startpoint: rstb (input port clocked by clk)
Endpoint: _3809_ (recovery check against rising-edge clock clk')
Path Group: asynchronous
Path Type: max

Fanout         Cap        Slew       Delay        Time   Description
---------------------------------------------------------------------------------------------
                                  0.000000    0.000000   clock clk (rise edge)
                                  0.000000    0.000000   clock network delay (propagated)
                                  2.000000    2.000000 ^ input external delay
     1    0.002712    0.019360    0.010011    2.010011 ^ rstb (in)
                                                         rstb (net)
                      0.019360    0.000000    2.010011 ^ input18/A (sky130_fd_sc_hd__clkbuf_1)
     1    0.002965    0.045846    0.073028    2.083039 ^ input18/X (sky130_fd_sc_hd__clkbuf_1)
                                                         net18 (net)
                      0.045846    0.000090    2.083129 ^ fanout146/A (sky130_fd_sc_hd__buf_2)
     5    0.042132    0.206898    0.223533    2.306663 ^ fanout146/X (sky130_fd_sc_hd__buf_2)
                                                         net146 (net)
                      0.206900    0.000442    2.307105 ^ fanout139/A (sky130_fd_sc_hd__clkbuf_2)
     5    0.034102    0.188425    0.256021    2.563126 ^ fanout139/X (sky130_fd_sc_hd__clkbuf_2)
                                                         net139 (net)
                      0.188426    0.000467    2.563593 ^ fanout138/A (sky130_fd_sc_hd__clkbuf_4)
    10    0.058440    0.179178    0.283853    2.847446 ^ fanout138/X (sky130_fd_sc_hd__clkbuf_4)
                                                         net138 (net)
                      0.179185    0.000909    2.848355 ^ fanout137/A (sky130_fd_sc_hd__clkbuf_4)
    10    0.051763    0.160239    0.268328    3.116683 ^ fanout137/X (sky130_fd_sc_hd__clkbuf_4)
                                                         net137 (net)
                      0.160247    0.000945    3.117628 ^ _3809_/RESET_B (sky130_fd_sc_hd__dfrtp_4)
                                              3.117628   data arrival time

                                  5.000000    5.000000   clock clk' (rise edge)
                                  0.000000    5.000000   clock source latency
     1    0.024625    0.055909    0.040351    5.040351 v clk (in)
                                                         clk (net)
                      0.056011    0.000000    5.040351 v clkbuf_0_clk/A (sky130_fd_sc_hd__clkbuf_16)
     8    0.091017    0.076308    0.191535    5.231887 v clkbuf_0_clk/X (sky130_fd_sc_hd__clkbuf_16)
                                                         clknet_0_clk (net)
                      0.076504    0.003170    5.235057 v clkbuf_3_2__f_clk/A (sky130_fd_sc_hd__clkbuf_16)
    13    0.077402    0.067515    0.194232    5.429289 v clkbuf_3_2__f_clk/X (sky130_fd_sc_hd__clkbuf_16)
                                                         clknet_3_2__leaf_clk (net)
                      0.067700    0.002927    5.432217 v _3721__4/A (sky130_fd_sc_hd__inv_2)
     1    0.002069    0.024922    0.045244    5.477461 ^ _3721__4/Y (sky130_fd_sc_hd__inv_2)
                                                         net182 (net)
                      0.024922    0.000040    5.477501 ^ _3809_/CLK (sky130_fd_sc_hd__dfrtp_4)
                                 -0.250000    5.227501   clock uncertainty
                                  0.000000    5.227501   clock reconvergence pessimism
                                  0.173576    5.401077   library recovery time
                                              5.401077   data required time
---------------------------------------------------------------------------------------------
                                              5.401077   data required time
                                             -3.117628   data arrival time
---------------------------------------------------------------------------------------------
                                              2.283449   slack (MET)


Startpoint: periodTop[11] (input port clocked by clk)
Endpoint: _3890_ (rising edge-triggered flip-flop clocked by clk')
Path Group: clk
Path Type: max

Fanout         Cap        Slew       Delay        Time   Description
---------------------------------------------------------------------------------------------
                                  0.000000    0.000000   clock clk (rise edge)
                                  0.000000    0.000000   clock network delay (propagated)
                                  2.000000    2.000000 ^ input external delay
     1    0.002755    0.019541    0.010158    2.010158 ^ periodTop[11] (in)
                                                         periodTop[11] (net)
                      0.019541    0.000000    2.010158 ^ input4/A (sky130_fd_sc_hd__clkbuf_1)
     1    0.005531    0.074354    0.093495    2.103653 ^ input4/X (sky130_fd_sc_hd__clkbuf_1)
                                                         net4 (net)
                      0.074355    0.000214    2.103867 ^ fanout126/A (sky130_fd_sc_hd__clkbuf_2)
     3    0.044120    0.240782    0.252121    2.355989 ^ fanout126/X (sky130_fd_sc_hd__clkbuf_2)
                                                         net126 (net)
                      0.240783    0.000509    2.356498 ^ fanout125/A (sky130_fd_sc_hd__clkbuf_2)
     5    0.038549    0.211745    0.281320    2.637817 ^ fanout125/X (sky130_fd_sc_hd__clkbuf_2)
                                                         net125 (net)
                      0.211759    0.001448    2.639265 ^ fanout124/A (sky130_fd_sc_hd__clkbuf_4)
    10    0.044451    0.141649    0.264421    2.903687 ^ fanout124/X (sky130_fd_sc_hd__clkbuf_4)
                                                         net124 (net)
                      0.141659    0.000994    2.904681 ^ _2728_/B2 (sky130_fd_sc_hd__a22o_1)
     3    0.008324    0.092638    0.181075    3.085755 ^ _2728_/X (sky130_fd_sc_hd__a22o_1)
                                                         _0334_ (net)
                      0.092638    0.000134    3.085890 ^ _2730_/C (sky130_fd_sc_hd__and4_1)
     1    0.002002    0.048151    0.179436    3.265326 ^ _2730_/X (sky130_fd_sc_hd__and4_1)
                                                         _0336_ (net)
                      0.048151    0.000056    3.265382 ^ _2732_/A_N (sky130_fd_sc_hd__and2b_1)
     3    0.014220    0.081212    0.217744    3.483127 v _2732_/X (sky130_fd_sc_hd__and2b_1)
                                                         _0338_ (net)
                      0.081218    0.000590    3.483717 v _2735_/B1 (sky130_fd_sc_hd__a21o_1)
     2    0.007344    0.052612    0.183658    3.667375 v _2735_/X (sky130_fd_sc_hd__a21o_1)
                                                         _0341_ (net)
                      0.052612    0.000177    3.667552 v _2737_/A2 (sky130_fd_sc_hd__a21o_1)
     3    0.010261    0.063539    0.208920    3.876473 v _2737_/X (sky130_fd_sc_hd__a21o_1)
                                                         _0343_ (net)
                      0.063541    0.000264    3.876737 v _2751_/B (sky130_fd_sc_hd__and3_1)
     3    0.007975    0.059502    0.192415    4.069152 v _2751_/X (sky130_fd_sc_hd__and3_1)
                                                         _0357_ (net)
                      0.059502    0.000185    4.069337 v _2753_/A1 (sky130_fd_sc_hd__o211a_1)
     2    0.007108    0.058156    0.245301    4.314638 v _2753_/X (sky130_fd_sc_hd__o211a_1)
                                                         _0359_ (net)
                      0.058156    0.000192    4.314829 v _2777_/B (sky130_fd_sc_hd__or4bb_4)
     5    0.024360    0.119477    0.573647    4.888476 v _2777_/X (sky130_fd_sc_hd__or4bb_4)
                                                         _0383_ (net)
                      0.119480    0.000417    4.888894 v _2853_/B1 (sky130_fd_sc_hd__o211a_4)
     3    0.010107    0.045807    0.177355    5.066248 v _2853_/X (sky130_fd_sc_hd__o211a_4)
                                                         _0459_ (net)
                      0.045808    0.000218    5.066466 v _2863_/B (sky130_fd_sc_hd__or3_4)
     2    0.013948    0.081305    0.388375    5.454841 v _2863_/X (sky130_fd_sc_hd__or3_4)
                                                         _0469_ (net)
                      0.081309    0.000476    5.455317 v _2865_/A1 (sky130_fd_sc_hd__a211oi_4)
     2    0.009439    0.206450    0.241038    5.696355 ^ _2865_/Y (sky130_fd_sc_hd__a211oi_4)
                                                         _0471_ (net)
                      0.206450    0.000200    5.696555 ^ _3128_/A2 (sky130_fd_sc_hd__o21ba_4)
     3    0.013122    0.062195    0.177554    5.874109 ^ _3128_/X (sky130_fd_sc_hd__o21ba_4)
                                                         _0734_ (net)
                      0.062200    0.000446    5.874556 ^ _3132_/A2_N (sky130_fd_sc_hd__a2bb2o_4)
     2    0.007209    0.038107    0.216901    6.091456 v _3132_/X (sky130_fd_sc_hd__a2bb2o_4)
                                                         _0738_ (net)
                      0.038107    0.000214    6.091670 v _3134_/A3 (sky130_fd_sc_hd__a41o_1)
     1    0.002508    0.037234    0.215250    6.306920 v _3134_/X (sky130_fd_sc_hd__a41o_1)
                                                         _0740_ (net)
                      0.037235    0.000072    6.306993 v _3136_/B1 (sky130_fd_sc_hd__a311o_1)
     3    0.012067    0.096508    0.363024    6.670016 v _3136_/X (sky130_fd_sc_hd__a311o_1)
                                                         _0742_ (net)
                      0.096512    0.000508    6.670524 v _3214_/A1 (sky130_fd_sc_hd__a41o_1)
     3    0.014292    0.087741    0.244687    6.915211 v _3214_/X (sky130_fd_sc_hd__a41o_1)
                                                         _0820_ (net)
                      0.087754    0.000921    6.916132 v _3221_/C (sky130_fd_sc_hd__and4bb_1)
     2    0.006450    0.056132    0.221299    7.137432 v _3221_/X (sky130_fd_sc_hd__and4bb_1)
                                                         _0827_ (net)
                      0.056132    0.000166    7.137598 v _3251_/B (sky130_fd_sc_hd__or3_4)
     1    0.003189    0.062271    0.357002    7.494600 v _3251_/X (sky130_fd_sc_hd__or3_4)
                                                         _0854_ (net)
                      0.062271    0.000098    7.494698 v _3252_/A (sky130_fd_sc_hd__and2_4)
     3    0.009511    0.035795    0.149135    7.643833 v _3252_/X (sky130_fd_sc_hd__and2_4)
                                                         _0855_ (net)
                      0.035797    0.000218    7.644050 v _3253_/A1 (sky130_fd_sc_hd__mux2_4)
     1    0.003428    0.048918    0.249442    7.893492 v _3253_/X (sky130_fd_sc_hd__mux2_4)
                                                         _0856_ (net)
                      0.048918    0.000109    7.893601 v _3254_/A (sky130_fd_sc_hd__clkbuf_1)
     1    0.002294    0.023973    0.086297    7.979899 v _3254_/X (sky130_fd_sc_hd__clkbuf_1)
                                                         _0170_ (net)
                      0.023973    0.000066    7.979964 v _3890_/D (sky130_fd_sc_hd__dfrtp_1)
                                              7.979964   data arrival time

                                  5.000000    5.000000   clock clk' (rise edge)
                                  0.000000    5.000000   clock source latency
     1    0.024625    0.055909    0.040351    5.040351 v clk (in)
                                                         clk (net)
                      0.056011    0.000000    5.040351 v clkbuf_0_clk/A (sky130_fd_sc_hd__clkbuf_16)
     8    0.091017    0.076308    0.191535    5.231887 v clkbuf_0_clk/X (sky130_fd_sc_hd__clkbuf_16)
                                                         clknet_0_clk (net)
                      0.076504    0.003170    5.235057 v clkbuf_3_2__f_clk/A (sky130_fd_sc_hd__clkbuf_16)
    13    0.077402    0.067515    0.194232    5.429289 v clkbuf_3_2__f_clk/X (sky130_fd_sc_hd__clkbuf_16)
                                                         clknet_3_2__leaf_clk (net)
                      0.067627    0.002291    5.431580 v _3802__85/A (sky130_fd_sc_hd__inv_2)
     1    0.002235    0.025396    0.045904    5.477484 ^ _3802__85/Y (sky130_fd_sc_hd__inv_2)
                                                         net263 (net)
                      0.025396    0.000064    5.477548 ^ _3890_/CLK (sky130_fd_sc_hd__dfrtp_1)
                                 -0.250000    5.227548   clock uncertainty
                                  0.000000    5.227548   clock reconvergence pessimism
                                 -0.109575    5.117973   library setup time
                                              5.117973   data required time
---------------------------------------------------------------------------------------------
                                              5.117973   data required time
                                             -7.979964   data arrival time
---------------------------------------------------------------------------------------------
                                             -2.861992   slack (VIOLATED)




===========================================================================
report_checks --slack_max -0.01
============================================================================
======================= nom_tt_025C_1v80 Corner ===================================

Startpoint: periodTop[11] (input port clocked by clk)
Endpoint: _3890_ (rising edge-triggered flip-flop clocked by clk')
Path Group: clk
Path Type: max

Fanout         Cap        Slew       Delay        Time   Description
---------------------------------------------------------------------------------------------
                                  0.000000    0.000000   clock clk (rise edge)
                                  0.000000    0.000000   clock network delay (propagated)
                                  2.000000    2.000000 ^ input external delay
     1    0.002755    0.019541    0.010158    2.010158 ^ periodTop[11] (in)
                                                         periodTop[11] (net)
                      0.019541    0.000000    2.010158 ^ input4/A (sky130_fd_sc_hd__clkbuf_1)
     1    0.005531    0.074354    0.093495    2.103653 ^ input4/X (sky130_fd_sc_hd__clkbuf_1)
                                                         net4 (net)
                      0.074355    0.000214    2.103867 ^ fanout126/A (sky130_fd_sc_hd__clkbuf_2)
     3    0.044120    0.240782    0.252121    2.355989 ^ fanout126/X (sky130_fd_sc_hd__clkbuf_2)
                                                         net126 (net)
                      0.240783    0.000509    2.356498 ^ fanout125/A (sky130_fd_sc_hd__clkbuf_2)
     5    0.038549    0.211745    0.281320    2.637817 ^ fanout125/X (sky130_fd_sc_hd__clkbuf_2)
                                                         net125 (net)
                      0.211759    0.001448    2.639265 ^ fanout124/A (sky130_fd_sc_hd__clkbuf_4)
    10    0.044451    0.141649    0.264421    2.903687 ^ fanout124/X (sky130_fd_sc_hd__clkbuf_4)
                                                         net124 (net)
                      0.141659    0.000994    2.904681 ^ _2728_/B2 (sky130_fd_sc_hd__a22o_1)
     3    0.008324    0.092638    0.181075    3.085755 ^ _2728_/X (sky130_fd_sc_hd__a22o_1)
                                                         _0334_ (net)
                      0.092638    0.000134    3.085890 ^ _2730_/C (sky130_fd_sc_hd__and4_1)
     1    0.002002    0.048151    0.179436    3.265326 ^ _2730_/X (sky130_fd_sc_hd__and4_1)
                                                         _0336_ (net)
                      0.048151    0.000056    3.265382 ^ _2732_/A_N (sky130_fd_sc_hd__and2b_1)
     3    0.014220    0.081212    0.217744    3.483127 v _2732_/X (sky130_fd_sc_hd__and2b_1)
                                                         _0338_ (net)
                      0.081218    0.000590    3.483717 v _2735_/B1 (sky130_fd_sc_hd__a21o_1)
     2    0.007344    0.052612    0.183658    3.667375 v _2735_/X (sky130_fd_sc_hd__a21o_1)
                                                         _0341_ (net)
                      0.052612    0.000177    3.667552 v _2737_/A2 (sky130_fd_sc_hd__a21o_1)
     3    0.010261    0.063539    0.208920    3.876473 v _2737_/X (sky130_fd_sc_hd__a21o_1)
                                                         _0343_ (net)
                      0.063541    0.000264    3.876737 v _2751_/B (sky130_fd_sc_hd__and3_1)
     3    0.007975    0.059502    0.192415    4.069152 v _2751_/X (sky130_fd_sc_hd__and3_1)
                                                         _0357_ (net)
                      0.059502    0.000185    4.069337 v _2753_/A1 (sky130_fd_sc_hd__o211a_1)
     2    0.007108    0.058156    0.245301    4.314638 v _2753_/X (sky130_fd_sc_hd__o211a_1)
                                                         _0359_ (net)
                      0.058156    0.000192    4.314829 v _2777_/B (sky130_fd_sc_hd__or4bb_4)
     5    0.024360    0.119477    0.573647    4.888476 v _2777_/X (sky130_fd_sc_hd__or4bb_4)
                                                         _0383_ (net)
                      0.119480    0.000417    4.888894 v _2853_/B1 (sky130_fd_sc_hd__o211a_4)
     3    0.010107    0.045807    0.177355    5.066248 v _2853_/X (sky130_fd_sc_hd__o211a_4)
                                                         _0459_ (net)
                      0.045808    0.000218    5.066466 v _2863_/B (sky130_fd_sc_hd__or3_4)
     2    0.013948    0.081305    0.388375    5.454841 v _2863_/X (sky130_fd_sc_hd__or3_4)
                                                         _0469_ (net)
                      0.081309    0.000476    5.455317 v _2865_/A1 (sky130_fd_sc_hd__a211oi_4)
     2    0.009439    0.206450    0.241038    5.696355 ^ _2865_/Y (sky130_fd_sc_hd__a211oi_4)
                                                         _0471_ (net)
                      0.206450    0.000200    5.696555 ^ _3128_/A2 (sky130_fd_sc_hd__o21ba_4)
     3    0.013122    0.062195    0.177554    5.874109 ^ _3128_/X (sky130_fd_sc_hd__o21ba_4)
                                                         _0734_ (net)
                      0.062200    0.000446    5.874556 ^ _3132_/A2_N (sky130_fd_sc_hd__a2bb2o_4)
     2    0.007209    0.038107    0.216901    6.091456 v _3132_/X (sky130_fd_sc_hd__a2bb2o_4)
                                                         _0738_ (net)
                      0.038107    0.000214    6.091670 v _3134_/A3 (sky130_fd_sc_hd__a41o_1)
     1    0.002508    0.037234    0.215250    6.306920 v _3134_/X (sky130_fd_sc_hd__a41o_1)
                                                         _0740_ (net)
                      0.037235    0.000072    6.306993 v _3136_/B1 (sky130_fd_sc_hd__a311o_1)
     3    0.012067    0.096508    0.363024    6.670016 v _3136_/X (sky130_fd_sc_hd__a311o_1)
                                                         _0742_ (net)
                      0.096512    0.000508    6.670524 v _3214_/A1 (sky130_fd_sc_hd__a41o_1)
     3    0.014292    0.087741    0.244687    6.915211 v _3214_/X (sky130_fd_sc_hd__a41o_1)
                                                         _0820_ (net)
                      0.087754    0.000921    6.916132 v _3221_/C (sky130_fd_sc_hd__and4bb_1)
     2    0.006450    0.056132    0.221299    7.137432 v _3221_/X (sky130_fd_sc_hd__and4bb_1)
                                                         _0827_ (net)
                      0.056132    0.000166    7.137598 v _3251_/B (sky130_fd_sc_hd__or3_4)
     1    0.003189    0.062271    0.357002    7.494600 v _3251_/X (sky130_fd_sc_hd__or3_4)
                                                         _0854_ (net)
                      0.062271    0.000098    7.494698 v _3252_/A (sky130_fd_sc_hd__and2_4)
     3    0.009511    0.035795    0.149135    7.643833 v _3252_/X (sky130_fd_sc_hd__and2_4)
                                                         _0855_ (net)
                      0.035797    0.000218    7.644050 v _3253_/A1 (sky130_fd_sc_hd__mux2_4)
     1    0.003428    0.048918    0.249442    7.893492 v _3253_/X (sky130_fd_sc_hd__mux2_4)
                                                         _0856_ (net)
                      0.048918    0.000109    7.893601 v _3254_/A (sky130_fd_sc_hd__clkbuf_1)
     1    0.002294    0.023973    0.086297    7.979899 v _3254_/X (sky130_fd_sc_hd__clkbuf_1)
                                                         _0170_ (net)
                      0.023973    0.000066    7.979964 v _3890_/D (sky130_fd_sc_hd__dfrtp_1)
                                              7.979964   data arrival time

                                  5.000000    5.000000   clock clk' (rise edge)
                                  0.000000    5.000000   clock source latency
     1    0.024625    0.055909    0.040351    5.040351 v clk (in)
                                                         clk (net)
                      0.056011    0.000000    5.040351 v clkbuf_0_clk/A (sky130_fd_sc_hd__clkbuf_16)
     8    0.091017    0.076308    0.191535    5.231887 v clkbuf_0_clk/X (sky130_fd_sc_hd__clkbuf_16)
                                                         clknet_0_clk (net)
                      0.076504    0.003170    5.235057 v clkbuf_3_2__f_clk/A (sky130_fd_sc_hd__clkbuf_16)
    13    0.077402    0.067515    0.194232    5.429289 v clkbuf_3_2__f_clk/X (sky130_fd_sc_hd__clkbuf_16)
                                                         clknet_3_2__leaf_clk (net)
                      0.067627    0.002291    5.431580 v _3802__85/A (sky130_fd_sc_hd__inv_2)
     1    0.002235    0.025396    0.045904    5.477484 ^ _3802__85/Y (sky130_fd_sc_hd__inv_2)
                                                         net263 (net)
                      0.025396    0.000064    5.477548 ^ _3890_/CLK (sky130_fd_sc_hd__dfrtp_1)
                                 -0.250000    5.227548   clock uncertainty
                                  0.000000    5.227548   clock reconvergence pessimism
                                 -0.109575    5.117973   library setup time
                                              5.117973   data required time
---------------------------------------------------------------------------------------------
                                              5.117973   data required time
                                             -7.979964   data arrival time
---------------------------------------------------------------------------------------------
                                             -2.861992   slack (VIOLATED)




===========================================================================
 report_check_types -max_slew -max_cap -max_fanout -violators
============================================================================
======================= nom_tt_025C_1v80 Corner ===================================

max fanout

Pin                                   Limit Fanout  Slack
---------------------------------------------------------
clkbuf_3_5__f_clk/X                      10     15     -5 (VIOLATED)
clkbuf_3_6__f_clk/X                      10     14     -4 (VIOLATED)
clkbuf_3_2__f_clk/X                      10     13     -3 (VIOLATED)
clkbuf_3_7__f_clk/X                      10     11        (VIOLATED)



===========================================================================
report_parasitic_annotation -report_unannotated
============================================================================
Found 0 unannotated drivers.
Found 0 partially unannotated drivers.

===========================================================================
max slew violation count 0
max fanout violation count 4
max cap violation count 0
============================================================================

===========================================================================
check_setup -verbose -unconstrained_endpoints -multiple_clock -no_clock -no_input_delay -loops -generated_clocks
===========================================================================
