Reading OpenROAD database at '/home/jco1147/393_folder/CE493/sv/svm/runs/RUN_2023-11-29_17-14-46/14-openroad-globalplacementskipio/svm.odb'…
Reading library file at '/home/jco1147/393_folder/CE493/sv/svm/runs/RUN_2023-11-29_17-14-46/tmp/c455283e52fd423b9a7616106d7834a5.lib'…
Reading design constraints file at '/home/jco1147/.local/lib/python3.9/site-packages/openlane/scripts/base.sdc'…
[INFO] Using clock clk…
[INFO] Setting output delay to: 2
[INFO] Setting input delay to: 2
[INFO] Setting load to: 0.033442
[INFO] Setting clock uncertainty to: 0.25
[INFO] Setting clock transition to: 0.1499999999999999944488848768742172978818416595458984375
[INFO] Setting timing derate to: 5%
[WARNING STA-0376] cell 'sky130_fd_sc_hd__a2111oi_0' not found.
[WARNING STA-0376] cell 'sky130_fd_sc_hd__a21boi_0' not found.
[WARNING STA-0376] cell 'sky130_fd_sc_hd__and2_0' not found.
[WARNING STA-0376] cell 'sky130_fd_sc_hd__buf_16' not found.
[WARNING STA-0376] cell 'sky130_fd_sc_hd__clkdlybuf4s15_1' not found.
[WARNING STA-0376] cell 'sky130_fd_sc_hd__clkdlybuf4s18_1' not found.
[WARNING STA-0376] cell 'sky130_fd_sc_hd__fa_4' not found.
[WARNING STA-0376] cell 'sky130_fd_sc_hd__lpflow_bleeder_1' not found.
[WARNING STA-0376] cell 'sky130_fd_sc_hd__lpflow_clkbufkapwr_1' not found.
[WARNING STA-0376] cell 'sky130_fd_sc_hd__lpflow_clkbufkapwr_16' not found.
[WARNING STA-0376] cell 'sky130_fd_sc_hd__lpflow_clkbufkapwr_2' not found.
[WARNING STA-0376] cell 'sky130_fd_sc_hd__lpflow_clkbufkapwr_4' not found.
[WARNING STA-0376] cell 'sky130_fd_sc_hd__lpflow_clkbufkapwr_8' not found.
[WARNING STA-0376] cell 'sky130_fd_sc_hd__lpflow_clkinvkapwr_1' not found.
[WARNING STA-0376] cell 'sky130_fd_sc_hd__lpflow_clkinvkapwr_16' not found.
[WARNING STA-0376] cell 'sky130_fd_sc_hd__lpflow_clkinvkapwr_2' not found.
[WARNING STA-0376] cell 'sky130_fd_sc_hd__lpflow_clkinvkapwr_4' not found.
[WARNING STA-0376] cell 'sky130_fd_sc_hd__lpflow_clkinvkapwr_8' not found.
[WARNING STA-0376] cell 'sky130_fd_sc_hd__lpflow_decapkapwr_12' not found.
[WARNING STA-0376] cell 'sky130_fd_sc_hd__lpflow_decapkapwr_3' not found.
[WARNING STA-0376] cell 'sky130_fd_sc_hd__lpflow_decapkapwr_4' not found.
[WARNING STA-0376] cell 'sky130_fd_sc_hd__lpflow_decapkapwr_6' not found.
[WARNING STA-0376] cell 'sky130_fd_sc_hd__lpflow_decapkapwr_8' not found.
[WARNING STA-0376] cell 'sky130_fd_sc_hd__lpflow_inputiso0n_1' not found.
[WARNING STA-0376] cell 'sky130_fd_sc_hd__lpflow_inputiso0p_1' not found.
[WARNING STA-0376] cell 'sky130_fd_sc_hd__lpflow_inputiso1n_1' not found.
[WARNING STA-0376] cell 'sky130_fd_sc_hd__lpflow_inputiso1p_1' not found.
[WARNING STA-0376] cell 'sky130_fd_sc_hd__lpflow_inputisolatch_1' not found.
[WARNING STA-0376] cell 'sky130_fd_sc_hd__lpflow_isobufsrc_1' not found.
[WARNING STA-0376] cell 'sky130_fd_sc_hd__lpflow_isobufsrc_16' not found.
[WARNING STA-0376] cell 'sky130_fd_sc_hd__lpflow_isobufsrc_2' not found.
[WARNING STA-0376] cell 'sky130_fd_sc_hd__lpflow_isobufsrc_4' not found.
[WARNING STA-0376] cell 'sky130_fd_sc_hd__lpflow_isobufsrc_8' not found.
[WARNING STA-0376] cell 'sky130_fd_sc_hd__lpflow_isobufsrckapwr_16' not found.
[WARNING STA-0376] cell 'sky130_fd_sc_hd__lpflow_lsbuf_lh_hl_isowell_tap_1' not found.
[WARNING STA-0376] cell 'sky130_fd_sc_hd__lpflow_lsbuf_lh_hl_isowell_tap_2' not found.
[WARNING STA-0376] cell 'sky130_fd_sc_hd__lpflow_lsbuf_lh_hl_isowell_tap_4' not found.
[WARNING STA-0376] cell 'sky130_fd_sc_hd__lpflow_lsbuf_lh_isowell_4' not found.
[WARNING STA-0376] cell 'sky130_fd_sc_hd__lpflow_lsbuf_lh_isowell_tap_1' not found.
[WARNING STA-0376] cell 'sky130_fd_sc_hd__lpflow_lsbuf_lh_isowell_tap_2' not found.
[WARNING STA-0376] cell 'sky130_fd_sc_hd__lpflow_lsbuf_lh_isowell_tap_4' not found.
[WARNING STA-0376] cell 'sky130_fd_sc_hd__mux4_4' not found.
[WARNING STA-0376] cell 'sky130_fd_sc_hd__o21ai_0' not found.
[WARNING STA-0376] cell 'sky130_fd_sc_hd__o311ai_0' not found.
[WARNING STA-0376] cell 'sky130_fd_sc_hd__or2_0' not found.
[WARNING STA-0376] cell 'sky130_fd_sc_hd__probe_p_8' not found.
[WARNING STA-0376] cell 'sky130_fd_sc_hd__probec_p_8' not found.
[WARNING STA-0376] cell 'sky130_fd_sc_hd__xor3_1' not found.
[WARNING STA-0376] cell 'sky130_fd_sc_hd__xor3_2' not found.
[WARNING STA-0376] cell 'sky130_fd_sc_hd__xor3_4' not found.
[WARNING STA-0376] cell 'sky130_fd_sc_hd__xnor3_1' not found.
[WARNING STA-0376] cell 'sky130_fd_sc_hd__xnor3_2' not found.
[WARNING STA-0376] cell 'sky130_fd_sc_hd__xnor3_4' not found.
Found 0 macro blocks.
[INFO PPL-0010] Tentative 0 to set up sections.
[INFO PPL-0001] Number of slots           376
[INFO PPL-0002] Number of I/O             70
[INFO PPL-0003] Number of I/O w/sink      70
[INFO PPL-0004] Number of I/O w/o sink    0
[INFO PPL-0005] Slots per section         200
[INFO PPL-0006] Slots increase factor     0.01
[INFO PPL-0008] Successfully assigned pins to sections.
[INFO PPL-0012] I/O nets HPWL: 17512.45 um.
Setting global connections for newly added cells…
[INFO] Setting global connections...
Writing OpenROAD database to '/home/jco1147/393_folder/CE493/sv/svm/runs/RUN_2023-11-29_17-14-46/15-openroad-ioplacement/svm.odb'…
Writing netlist to '/home/jco1147/393_folder/CE493/sv/svm/runs/RUN_2023-11-29_17-14-46/15-openroad-ioplacement/svm.nl.v'…
Writing powered netlist to '/home/jco1147/393_folder/CE493/sv/svm/runs/RUN_2023-11-29_17-14-46/15-openroad-ioplacement/svm.pnl.v'…
Writing layout to '/home/jco1147/393_folder/CE493/sv/svm/runs/RUN_2023-11-29_17-14-46/15-openroad-ioplacement/svm.def'…
Writing timing constraints to '/home/jco1147/393_folder/CE493/sv/svm/runs/RUN_2023-11-29_17-14-46/15-openroad-ioplacement/svm.sdc'…
