
===========================================================================
Violator List
============================================================================
[setup in-reg] periodTop[1] -> _8421_/D : -1.910803
[setup in-reg] periodTop[1] -> _8426_/D : -1.909534
[setup in-reg] periodTop[1] -> _8430_/D : -1.900038
[setup in-reg] periodTop[1] -> _8425_/D : -1.896897
[setup in-reg] periodTop[1] -> _8424_/D : -1.896497
[setup in-reg] periodTop[1] -> _8428_/D : -1.894357
[setup in-reg] periodTop[1] -> _8427_/D : -1.894269
[setup in-reg] periodTop[1] -> _8429_/D : -1.893008
[setup in-reg] periodTop[1] -> _8423_/D : -1.892977
[setup in-reg] periodTop[1] -> _8422_/D : -1.892817
[setup in-reg] periodTop[1] -> _8420_/D : -1.728383
[setup in-reg] periodTop[1] -> _8418_/D : -1.724467
[setup in-reg] periodTop[1] -> _8419_/D : -1.722209
[setup in-reg] periodTop[1] -> _8417_/D : -1.714757
[setup in-reg] periodTop[1] -> _8416_/D : -1.712072
[setup in-out] periodTop[10] -> pwmB : -1.458078
[setup in-reg] periodTop[1] -> _8447_/D : -1.366672
[setup in-out] vA[6] -> pwmA : -1.246843
[setup in-out] periodTop[10] -> pwmC : -1.207893
Writing metric timing__hold_vio__count__corner:nom_tt_025C_1v80: 0
Writing metric timing__hold_r2r_vio__count__corner:nom_tt_025C_1v80: 0
Writing metric timing__setup_vio__count__corner:nom_tt_025C_1v80: 19
Writing metric timing__setup_r2r_vio__count__corner:nom_tt_025C_1v80: 0
