
===========================================================================
Violator List
============================================================================
[setup in-out] periodTop[15] -> pwmA : -8.502029
[setup in-out] periodTop[0] -> pwmB : -8.410460
[setup in-reg] periodTop[0] -> _8421_/D : -8.283916
[setup in-out] periodTop[3] -> pwmC : -8.281691
[setup in-reg] periodTop[0] -> _8426_/D : -8.265100
[setup in-reg] periodTop[0] -> _8424_/D : -8.261568
[setup in-reg] periodTop[0] -> _8430_/D : -8.257938
[setup in-reg] periodTop[0] -> _8425_/D : -8.257686
[setup in-reg] periodTop[0] -> _8423_/D : -8.257633
[setup in-reg] periodTop[0] -> _8427_/D : -8.253493
[setup in-reg] periodTop[0] -> _8429_/D : -8.253373
[setup in-reg] periodTop[0] -> _8422_/D : -8.253060
[setup in-reg] periodTop[0] -> _8428_/D : -8.252791
[setup in-reg] periodTop[0] -> _8420_/D : -7.903778
[setup in-reg] periodTop[0] -> _8419_/D : -7.898889
[setup in-reg] periodTop[0] -> _8416_/D : -7.895025
[setup in-reg] periodTop[0] -> _8418_/D : -7.892684
[setup in-reg] periodTop[0] -> _8417_/D : -7.892508
[setup in-reg] periodTop[0] -> _8447_/D : -7.160832
[setup reg-out] _8444_/Q -> halt : -3.258793
