Reading /home/jco1147/393_folder/CE493/sv/svm/runs/RUN_2023-11-29_17-14-46/41-magic-streamout/svm.magic.gds ..
Reading /home/jco1147/393_folder/CE493/sv/svm/runs/RUN_2023-11-29_17-14-46/42-klayout-streamout/svm.klayout.gds ..
--- Running XOR for layer 122/16 ---
"input" in: xor.drc:93
    Polygons (raw): 12079 (flat)  144 (hierarchical)
    Elapsed: 0.000s  Memory: 813.00M
"input" in: xor.drc:93
    Polygons (raw): 12079 (flat)  144 (hierarchical)
    Elapsed: 0.000s  Memory: 813.00M
"^" in: xor.drc:93
    Polygons (raw): 0 (flat)  0 (hierarchical)
    Elapsed: 0.080s  Memory: 813.00M
XOR differences: 0
"output" in: xor.drc:66
    Polygons (raw): 0 (flat)  0 (hierarchical)
    Elapsed: 0.000s  Memory: 813.00M
--- Running XOR for layer 235/4 ---
"input" in: xor.drc:93
    Polygons (raw): 1 (flat)  1 (hierarchical)
    Elapsed: 0.000s  Memory: 813.00M
"input" in: xor.drc:93
    Polygons (raw): 1 (flat)  1 (hierarchical)
    Elapsed: 0.000s  Memory: 813.00M
"^" in: xor.drc:93
    Polygons (raw): 0 (flat)  0 (hierarchical)
    Elapsed: 0.010s  Memory: 813.00M
XOR differences: 0
"output" in: xor.drc:66
    Polygons (raw): 0 (flat)  0 (hierarchical)
    Elapsed: 0.000s  Memory: 813.00M
--- Running XOR for layer 236/0 ---
"input" in: xor.drc:93
    Polygons (raw): 10050 (flat)  138 (hierarchical)
    Elapsed: 0.000s  Memory: 813.00M
"input" in: xor.drc:93
    Polygons (raw): 10050 (flat)  138 (hierarchical)
    Elapsed: 0.000s  Memory: 813.00M
"^" in: xor.drc:93
    Polygons (raw): 0 (flat)  0 (hierarchical)
    Elapsed: 0.070s  Memory: 819.00M
XOR differences: 0
"output" in: xor.drc:66
    Polygons (raw): 0 (flat)  0 (hierarchical)
    Elapsed: 0.000s  Memory: 819.00M
--- Running XOR for layer 64/16 ---
"input" in: xor.drc:93
    Polygons (raw): 12074 (flat)  143 (hierarchical)
    Elapsed: 0.000s  Memory: 819.00M
"input" in: xor.drc:93
    Polygons (raw): 12074 (flat)  143 (hierarchical)
    Elapsed: 0.000s  Memory: 819.00M
"^" in: xor.drc:93
    Polygons (raw): 0 (flat)  0 (hierarchical)
    Elapsed: 0.080s  Memory: 819.00M
XOR differences: 0
"output" in: xor.drc:66
    Polygons (raw): 0 (flat)  0 (hierarchical)
    Elapsed: 0.000s  Memory: 819.00M
--- Running XOR for layer 64/20 ---
"input" in: xor.drc:93
    Polygons (raw): 13261 (flat)  141 (hierarchical)
    Elapsed: 0.000s  Memory: 819.00M
"input" in: xor.drc:93
    Polygons (raw): 13261 (flat)  141 (hierarchical)
    Elapsed: 0.000s  Memory: 819.00M
"^" in: xor.drc:93
    Polygons (raw): 0 (flat)  0 (hierarchical)
    Elapsed: 0.110s  Memory: 819.00M
XOR differences: 0
"output" in: xor.drc:66
    Polygons (raw): 0 (flat)  0 (hierarchical)
    Elapsed: 0.010s  Memory: 819.00M
--- Running XOR for layer 64/5 ---
"input" in: xor.drc:93
    Polygons (raw): 0 (flat)  0 (hierarchical)
    Elapsed: 0.000s  Memory: 819.00M
"input" in: xor.drc:93
    Polygons (raw): 0 (flat)  0 (hierarchical)
    Elapsed: 0.000s  Memory: 819.00M
"^" in: xor.drc:93
    Polygons (raw): 0 (flat)  0 (hierarchical)
    Elapsed: 0.030s  Memory: 819.00M
XOR differences: 0
"output" in: xor.drc:66
    Polygons (raw): 0 (flat)  0 (hierarchical)
    Elapsed: 0.000s  Memory: 819.00M
--- Running XOR for layer 64/59 ---
"input" in: xor.drc:93
    Polygons (raw): 0 (flat)  0 (hierarchical)
    Elapsed: 0.000s  Memory: 819.00M
"input" in: xor.drc:93
    Polygons (raw): 0 (flat)  0 (hierarchical)
    Elapsed: 0.000s  Memory: 819.00M
"^" in: xor.drc:93
    Polygons (raw): 0 (flat)  0 (hierarchical)
    Elapsed: 0.020s  Memory: 819.00M
XOR differences: 0
"output" in: xor.drc:66
    Polygons (raw): 0 (flat)  0 (hierarchical)
    Elapsed: 0.000s  Memory: 819.00M
--- Running XOR for layer 65/20 ---
"input" in: xor.drc:93
    Polygons (raw): 24372 (flat)  417 (hierarchical)
    Elapsed: 0.000s  Memory: 819.00M
"input" in: xor.drc:93
    Polygons (raw): 24372 (flat)  417 (hierarchical)
    Elapsed: 0.000s  Memory: 819.00M
"^" in: xor.drc:93
    Polygons (raw): 0 (flat)  0 (hierarchical)
    Elapsed: 0.130s  Memory: 823.00M
XOR differences: 0
"output" in: xor.drc:66
    Polygons (raw): 0 (flat)  0 (hierarchical)
    Elapsed: 0.000s  Memory: 823.00M
--- Running XOR for layer 65/44 ---
"input" in: xor.drc:93
    Polygons (raw): 2398 (flat)  2 (hierarchical)
    Elapsed: 0.000s  Memory: 823.00M
"input" in: xor.drc:93
    Polygons (raw): 2398 (flat)  2 (hierarchical)
    Elapsed: 0.000s  Memory: 823.00M
"^" in: xor.drc:93
    Polygons (raw): 0 (flat)  0 (hierarchical)
    Elapsed: 0.020s  Memory: 823.00M
XOR differences: 0
"output" in: xor.drc:66
    Polygons (raw): 0 (flat)  0 (hierarchical)
    Elapsed: 0.000s  Memory: 823.00M
--- Running XOR for layer 66/20 ---
"input" in: xor.drc:93
    Polygons (raw): 28972 (flat)  681 (hierarchical)
    Elapsed: 0.000s  Memory: 823.00M
"input" in: xor.drc:93
    Polygons (raw): 28972 (flat)  681 (hierarchical)
    Elapsed: 0.000s  Memory: 823.00M
"^" in: xor.drc:93
    Polygons (raw): 0 (flat)  0 (hierarchical)
    Elapsed: 0.330s  Memory: 823.00M
XOR differences: 0
"output" in: xor.drc:66
    Polygons (raw): 0 (flat)  0 (hierarchical)
    Elapsed: 0.010s  Memory: 823.00M
--- Running XOR for layer 66/44 ---
"input" in: xor.drc:93
    Polygons (raw): 160037 (flat)  4338 (hierarchical)
    Elapsed: 0.000s  Memory: 823.00M
"input" in: xor.drc:93
    Polygons (raw): 160037 (flat)  4338 (hierarchical)
    Elapsed: 0.000s  Memory: 823.00M
"^" in: xor.drc:93
    Polygons (raw): 0 (flat)  0 (hierarchical)
    Elapsed: 0.720s  Memory: 823.00M
XOR differences: 0
"output" in: xor.drc:66
    Polygons (raw): 0 (flat)  0 (hierarchical)
    Elapsed: 0.010s  Memory: 823.00M
--- Running XOR for layer 67/16 ---
"input" in: xor.drc:93
    Polygons (raw): 26663 (flat)  1190 (hierarchical)
    Elapsed: 0.000s  Memory: 823.00M
"input" in: xor.drc:93
    Polygons (raw): 26663 (flat)  1190 (hierarchical)
    Elapsed: 0.000s  Memory: 823.00M
"^" in: xor.drc:93
    Polygons (raw): 0 (flat)  0 (hierarchical)
    Elapsed: 0.100s  Memory: 823.00M
XOR differences: 0
"output" in: xor.drc:66
    Polygons (raw): 0 (flat)  0 (hierarchical)
    Elapsed: 0.000s  Memory: 823.00M
--- Running XOR for layer 67/20 ---
"input" in: xor.drc:93
    Polygons (raw): 70013 (flat)  16510 (hierarchical)
    Elapsed: 0.000s  Memory: 823.00M
"input" in: xor.drc:93
    Polygons (raw): 70013 (flat)  1219 (hierarchical)
    Elapsed: 0.000s  Memory: 823.00M
"^" in: xor.drc:93
    Polygons (raw): 0 (flat)  0 (hierarchical)
    Elapsed: 0.830s  Memory: 843.00M
XOR differences: 0
"output" in: xor.drc:66
    Polygons (raw): 0 (flat)  0 (hierarchical)
    Elapsed: 0.010s  Memory: 843.00M
--- Running XOR for layer 67/44 ---
"input" in: xor.drc:93
    Polygons (raw): 152730 (flat)  17850 (hierarchical)
    Elapsed: 0.000s  Memory: 843.00M
"input" in: xor.drc:93
    Polygons (raw): 152730 (flat)  2559 (hierarchical)
    Elapsed: 0.000s  Memory: 843.00M
"^" in: xor.drc:93
    Polygons (raw): 0 (flat)  0 (hierarchical)
    Elapsed: 0.570s  Memory: 843.00M
XOR differences: 0
"output" in: xor.drc:66
    Polygons (raw): 0 (flat)  0 (hierarchical)
    Elapsed: 0.010s  Memory: 843.00M
--- Running XOR for layer 67/5 ---
"input" in: xor.drc:93
    Polygons (raw): 0 (flat)  0 (hierarchical)
    Elapsed: 0.000s  Memory: 843.00M
"input" in: xor.drc:93
    Polygons (raw): 0 (flat)  0 (hierarchical)
    Elapsed: 0.000s  Memory: 843.00M
"^" in: xor.drc:93
    Polygons (raw): 0 (flat)  0 (hierarchical)
    Elapsed: 0.020s  Memory: 843.00M
XOR differences: 0
"output" in: xor.drc:66
    Polygons (raw): 0 (flat)  0 (hierarchical)
    Elapsed: 0.000s  Memory: 843.00M
--- Running XOR for layer 68/16 ---
"input" in: xor.drc:93
    Polygons (raw): 26644 (flat)  286 (hierarchical)
    Elapsed: 0.000s  Memory: 843.00M
"input" in: xor.drc:93
    Polygons (raw): 26644 (flat)  286 (hierarchical)
    Elapsed: 0.000s  Memory: 843.00M
"^" in: xor.drc:93
    Polygons (raw): 0 (flat)  0 (hierarchical)
    Elapsed: 0.140s  Memory: 843.00M
XOR differences: 0
"output" in: xor.drc:66
    Polygons (raw): 0 (flat)  0 (hierarchical)
    Elapsed: 0.010s  Memory: 843.00M
--- Running XOR for layer 68/20 ---
"input" in: xor.drc:93
    Polygons (raw): 90076 (flat)  63073 (hierarchical)
    Elapsed: 0.000s  Memory: 843.00M
"input" in: xor.drc:93
    Polygons (raw): 78928 (flat)  21563 (hierarchical)
    Elapsed: 0.000s  Memory: 843.00M
"^" in: xor.drc:93
    Polygons (raw): 0 (flat)  0 (hierarchical)
    Elapsed: 0.530s  Memory: 865.00M
XOR differences: 0
"output" in: xor.drc:66
    Polygons (raw): 0 (flat)  0 (hierarchical)
    Elapsed: 0.010s  Memory: 865.00M
--- Running XOR for layer 68/44 ---
"input" in: xor.drc:93
    Polygons (raw): 15938 (flat)  15938 (hierarchical)
    Elapsed: 0.000s  Memory: 865.00M
"input" in: xor.drc:93
    Polygons (raw): 15938 (flat)  7 (hierarchical)
    Elapsed: 0.000s  Memory: 865.00M
"^" in: xor.drc:93
    Polygons (raw): 0 (flat)  0 (hierarchical)
    Elapsed: 0.080s  Memory: 865.00M
XOR differences: 0
"output" in: xor.drc:66
    Polygons (raw): 0 (flat)  0 (hierarchical)
    Elapsed: 0.000s  Memory: 865.00M
--- Running XOR for layer 68/5 ---
"input" in: xor.drc:93
    Polygons (raw): 0 (flat)  0 (hierarchical)
    Elapsed: 0.000s  Memory: 865.00M
"input" in: xor.drc:93
    Polygons (raw): 0 (flat)  0 (hierarchical)
    Elapsed: 0.000s  Memory: 865.00M
"^" in: xor.drc:93
    Polygons (raw): 0 (flat)  0 (hierarchical)
    Elapsed: 0.030s  Memory: 865.00M
XOR differences: 0
"output" in: xor.drc:66
    Polygons (raw): 0 (flat)  0 (hierarchical)
    Elapsed: 0.000s  Memory: 865.00M
--- Running XOR for layer 69/16 ---
"input" in: xor.drc:93
    Polygons (raw): 34 (flat)  34 (hierarchical)
    Elapsed: 0.000s  Memory: 865.00M
"input" in: xor.drc:93
    Polygons (raw): 34 (flat)  34 (hierarchical)
    Elapsed: 0.000s  Memory: 865.00M
"^" in: xor.drc:93
    Polygons (raw): 0 (flat)  0 (hierarchical)
    Elapsed: 0.010s  Memory: 865.00M
XOR differences: 0
"output" in: xor.drc:66
    Polygons (raw): 0 (flat)  0 (hierarchical)
    Elapsed: 0.000s  Memory: 865.00M
--- Running XOR for layer 69/20 ---
"input" in: xor.drc:93
    Polygons (raw): 26426 (flat)  26426 (hierarchical)
    Elapsed: 0.000s  Memory: 865.00M
"input" in: xor.drc:93
    Polygons (raw): 26229 (flat)  10525 (hierarchical)
    Elapsed: 0.000s  Memory: 865.00M
"^" in: xor.drc:93
    Polygons (raw): 0 (flat)  0 (hierarchical)
    Elapsed: 0.210s  Memory: 865.00M
XOR differences: 0
"output" in: xor.drc:66
    Polygons (raw): 0 (flat)  0 (hierarchical)
    Elapsed: 0.000s  Memory: 865.00M
--- Running XOR for layer 69/44 ---
"input" in: xor.drc:93
    Polygons (raw): 1283 (flat)  1283 (hierarchical)
    Elapsed: 0.000s  Memory: 865.00M
"input" in: xor.drc:93
    Polygons (raw): 1283 (flat)  5 (hierarchical)
    Elapsed: 0.000s  Memory: 865.00M
"^" in: xor.drc:93
    Polygons (raw): 0 (flat)  0 (hierarchical)
    Elapsed: 0.020s  Memory: 865.00M
XOR differences: 0
"output" in: xor.drc:66
    Polygons (raw): 0 (flat)  0 (hierarchical)
    Elapsed: 0.000s  Memory: 865.00M
--- Running XOR for layer 69/5 ---
"input" in: xor.drc:93
    Polygons (raw): 0 (flat)  0 (hierarchical)
    Elapsed: 0.000s  Memory: 865.00M
"input" in: xor.drc:93
    Polygons (raw): 0 (flat)  0 (hierarchical)
    Elapsed: 0.000s  Memory: 865.00M
"^" in: xor.drc:93
    Polygons (raw): 0 (flat)  0 (hierarchical)
    Elapsed: 0.010s  Memory: 865.00M
XOR differences: 0
"output" in: xor.drc:66
    Polygons (raw): 0 (flat)  0 (hierarchical)
    Elapsed: 0.000s  Memory: 865.00M
--- Running XOR for layer 70/16 ---
"input" in: xor.drc:93
    Polygons (raw): 36 (flat)  36 (hierarchical)
    Elapsed: 0.000s  Memory: 865.00M
"input" in: xor.drc:93
    Polygons (raw): 36 (flat)  36 (hierarchical)
    Elapsed: 0.000s  Memory: 865.00M
"^" in: xor.drc:93
    Polygons (raw): 0 (flat)  0 (hierarchical)
    Elapsed: 0.010s  Memory: 865.00M
XOR differences: 0
"output" in: xor.drc:66
    Polygons (raw): 0 (flat)  0 (hierarchical)
    Elapsed: 0.000s  Memory: 865.00M
--- Running XOR for layer 70/20 ---
"input" in: xor.drc:93
    Polygons (raw): 1597 (flat)  1597 (hierarchical)
    Elapsed: 0.000s  Memory: 865.00M
"input" in: xor.drc:93
    Polygons (raw): 1545 (flat)  602 (hierarchical)
    Elapsed: 0.000s  Memory: 865.00M
"^" in: xor.drc:93
    Polygons (raw): 0 (flat)  0 (hierarchical)
    Elapsed: 0.020s  Memory: 865.00M
XOR differences: 0
"output" in: xor.drc:66
    Polygons (raw): 0 (flat)  0 (hierarchical)
    Elapsed: 0.000s  Memory: 865.00M
--- Running XOR for layer 70/44 ---
"input" in: xor.drc:93
    Polygons (raw): 960 (flat)  960 (hierarchical)
    Elapsed: 0.000s  Memory: 865.00M
"input" in: xor.drc:93
    Polygons (raw): 960 (flat)  5 (hierarchical)
    Elapsed: 0.000s  Memory: 865.00M
"^" in: xor.drc:93
    Polygons (raw): 0 (flat)  0 (hierarchical)
    Elapsed: 0.020s  Memory: 865.00M
XOR differences: 0
"output" in: xor.drc:66
    Polygons (raw): 0 (flat)  0 (hierarchical)
    Elapsed: 0.000s  Memory: 865.00M
--- Running XOR for layer 70/5 ---
"input" in: xor.drc:93
    Polygons (raw): 0 (flat)  0 (hierarchical)
    Elapsed: 0.000s  Memory: 865.00M
"input" in: xor.drc:93
    Polygons (raw): 0 (flat)  0 (hierarchical)
    Elapsed: 0.000s  Memory: 865.00M
"^" in: xor.drc:93
    Polygons (raw): 0 (flat)  0 (hierarchical)
    Elapsed: 0.010s  Memory: 865.00M
XOR differences: 0
"output" in: xor.drc:66
    Polygons (raw): 0 (flat)  0 (hierarchical)
    Elapsed: 0.000s  Memory: 865.00M
--- Running XOR for layer 71/16 ---
"input" in: xor.drc:93
    Polygons (raw): 4 (flat)  4 (hierarchical)
    Elapsed: 0.000s  Memory: 865.00M
"input" in: xor.drc:93
    Polygons (raw): 4 (flat)  4 (hierarchical)
    Elapsed: 0.000s  Memory: 865.00M
"^" in: xor.drc:93
    Polygons (raw): 0 (flat)  0 (hierarchical)
    Elapsed: 0.020s  Memory: 865.00M
XOR differences: 0
"output" in: xor.drc:66
    Polygons (raw): 0 (flat)  0 (hierarchical)
    Elapsed: 0.000s  Memory: 865.00M
--- Running XOR for layer 71/20 ---
"input" in: xor.drc:93
    Polygons (raw): 156 (flat)  156 (hierarchical)
    Elapsed: 0.000s  Memory: 865.00M
"input" in: xor.drc:93
    Polygons (raw): 384 (flat)  67 (hierarchical)
    Elapsed: 0.010s  Memory: 865.00M
"^" in: xor.drc:93
    Polygons (raw): 0 (flat)  0 (hierarchical)
    Elapsed: 0.020s  Memory: 865.00M
XOR differences: 0
"output" in: xor.drc:66
    Polygons (raw): 0 (flat)  0 (hierarchical)
    Elapsed: 0.000s  Memory: 865.00M
--- Running XOR for layer 71/44 ---
"input" in: xor.drc:93
    Polygons (raw): 8 (flat)  8 (hierarchical)
    Elapsed: 0.000s  Memory: 865.00M
"input" in: xor.drc:93
    Polygons (raw): 8 (flat)  1 (hierarchical)
    Elapsed: 0.000s  Memory: 865.00M
"^" in: xor.drc:93
    Polygons (raw): 0 (flat)  0 (hierarchical)
    Elapsed: 0.010s  Memory: 865.00M
XOR differences: 0
"output" in: xor.drc:66
    Polygons (raw): 0 (flat)  0 (hierarchical)
    Elapsed: 0.000s  Memory: 865.00M
--- Running XOR for layer 71/5 ---
"input" in: xor.drc:93
    Polygons (raw): 0 (flat)  0 (hierarchical)
    Elapsed: 0.000s  Memory: 865.00M
"input" in: xor.drc:93
    Polygons (raw): 0 (flat)  0 (hierarchical)
    Elapsed: 0.000s  Memory: 865.00M
"^" in: xor.drc:93
    Polygons (raw): 0 (flat)  0 (hierarchical)
    Elapsed: 0.010s  Memory: 865.00M
XOR differences: 0
"output" in: xor.drc:66
    Polygons (raw): 0 (flat)  0 (hierarchical)
    Elapsed: 0.000s  Memory: 865.00M
--- Running XOR for layer 72/16 ---
"input" in: xor.drc:93
    Polygons (raw): 4 (flat)  4 (hierarchical)
    Elapsed: 0.000s  Memory: 865.00M
"input" in: xor.drc:93
    Polygons (raw): 4 (flat)  4 (hierarchical)
    Elapsed: 0.000s  Memory: 865.00M
"^" in: xor.drc:93
    Polygons (raw): 0 (flat)  0 (hierarchical)
    Elapsed: 0.010s  Memory: 865.00M
XOR differences: 0
"output" in: xor.drc:66
    Polygons (raw): 0 (flat)  0 (hierarchical)
    Elapsed: 0.000s  Memory: 865.00M
--- Running XOR for layer 72/20 ---
"input" in: xor.drc:93
    Polygons (raw): 4 (flat)  4 (hierarchical)
    Elapsed: 0.000s  Memory: 865.00M
"input" in: xor.drc:93
    Polygons (raw): 16 (flat)  9 (hierarchical)
    Elapsed: 0.000s  Memory: 865.00M
"^" in: xor.drc:93
    Polygons (raw): 0 (flat)  0 (hierarchical)
    Elapsed: 0.020s  Memory: 865.00M
XOR differences: 0
"output" in: xor.drc:66
    Polygons (raw): 0 (flat)  0 (hierarchical)
    Elapsed: 0.000s  Memory: 865.00M
--- Running XOR for layer 72/5 ---
"input" in: xor.drc:93
    Polygons (raw): 0 (flat)  0 (hierarchical)
    Elapsed: 0.000s  Memory: 865.00M
"input" in: xor.drc:93
    Polygons (raw): 0 (flat)  0 (hierarchical)
    Elapsed: 0.000s  Memory: 865.00M
"^" in: xor.drc:93
    Polygons (raw): 0 (flat)  0 (hierarchical)
    Elapsed: 0.010s  Memory: 865.00M
XOR differences: 0
"output" in: xor.drc:66
    Polygons (raw): 0 (flat)  0 (hierarchical)
    Elapsed: 0.000s  Memory: 865.00M
--- Running XOR for layer 78/44 ---
"input" in: xor.drc:93
    Polygons (raw): 13389 (flat)  146 (hierarchical)
    Elapsed: 0.000s  Memory: 865.00M
"input" in: xor.drc:93
    Polygons (raw): 13389 (flat)  146 (hierarchical)
    Elapsed: 0.000s  Memory: 865.00M
"^" in: xor.drc:93
    Polygons (raw): 0 (flat)  0 (hierarchical)
    Elapsed: 0.080s  Memory: 865.00M
XOR differences: 0
"output" in: xor.drc:66
    Polygons (raw): 0 (flat)  0 (hierarchical)
    Elapsed: 0.000s  Memory: 865.00M
--- Running XOR for layer 81/23 ---
"input" in: xor.drc:93
    Polygons (raw): 21 (flat)  1 (hierarchical)
    Elapsed: 0.000s  Memory: 865.00M
"input" in: xor.drc:93
    Polygons (raw): 21 (flat)  1 (hierarchical)
    Elapsed: 0.000s  Memory: 865.00M
"^" in: xor.drc:93
    Polygons (raw): 0 (flat)  0 (hierarchical)
    Elapsed: 0.010s  Memory: 865.00M
XOR differences: 0
"output" in: xor.drc:66
    Polygons (raw): 0 (flat)  0 (hierarchical)
    Elapsed: 0.000s  Memory: 865.00M
--- Running XOR for layer 81/4 ---
"input" in: xor.drc:93
    Polygons (raw): 13261 (flat)  141 (hierarchical)
    Elapsed: 0.000s  Memory: 865.00M
"input" in: xor.drc:93
    Polygons (raw): 13261 (flat)  141 (hierarchical)
    Elapsed: 0.000s  Memory: 865.00M
"^" in: xor.drc:93
    Polygons (raw): 0 (flat)  0 (hierarchical)
    Elapsed: 0.090s  Memory: 865.00M
XOR differences: 0
"output" in: xor.drc:66
    Polygons (raw): 0 (flat)  0 (hierarchical)
    Elapsed: 0.000s  Memory: 865.00M
--- Running XOR for layer 83/44 ---
"input" in: xor.drc:93
    Polygons (raw): 0 (flat)  0 (hierarchical)
    Elapsed: 0.000s  Memory: 865.00M
"input" in: xor.drc:93
    Polygons (raw): 0 (flat)  0 (hierarchical)
    Elapsed: 0.000s  Memory: 865.00M
"^" in: xor.drc:93
    Polygons (raw): 0 (flat)  0 (hierarchical)
    Elapsed: 0.030s  Memory: 865.00M
XOR differences: 0
"output" in: xor.drc:66
    Polygons (raw): 0 (flat)  0 (hierarchical)
    Elapsed: 0.000s  Memory: 865.00M
--- Running XOR for layer 93/44 ---
"input" in: xor.drc:93
    Polygons (raw): 14460 (flat)  142 (hierarchical)
    Elapsed: 0.000s  Memory: 865.00M
"input" in: xor.drc:93
    Polygons (raw): 14460 (flat)  142 (hierarchical)
    Elapsed: 0.000s  Memory: 865.00M
"^" in: xor.drc:93
    Polygons (raw): 0 (flat)  0 (hierarchical)
    Elapsed: 0.100s  Memory: 865.00M
XOR differences: 0
"output" in: xor.drc:66
    Polygons (raw): 0 (flat)  0 (hierarchical)
    Elapsed: 0.000s  Memory: 865.00M
--- Running XOR for layer 94/20 ---
"input" in: xor.drc:93
    Polygons (raw): 14460 (flat)  142 (hierarchical)
    Elapsed: 0.000s  Memory: 865.00M
"input" in: xor.drc:93
    Polygons (raw): 14460 (flat)  142 (hierarchical)
    Elapsed: 0.000s  Memory: 865.00M
"^" in: xor.drc:93
    Polygons (raw): 0 (flat)  0 (hierarchical)
    Elapsed: 0.130s  Memory: 865.00M
XOR differences: 0
"output" in: xor.drc:66
    Polygons (raw): 0 (flat)  0 (hierarchical)
    Elapsed: 0.010s  Memory: 865.00M
--- Running XOR for layer 95/20 ---
"input" in: xor.drc:93
    Polygons (raw): 10810 (flat)  153 (hierarchical)
    Elapsed: 0.000s  Memory: 865.00M
"input" in: xor.drc:93
    Polygons (raw): 10810 (flat)  153 (hierarchical)
    Elapsed: 0.000s  Memory: 865.00M
"^" in: xor.drc:93
    Polygons (raw): 0 (flat)  0 (hierarchical)
    Elapsed: 0.100s  Memory: 865.00M
XOR differences: 0
"output" in: xor.drc:66
    Polygons (raw): 0 (flat)  0 (hierarchical)
    Elapsed: 0.000s  Memory: 865.00M
---
Total XOR differences: 0
Writing report database: /home/jco1147/393_folder/CE493/sv/svm/runs/RUN_2023-11-29_17-14-46/44-klayout-xor/xor.xml ..
Total elapsed: 5.290s  Memory: 865.00M
/home/jco1147/393_folder/CE493/sv/svm/runs/RUN_2023-11-29_17-14-46/41-magic-streamout/svm.magic.gds
/home/jco1147/393_folder/CE493/sv/svm/runs/RUN_2023-11-29_17-14-46/42-klayout-streamout/svm.klayout.gds
%OL_CREATE_REPORT difference_count.rpt
0
%OL_END_REPORT
