
===========================================================================
Violator List
============================================================================
[setup in-reg] periodTop[0] -> _8421_/D : -3.063248
[setup in-reg] periodTop[0] -> _8422_/D : -3.063248
[setup in-reg] periodTop[0] -> _8423_/D : -3.063248
[setup in-reg] periodTop[0] -> _8424_/D : -3.063248
[setup in-reg] periodTop[0] -> _8425_/D : -3.063248
[setup in-reg] periodTop[0] -> _8426_/D : -3.063248
[setup in-reg] periodTop[0] -> _8427_/D : -3.063248
[setup in-reg] periodTop[0] -> _8428_/D : -3.063248
[setup in-reg] periodTop[0] -> _8429_/D : -3.063248
[setup in-reg] periodTop[0] -> _8430_/D : -3.063248
[setup in-reg] periodTop[0] -> _8416_/D : -2.495261
[setup in-reg] periodTop[0] -> _8417_/D : -2.495261
[setup in-reg] periodTop[0] -> _8418_/D : -2.495261
[setup in-reg] periodTop[0] -> _8419_/D : -2.495261
[setup in-reg] periodTop[0] -> _8420_/D : -2.495261
[setup in-reg] periodTop[0] -> _8447_/D : -1.972102
[setup in-out] periodTop[13] -> pwmB : -1.898853
[setup in-out] periodTop[8] -> pwmC : -1.546137
[setup in-out] periodTop[11] -> pwmA : -1.475420
