
===========================================================================
report_checks -unconstrained
===========================================================================
======================= nom_tt_025C_1v80 Corner ===================================

Startpoint: rstb (input port clocked by clk)
Endpoint: _3808_ (recovery check against rising-edge clock clk')
Path Group: asynchronous
Path Type: max

Fanout         Cap        Slew       Delay        Time   Description
---------------------------------------------------------------------------------------------
                                  0.000000    0.000000   clock clk (rise edge)
                                  0.000000    0.000000   clock network delay (propagated)
                                  2.000000    2.000000 ^ input external delay
    88    0.317088    1.425789    0.973745    2.973745 ^ rstb (in)
                                                         rstb (net)
                      1.425789    0.000000    2.973745 ^ _3808_/RESET_B (sky130_fd_sc_hd__dfrtp_2)
                                              2.973745   data arrival time

                                  5.000000    5.000000   clock clk' (rise edge)
                                  0.000000    5.000000   clock source latency
    88    0.376288    0.798625    0.609923    5.609923 v clk (in)
                                                         clk (net)
                      0.798625    0.000000    5.609923 v _3720_/A (sky130_fd_sc_hd__inv_2)
     1    0.001870    0.105562    0.154885    5.764808 ^ _3720_/Y (sky130_fd_sc_hd__inv_2)
                                                         _0005_ (net)
                      0.105562    0.000000    5.764808 ^ _3808_/CLK (sky130_fd_sc_hd__dfrtp_2)
                                 -0.250000    5.514808   clock uncertainty
                                  0.000000    5.514808   clock reconvergence pessimism
                                 -0.215394    5.299414   library recovery time
                                              5.299414   data required time
---------------------------------------------------------------------------------------------
                                              5.299414   data required time
                                             -2.973745   data arrival time
---------------------------------------------------------------------------------------------
                                              2.325669   slack (MET)


Startpoint: vB[1] (input port clocked by clk)
Endpoint: _3824_ (rising edge-triggered flip-flop clocked by clk')
Path Group: clk
Path Type: max

Fanout         Cap        Slew       Delay        Time   Description
---------------------------------------------------------------------------------------------
                                  0.000000    0.000000   clock clk (rise edge)
                                  0.000000    0.000000   clock network delay (propagated)
                                  2.000000    2.000000 v input external delay
     1    0.004609    0.013196    0.007433    2.007433 v vB[1] (in)
                                                         vB[1] (net)
                      0.013196    0.000000    2.007433 v _2308_/A2 (sky130_fd_sc_hd__a21oi_2)
     1    0.001848    0.098924    0.100076    2.107509 ^ _2308_/Y (sky130_fd_sc_hd__a21oi_2)
                                                         _1641_ (net)
                      0.098924    0.000000    2.107509 ^ _2309_/B2 (sky130_fd_sc_hd__a2bb2o_2)
     6    0.011552    0.077568    0.195978    2.303487 ^ _2309_/X (sky130_fd_sc_hd__a2bb2o_2)
                                                         _1642_ (net)
                      0.077568    0.000000    2.303487 ^ _2322_/A (sky130_fd_sc_hd__buf_1)
    10    0.037086    0.439376    0.362177    2.665664 ^ _2322_/X (sky130_fd_sc_hd__buf_1)
                                                         _1655_ (net)
                      0.439376    0.000000    2.665664 ^ _2722_/A2 (sky130_fd_sc_hd__a22oi_2)
     2    0.005412    0.124416    0.151917    2.817581 v _2722_/Y (sky130_fd_sc_hd__a22oi_2)
                                                         _0328_ (net)
                      0.124416    0.000000    2.817581 v _2723_/C (sky130_fd_sc_hd__or3_2)
     2    0.006531    0.091532    0.450491    3.268072 v _2723_/X (sky130_fd_sc_hd__or3_2)
                                                         _0329_ (net)
                      0.091532    0.000000    3.268072 v _2727_/A1 (sky130_fd_sc_hd__a21o_2)
     3    0.008849    0.049981    0.220580    3.488652 v _2727_/X (sky130_fd_sc_hd__a21o_2)
                                                         _0333_ (net)
                      0.049981    0.000000    3.488652 v _2735_/A2 (sky130_fd_sc_hd__a21o_2)
     2    0.006488    0.044181    0.218821    3.707473 v _2735_/X (sky130_fd_sc_hd__a21o_2)
                                                         _0341_ (net)
                      0.044181    0.000000    3.707473 v _2737_/A2 (sky130_fd_sc_hd__a21o_2)
     3    0.010421    0.053919    0.229353    3.936825 v _2737_/X (sky130_fd_sc_hd__a21o_2)
                                                         _0343_ (net)
                      0.053919    0.000000    3.936825 v _2751_/B (sky130_fd_sc_hd__and3_2)
     3    0.008405    0.052741    0.212298    4.149123 v _2751_/X (sky130_fd_sc_hd__and3_2)
                                                         _0357_ (net)
                      0.052741    0.000000    4.149123 v _2753_/A1 (sky130_fd_sc_hd__o211a_2)
     2    0.003048    0.042073    0.254953    4.404077 v _2753_/X (sky130_fd_sc_hd__o211a_2)
                                                         _0359_ (net)
                      0.042073    0.000000    4.404077 v _2777_/B (sky130_fd_sc_hd__or4bb_2)
     5    0.015255    0.143402    0.671417    5.075493 v _2777_/X (sky130_fd_sc_hd__or4bb_2)
                                                         _0383_ (net)
                      0.143402    0.000000    5.075493 v _2853_/B1 (sky130_fd_sc_hd__o211a_2)
     3    0.007939    0.054960    0.188940    5.264433 v _2853_/X (sky130_fd_sc_hd__o211a_2)
                                                         _0459_ (net)
                      0.054960    0.000000    5.264433 v _2863_/B (sky130_fd_sc_hd__or3_2)
     2    0.006555    0.091478    0.466837    5.731270 v _2863_/X (sky130_fd_sc_hd__or3_2)
                                                         _0469_ (net)
                      0.091478    0.000000    5.731270 v _2865_/A1 (sky130_fd_sc_hd__a211oi_2)
     3    0.009736    0.251819    0.263321    5.994591 ^ _2865_/Y (sky130_fd_sc_hd__a211oi_2)
                                                         _0471_ (net)
                      0.251819    0.000000    5.994591 ^ _3128_/A2 (sky130_fd_sc_hd__o21ba_2)
     3    0.014986    0.101159    0.213820    6.208411 ^ _3128_/X (sky130_fd_sc_hd__o21ba_2)
                                                         _0734_ (net)
                      0.101159    0.000000    6.208411 ^ _3132_/A2_N (sky130_fd_sc_hd__a2bb2o_2)
     2    0.003924    0.047777    0.274994    6.483405 v _3132_/X (sky130_fd_sc_hd__a2bb2o_2)
                                                         _0738_ (net)
                      0.047777    0.000000    6.483405 v _3134_/A3 (sky130_fd_sc_hd__a41o_2)
     1    0.002108    0.035604    0.252438    6.735842 v _3134_/X (sky130_fd_sc_hd__a41o_2)
                                                         _0740_ (net)
                      0.035604    0.000000    6.735842 v _3136_/B1 (sky130_fd_sc_hd__a311o_2)
     3    0.007829    0.069522    0.365432    7.101274 v _3136_/X (sky130_fd_sc_hd__a311o_2)
                                                         _0742_ (net)
                      0.069522    0.000000    7.101274 v _3214_/A1 (sky130_fd_sc_hd__a41o_2)
     4    0.009253    0.055867    0.237897    7.339171 v _3214_/X (sky130_fd_sc_hd__a41o_2)
                                                         _0820_ (net)
                      0.055867    0.000000    7.339171 v _3221_/C (sky130_fd_sc_hd__and4bb_2)
     2    0.006133    0.050445    0.231805    7.570976 v _3221_/X (sky130_fd_sc_hd__and4bb_2)
                                                         _0827_ (net)
                      0.050445    0.000000    7.570976 v _3251_/B (sky130_fd_sc_hd__or3_2)
     1    0.001403    0.069287    0.428866    7.999842 v _3251_/X (sky130_fd_sc_hd__or3_2)
                                                         _0854_ (net)
                      0.069287    0.000000    7.999842 v _3252_/B (sky130_fd_sc_hd__and2_2)
     3    0.004869    0.042854    0.201781    8.201623 v _3252_/X (sky130_fd_sc_hd__and2_2)
                                                         _0855_ (net)
                      0.042854    0.000000    8.201623 v _3585_/A1 (sky130_fd_sc_hd__mux2_2)
     1    0.002015    0.045465    0.251170    8.452792 v _3585_/X (sky130_fd_sc_hd__mux2_2)
                                                         _1122_ (net)
                      0.045465    0.000000    8.452792 v _3586_/A (sky130_fd_sc_hd__buf_1)
     1    0.001949    0.022997    0.082975    8.535767 v _3586_/X (sky130_fd_sc_hd__buf_1)
                                                         _0104_ (net)
                      0.022997    0.000000    8.535767 v _3824_/D (sky130_fd_sc_hd__dfrtp_2)
                                              8.535767   data arrival time

                                  5.000000    5.000000   clock clk' (rise edge)
                                  0.000000    5.000000   clock source latency
    88    0.376288    0.798625    0.609923    5.609923 v clk (in)
                                                         clk (net)
                      0.798625    0.000000    5.609923 v _3736_/A (sky130_fd_sc_hd__inv_2)
     1    0.001870    0.105562    0.154885    5.764808 ^ _3736_/Y (sky130_fd_sc_hd__inv_2)
                                                         _0021_ (net)
                      0.105562    0.000000    5.764808 ^ _3824_/CLK (sky130_fd_sc_hd__dfrtp_2)
                                 -0.250000    5.514808   clock uncertainty
                                  0.000000    5.514808   clock reconvergence pessimism
                                 -0.091865    5.422943   library setup time
                                              5.422943   data required time
---------------------------------------------------------------------------------------------
                                              5.422943   data required time
                                             -8.535767   data arrival time
---------------------------------------------------------------------------------------------
                                             -3.112824   slack (VIOLATED)




===========================================================================
report_checks --slack_max -0.01
============================================================================
======================= nom_tt_025C_1v80 Corner ===================================

Startpoint: vB[1] (input port clocked by clk)
Endpoint: _3824_ (rising edge-triggered flip-flop clocked by clk')
Path Group: clk
Path Type: max

Fanout         Cap        Slew       Delay        Time   Description
---------------------------------------------------------------------------------------------
                                  0.000000    0.000000   clock clk (rise edge)
                                  0.000000    0.000000   clock network delay (propagated)
                                  2.000000    2.000000 v input external delay
     1    0.004609    0.013196    0.007433    2.007433 v vB[1] (in)
                                                         vB[1] (net)
                      0.013196    0.000000    2.007433 v _2308_/A2 (sky130_fd_sc_hd__a21oi_2)
     1    0.001848    0.098924    0.100076    2.107509 ^ _2308_/Y (sky130_fd_sc_hd__a21oi_2)
                                                         _1641_ (net)
                      0.098924    0.000000    2.107509 ^ _2309_/B2 (sky130_fd_sc_hd__a2bb2o_2)
     6    0.011552    0.077568    0.195978    2.303487 ^ _2309_/X (sky130_fd_sc_hd__a2bb2o_2)
                                                         _1642_ (net)
                      0.077568    0.000000    2.303487 ^ _2322_/A (sky130_fd_sc_hd__buf_1)
    10    0.037086    0.439376    0.362177    2.665664 ^ _2322_/X (sky130_fd_sc_hd__buf_1)
                                                         _1655_ (net)
                      0.439376    0.000000    2.665664 ^ _2722_/A2 (sky130_fd_sc_hd__a22oi_2)
     2    0.005412    0.124416    0.151917    2.817581 v _2722_/Y (sky130_fd_sc_hd__a22oi_2)
                                                         _0328_ (net)
                      0.124416    0.000000    2.817581 v _2723_/C (sky130_fd_sc_hd__or3_2)
     2    0.006531    0.091532    0.450491    3.268072 v _2723_/X (sky130_fd_sc_hd__or3_2)
                                                         _0329_ (net)
                      0.091532    0.000000    3.268072 v _2727_/A1 (sky130_fd_sc_hd__a21o_2)
     3    0.008849    0.049981    0.220580    3.488652 v _2727_/X (sky130_fd_sc_hd__a21o_2)
                                                         _0333_ (net)
                      0.049981    0.000000    3.488652 v _2735_/A2 (sky130_fd_sc_hd__a21o_2)
     2    0.006488    0.044181    0.218821    3.707473 v _2735_/X (sky130_fd_sc_hd__a21o_2)
                                                         _0341_ (net)
                      0.044181    0.000000    3.707473 v _2737_/A2 (sky130_fd_sc_hd__a21o_2)
     3    0.010421    0.053919    0.229353    3.936825 v _2737_/X (sky130_fd_sc_hd__a21o_2)
                                                         _0343_ (net)
                      0.053919    0.000000    3.936825 v _2751_/B (sky130_fd_sc_hd__and3_2)
     3    0.008405    0.052741    0.212298    4.149123 v _2751_/X (sky130_fd_sc_hd__and3_2)
                                                         _0357_ (net)
                      0.052741    0.000000    4.149123 v _2753_/A1 (sky130_fd_sc_hd__o211a_2)
     2    0.003048    0.042073    0.254953    4.404077 v _2753_/X (sky130_fd_sc_hd__o211a_2)
                                                         _0359_ (net)
                      0.042073    0.000000    4.404077 v _2777_/B (sky130_fd_sc_hd__or4bb_2)
     5    0.015255    0.143402    0.671417    5.075493 v _2777_/X (sky130_fd_sc_hd__or4bb_2)
                                                         _0383_ (net)
                      0.143402    0.000000    5.075493 v _2853_/B1 (sky130_fd_sc_hd__o211a_2)
     3    0.007939    0.054960    0.188940    5.264433 v _2853_/X (sky130_fd_sc_hd__o211a_2)
                                                         _0459_ (net)
                      0.054960    0.000000    5.264433 v _2863_/B (sky130_fd_sc_hd__or3_2)
     2    0.006555    0.091478    0.466837    5.731270 v _2863_/X (sky130_fd_sc_hd__or3_2)
                                                         _0469_ (net)
                      0.091478    0.000000    5.731270 v _2865_/A1 (sky130_fd_sc_hd__a211oi_2)
     3    0.009736    0.251819    0.263321    5.994591 ^ _2865_/Y (sky130_fd_sc_hd__a211oi_2)
                                                         _0471_ (net)
                      0.251819    0.000000    5.994591 ^ _3128_/A2 (sky130_fd_sc_hd__o21ba_2)
     3    0.014986    0.101159    0.213820    6.208411 ^ _3128_/X (sky130_fd_sc_hd__o21ba_2)
                                                         _0734_ (net)
                      0.101159    0.000000    6.208411 ^ _3132_/A2_N (sky130_fd_sc_hd__a2bb2o_2)
     2    0.003924    0.047777    0.274994    6.483405 v _3132_/X (sky130_fd_sc_hd__a2bb2o_2)
                                                         _0738_ (net)
                      0.047777    0.000000    6.483405 v _3134_/A3 (sky130_fd_sc_hd__a41o_2)
     1    0.002108    0.035604    0.252438    6.735842 v _3134_/X (sky130_fd_sc_hd__a41o_2)
                                                         _0740_ (net)
                      0.035604    0.000000    6.735842 v _3136_/B1 (sky130_fd_sc_hd__a311o_2)
     3    0.007829    0.069522    0.365432    7.101274 v _3136_/X (sky130_fd_sc_hd__a311o_2)
                                                         _0742_ (net)
                      0.069522    0.000000    7.101274 v _3214_/A1 (sky130_fd_sc_hd__a41o_2)
     4    0.009253    0.055867    0.237897    7.339171 v _3214_/X (sky130_fd_sc_hd__a41o_2)
                                                         _0820_ (net)
                      0.055867    0.000000    7.339171 v _3221_/C (sky130_fd_sc_hd__and4bb_2)
     2    0.006133    0.050445    0.231805    7.570976 v _3221_/X (sky130_fd_sc_hd__and4bb_2)
                                                         _0827_ (net)
                      0.050445    0.000000    7.570976 v _3251_/B (sky130_fd_sc_hd__or3_2)
     1    0.001403    0.069287    0.428866    7.999842 v _3251_/X (sky130_fd_sc_hd__or3_2)
                                                         _0854_ (net)
                      0.069287    0.000000    7.999842 v _3252_/B (sky130_fd_sc_hd__and2_2)
     3    0.004869    0.042854    0.201781    8.201623 v _3252_/X (sky130_fd_sc_hd__and2_2)
                                                         _0855_ (net)
                      0.042854    0.000000    8.201623 v _3585_/A1 (sky130_fd_sc_hd__mux2_2)
     1    0.002015    0.045465    0.251170    8.452792 v _3585_/X (sky130_fd_sc_hd__mux2_2)
                                                         _1122_ (net)
                      0.045465    0.000000    8.452792 v _3586_/A (sky130_fd_sc_hd__buf_1)
     1    0.001949    0.022997    0.082975    8.535767 v _3586_/X (sky130_fd_sc_hd__buf_1)
                                                         _0104_ (net)
                      0.022997    0.000000    8.535767 v _3824_/D (sky130_fd_sc_hd__dfrtp_2)
                                              8.535767   data arrival time

                                  5.000000    5.000000   clock clk' (rise edge)
                                  0.000000    5.000000   clock source latency
    88    0.376288    0.798625    0.609923    5.609923 v clk (in)
                                                         clk (net)
                      0.798625    0.000000    5.609923 v _3736_/A (sky130_fd_sc_hd__inv_2)
     1    0.001870    0.105562    0.154885    5.764808 ^ _3736_/Y (sky130_fd_sc_hd__inv_2)
                                                         _0021_ (net)
                      0.105562    0.000000    5.764808 ^ _3824_/CLK (sky130_fd_sc_hd__dfrtp_2)
                                 -0.250000    5.514808   clock uncertainty
                                  0.000000    5.514808   clock reconvergence pessimism
                                 -0.091865    5.422943   library setup time
                                              5.422943   data required time
---------------------------------------------------------------------------------------------
                                              5.422943   data required time
                                             -8.535767   data arrival time
---------------------------------------------------------------------------------------------
                                             -3.112824   slack (VIOLATED)




===========================================================================
 report_check_types -max_slew -max_cap -max_fanout -violators
============================================================================
======================= nom_tt_025C_1v80 Corner ===================================

max slew

Pin                                        Limit        Slew       Slack
------------------------------------------------------------------------
clk                                     0.750000    1.833614   -1.083614 (VIOLATED)
_3718_/A                                0.750000    1.833614   -1.083614 (VIOLATED)
_3719_/A                                0.750000    1.833614   -1.083614 (VIOLATED)
_3720_/A                                0.750000    1.833614   -1.083614 (VIOLATED)
_3721_/A                                0.750000    1.833614   -1.083614 (VIOLATED)
_3722_/A                                0.750000    1.833614   -1.083614 (VIOLATED)
_3723_/A                                0.750000    1.833614   -1.083614 (VIOLATED)
_3724_/A                                0.750000    1.833614   -1.083614 (VIOLATED)
_3725_/A                                0.750000    1.833614   -1.083614 (VIOLATED)
_3726_/A                                0.750000    1.833614   -1.083614 (VIOLATED)
_3727_/A                                0.750000    1.833614   -1.083614 (VIOLATED)
_3728_/A                                0.750000    1.833614   -1.083614 (VIOLATED)
_3729_/A                                0.750000    1.833614   -1.083614 (VIOLATED)
_3730_/A                                0.750000    1.833614   -1.083614 (VIOLATED)
_3731_/A                                0.750000    1.833614   -1.083614 (VIOLATED)
_3732_/A                                0.750000    1.833614   -1.083614 (VIOLATED)
_3733_/A                                0.750000    1.833614   -1.083614 (VIOLATED)
_3734_/A                                0.750000    1.833614   -1.083614 (VIOLATED)
_3735_/A                                0.750000    1.833614   -1.083614 (VIOLATED)
_3736_/A                                0.750000    1.833614   -1.083614 (VIOLATED)
_3737_/A                                0.750000    1.833614   -1.083614 (VIOLATED)
_3738_/A                                0.750000    1.833614   -1.083614 (VIOLATED)
_3739_/A                                0.750000    1.833614   -1.083614 (VIOLATED)
_3740_/A                                0.750000    1.833614   -1.083614 (VIOLATED)
_3741_/A                                0.750000    1.833614   -1.083614 (VIOLATED)
_3742_/A                                0.750000    1.833614   -1.083614 (VIOLATED)
_3743_/A                                0.750000    1.833614   -1.083614 (VIOLATED)
_3744_/A                                0.750000    1.833614   -1.083614 (VIOLATED)
_3745_/A                                0.750000    1.833614   -1.083614 (VIOLATED)
_3746_/A                                0.750000    1.833614   -1.083614 (VIOLATED)
_3747_/A                                0.750000    1.833614   -1.083614 (VIOLATED)
_3748_/A                                0.750000    1.833614   -1.083614 (VIOLATED)
_3749_/A                                0.750000    1.833614   -1.083614 (VIOLATED)
_3750_/A                                0.750000    1.833614   -1.083614 (VIOLATED)
_3751_/A                                0.750000    1.833614   -1.083614 (VIOLATED)
_3752_/A                                0.750000    1.833614   -1.083614 (VIOLATED)
_3753_/A                                0.750000    1.833614   -1.083614 (VIOLATED)
_3754_/A                                0.750000    1.833614   -1.083614 (VIOLATED)
_3755_/A                                0.750000    1.833614   -1.083614 (VIOLATED)
_3756_/A                                0.750000    1.833614   -1.083614 (VIOLATED)
_3757_/A                                0.750000    1.833614   -1.083614 (VIOLATED)
_3758_/A                                0.750000    1.833614   -1.083614 (VIOLATED)
_3759_/A                                0.750000    1.833614   -1.083614 (VIOLATED)
_3760_/A                                0.750000    1.833614   -1.083614 (VIOLATED)
_3761_/A                                0.750000    1.833614   -1.083614 (VIOLATED)
_3762_/A                                0.750000    1.833614   -1.083614 (VIOLATED)
_3763_/A                                0.750000    1.833614   -1.083614 (VIOLATED)
_3764_/A                                0.750000    1.833614   -1.083614 (VIOLATED)
_3765_/A                                0.750000    1.833614   -1.083614 (VIOLATED)
_3766_/A                                0.750000    1.833614   -1.083614 (VIOLATED)
_3767_/A                                0.750000    1.833614   -1.083614 (VIOLATED)
_3768_/A                                0.750000    1.833614   -1.083614 (VIOLATED)
_3769_/A                                0.750000    1.833614   -1.083614 (VIOLATED)
_3770_/A                                0.750000    1.833614   -1.083614 (VIOLATED)
_3771_/A                                0.750000    1.833614   -1.083614 (VIOLATED)
_3772_/A                                0.750000    1.833614   -1.083614 (VIOLATED)
_3773_/A                                0.750000    1.833614   -1.083614 (VIOLATED)
_3774_/A                                0.750000    1.833614   -1.083614 (VIOLATED)
_3775_/A                                0.750000    1.833614   -1.083614 (VIOLATED)
_3776_/A                                0.750000    1.833614   -1.083614 (VIOLATED)
_3777_/A                                0.750000    1.833614   -1.083614 (VIOLATED)
_3778_/A                                0.750000    1.833614   -1.083614 (VIOLATED)
_3779_/A                                0.750000    1.833614   -1.083614 (VIOLATED)
_3780_/A                                0.750000    1.833614   -1.083614 (VIOLATED)
_3781_/A                                0.750000    1.833614   -1.083614 (VIOLATED)
_3782_/A                                0.750000    1.833614   -1.083614 (VIOLATED)
_3783_/A                                0.750000    1.833614   -1.083614 (VIOLATED)
_3784_/A                                0.750000    1.833614   -1.083614 (VIOLATED)
_3785_/A                                0.750000    1.833614   -1.083614 (VIOLATED)
_3786_/A                                0.750000    1.833614   -1.083614 (VIOLATED)
_3787_/A                                0.750000    1.833614   -1.083614 (VIOLATED)
_3788_/A                                0.750000    1.833614   -1.083614 (VIOLATED)
_3789_/A                                0.750000    1.833614   -1.083614 (VIOLATED)
_3790_/A                                0.750000    1.833614   -1.083614 (VIOLATED)
_3791_/A                                0.750000    1.833614   -1.083614 (VIOLATED)
_3792_/A                                0.750000    1.833614   -1.083614 (VIOLATED)
_3793_/A                                0.750000    1.833614   -1.083614 (VIOLATED)
_3794_/A                                0.750000    1.833614   -1.083614 (VIOLATED)
_3795_/A                                0.750000    1.833614   -1.083614 (VIOLATED)
_3796_/A                                0.750000    1.833614   -1.083614 (VIOLATED)
_3797_/A                                0.750000    1.833614   -1.083614 (VIOLATED)
_3798_/A                                0.750000    1.833614   -1.083614 (VIOLATED)
_3799_/A                                0.750000    1.833614   -1.083614 (VIOLATED)
_3800_/A                                0.750000    1.833614   -1.083614 (VIOLATED)
_3801_/A                                0.750000    1.833614   -1.083614 (VIOLATED)
_3802_/A                                0.750000    1.833614   -1.083614 (VIOLATED)
_3803_/A                                0.750000    1.833614   -1.083614 (VIOLATED)
_3804_/A                                0.750000    1.833614   -1.083614 (VIOLATED)
_3805_/A                                0.750000    1.833614   -1.083614 (VIOLATED)
rstb                                    0.750000    1.425789   -0.675789 (VIOLATED)
_3806_/SET_B                            0.750000    1.425789   -0.675789 (VIOLATED)
_3807_/SET_B                            0.750000    1.425789   -0.675789 (VIOLATED)
_3808_/RESET_B                          0.750000    1.425789   -0.675789 (VIOLATED)
_3809_/RESET_B                          0.750000    1.425789   -0.675789 (VIOLATED)
_3810_/RESET_B                          0.750000    1.425789   -0.675789 (VIOLATED)
_3811_/RESET_B                          0.750000    1.425789   -0.675789 (VIOLATED)
_3812_/RESET_B                          0.750000    1.425789   -0.675789 (VIOLATED)
_3813_/RESET_B                          0.750000    1.425789   -0.675789 (VIOLATED)
_3814_/RESET_B                          0.750000    1.425789   -0.675789 (VIOLATED)
_3815_/RESET_B                          0.750000    1.425789   -0.675789 (VIOLATED)
_3816_/RESET_B                          0.750000    1.425789   -0.675789 (VIOLATED)
_3817_/RESET_B                          0.750000    1.425789   -0.675789 (VIOLATED)
_3818_/RESET_B                          0.750000    1.425789   -0.675789 (VIOLATED)
_3819_/RESET_B                          0.750000    1.425789   -0.675789 (VIOLATED)
_3820_/RESET_B                          0.750000    1.425789   -0.675789 (VIOLATED)
_3821_/RESET_B                          0.750000    1.425789   -0.675789 (VIOLATED)
_3822_/RESET_B                          0.750000    1.425789   -0.675789 (VIOLATED)
_3823_/RESET_B                          0.750000    1.425789   -0.675789 (VIOLATED)
_3824_/RESET_B                          0.750000    1.425789   -0.675789 (VIOLATED)
_3825_/RESET_B                          0.750000    1.425789   -0.675789 (VIOLATED)
_3826_/RESET_B                          0.750000    1.425789   -0.675789 (VIOLATED)
_3827_/RESET_B                          0.750000    1.425789   -0.675789 (VIOLATED)
_3828_/SET_B                            0.750000    1.425789   -0.675789 (VIOLATED)
_3829_/RESET_B                          0.750000    1.425789   -0.675789 (VIOLATED)
_3830_/RESET_B                          0.750000    1.425789   -0.675789 (VIOLATED)
_3831_/RESET_B                          0.750000    1.425789   -0.675789 (VIOLATED)
_3832_/RESET_B                          0.750000    1.425789   -0.675789 (VIOLATED)
_3833_/RESET_B                          0.750000    1.425789   -0.675789 (VIOLATED)
_3834_/RESET_B                          0.750000    1.425789   -0.675789 (VIOLATED)
_3835_/RESET_B                          0.750000    1.425789   -0.675789 (VIOLATED)
_3836_/RESET_B                          0.750000    1.425789   -0.675789 (VIOLATED)
_3837_/RESET_B                          0.750000    1.425789   -0.675789 (VIOLATED)
_3838_/RESET_B                          0.750000    1.425789   -0.675789 (VIOLATED)
_3839_/RESET_B                          0.750000    1.425789   -0.675789 (VIOLATED)
_3840_/RESET_B                          0.750000    1.425789   -0.675789 (VIOLATED)
_3841_/RESET_B                          0.750000    1.425789   -0.675789 (VIOLATED)
_3842_/RESET_B                          0.750000    1.425789   -0.675789 (VIOLATED)
_3843_/RESET_B                          0.750000    1.425789   -0.675789 (VIOLATED)
_3844_/RESET_B                          0.750000    1.425789   -0.675789 (VIOLATED)
_3845_/RESET_B                          0.750000    1.425789   -0.675789 (VIOLATED)
_3846_/RESET_B                          0.750000    1.425789   -0.675789 (VIOLATED)
_3847_/RESET_B                          0.750000    1.425789   -0.675789 (VIOLATED)
_3848_/RESET_B                          0.750000    1.425789   -0.675789 (VIOLATED)
_3849_/RESET_B                          0.750000    1.425789   -0.675789 (VIOLATED)
_3850_/RESET_B                          0.750000    1.425789   -0.675789 (VIOLATED)
_3851_/RESET_B                          0.750000    1.425789   -0.675789 (VIOLATED)
_3852_/RESET_B                          0.750000    1.425789   -0.675789 (VIOLATED)
_3853_/RESET_B                          0.750000    1.425789   -0.675789 (VIOLATED)
_3854_/RESET_B                          0.750000    1.425789   -0.675789 (VIOLATED)
_3855_/RESET_B                          0.750000    1.425789   -0.675789 (VIOLATED)
_3856_/RESET_B                          0.750000    1.425789   -0.675789 (VIOLATED)
_3857_/RESET_B                          0.750000    1.425789   -0.675789 (VIOLATED)
_3858_/RESET_B                          0.750000    1.425789   -0.675789 (VIOLATED)
_3859_/RESET_B                          0.750000    1.425789   -0.675789 (VIOLATED)
_3860_/SET_B                            0.750000    1.425789   -0.675789 (VIOLATED)
_3861_/RESET_B                          0.750000    1.425789   -0.675789 (VIOLATED)
_3862_/RESET_B                          0.750000    1.425789   -0.675789 (VIOLATED)
_3863_/RESET_B                          0.750000    1.425789   -0.675789 (VIOLATED)
_3864_/RESET_B                          0.750000    1.425789   -0.675789 (VIOLATED)
_3865_/RESET_B                          0.750000    1.425789   -0.675789 (VIOLATED)
_3866_/RESET_B                          0.750000    1.425789   -0.675789 (VIOLATED)
_3867_/RESET_B                          0.750000    1.425789   -0.675789 (VIOLATED)
_3868_/RESET_B                          0.750000    1.425789   -0.675789 (VIOLATED)
_3869_/RESET_B                          0.750000    1.425789   -0.675789 (VIOLATED)
_3870_/RESET_B                          0.750000    1.425789   -0.675789 (VIOLATED)
_3871_/RESET_B                          0.750000    1.425789   -0.675789 (VIOLATED)
_3872_/RESET_B                          0.750000    1.425789   -0.675789 (VIOLATED)
_3873_/RESET_B                          0.750000    1.425789   -0.675789 (VIOLATED)
_3874_/RESET_B                          0.750000    1.425789   -0.675789 (VIOLATED)
_3875_/RESET_B                          0.750000    1.425789   -0.675789 (VIOLATED)
_3876_/RESET_B                          0.750000    1.425789   -0.675789 (VIOLATED)
_3877_/RESET_B                          0.750000    1.425789   -0.675789 (VIOLATED)
_3878_/RESET_B                          0.750000    1.425789   -0.675789 (VIOLATED)
_3879_/RESET_B                          0.750000    1.425789   -0.675789 (VIOLATED)
_3880_/RESET_B                          0.750000    1.425789   -0.675789 (VIOLATED)
_3881_/RESET_B                          0.750000    1.425789   -0.675789 (VIOLATED)
_3882_/RESET_B                          0.750000    1.425789   -0.675789 (VIOLATED)
_3883_/RESET_B                          0.750000    1.425789   -0.675789 (VIOLATED)
_3884_/RESET_B                          0.750000    1.425789   -0.675789 (VIOLATED)
_3885_/RESET_B                          0.750000    1.425789   -0.675789 (VIOLATED)
_3886_/RESET_B                          0.750000    1.425789   -0.675789 (VIOLATED)
_3887_/RESET_B                          0.750000    1.425789   -0.675789 (VIOLATED)
_3888_/RESET_B                          0.750000    1.425789   -0.675789 (VIOLATED)
_3889_/RESET_B                          0.750000    1.425789   -0.675789 (VIOLATED)
_3890_/RESET_B                          0.750000    1.425789   -0.675789 (VIOLATED)
_3891_/RESET_B                          0.750000    1.425789   -0.675789 (VIOLATED)
_3892_/RESET_B                          0.750000    1.425789   -0.675789 (VIOLATED)
_3893_/RESET_B                          0.750000    1.425789   -0.675789 (VIOLATED)

max fanout

Pin                                   Limit Fanout  Slack
---------------------------------------------------------
clk                                      10     88    -78 (VIOLATED)
rstb                                     10     88    -78 (VIOLATED)
_3809_/Q                                 10     50    -40 (VIOLATED)
periodTop[10]                            10     36    -26 (VIOLATED)
periodTop[14]                            10     36    -26 (VIOLATED)
periodTop[13]                            10     35    -25 (VIOLATED)
periodTop[9]                             10     35    -25 (VIOLATED)
_3810_/Q                                 10     34    -24 (VIOLATED)
_3811_/Q                                 10     34    -24 (VIOLATED)
periodTop[12]                            10     33    -23 (VIOLATED)
periodTop[4]                             10     33    -23 (VIOLATED)
periodTop[7]                             10     33    -23 (VIOLATED)
periodTop[8]                             10     33    -23 (VIOLATED)
periodTop[11]                            10     32    -22 (VIOLATED)
periodTop[6]                             10     32    -22 (VIOLATED)
periodTop[2]                             10     31    -21 (VIOLATED)
periodTop[5]                             10     31    -21 (VIOLATED)
periodTop[1]                             10     30    -20 (VIOLATED)
periodTop[15]                            10     29    -19 (VIOLATED)
periodTop[3]                             10     27    -17 (VIOLATED)
_3808_/Q                                 10     26    -16 (VIOLATED)
periodTop[0]                             10     25    -15 (VIOLATED)
_3840_/Q                                 10     14     -4 (VIOLATED)
_3838_/Q                                 10     13     -3 (VIOLATED)
_3842_/Q                                 10     13     -3 (VIOLATED)
_3839_/Q                                 10     12     -2 (VIOLATED)
_3841_/Q                                 10     12     -2 (VIOLATED)
_3843_/Q                                 10     11        (VIOLATED)

max capacitance

Pin                                        Limit         Cap       Slack
------------------------------------------------------------------------
clk                                     0.331431    0.408496   -0.077065 (VIOLATED)



===========================================================================
report_parasitic_annotation -report_unannotated
============================================================================
Found 2060 unannotated drivers.
 clk
 in_valid
 periodTop[0]
 periodTop[10]
 periodTop[11]
 periodTop[12]
 periodTop[13]
 periodTop[14]
 periodTop[15]
 periodTop[1]
 periodTop[2]
 periodTop[3]
 periodTop[4]
 periodTop[5]
 periodTop[6]
 periodTop[7]
 periodTop[8]
 periodTop[9]
 rstb
 vA[0]
 vA[10]
 vA[11]
 vA[12]
 vA[13]
 vA[14]
 vA[15]
 vA[1]
 vA[2]
 vA[3]
 vA[4]
 vA[5]
 vA[6]
 vA[7]
 vA[8]
 vA[9]
 vB[0]
 vB[10]
 vB[11]
 vB[12]
 vB[13]
 vB[14]
 vB[15]
 vB[1]
 vB[2]
 vB[3]
 vB[4]
 vB[5]
 vB[6]
 vB[7]
 vB[8]
 vB[9]
 vC[0]
 vC[10]
 vC[11]
 vC[12]
 vC[13]
 vC[14]
 vC[15]
 vC[1]
 vC[2]
 vC[3]
 vC[4]
 vC[5]
 vC[6]
 vC[7]
 vC[8]
 vC[9]
 _1901_/Y
 _1902_/Y
 _1903_/X
 _1904_/Y
 _1905_/Y
 _1906_/X
 _1907_/X
 _1908_/Y
 _1909_/Y
 _1910_/Y
 _1911_/X
 _1912_/X
 _1913_/Y
 _1914_/X
 _1915_/Y
 _1916_/X
 _1917_/X
 _1918_/Y
 _1919_/X
 _1920_/X
 _1921_/Y
 _1922_/Y
 _1923_/Y
 _1924_/X
 _1925_/Y
 _1926_/Y
 _1927_/Y
 _1928_/X
 _1929_/Y
 _1930_/Y
 _1931_/X
 _1932_/X
 _1933_/X
 _1934_/Y
 _1935_/Y
 _1936_/Y
 _1937_/X
 _1938_/X
 _1939_/X
 _1940_/Y
 _1941_/Y
 _1942_/Y
 _1943_/X
 _1944_/X
 _1945_/Y
 _1946_/Y
 _1947_/X
 _1948_/X
 _1949_/X
 _1950_/X
 _1951_/X
 _1952_/Y
 _1953_/X
 _1954_/X
 _1955_/X
 _1956_/Y
 _1957_/X
 _1958_/X
 _1959_/X
 _1960_/Y
 _1961_/X
 _1962_/X
 _1963_/Y
 _1964_/X
 _1965_/Y
 _1966_/Y
 _1967_/X
 _1968_/Y
 _1969_/Y
 _1970_/X
 _1971_/X
 _1972_/Y
 _1973_/X
 _1974_/X
 _1975_/X
 _1976_/X
 _1977_/X
 _1978_/X
 _1979_/Y
 _1980_/Y
 _1981_/Y
 _1982_/X
 _1983_/Y
 _1984_/X
 _1985_/Y
 _1986_/Y
 _1987_/X
 _1988_/X
 _1989_/X
 _1990_/X
 _1991_/Y
 _1992_/X
 _1993_/Y
 _1994_/Y
 _1995_/Y
 _1996_/X
 _1997_/Y
 _1998_/Y
 _1999_/X
 _2000_/Y
 _2001_/Y
 _2002_/X
 _2003_/X
 _2004_/Y
 _2005_/Y
 _2006_/X
 _2007_/Y
 _2008_/Y
 _2009_/Y
 _2010_/X
 _2011_/X
 _2012_/X
 _2013_/Y
 _2014_/Y
 _2015_/X
 _2016_/Y
 _2017_/Y
 _2018_/X
 _2019_/Y
 _2020_/X
 _2021_/X
 _2022_/Y
 _2023_/Y
 _2024_/Y
 _2025_/X
 _2026_/X
 _2027_/X
 _2028_/Y
 _2029_/Y
 _2030_/Y
 _2031_/X
 _2032_/X
 _2033_/X
 _2034_/X
 _2035_/Y
 _2036_/Y
 _2037_/X
 _2038_/Y
 _2039_/Y
 _2040_/X
 _2041_/X
 _2042_/Y
 _2043_/Y
 _2044_/Y
 _2045_/X
 _2046_/Y
 _2047_/Y
 _2048_/X
 _2049_/Y
 _2050_/Y
 _2051_/X
 _2052_/X
 _2053_/X
 _2054_/X
 _2055_/Y
 _2056_/Y
 _2057_/X
 _2058_/X
 _2059_/X
 _2060_/Y
 _2061_/Y
 _2062_/X
 _2063_/X
 _2064_/Y
 _2065_/Y
 _2066_/Y
 _2067_/X
 _2068_/X
 _2069_/X
 _2070_/X
 _2071_/Y
 _2072_/X
 _2073_/Y
 _2074_/X
 _2075_/X
 _2076_/Y
 _2077_/Y
 _2078_/X
 _2079_/X
 _2080_/X
 _2081_/X
 _2082_/Y
 _2083_/Y
 _2084_/X
 _2085_/Y
 _2086_/X
 _2087_/X
 _2088_/X
 _2089_/X
 _2090_/Y
 _2091_/Y
 _2092_/Y
 _2093_/X
 _2094_/Y
 _2095_/X
 _2096_/X
 _2097_/Y
 _2098_/X
 _2099_/Y
 _2100_/Y
 _2101_/X
 _2102_/Y
 _2103_/Y
 _2104_/X
 _2105_/Y
 _2106_/Y
 _2107_/X
 _2108_/Y
 _2109_/X
 _2110_/X
 _2111_/Y
 _2112_/Y
 _2113_/X
 _2114_/Y
 _2115_/Y
 _2116_/X
 _2117_/Y
 _2118_/X
 _2119_/Y
 _2120_/Y
 _2121_/X
 _2122_/X
 _2123_/Y
 _2124_/Y
 _2125_/X
 _2126_/X
 _2127_/X
 _2128_/X
 _2129_/Y
 _2130_/Y
 _2131_/X
 _2132_/X
 _2133_/Y
 _2134_/Y
 _2135_/X
 _2136_/Y
 _2137_/Y
 _2138_/X
 _2139_/Y
 _2140_/X
 _2141_/X
 _2142_/Y
 _2143_/X
 _2144_/X
 _2145_/X
 _2146_/X
 _2147_/Y
 _2148_/Y
 _2149_/Y
 _2150_/X
 _2151_/Y
 _2152_/X
 _2153_/X
 _2154_/Y
 _2155_/X
 _2156_/Y
 _2157_/Y
 _2158_/X
 _2159_/Y
 _2160_/X
 _2161_/X
 _2162_/X
 _2163_/X
 _2164_/X
 _2165_/Y
 _2166_/Y
 _2167_/X
 _2168_/Y
 _2169_/Y
 _2170_/X
 _2171_/Y
 _2172_/X
 _2173_/Y
 _2174_/X
 _2175_/X
 _2176_/X
 _2177_/Y
 _2178_/Y
 _2179_/X
 _2180_/X
 _2181_/X
 _2182_/X
 _2183_/Y
 _2184_/Y
 _2185_/X
 _2186_/X
 _2187_/X
 _2188_/X
 _2189_/X
 _2190_/Y
 _2191_/Y
 _2192_/Y
 _2193_/X
 _2194_/Y
 _2195_/Y
 _2196_/X
 _2197_/Y
 _2198_/Y
 _2199_/Y
 _2200_/X
 _2201_/X
 _2202_/X
 _2203_/X
 _2204_/Y
 _2205_/Y
 _2206_/Y
 _2207_/X
 _2208_/Y
 _2209_/X
 _2210_/X
 _2211_/X
 _2212_/Y
 _2213_/Y
 _2214_/X
 _2215_/Y
 _2216_/Y
 _2217_/X
 _2218_/Y
 _2219_/Y
 _2220_/X
 _2221_/Y
 _2222_/X
 _2223_/Y
 _2224_/X
 _2225_/Y
 _2226_/X
 _2227_/X
 _2228_/X
 _2229_/X
 _2230_/Y
 _2231_/Y
 _2232_/Y
 _2233_/Y
 _2234_/Y
 _2235_/X
 _2236_/Y
 _2237_/X
 _2238_/Y
 _2239_/Y
 _2240_/Y
 _2241_/X
 _2242_/X
 _2243_/X
 _2244_/Y
 _2245_/X
 _2246_/X
 _2247_/X
 _2248_/X
 _2249_/Y
 _2250_/X
 _2251_/X
 _2252_/Y
 _2253_/X
 _2254_/X
 _2255_/Y
 _2256_/X
 _2257_/X
 _2258_/Y
 _2259_/Y
 _2260_/X
 _2261_/Y
 _2262_/Y
 _2263_/X
 _2264_/X
 _2265_/Y
 _2266_/Y
 _2267_/X
 _2268_/Y
 _2269_/Y
 _2270_/Y
 _2271_/X
 _2272_/X
 _2273_/Y
 _2274_/X
 _2275_/Y
 _2276_/X
 _2277_/Y
 _2278_/Y
 _2279_/X
 _2280_/X
 _2281_/Y
 _2282_/X
 _2283_/Y
 _2284_/X
 _2285_/Y
 _2286_/Y
 _2287_/Y
 _2288_/X
 _2289_/Y
 _2290_/Y
 _2291_/X
 _2292_/Y
 _2293_/X
 _2294_/Y
 _2295_/Y
 _2296_/X
 _2297_/X
 _2298_/Y
 _2299_/X
 _2300_/X
 _2301_/X
 _2302_/Y
 _2303_/Y
 _2304_/X
 _2305_/X
 _2306_/X
 _2307_/Y
 _2308_/Y
 _2309_/X
 _2310_/X
 _2311_/Y
 _2312_/Y
 _2313_/X
 _2314_/X
 _2315_/Y
 _2316_/X
 _2317_/Y
 _2318_/X
 _2319_/X
 _2320_/X
 _2321_/X
 _2322_/X
 _2323_/X
 _2324_/Y
 _2325_/X
 _2326_/X
 _2327_/Y
 _2328_/Y
 _2329_/Y
 _2330_/X
 _2331_/X
 _2332_/X
 _2333_/Y
 _2334_/X
 _2335_/Y
 _2336_/X
 _2337_/Y
 _2338_/X
 _2339_/Y
 _2340_/Y
 _2341_/X
 _2342_/X
 _2343_/X
 _2344_/X
 _2345_/Y
 _2346_/Y
 _2347_/X
 _2348_/X
 _2349_/Y
 _2350_/X
 _2351_/Y
 _2352_/X
 _2353_/X
 _2354_/Y
 _2355_/X
 _2356_/X
 _2357_/Y
 _2358_/X
 _2359_/X
 _2360_/X
 _2361_/Y
 _2362_/X
 _2363_/Y
 _2364_/Y
 _2365_/X
 _2366_/Y
 _2367_/Y
 _2368_/X
 _2369_/Y
 _2370_/X
 _2371_/X
 _2372_/X
 _2373_/Y
 _2374_/X
 _2375_/Y
 _2376_/Y
 _2377_/X
 _2378_/X
 _2379_/Y
 _2380_/X
 _2381_/Y
 _2382_/Y
 _2383_/X
 _2384_/Y
 _2385_/X
 _2386_/Y
 _2387_/Y
 _2388_/Y
 _2389_/X
 _2390_/X
 _2391_/Y
 _2392_/X
 _2393_/X
 _2394_/Y
 _2395_/X
 _2396_/Y
 _2397_/Y
 _2398_/X
 _2399_/X
 _2400_/Y
 _2401_/Y
 _2402_/X
 _2403_/X
 _2404_/Y
 _2405_/X
 _2406_/Y
 _2407_/X
 _2408_/Y
 _2409_/X
 _2410_/Y
 _2411_/Y
 _2412_/X
 _2413_/X
 _2414_/X
 _2415_/X
 _2416_/X
 _2417_/Y
 _2418_/X
 _2419_/Y
 _2420_/X
 _2421_/X
 _2422_/Y
 _2423_/X
 _2424_/Y
 _2425_/Y
 _2426_/X
 _2427_/Y
 _2428_/X
 _2429_/X
 _2430_/X
 _2431_/Y
 _2432_/X
 _2433_/Y
 _2434_/X
 _2435_/Y
 _2436_/X
 _2437_/Y
 _2438_/X
 _2439_/Y
 _2440_/X
 _2441_/Y
 _2442_/Y
 _2443_/X
 _2444_/Y
 _2445_/Y
 _2446_/X
 _2447_/X
 _2448_/X
 _2449_/X
 _2450_/Y
 _2451_/X
 _2452_/X
 _2453_/Y
 _2454_/Y
 _2455_/X
 _2456_/X
 _2457_/Y
 _2458_/Y
 _2459_/X
 _2460_/X
 _2461_/Y
 _2462_/X
 _2463_/Y
 _2464_/X
 _2465_/Y
 _2466_/Y
 _2467_/X
 _2468_/Y
 _2469_/Y
 _2470_/X
 _2471_/Y
 _2472_/Y
 _2473_/X
 _2474_/Y
 _2475_/Y
 _2476_/Y
 _2477_/X
 _2478_/X
 _2479_/X
 _2480_/X
 _2481_/X
 _2482_/X
 _2483_/Y
 _2484_/X
 _2485_/Y
 _2486_/X
 _2487_/Y
 _2488_/Y
 _2489_/X
 _2490_/Y
 _2491_/Y
 _2492_/Y
 _2493_/X
 _2494_/X
 _2495_/X
 _2496_/Y
 _2497_/X
 _2498_/X
 _2499_/Y
 _2500_/Y
 _2501_/X
 _2502_/Y
 _2503_/Y
 _2504_/X
 _2505_/X
 _2506_/X
 _2507_/Y
 _2508_/Y
 _2509_/X
 _2510_/Y
 _2511_/X
 _2512_/Y
 _2513_/Y
 _2514_/X
 _2515_/Y
 _2516_/X
 _2517_/X
 _2518_/X
 _2519_/X
 _2520_/X
 _2521_/Y
 _2522_/Y
 _2523_/Y
 _2524_/X
 _2525_/Y
 _2526_/X
 _2527_/Y
 _2528_/X
 _2529_/X
 _2530_/Y
 _2531_/Y
 _2532_/X
 _2533_/Y
 _2534_/X
 _2535_/Y
 _2536_/X
 _2537_/Y
 _2538_/Y
 _2539_/X
 _2540_/X
 _2541_/Y
 _2542_/Y
 _2543_/X
 _2544_/Y
 _2545_/X
 _2546_/X
 _2547_/X
 _2548_/X
 _2549_/X
 _2550_/X
 _2551_/X
 _2552_/X
 _2553_/X
 _2554_/Y
 _2555_/X
 _2556_/Y
 _2557_/X
 _2558_/Y
 _2559_/X
 _2560_/X
 _2561_/X
 _2562_/X
 _2563_/X
 _2564_/X
 _2565_/X
 _2566_/X
 _2567_/Y
 _2568_/X
 _2569_/X
 _2570_/X
 _2571_/Y
 _2572_/X
 _2573_/X
 _2574_/Y
 _2575_/X
 _2576_/X
 _2577_/X
 _2578_/X
 _2579_/Y
 _2580_/X
 _2581_/Y
 _2582_/Y
 _2583_/X
 _2584_/X
 _2585_/X
 _2586_/X
 _2587_/Y
 _2588_/Y
 _2589_/X
 _2590_/Y
 _2591_/Y
 _2592_/Y
 _2593_/X
 _2594_/X
 _2595_/Y
 _2596_/Y
 _2597_/Y
 _2598_/X
 _2599_/X
 _2600_/Y
 _2601_/X
 _2602_/X
 _2603_/Y
 _2604_/X
 _2605_/Y
 _2606_/Y
 _2607_/Y
 _2608_/X
 _2609_/Y
 _2610_/X
 _2611_/X
 _2612_/Y
 _2613_/X
 _2614_/X
 _2615_/Y
 _2616_/X
 _2617_/Y
 _2618_/X
 _2619_/X
 _2620_/X
 _2621_/Y
 _2622_/X
 _2623_/Y
 _2624_/Y
 _2625_/X
 _2626_/Y
 _2627_/X
 _2628_/Y
 _2629_/Y
 _2630_/X
 _2631_/Y
 _2632_/X
 _2633_/X
 _2634_/X
 _2635_/Y
 _2636_/X
 _2637_/Y
 _2638_/Y
 _2639_/Y
 _2640_/Y
 _2641_/X
 _2642_/X
 _2643_/Y
 _2644_/Y
 _2645_/X
 _2646_/X
 _2647_/X
 _2648_/X
 _2649_/X
 _2650_/X
 _2651_/Y
 _2652_/X
 _2653_/Y
 _2654_/Y
 _2655_/Y
 _2656_/Y
 _2657_/X
 _2658_/X
 _2659_/Y
 _2660_/X
 _2661_/X
 _2662_/Y
 _2663_/X
 _2664_/Y
 _2665_/Y
 _2666_/X
 _2667_/X
 _2668_/Y
 _2669_/Y
 _2670_/X
 _2671_/X
 _2672_/Y
 _2673_/X
 _2674_/X
 _2675_/Y
 _2676_/X
 _2677_/Y
 _2678_/Y
 _2679_/X
 _2680_/X
 _2681_/X
 _2682_/X
 _2683_/Y
 _2684_/X
 _2685_/Y
 _2686_/X
 _2687_/Y
 _2688_/X
 _2689_/Y
 _2690_/X
 _2691_/Y
 _2692_/X
 _2693_/X
 _2694_/Y
 _2695_/X
 _2696_/X
 _2697_/X
 _2698_/Y
 _2699_/Y
 _2700_/Y
 _2701_/X
 _2702_/Y
 _2703_/Y
 _2704_/X
 _2705_/Y
 _2706_/Y
 _2707_/X
 _2708_/X
 _2709_/Y
 _2710_/Y
 _2711_/X
 _2712_/X
 _2713_/X
 _2714_/Y
 _2715_/X
 _2716_/Y
 _2717_/Y
 _2718_/X
 _2719_/Y
 _2720_/X
 _2721_/Y
 _2722_/Y
 _2723_/X
 _2724_/X
 _2725_/Y
 _2726_/Y
 _2727_/X
 _2728_/X
 _2729_/Y
 _2730_/X
 _2731_/X
 _2732_/X
 _2733_/Y
 _2734_/X
 _2735_/X
 _2736_/Y
 _2737_/X
 _2738_/Y
 _2739_/Y
 _2740_/X
 _2741_/Y
 _2742_/Y
 _2743_/X
 _2744_/X
 _2745_/X
 _2746_/Y
 _2747_/X
 _2748_/Y
 _2749_/X
 _2750_/Y
 _2751_/X
 _2752_/Y
 _2753_/X
 _2754_/Y
 _2755_/X
 _2756_/X
 _2757_/Y
 _2758_/Y
 _2759_/X
 _2760_/X
 _2761_/Y
 _2762_/X
 _2763_/Y
 _2764_/Y
 _2765_/Y
 _2766_/X
 _2767_/Y
 _2768_/X
 _2769_/Y
 _2770_/X
 _2771_/X
 _2772_/Y
 _2773_/X
 _2774_/X
 _2775_/Y
 _2776_/X
 _2777_/X
 _2778_/Y
 _2779_/X
 _2780_/Y
 _2781_/Y
 _2782_/Y
 _2783_/X
 _2784_/Y
 _2785_/Y
 _2786_/X
 _2787_/X
 _2788_/X
 _2789_/X
 _2790_/X
 _2791_/Y
 _2792_/X
 _2793_/Y
 _2794_/Y
 _2795_/X
 _2796_/X
 _2797_/X
 _2798_/Y
 _2799_/Y
 _2800_/X
 _2801_/Y
 _2802_/X
 _2803_/X
 _2804_/X
 _2805_/Y
 _2806_/Y
 _2807_/X
 _2808_/X
 _2809_/Y
 _2810_/X
 _2811_/Y
 _2812_/Y
 _2813_/X
 _2814_/Y
 _2815_/Y
 _2816_/X
 _2817_/X
 _2818_/X
 _2819_/Y
 _2820_/X
 _2821_/Y
 _2822_/X
 _2823_/Y
 _2824_/X
 _2825_/X
 _2826_/Y
 _2827_/X
 _2828_/X
 _2829_/Y
 _2830_/Y
 _2831_/X
 _2832_/Y
 _2833_/X
 _2834_/X
 _2835_/Y
 _2836_/X
 _2837_/Y
 _2838_/Y
 _2839_/Y
 _2840_/X
 _2841_/Y
 _2842_/Y
 _2843_/X
 _2844_/X
 _2845_/X
 _2846_/X
 _2847_/Y
 _2848_/Y
 _2849_/Y
 _2850_/Y
 _2851_/X
 _2852_/Y
 _2853_/X
 _2854_/Y
 _2855_/Y
 _2856_/X
 _2857_/X
 _2858_/X
 _2859_/Y
 _2860_/Y
 _2861_/X
 _2862_/Y
 _2863_/X
 _2864_/X
 _2865_/Y
 _2866_/X
 _2867_/Y
 _2868_/X
 _2869_/Y
 _2870_/Y
 _2871_/Y
 _2872_/X
 _2873_/X
 _2874_/Y
 _2875_/X
 _2876_/Y
 _2877_/X
 _2878_/Y
 _2879_/Y
 _2880_/X
 _2881_/Y
 _2882_/X
 _2883_/X
 _2884_/X
 _2885_/X
 _2886_/X
 _2887_/Y
 _2888_/Y
 _2889_/X
 _2890_/X
 _2891_/X
 _2892_/Y
 _2893_/Y
 _2894_/Y
 _2895_/X
 _2896_/X
 _2897_/Y
 _2898_/Y
 _2899_/Y
 _2900_/X
 _2901_/Y
 _2902_/X
 _2903_/X
 _2904_/X
 _2905_/X
 _2906_/Y
 _2907_/Y
 _2908_/X
 _2909_/Y
 _2910_/Y
 _2911_/Y
 _2912_/X
 _2913_/Y
 _2914_/X
 _2915_/Y
 _2916_/X
 _2917_/X
 _2918_/Y
 _2919_/X
 _2920_/Y
 _2921_/Y
 _2922_/Y
 _2923_/X
 _2924_/X
 _2925_/Y
 _2926_/X
 _2927_/X
 _2928_/Y
 _2929_/Y
 _2930_/X
 _2931_/Y
 _2932_/Y
 _2933_/X
 _2934_/Y
 _2935_/Y
 _2936_/X
 _2937_/Y
 _2938_/Y
 _2939_/X
 _2940_/Y
 _2941_/X
 _2942_/X
 _2943_/Y
 _2944_/X
 _2945_/Y
 _2946_/X
 _2947_/Y
 _2948_/Y
 _2949_/X
 _2950_/Y
 _2951_/Y
 _2952_/X
 _2953_/X
 _2954_/X
 _2955_/X
 _2956_/X
 _2957_/X
 _2958_/X
 _2959_/Y
 _2960_/X
 _2961_/Y
 _2962_/Y
 _2963_/Y
 _2964_/X
 _2965_/Y
 _2966_/Y
 _2967_/X
 _2968_/X
 _2969_/X
 _2970_/X
 _2971_/X
 _2972_/Y
 _2973_/Y
 _2974_/X
 _2975_/Y
 _2976_/X
 _2977_/Y
 _2978_/Y
 _2979_/X
 _2980_/Y
 _2981_/Y
 _2982_/X
 _2983_/X
 _2984_/X
 _2985_/Y
 _2986_/X
 _2987_/X
 _2988_/X
 _2989_/Y
 _2990_/X
 _2991_/X
 _2992_/X
 _2993_/Y
 _2994_/X
 _2995_/Y
 _2996_/Y
 _2997_/X
 _2998_/Y
 _2999_/X
 _3000_/Y
 _3001_/Y
 _3002_/Y
 _3003_/X
 _3004_/X
 _3005_/X
 _3006_/X
 _3007_/Y
 _3008_/Y
 _3009_/Y
 _3010_/Y
 _3011_/Y
 _3012_/X
 _3013_/X
 _3014_/Y
 _3015_/Y
 _3016_/X
 _3017_/Y
 _3018_/Y
 _3019_/Y
 _3020_/Y
 _3021_/Y
 _3022_/X
 _3023_/Y
 _3024_/X
 _3025_/Y
 _3026_/Y
 _3027_/Y
 _3028_/Y
 _3029_/Y
 _3030_/X
 _3031_/X
 _3032_/Y
 _3033_/Y
 _3034_/X
 _3035_/Y
 _3036_/Y
 _3037_/Y
 _3038_/X
 _3039_/Y
 _3040_/X
 _3041_/Y
 _3042_/Y
 _3043_/X
 _3044_/X
 _3045_/X
 _3046_/Y
 _3047_/Y
 _3048_/X
 _3049_/Y
 _3050_/Y
 _3051_/Y
 _3052_/X
 _3053_/Y
 _3054_/Y
 _3055_/Y
 _3056_/X
 _3057_/Y
 _3058_/X
 _3059_/Y
 _3060_/Y
 _3061_/X
 _3062_/Y
 _3063_/Y
 _3064_/X
 _3065_/X
 _3066_/Y
 _3067_/X
 _3068_/X
 _3069_/X
 _3070_/Y
 _3071_/Y
 _3072_/X
 _3073_/X
 _3074_/Y
 _3075_/Y
 _3076_/Y
 _3077_/Y
 _3078_/X
 _3079_/Y
 _3080_/X
 _3081_/X
 _3082_/Y
 _3083_/X
 _3084_/Y
 _3085_/X
 _3086_/X
 _3087_/Y
 _3088_/X
 _3089_/Y
 _3090_/X
 _3091_/Y
 _3092_/Y
 _3093_/Y
 _3094_/X
 _3095_/X
 _3096_/X
 _3097_/Y
 _3098_/Y
 _3099_/X
 _3100_/Y
 _3101_/Y
 _3102_/X
 _3103_/X
 _3104_/X
 _3105_/Y
 _3106_/Y
 _3107_/X
 _3108_/Y
 _3109_/X
 _3110_/X
 _3111_/Y
 _3112_/Y
 _3113_/X
 _3114_/Y
 _3115_/Y
 _3116_/X
 _3117_/X
 _3118_/X
 _3119_/X
 _3120_/Y
 _3121_/X
 _3122_/X
 _3123_/Y
 _3124_/X
 _3125_/X
 _3126_/Y
 _3127_/Y
 _3128_/X
 _3129_/Y
 _3130_/Y
 _3131_/X
 _3132_/X
 _3133_/Y
 _3134_/X
 _3135_/Y
 _3136_/X
 _3137_/X
 _3138_/X
 _3139_/Y
 _3140_/X
 _3141_/X
 _3142_/Y
 _3143_/Y
 _3144_/Y
 _3145_/X
 _3146_/X
 _3147_/X
 _3148_/Y
 _3149_/Y
 _3150_/X
 _3151_/X
 _3152_/X
 _3153_/Y
 _3154_/X
 _3155_/X
 _3156_/Y
 _3157_/Y
 _3158_/X
 _3159_/X
 _3160_/Y
 _3161_/Y
 _3162_/Y
 _3163_/X
 _3164_/Y
 _3165_/X
 _3166_/Y
 _3167_/X
 _3168_/X
 _3169_/Y
 _3170_/X
 _3171_/X
 _3172_/Y
 _3173_/X
 _3174_/Y
 _3175_/X
 _3176_/Y
 _3177_/Y
 _3178_/X
 _3179_/X
 _3180_/Y
 _3181_/Y
 _3182_/Y
 _3183_/X
 _3184_/X
 _3185_/X
 _3186_/Y
 _3187_/Y
 _3188_/X
 _3189_/Y
 _3190_/X
 _3191_/Y
 _3192_/X
 _3193_/Y
 _3194_/X
 _3195_/Y
 _3196_/X
 _3197_/Y
 _3198_/X
 _3199_/Y
 _3200_/Y
 _3201_/X
 _3202_/Y
 _3203_/Y
 _3204_/X
 _3205_/X
 _3206_/X
 _3207_/Y
 _3208_/Y
 _3209_/X
 _3210_/X
 _3211_/Y
 _3212_/Y
 _3213_/X
 _3214_/X
 _3215_/X
 _3216_/X
 _3217_/Y
 _3218_/Y
 _3219_/Y
 _3220_/X
 _3221_/X
 _3222_/X
 _3223_/Y
 _3224_/Y
 _3225_/X
 _3226_/X
 _3227_/X
 _3228_/Y
 _3229_/X
 _3230_/X
 _3231_/X
 _3232_/X
 _3233_/X
 _3234_/Y
 _3235_/Y
 _3236_/Y
 _3237_/X
 _3238_/X
 _3239_/X
 _3240_/X
 _3241_/Y
 _3242_/X
 _3243_/Y
 _3244_/Y
 _3245_/Y
 _3246_/X
 _3247_/Y
 _3248_/X
 _3249_/X
 _3250_/X
 _3251_/X
 _3252_/X
 _3253_/X
 _3254_/X
 _3255_/Y
 _3256_/X
 _3257_/Y
 _3258_/Y
 _3259_/X
 _3260_/X
 _3261_/X
 _3262_/X
 _3263_/X
 _3264_/Y
 _3265_/X
 _3266_/Y
 _3267_/Y
 _3268_/X
 _3269_/X
 _3270_/Y
 _3271_/Y
 _3272_/X
 _3273_/X
 _3274_/X
 _3275_/Y
 _3276_/X
 _3277_/X
 _3278_/X
 _3279_/X
 _3280_/X
 _3281_/X
 _3282_/X
 _3283_/Y
 _3284_/Y
 _3285_/X
 _3286_/X
 _3287_/Y
 _3288_/Y
 _3289_/X
 _3290_/X
 _3291_/Y
 _3292_/X
 _3293_/X
 _3294_/X
 _3295_/X
 _3296_/Y
 _3297_/X
 _3298_/X
 _3299_/Y
 _3300_/X
 _3301_/X
 _3302_/Y
 _3303_/Y
 _3304_/X
 _3305_/X
 _3306_/Y
 _3307_/X
 _3308_/X
 _3309_/X
 _3310_/X
 _3311_/X
 _3312_/X
 _3313_/X
 _3314_/X
 _3315_/X
 _3316_/X
 _3317_/X
 _3318_/X
 _3319_/X
 _3320_/X
 _3321_/X
 _3322_/X
 _3323_/X
 _3324_/X
 _3325_/X
 _3326_/X
 _3327_/X
 _3328_/X
 _3329_/X
 _3330_/X
 _3331_/X
 _3332_/X
 _3333_/X
 _3334_/X
 _3335_/X
 _3336_/X
 _3337_/X
 _3338_/X
 _3339_/X
 _3340_/X
 _3341_/Y
 _3342_/Y
 _3343_/X
 _3344_/X
 _3345_/X
 _3346_/X
 _3347_/X
 _3348_/X
 _3349_/X
 _3350_/Y
 _3351_/X
 _3352_/X
 _3353_/X
 _3354_/X
 _3355_/X
 _3356_/X
 _3357_/X
 _3358_/X
 _3359_/X
 _3360_/X
 _3361_/Y
 _3362_/Y
 _3363_/X
 _3364_/Y
 _3365_/Y
 _3366_/X
 _3367_/X
 _3368_/Y
 _3369_/Y
 _3370_/Y
 _3371_/Y
 _3372_/Y
 _3373_/Y
 _3374_/X
 _3375_/Y
 _3376_/X
 _3377_/Y
 _3378_/Y
 _3379_/X
 _3380_/X
 _3381_/Y
 _3382_/X
 _3383_/Y
 _3384_/X
 _3385_/Y
 _3386_/Y
 _3387_/Y
 _3388_/Y
 _3389_/Y
 _3390_/X
 _3391_/X
 _3392_/Y
 _3393_/Y
 _3394_/X
 _3395_/Y
 _3396_/X
 _3397_/Y
 _3398_/X
 _3399_/Y
 _3400_/X
 _3401_/Y
 _3402_/Y
 _3403_/Y
 _3404_/X
 _3405_/X
 _3406_/X
 _3407_/Y
 _3408_/X
 _3409_/Y
 _3410_/X
 _3411_/Y
 _3412_/Y
 _3413_/X
 _3414_/X
 _3415_/X
 _3416_/X
 _3417_/X
 _3418_/X
 _3419_/X
 _3420_/X
 _3421_/X
 _3422_/X
 _3423_/X
 _3424_/X
 _3425_/X
 _3426_/Y
 _3427_/X
 _3428_/Y
 _3429_/X
 _3430_/Y
 _3431_/Y
 _3432_/X
 _3433_/Y
 _3434_/Y
 _3435_/X
 _3436_/X
 _3437_/Y
 _3438_/X
 _3439_/Y
 _3440_/X
 _3441_/Y
 _3442_/X
 _3443_/Y
 _3444_/Y
 _3445_/Y
 _3446_/X
 _3447_/X
 _3448_/Y
 _3449_/X
 _3450_/Y
 _3451_/X
 _3452_/X
 _3453_/Y
 _3454_/X
 _3455_/Y
 _3456_/X
 _3457_/X
 _3458_/Y
 _3459_/X
 _3460_/Y
 _3461_/X
 _3462_/X
 _3463_/Y
 _3464_/X
 _3465_/Y
 _3466_/X
 _3467_/Y
 _3468_/X
 _3469_/Y
 _3470_/Y
 _3471_/Y
 _3472_/Y
 _3473_/Y
 _3474_/X
 _3475_/X
 _3476_/Y
 _3477_/Y
 _3478_/X
 _3479_/Y
 _3480_/Y
 _3481_/Y
 _3482_/X
 _3483_/Y
 _3484_/Y
 _3485_/Y
 _3486_/Y
 _3487_/Y
 _3488_/Y
 _3489_/X
 _3490_/Y
 _3491_/Y
 _3492_/Y
 _3493_/Y
 _3494_/X
 _3495_/X
 _3496_/X
 _3497_/X
 _3498_/Y
 _3499_/Y
 _3500_/X
 _3501_/X
 _3502_/Y
 _3503_/Y
 _3504_/Y
 _3505_/X
 _3506_/X
 _3507_/Y
 _3508_/Y
 _3509_/X
 _3510_/Y
 _3511_/X
 _3512_/Y
 _3513_/X
 _3514_/Y
 _3515_/Y
 _3516_/Y
 _3517_/X
 _3518_/Y
 _3519_/Y
 _3520_/X
 _3521_/X
 _3522_/X
 _3523_/X
 _3524_/X
 _3525_/X
 _3526_/X
 _3527_/X
 _3528_/Y
 _3529_/X
 _3530_/Y
 _3531_/X
 _3532_/X
 _3533_/Y
 _3534_/X
 _3535_/X
 _3536_/Y
 _3537_/Y
 _3538_/X
 _3539_/X
 _3540_/Y
 _3541_/Y
 _3542_/X
 _3543_/X
 _3544_/Y
 _3545_/Y
 _3546_/Y
 _3547_/X
 _3548_/X
 _3549_/X
 _3550_/X
 _3551_/X
 _3552_/X
 _3553_/Y
 _3554_/Y
 _3555_/X
 _3556_/X
 _3557_/Y
 _3558_/Y
 _3559_/X
 _3560_/X
 _3561_/Y
 _3562_/Y
 _3563_/X
 _3564_/X
 _3565_/X
 _3566_/Y
 _3567_/X
 _3568_/X
 _3569_/Y
 _3570_/Y
 _3571_/X
 _3572_/X
 _3573_/Y
 _3574_/Y
 _3575_/X
 _3576_/X
 _3577_/X
 _3578_/Y
 _3579_/X
 _3580_/X
 _3581_/X
 _3582_/X
 _3583_/X
 _3584_/X
 _3585_/X
 _3586_/X
 _3587_/X
 _3588_/X
 _3589_/X
 _3590_/X
 _3591_/X
 _3592_/X
 _3593_/X
 _3594_/X
 _3595_/X
 _3596_/X
 _3597_/X
 _3598_/X
 _3599_/X
 _3600_/X
 _3601_/X
 _3602_/X
 _3603_/X
 _3604_/X
 _3605_/X
 _3606_/X
 _3607_/X
 _3608_/X
 _3609_/X
 _3610_/X
 _3611_/X
 _3612_/X
 _3613_/Y
 _3614_/X
 _3615_/X
 _3616_/Y
 _3617_/X
 _3618_/X
 _3619_/Y
 _3620_/Y
 _3621_/Y
 _3622_/X
 _3623_/Y
 _3624_/Y
 _3625_/X
 _3626_/Y
 _3627_/X
 _3628_/X
 _3629_/X
 _3630_/Y
 _3631_/X
 _3632_/Y
 _3633_/Y
 _3634_/X
 _3635_/X
 _3636_/Y
 _3637_/Y
 _3638_/X
 _3639_/X
 _3640_/Y
 _3641_/Y
 _3642_/Y
 _3643_/X
 _3644_/X
 _3645_/X
 _3646_/X
 _3647_/X
 _3648_/X
 _3649_/X
 _3650_/X
 _3651_/X
 _3652_/Y
 _3653_/X
 _3654_/Y
 _3655_/X
 _3656_/Y
 _3657_/Y
 _3658_/X
 _3659_/Y
 _3660_/Y
 _3661_/X
 _3662_/Y
 _3663_/X
 _3664_/X
 _3665_/X
 _3666_/X
 _3667_/X
 _3668_/Y
 _3669_/X
 _3670_/Y
 _3671_/Y
 _3672_/X
 _3673_/X
 _3674_/X
 _3675_/X
 _3676_/X
 _3677_/X
 _3678_/X
 _3679_/X
 _3680_/Y
 _3681_/X
 _3682_/X
 _3683_/X
 _3684_/Y
 _3685_/Y
 _3686_/X
 _3687_/Y
 _3688_/Y
 _3689_/X
 _3690_/Y
 _3691_/Y
 _3692_/Y
 _3693_/Y
 _3694_/X
 _3695_/Y
 _3696_/X
 _3697_/X
 _3698_/Y
 _3699_/X
 _3700_/X
 _3701_/X
 _3702_/X
 _3703_/X
 _3704_/X
 _3705_/X
 _3706_/X
 _3707_/X
 _3708_/X
 _3709_/X
 _3710_/X
 _3711_/X
 _3712_/X
 _3713_/X
 _3714_/X
 _3715_/X
 _3716_/X
 _3717_/X
 _3718_/Y
 _3719_/Y
 _3720_/Y
 _3721_/Y
 _3722_/Y
 _3723_/Y
 _3724_/Y
 _3725_/Y
 _3726_/Y
 _3727_/Y
 _3728_/Y
 _3729_/Y
 _3730_/Y
 _3731_/Y
 _3732_/Y
 _3733_/Y
 _3734_/Y
 _3735_/Y
 _3736_/Y
 _3737_/Y
 _3738_/Y
 _3739_/Y
 _3740_/Y
 _3741_/Y
 _3742_/Y
 _3743_/Y
 _3744_/Y
 _3745_/Y
 _3746_/Y
 _3747_/Y
 _3748_/Y
 _3749_/Y
 _3750_/Y
 _3751_/Y
 _3752_/Y
 _3753_/Y
 _3754_/Y
 _3755_/Y
 _3756_/Y
 _3757_/Y
 _3758_/Y
 _3759_/Y
 _3760_/Y
 _3761_/Y
 _3762_/Y
 _3763_/Y
 _3764_/Y
 _3765_/Y
 _3766_/Y
 _3767_/Y
 _3768_/Y
 _3769_/Y
 _3770_/Y
 _3771_/Y
 _3772_/Y
 _3773_/Y
 _3774_/Y
 _3775_/Y
 _3776_/Y
 _3777_/Y
 _3778_/Y
 _3779_/Y
 _3780_/Y
 _3781_/Y
 _3782_/Y
 _3783_/Y
 _3784_/Y
 _3785_/Y
 _3786_/Y
 _3787_/Y
 _3788_/Y
 _3789_/Y
 _3790_/Y
 _3791_/Y
 _3792_/Y
 _3793_/Y
 _3794_/Y
 _3795_/Y
 _3796_/Y
 _3797_/Y
 _3798_/Y
 _3799_/Y
 _3800_/Y
 _3801_/Y
 _3802_/Y
 _3803_/Y
 _3804_/Y
 _3805_/Y
 _3806_/Q
 _3807_/Q
 _3808_/Q
 _3809_/Q
 _3810_/Q
 _3811_/Q
 _3812_/Q
 _3813_/Q
 _3814_/Q
 _3815_/Q
 _3816_/Q
 _3817_/Q
 _3818_/Q
 _3819_/Q
 _3820_/Q
 _3821_/Q
 _3822_/Q
 _3823_/Q
 _3824_/Q
 _3825_/Q
 _3826_/Q
 _3827_/Q
 _3828_/Q
 _3829_/Q
 _3830_/Q
 _3831_/Q
 _3832_/Q
 _3833_/Q
 _3834_/Q
 _3835_/Q
 _3836_/Q
 _3837_/Q
 _3838_/Q
 _3839_/Q
 _3840_/Q
 _3841_/Q
 _3842_/Q
 _3843_/Q
 _3844_/Q
 _3845_/Q
 _3846_/Q
 _3847_/Q
 _3848_/Q
 _3849_/Q
 _3850_/Q
 _3851_/Q
 _3852_/Q
 _3853_/Q
 _3854_/Q
 _3855_/Q
 _3856_/Q
 _3857_/Q
 _3858_/Q
 _3859_/Q
 _3860_/Q
 _3861_/Q
 _3862_/Q
 _3863_/Q
 _3864_/Q
 _3865_/Q
 _3866_/Q
 _3867_/Q
 _3868_/Q
 _3869_/Q
 _3870_/Q
 _3871_/Q
 _3872_/Q
 _3873_/Q
 _3874_/Q
 _3875_/Q
 _3876_/Q
 _3877_/Q
 _3878_/Q
 _3879_/Q
 _3880_/Q
 _3881_/Q
 _3882_/Q
 _3883_/Q
 _3884_/Q
 _3885_/Q
 _3886_/Q
 _3887_/Q
 _3888_/Q
 _3889_/Q
 _3890_/Q
 _3891_/Q
 _3892_/Q
 _3893_/Q
Found 0 partially unannotated drivers.

===========================================================================
max slew violation count 178
Writing metric design__max_slew_violation__count__corner:nom_tt_025C_1v80: 178
max fanout violation count 28
Writing metric design__max_fanout_violation__count__corner:nom_tt_025C_1v80: 28
max cap violation count 1
Writing metric design__max_cap_violation__count__corner:nom_tt_025C_1v80: 1
============================================================================

===========================================================================
check_setup -verbose -unconstrained_endpoints -multiple_clock -no_clock -no_input_delay -loops -generated_clocks
===========================================================================
